[2025-03-17T13:55:42.986+0000] {processor.py:186} INFO - Started process (PID=432) to work on /home/airflow/.local/lib/python3.12/site-packages/airflow/example_dags/example_bash_decorator.py
[2025-03-17T13:55:42.986+0000] {processor.py:914} INFO - Processing file /home/airflow/.local/lib/python3.12/site-packages/airflow/example_dags/example_bash_decorator.py for tasks to queue
[2025-03-17T13:55:42.987+0000] {logging_mixin.py:190} INFO - [2025-03-17T13:55:42.987+0000] {dagbag.py:588} INFO - Filling up the DagBag from /home/airflow/.local/lib/python3.12/site-packages/airflow/example_dags/example_bash_decorator.py
[2025-03-17T13:55:42.995+0000] {processor.py:925} INFO - DAG(s) 'example_bash_decorator' retrieved from /home/airflow/.local/lib/python3.12/site-packages/airflow/example_dags/example_bash_decorator.py
[2025-03-17T13:55:43.047+0000] {logging_mixin.py:190} INFO - [2025-03-17T13:55:43.047+0000] {override.py:1912} INFO - Created Permission View: can delete on DAG:example_bash_decorator
[2025-03-17T13:55:43.052+0000] {logging_mixin.py:190} INFO - [2025-03-17T13:55:43.052+0000] {override.py:1912} INFO - Created Permission View: can edit on DAG:example_bash_decorator
[2025-03-17T13:55:43.054+0000] {logging_mixin.py:190} INFO - [2025-03-17T13:55:43.054+0000] {override.py:1912} INFO - Created Permission View: can read on DAG:example_bash_decorator
[2025-03-17T13:55:43.057+0000] {logging_mixin.py:190} INFO - [2025-03-17T13:55:43.057+0000] {override.py:1912} INFO - Created Permission View: menu access on DAG Run:example_bash_decorator
[2025-03-17T13:55:43.059+0000] {logging_mixin.py:190} INFO - [2025-03-17T13:55:43.059+0000] {override.py:1912} INFO - Created Permission View: can delete on DAG Run:example_bash_decorator
[2025-03-17T13:55:43.062+0000] {logging_mixin.py:190} INFO - [2025-03-17T13:55:43.062+0000] {override.py:1912} INFO - Created Permission View: can create on DAG Run:example_bash_decorator
[2025-03-17T13:55:43.064+0000] {logging_mixin.py:190} INFO - [2025-03-17T13:55:43.064+0000] {override.py:1912} INFO - Created Permission View: can read on DAG Run:example_bash_decorator
[2025-03-17T13:55:43.064+0000] {logging_mixin.py:190} INFO - [2025-03-17T13:55:43.064+0000] {dag.py:3239} INFO - Sync 1 DAGs
[2025-03-17T13:55:43.070+0000] {logging_mixin.py:190} INFO - [2025-03-17T13:55:43.070+0000] {dag.py:3262} INFO - Creating ORM DAG for example_bash_decorator
[2025-03-17T13:55:43.071+0000] {logging_mixin.py:190} INFO - [2025-03-17T13:55:43.071+0000] {dag.py:4180} INFO - Setting next_dagrun for example_bash_decorator to None, run_after=None
[2025-03-17T13:55:43.077+0000] {processor.py:208} INFO - Processing /home/airflow/.local/lib/python3.12/site-packages/airflow/example_dags/example_bash_decorator.py took 0.094 seconds
[2025-03-17T13:56:13.712+0000] {processor.py:186} INFO - Started process (PID=723) to work on /home/airflow/.local/lib/python3.12/site-packages/airflow/example_dags/example_bash_decorator.py
[2025-03-17T13:56:13.712+0000] {processor.py:914} INFO - Processing file /home/airflow/.local/lib/python3.12/site-packages/airflow/example_dags/example_bash_decorator.py for tasks to queue
[2025-03-17T13:56:13.713+0000] {logging_mixin.py:190} INFO - [2025-03-17T13:56:13.713+0000] {dagbag.py:588} INFO - Filling up the DagBag from /home/airflow/.local/lib/python3.12/site-packages/airflow/example_dags/example_bash_decorator.py
[2025-03-17T13:56:13.721+0000] {processor.py:925} INFO - DAG(s) 'example_bash_decorator' retrieved from /home/airflow/.local/lib/python3.12/site-packages/airflow/example_dags/example_bash_decorator.py
[2025-03-17T13:56:13.733+0000] {logging_mixin.py:190} INFO - [2025-03-17T13:56:13.733+0000] {dag.py:3239} INFO - Sync 1 DAGs
[2025-03-17T13:56:13.740+0000] {logging_mixin.py:190} INFO - [2025-03-17T13:56:13.740+0000] {dag.py:4180} INFO - Setting next_dagrun for example_bash_decorator to None, run_after=None
[2025-03-17T13:56:13.748+0000] {processor.py:208} INFO - Processing /home/airflow/.local/lib/python3.12/site-packages/airflow/example_dags/example_bash_decorator.py took 0.039 seconds
[2025-03-17T14:27:20.260+0000] {processor.py:186} INFO - Started process (PID=437) to work on /home/airflow/.local/lib/python3.12/site-packages/airflow/example_dags/example_bash_decorator.py
[2025-03-17T14:27:20.261+0000] {processor.py:914} INFO - Processing file /home/airflow/.local/lib/python3.12/site-packages/airflow/example_dags/example_bash_decorator.py for tasks to queue
[2025-03-17T14:27:20.262+0000] {logging_mixin.py:190} INFO - [2025-03-17T14:27:20.261+0000] {dagbag.py:588} INFO - Filling up the DagBag from /home/airflow/.local/lib/python3.12/site-packages/airflow/example_dags/example_bash_decorator.py
[2025-03-17T14:27:20.270+0000] {processor.py:925} INFO - DAG(s) 'example_bash_decorator' retrieved from /home/airflow/.local/lib/python3.12/site-packages/airflow/example_dags/example_bash_decorator.py
[2025-03-17T14:27:20.329+0000] {logging_mixin.py:190} INFO - [2025-03-17T14:27:20.329+0000] {dag.py:3239} INFO - Sync 1 DAGs
[2025-03-17T14:27:20.335+0000] {logging_mixin.py:190} INFO - [2025-03-17T14:27:20.335+0000] {dag.py:4180} INFO - Setting next_dagrun for example_bash_decorator to None, run_after=None
[2025-03-17T14:27:20.343+0000] {processor.py:208} INFO - Processing /home/airflow/.local/lib/python3.12/site-packages/airflow/example_dags/example_bash_decorator.py took 0.086 seconds
[2025-03-17T14:27:50.452+0000] {processor.py:186} INFO - Started process (PID=733) to work on /home/airflow/.local/lib/python3.12/site-packages/airflow/example_dags/example_bash_decorator.py
[2025-03-17T14:27:50.452+0000] {processor.py:914} INFO - Processing file /home/airflow/.local/lib/python3.12/site-packages/airflow/example_dags/example_bash_decorator.py for tasks to queue
[2025-03-17T14:27:50.453+0000] {logging_mixin.py:190} INFO - [2025-03-17T14:27:50.453+0000] {dagbag.py:588} INFO - Filling up the DagBag from /home/airflow/.local/lib/python3.12/site-packages/airflow/example_dags/example_bash_decorator.py
[2025-03-17T14:27:50.460+0000] {processor.py:925} INFO - DAG(s) 'example_bash_decorator' retrieved from /home/airflow/.local/lib/python3.12/site-packages/airflow/example_dags/example_bash_decorator.py
[2025-03-17T14:27:50.472+0000] {logging_mixin.py:190} INFO - [2025-03-17T14:27:50.471+0000] {dag.py:3239} INFO - Sync 1 DAGs
[2025-03-17T14:27:50.478+0000] {logging_mixin.py:190} INFO - [2025-03-17T14:27:50.478+0000] {dag.py:4180} INFO - Setting next_dagrun for example_bash_decorator to None, run_after=None
[2025-03-17T14:27:50.487+0000] {processor.py:208} INFO - Processing /home/airflow/.local/lib/python3.12/site-packages/airflow/example_dags/example_bash_decorator.py took 0.038 seconds
[2025-03-17T14:28:21.058+0000] {processor.py:186} INFO - Started process (PID=1029) to work on /home/airflow/.local/lib/python3.12/site-packages/airflow/example_dags/example_bash_decorator.py
[2025-03-17T14:28:21.058+0000] {processor.py:914} INFO - Processing file /home/airflow/.local/lib/python3.12/site-packages/airflow/example_dags/example_bash_decorator.py for tasks to queue
[2025-03-17T14:28:21.059+0000] {logging_mixin.py:190} INFO - [2025-03-17T14:28:21.059+0000] {dagbag.py:588} INFO - Filling up the DagBag from /home/airflow/.local/lib/python3.12/site-packages/airflow/example_dags/example_bash_decorator.py
[2025-03-17T14:28:21.066+0000] {processor.py:925} INFO - DAG(s) 'example_bash_decorator' retrieved from /home/airflow/.local/lib/python3.12/site-packages/airflow/example_dags/example_bash_decorator.py
[2025-03-17T14:28:21.077+0000] {logging_mixin.py:190} INFO - [2025-03-17T14:28:21.077+0000] {dag.py:3239} INFO - Sync 1 DAGs
[2025-03-17T14:28:21.084+0000] {logging_mixin.py:190} INFO - [2025-03-17T14:28:21.084+0000] {dag.py:4180} INFO - Setting next_dagrun for example_bash_decorator to None, run_after=None
[2025-03-17T14:28:21.091+0000] {processor.py:208} INFO - Processing /home/airflow/.local/lib/python3.12/site-packages/airflow/example_dags/example_bash_decorator.py took 0.036 seconds
[2025-03-17T14:28:51.578+0000] {processor.py:186} INFO - Started process (PID=1325) to work on /home/airflow/.local/lib/python3.12/site-packages/airflow/example_dags/example_bash_decorator.py
[2025-03-17T14:28:51.579+0000] {processor.py:914} INFO - Processing file /home/airflow/.local/lib/python3.12/site-packages/airflow/example_dags/example_bash_decorator.py for tasks to queue
[2025-03-17T14:28:51.580+0000] {logging_mixin.py:190} INFO - [2025-03-17T14:28:51.579+0000] {dagbag.py:588} INFO - Filling up the DagBag from /home/airflow/.local/lib/python3.12/site-packages/airflow/example_dags/example_bash_decorator.py
[2025-03-17T14:28:51.587+0000] {processor.py:925} INFO - DAG(s) 'example_bash_decorator' retrieved from /home/airflow/.local/lib/python3.12/site-packages/airflow/example_dags/example_bash_decorator.py
[2025-03-17T14:28:51.599+0000] {logging_mixin.py:190} INFO - [2025-03-17T14:28:51.599+0000] {dag.py:3239} INFO - Sync 1 DAGs
[2025-03-17T14:28:51.607+0000] {logging_mixin.py:190} INFO - [2025-03-17T14:28:51.606+0000] {dag.py:4180} INFO - Setting next_dagrun for example_bash_decorator to None, run_after=None
[2025-03-17T14:28:51.615+0000] {processor.py:208} INFO - Processing /home/airflow/.local/lib/python3.12/site-packages/airflow/example_dags/example_bash_decorator.py took 0.040 seconds
[2025-03-17T14:29:22.558+0000] {processor.py:186} INFO - Started process (PID=1623) to work on /home/airflow/.local/lib/python3.12/site-packages/airflow/example_dags/example_bash_decorator.py
[2025-03-17T14:29:22.558+0000] {processor.py:914} INFO - Processing file /home/airflow/.local/lib/python3.12/site-packages/airflow/example_dags/example_bash_decorator.py for tasks to queue
[2025-03-17T14:29:22.559+0000] {logging_mixin.py:190} INFO - [2025-03-17T14:29:22.559+0000] {dagbag.py:588} INFO - Filling up the DagBag from /home/airflow/.local/lib/python3.12/site-packages/airflow/example_dags/example_bash_decorator.py
[2025-03-17T14:29:22.566+0000] {processor.py:925} INFO - DAG(s) 'example_bash_decorator' retrieved from /home/airflow/.local/lib/python3.12/site-packages/airflow/example_dags/example_bash_decorator.py
[2025-03-17T14:29:22.579+0000] {logging_mixin.py:190} INFO - [2025-03-17T14:29:22.579+0000] {dag.py:3239} INFO - Sync 1 DAGs
[2025-03-17T14:29:22.586+0000] {logging_mixin.py:190} INFO - [2025-03-17T14:29:22.586+0000] {dag.py:4180} INFO - Setting next_dagrun for example_bash_decorator to None, run_after=None
[2025-03-17T14:29:22.593+0000] {processor.py:208} INFO - Processing /home/airflow/.local/lib/python3.12/site-packages/airflow/example_dags/example_bash_decorator.py took 0.038 seconds
[2025-03-17T14:29:53.543+0000] {processor.py:186} INFO - Started process (PID=1919) to work on /home/airflow/.local/lib/python3.12/site-packages/airflow/example_dags/example_bash_decorator.py
[2025-03-17T14:29:53.544+0000] {processor.py:914} INFO - Processing file /home/airflow/.local/lib/python3.12/site-packages/airflow/example_dags/example_bash_decorator.py for tasks to queue
[2025-03-17T14:29:53.545+0000] {logging_mixin.py:190} INFO - [2025-03-17T14:29:53.545+0000] {dagbag.py:588} INFO - Filling up the DagBag from /home/airflow/.local/lib/python3.12/site-packages/airflow/example_dags/example_bash_decorator.py
[2025-03-17T14:29:53.552+0000] {processor.py:925} INFO - DAG(s) 'example_bash_decorator' retrieved from /home/airflow/.local/lib/python3.12/site-packages/airflow/example_dags/example_bash_decorator.py
[2025-03-17T14:29:53.563+0000] {logging_mixin.py:190} INFO - [2025-03-17T14:29:53.563+0000] {dag.py:3239} INFO - Sync 1 DAGs
[2025-03-17T14:29:53.570+0000] {logging_mixin.py:190} INFO - [2025-03-17T14:29:53.570+0000] {dag.py:4180} INFO - Setting next_dagrun for example_bash_decorator to None, run_after=None
[2025-03-17T14:29:53.577+0000] {processor.py:208} INFO - Processing /home/airflow/.local/lib/python3.12/site-packages/airflow/example_dags/example_bash_decorator.py took 0.037 seconds
[2025-03-17T14:30:24.296+0000] {processor.py:186} INFO - Started process (PID=2213) to work on /home/airflow/.local/lib/python3.12/site-packages/airflow/example_dags/example_bash_decorator.py
[2025-03-17T14:30:24.297+0000] {processor.py:914} INFO - Processing file /home/airflow/.local/lib/python3.12/site-packages/airflow/example_dags/example_bash_decorator.py for tasks to queue
[2025-03-17T14:30:24.298+0000] {logging_mixin.py:190} INFO - [2025-03-17T14:30:24.297+0000] {dagbag.py:588} INFO - Filling up the DagBag from /home/airflow/.local/lib/python3.12/site-packages/airflow/example_dags/example_bash_decorator.py
[2025-03-17T14:30:24.305+0000] {processor.py:925} INFO - DAG(s) 'example_bash_decorator' retrieved from /home/airflow/.local/lib/python3.12/site-packages/airflow/example_dags/example_bash_decorator.py
[2025-03-17T14:30:24.316+0000] {logging_mixin.py:190} INFO - [2025-03-17T14:30:24.316+0000] {dag.py:3239} INFO - Sync 1 DAGs
[2025-03-17T14:30:24.324+0000] {logging_mixin.py:190} INFO - [2025-03-17T14:30:24.323+0000] {dag.py:4180} INFO - Setting next_dagrun for example_bash_decorator to None, run_after=None
[2025-03-17T14:30:24.331+0000] {processor.py:208} INFO - Processing /home/airflow/.local/lib/python3.12/site-packages/airflow/example_dags/example_bash_decorator.py took 0.038 seconds
[2025-03-17T14:30:55.413+0000] {processor.py:186} INFO - Started process (PID=2511) to work on /home/airflow/.local/lib/python3.12/site-packages/airflow/example_dags/example_bash_decorator.py
[2025-03-17T14:30:55.414+0000] {processor.py:914} INFO - Processing file /home/airflow/.local/lib/python3.12/site-packages/airflow/example_dags/example_bash_decorator.py for tasks to queue
[2025-03-17T14:30:55.415+0000] {logging_mixin.py:190} INFO - [2025-03-17T14:30:55.415+0000] {dagbag.py:588} INFO - Filling up the DagBag from /home/airflow/.local/lib/python3.12/site-packages/airflow/example_dags/example_bash_decorator.py
[2025-03-17T14:30:55.422+0000] {processor.py:925} INFO - DAG(s) 'example_bash_decorator' retrieved from /home/airflow/.local/lib/python3.12/site-packages/airflow/example_dags/example_bash_decorator.py
[2025-03-17T14:30:55.433+0000] {logging_mixin.py:190} INFO - [2025-03-17T14:30:55.433+0000] {dag.py:3239} INFO - Sync 1 DAGs
[2025-03-17T14:30:55.440+0000] {logging_mixin.py:190} INFO - [2025-03-17T14:30:55.439+0000] {dag.py:4180} INFO - Setting next_dagrun for example_bash_decorator to None, run_after=None
[2025-03-17T14:30:55.446+0000] {processor.py:208} INFO - Processing /home/airflow/.local/lib/python3.12/site-packages/airflow/example_dags/example_bash_decorator.py took 0.036 seconds
[2025-03-17T14:31:26.513+0000] {processor.py:186} INFO - Started process (PID=2805) to work on /home/airflow/.local/lib/python3.12/site-packages/airflow/example_dags/example_bash_decorator.py
[2025-03-17T14:31:26.514+0000] {processor.py:914} INFO - Processing file /home/airflow/.local/lib/python3.12/site-packages/airflow/example_dags/example_bash_decorator.py for tasks to queue
[2025-03-17T14:31:26.515+0000] {logging_mixin.py:190} INFO - [2025-03-17T14:31:26.515+0000] {dagbag.py:588} INFO - Filling up the DagBag from /home/airflow/.local/lib/python3.12/site-packages/airflow/example_dags/example_bash_decorator.py
[2025-03-17T14:31:26.522+0000] {processor.py:925} INFO - DAG(s) 'example_bash_decorator' retrieved from /home/airflow/.local/lib/python3.12/site-packages/airflow/example_dags/example_bash_decorator.py
[2025-03-17T14:31:26.534+0000] {logging_mixin.py:190} INFO - [2025-03-17T14:31:26.534+0000] {dag.py:3239} INFO - Sync 1 DAGs
[2025-03-17T14:31:26.541+0000] {logging_mixin.py:190} INFO - [2025-03-17T14:31:26.541+0000] {dag.py:4180} INFO - Setting next_dagrun for example_bash_decorator to None, run_after=None
[2025-03-17T14:31:26.549+0000] {processor.py:208} INFO - Processing /home/airflow/.local/lib/python3.12/site-packages/airflow/example_dags/example_bash_decorator.py took 0.038 seconds
[2025-03-17T14:31:57.607+0000] {processor.py:186} INFO - Started process (PID=3101) to work on /home/airflow/.local/lib/python3.12/site-packages/airflow/example_dags/example_bash_decorator.py
[2025-03-17T14:31:57.608+0000] {processor.py:914} INFO - Processing file /home/airflow/.local/lib/python3.12/site-packages/airflow/example_dags/example_bash_decorator.py for tasks to queue
[2025-03-17T14:31:57.609+0000] {logging_mixin.py:190} INFO - [2025-03-17T14:31:57.609+0000] {dagbag.py:588} INFO - Filling up the DagBag from /home/airflow/.local/lib/python3.12/site-packages/airflow/example_dags/example_bash_decorator.py
[2025-03-17T14:31:57.617+0000] {processor.py:925} INFO - DAG(s) 'example_bash_decorator' retrieved from /home/airflow/.local/lib/python3.12/site-packages/airflow/example_dags/example_bash_decorator.py
[2025-03-17T14:31:57.629+0000] {logging_mixin.py:190} INFO - [2025-03-17T14:31:57.629+0000] {dag.py:3239} INFO - Sync 1 DAGs
[2025-03-17T14:31:57.637+0000] {logging_mixin.py:190} INFO - [2025-03-17T14:31:57.637+0000] {dag.py:4180} INFO - Setting next_dagrun for example_bash_decorator to None, run_after=None
[2025-03-17T14:31:57.644+0000] {processor.py:208} INFO - Processing /home/airflow/.local/lib/python3.12/site-packages/airflow/example_dags/example_bash_decorator.py took 0.040 seconds
[2025-03-17T14:32:28.024+0000] {processor.py:186} INFO - Started process (PID=3397) to work on /home/airflow/.local/lib/python3.12/site-packages/airflow/example_dags/example_bash_decorator.py
[2025-03-17T14:32:28.025+0000] {processor.py:914} INFO - Processing file /home/airflow/.local/lib/python3.12/site-packages/airflow/example_dags/example_bash_decorator.py for tasks to queue
[2025-03-17T14:32:28.026+0000] {logging_mixin.py:190} INFO - [2025-03-17T14:32:28.026+0000] {dagbag.py:588} INFO - Filling up the DagBag from /home/airflow/.local/lib/python3.12/site-packages/airflow/example_dags/example_bash_decorator.py
[2025-03-17T14:32:28.033+0000] {processor.py:925} INFO - DAG(s) 'example_bash_decorator' retrieved from /home/airflow/.local/lib/python3.12/site-packages/airflow/example_dags/example_bash_decorator.py
[2025-03-17T14:32:28.044+0000] {logging_mixin.py:190} INFO - [2025-03-17T14:32:28.044+0000] {dag.py:3239} INFO - Sync 1 DAGs
[2025-03-17T14:32:28.052+0000] {logging_mixin.py:190} INFO - [2025-03-17T14:32:28.052+0000] {dag.py:4180} INFO - Setting next_dagrun for example_bash_decorator to None, run_after=None
[2025-03-17T14:32:28.060+0000] {processor.py:208} INFO - Processing /home/airflow/.local/lib/python3.12/site-packages/airflow/example_dags/example_bash_decorator.py took 0.039 seconds
[2025-03-17T14:32:58.786+0000] {processor.py:186} INFO - Started process (PID=3693) to work on /home/airflow/.local/lib/python3.12/site-packages/airflow/example_dags/example_bash_decorator.py
[2025-03-17T14:32:58.787+0000] {processor.py:914} INFO - Processing file /home/airflow/.local/lib/python3.12/site-packages/airflow/example_dags/example_bash_decorator.py for tasks to queue
[2025-03-17T14:32:58.788+0000] {logging_mixin.py:190} INFO - [2025-03-17T14:32:58.788+0000] {dagbag.py:588} INFO - Filling up the DagBag from /home/airflow/.local/lib/python3.12/site-packages/airflow/example_dags/example_bash_decorator.py
[2025-03-17T14:32:58.795+0000] {processor.py:925} INFO - DAG(s) 'example_bash_decorator' retrieved from /home/airflow/.local/lib/python3.12/site-packages/airflow/example_dags/example_bash_decorator.py
[2025-03-17T14:32:58.807+0000] {logging_mixin.py:190} INFO - [2025-03-17T14:32:58.807+0000] {dag.py:3239} INFO - Sync 1 DAGs
[2025-03-17T14:32:58.814+0000] {logging_mixin.py:190} INFO - [2025-03-17T14:32:58.814+0000] {dag.py:4180} INFO - Setting next_dagrun for example_bash_decorator to None, run_after=None
[2025-03-17T14:32:58.822+0000] {processor.py:208} INFO - Processing /home/airflow/.local/lib/python3.12/site-packages/airflow/example_dags/example_bash_decorator.py took 0.039 seconds
