[2025-03-17T13:55:42.866+0000] {processor.py:186} INFO - Started process (PID=422) to work on /home/airflow/.local/lib/python3.12/site-packages/airflow/example_dags/example_skip_dag.py
[2025-03-17T13:55:42.866+0000] {processor.py:914} INFO - Processing file /home/airflow/.local/lib/python3.12/site-packages/airflow/example_dags/example_skip_dag.py for tasks to queue
[2025-03-17T13:55:42.868+0000] {logging_mixin.py:190} INFO - [2025-03-17T13:55:42.867+0000] {dagbag.py:588} INFO - Filling up the DagBag from /home/airflow/.local/lib/python3.12/site-packages/airflow/example_dags/example_skip_dag.py
[2025-03-17T13:55:42.872+0000] {processor.py:925} INFO - DAG(s) 'example_skip_dag' retrieved from /home/airflow/.local/lib/python3.12/site-packages/airflow/example_dags/example_skip_dag.py
[2025-03-17T13:55:42.925+0000] {logging_mixin.py:190} INFO - [2025-03-17T13:55:42.925+0000] {override.py:1912} INFO - Created Permission View: can delete on DAG:example_skip_dag
[2025-03-17T13:55:42.930+0000] {logging_mixin.py:190} INFO - [2025-03-17T13:55:42.930+0000] {override.py:1912} INFO - Created Permission View: can edit on DAG:example_skip_dag
[2025-03-17T13:55:42.932+0000] {logging_mixin.py:190} INFO - [2025-03-17T13:55:42.932+0000] {override.py:1912} INFO - Created Permission View: can read on DAG:example_skip_dag
[2025-03-17T13:55:42.934+0000] {logging_mixin.py:190} INFO - [2025-03-17T13:55:42.934+0000] {override.py:1912} INFO - Created Permission View: menu access on DAG Run:example_skip_dag
[2025-03-17T13:55:42.936+0000] {logging_mixin.py:190} INFO - [2025-03-17T13:55:42.936+0000] {override.py:1912} INFO - Created Permission View: can delete on DAG Run:example_skip_dag
[2025-03-17T13:55:42.940+0000] {logging_mixin.py:190} INFO - [2025-03-17T13:55:42.940+0000] {override.py:1912} INFO - Created Permission View: can create on DAG Run:example_skip_dag
[2025-03-17T13:55:42.942+0000] {logging_mixin.py:190} INFO - [2025-03-17T13:55:42.942+0000] {override.py:1912} INFO - Created Permission View: can read on DAG Run:example_skip_dag
[2025-03-17T13:55:42.942+0000] {logging_mixin.py:190} INFO - [2025-03-17T13:55:42.942+0000] {dag.py:3239} INFO - Sync 1 DAGs
[2025-03-17T13:55:42.949+0000] {logging_mixin.py:190} INFO - [2025-03-17T13:55:42.949+0000] {dag.py:3262} INFO - Creating ORM DAG for example_skip_dag
[2025-03-17T13:55:42.955+0000] {logging_mixin.py:190} INFO - [2025-03-17T13:55:42.955+0000] {dag.py:4180} INFO - Setting next_dagrun for example_skip_dag to 2025-03-16 00:00:00+00:00, run_after=2025-03-17 00:00:00+00:00
[2025-03-17T13:55:42.963+0000] {processor.py:208} INFO - Processing /home/airflow/.local/lib/python3.12/site-packages/airflow/example_dags/example_skip_dag.py took 0.100 seconds
[2025-03-17T13:56:13.655+0000] {processor.py:186} INFO - Started process (PID=713) to work on /home/airflow/.local/lib/python3.12/site-packages/airflow/example_dags/example_skip_dag.py
[2025-03-17T13:56:13.655+0000] {processor.py:914} INFO - Processing file /home/airflow/.local/lib/python3.12/site-packages/airflow/example_dags/example_skip_dag.py for tasks to queue
[2025-03-17T13:56:13.657+0000] {logging_mixin.py:190} INFO - [2025-03-17T13:56:13.656+0000] {dagbag.py:588} INFO - Filling up the DagBag from /home/airflow/.local/lib/python3.12/site-packages/airflow/example_dags/example_skip_dag.py
[2025-03-17T13:56:13.661+0000] {processor.py:925} INFO - DAG(s) 'example_skip_dag' retrieved from /home/airflow/.local/lib/python3.12/site-packages/airflow/example_dags/example_skip_dag.py
[2025-03-17T13:56:13.672+0000] {logging_mixin.py:190} INFO - [2025-03-17T13:56:13.672+0000] {dag.py:3239} INFO - Sync 1 DAGs
[2025-03-17T13:56:13.684+0000] {logging_mixin.py:190} INFO - [2025-03-17T13:56:13.683+0000] {dag.py:4180} INFO - Setting next_dagrun for example_skip_dag to 2025-03-16 00:00:00+00:00, run_after=2025-03-17 00:00:00+00:00
[2025-03-17T13:56:13.691+0000] {processor.py:208} INFO - Processing /home/airflow/.local/lib/python3.12/site-packages/airflow/example_dags/example_skip_dag.py took 0.039 seconds
[2025-03-17T14:27:20.152+0000] {processor.py:186} INFO - Started process (PID=427) to work on /home/airflow/.local/lib/python3.12/site-packages/airflow/example_dags/example_skip_dag.py
[2025-03-17T14:27:20.152+0000] {processor.py:914} INFO - Processing file /home/airflow/.local/lib/python3.12/site-packages/airflow/example_dags/example_skip_dag.py for tasks to queue
[2025-03-17T14:27:20.153+0000] {logging_mixin.py:190} INFO - [2025-03-17T14:27:20.153+0000] {dagbag.py:588} INFO - Filling up the DagBag from /home/airflow/.local/lib/python3.12/site-packages/airflow/example_dags/example_skip_dag.py
[2025-03-17T14:27:20.158+0000] {processor.py:925} INFO - DAG(s) 'example_skip_dag' retrieved from /home/airflow/.local/lib/python3.12/site-packages/airflow/example_dags/example_skip_dag.py
[2025-03-17T14:27:20.215+0000] {logging_mixin.py:190} INFO - [2025-03-17T14:27:20.215+0000] {dag.py:3239} INFO - Sync 1 DAGs
[2025-03-17T14:27:20.228+0000] {logging_mixin.py:190} INFO - [2025-03-17T14:27:20.228+0000] {dag.py:4180} INFO - Setting next_dagrun for example_skip_dag to 2025-03-16 00:00:00+00:00, run_after=2025-03-17 00:00:00+00:00
[2025-03-17T14:27:20.237+0000] {processor.py:208} INFO - Processing /home/airflow/.local/lib/python3.12/site-packages/airflow/example_dags/example_skip_dag.py took 0.088 seconds
[2025-03-17T14:27:50.385+0000] {processor.py:186} INFO - Started process (PID=725) to work on /home/airflow/.local/lib/python3.12/site-packages/airflow/example_dags/example_skip_dag.py
[2025-03-17T14:27:50.385+0000] {processor.py:914} INFO - Processing file /home/airflow/.local/lib/python3.12/site-packages/airflow/example_dags/example_skip_dag.py for tasks to queue
[2025-03-17T14:27:50.387+0000] {logging_mixin.py:190} INFO - [2025-03-17T14:27:50.387+0000] {dagbag.py:588} INFO - Filling up the DagBag from /home/airflow/.local/lib/python3.12/site-packages/airflow/example_dags/example_skip_dag.py
[2025-03-17T14:27:50.393+0000] {processor.py:925} INFO - DAG(s) 'example_skip_dag' retrieved from /home/airflow/.local/lib/python3.12/site-packages/airflow/example_dags/example_skip_dag.py
[2025-03-17T14:27:50.406+0000] {logging_mixin.py:190} INFO - [2025-03-17T14:27:50.405+0000] {dag.py:3239} INFO - Sync 1 DAGs
[2025-03-17T14:27:50.418+0000] {logging_mixin.py:190} INFO - [2025-03-17T14:27:50.417+0000] {dag.py:4180} INFO - Setting next_dagrun for example_skip_dag to 2025-03-16 00:00:00+00:00, run_after=2025-03-17 00:00:00+00:00
[2025-03-17T14:27:50.425+0000] {processor.py:208} INFO - Processing /home/airflow/.local/lib/python3.12/site-packages/airflow/example_dags/example_skip_dag.py took 0.043 seconds
[2025-03-17T14:28:20.998+0000] {processor.py:186} INFO - Started process (PID=1019) to work on /home/airflow/.local/lib/python3.12/site-packages/airflow/example_dags/example_skip_dag.py
[2025-03-17T14:28:20.999+0000] {processor.py:914} INFO - Processing file /home/airflow/.local/lib/python3.12/site-packages/airflow/example_dags/example_skip_dag.py for tasks to queue
[2025-03-17T14:28:21.000+0000] {logging_mixin.py:190} INFO - [2025-03-17T14:28:21.000+0000] {dagbag.py:588} INFO - Filling up the DagBag from /home/airflow/.local/lib/python3.12/site-packages/airflow/example_dags/example_skip_dag.py
[2025-03-17T14:28:21.003+0000] {processor.py:925} INFO - DAG(s) 'example_skip_dag' retrieved from /home/airflow/.local/lib/python3.12/site-packages/airflow/example_dags/example_skip_dag.py
[2025-03-17T14:28:21.015+0000] {logging_mixin.py:190} INFO - [2025-03-17T14:28:21.015+0000] {dag.py:3239} INFO - Sync 1 DAGs
[2025-03-17T14:28:21.026+0000] {logging_mixin.py:190} INFO - [2025-03-17T14:28:21.026+0000] {dag.py:4180} INFO - Setting next_dagrun for example_skip_dag to 2025-03-16 00:00:00+00:00, run_after=2025-03-17 00:00:00+00:00
[2025-03-17T14:28:21.033+0000] {processor.py:208} INFO - Processing /home/airflow/.local/lib/python3.12/site-packages/airflow/example_dags/example_skip_dag.py took 0.038 seconds
[2025-03-17T14:28:51.519+0000] {processor.py:186} INFO - Started process (PID=1315) to work on /home/airflow/.local/lib/python3.12/site-packages/airflow/example_dags/example_skip_dag.py
[2025-03-17T14:28:51.520+0000] {processor.py:914} INFO - Processing file /home/airflow/.local/lib/python3.12/site-packages/airflow/example_dags/example_skip_dag.py for tasks to queue
[2025-03-17T14:28:51.521+0000] {logging_mixin.py:190} INFO - [2025-03-17T14:28:51.521+0000] {dagbag.py:588} INFO - Filling up the DagBag from /home/airflow/.local/lib/python3.12/site-packages/airflow/example_dags/example_skip_dag.py
[2025-03-17T14:28:51.525+0000] {processor.py:925} INFO - DAG(s) 'example_skip_dag' retrieved from /home/airflow/.local/lib/python3.12/site-packages/airflow/example_dags/example_skip_dag.py
[2025-03-17T14:28:51.535+0000] {logging_mixin.py:190} INFO - [2025-03-17T14:28:51.535+0000] {dag.py:3239} INFO - Sync 1 DAGs
[2025-03-17T14:28:51.547+0000] {logging_mixin.py:190} INFO - [2025-03-17T14:28:51.546+0000] {dag.py:4180} INFO - Setting next_dagrun for example_skip_dag to 2025-03-16 00:00:00+00:00, run_after=2025-03-17 00:00:00+00:00
[2025-03-17T14:28:51.555+0000] {processor.py:208} INFO - Processing /home/airflow/.local/lib/python3.12/site-packages/airflow/example_dags/example_skip_dag.py took 0.040 seconds
[2025-03-17T14:29:22.443+0000] {processor.py:186} INFO - Started process (PID=1611) to work on /home/airflow/.local/lib/python3.12/site-packages/airflow/example_dags/example_skip_dag.py
[2025-03-17T14:29:22.443+0000] {processor.py:914} INFO - Processing file /home/airflow/.local/lib/python3.12/site-packages/airflow/example_dags/example_skip_dag.py for tasks to queue
[2025-03-17T14:29:22.444+0000] {logging_mixin.py:190} INFO - [2025-03-17T14:29:22.444+0000] {dagbag.py:588} INFO - Filling up the DagBag from /home/airflow/.local/lib/python3.12/site-packages/airflow/example_dags/example_skip_dag.py
[2025-03-17T14:29:22.448+0000] {processor.py:925} INFO - DAG(s) 'example_skip_dag' retrieved from /home/airflow/.local/lib/python3.12/site-packages/airflow/example_dags/example_skip_dag.py
[2025-03-17T14:29:22.458+0000] {logging_mixin.py:190} INFO - [2025-03-17T14:29:22.458+0000] {dag.py:3239} INFO - Sync 1 DAGs
[2025-03-17T14:29:22.469+0000] {logging_mixin.py:190} INFO - [2025-03-17T14:29:22.469+0000] {dag.py:4180} INFO - Setting next_dagrun for example_skip_dag to 2025-03-16 00:00:00+00:00, run_after=2025-03-17 00:00:00+00:00
[2025-03-17T14:29:22.476+0000] {processor.py:208} INFO - Processing /home/airflow/.local/lib/python3.12/site-packages/airflow/example_dags/example_skip_dag.py took 0.037 seconds
[2025-03-17T14:29:53.484+0000] {processor.py:186} INFO - Started process (PID=1909) to work on /home/airflow/.local/lib/python3.12/site-packages/airflow/example_dags/example_skip_dag.py
[2025-03-17T14:29:53.484+0000] {processor.py:914} INFO - Processing file /home/airflow/.local/lib/python3.12/site-packages/airflow/example_dags/example_skip_dag.py for tasks to queue
[2025-03-17T14:29:53.485+0000] {logging_mixin.py:190} INFO - [2025-03-17T14:29:53.485+0000] {dagbag.py:588} INFO - Filling up the DagBag from /home/airflow/.local/lib/python3.12/site-packages/airflow/example_dags/example_skip_dag.py
[2025-03-17T14:29:53.489+0000] {processor.py:925} INFO - DAG(s) 'example_skip_dag' retrieved from /home/airflow/.local/lib/python3.12/site-packages/airflow/example_dags/example_skip_dag.py
[2025-03-17T14:29:53.500+0000] {logging_mixin.py:190} INFO - [2025-03-17T14:29:53.500+0000] {dag.py:3239} INFO - Sync 1 DAGs
[2025-03-17T14:29:53.513+0000] {logging_mixin.py:190} INFO - [2025-03-17T14:29:53.512+0000] {dag.py:4180} INFO - Setting next_dagrun for example_skip_dag to 2025-03-16 00:00:00+00:00, run_after=2025-03-17 00:00:00+00:00
[2025-03-17T14:29:53.522+0000] {processor.py:208} INFO - Processing /home/airflow/.local/lib/python3.12/site-packages/airflow/example_dags/example_skip_dag.py took 0.041 seconds
[2025-03-17T14:30:24.236+0000] {processor.py:186} INFO - Started process (PID=2203) to work on /home/airflow/.local/lib/python3.12/site-packages/airflow/example_dags/example_skip_dag.py
[2025-03-17T14:30:24.236+0000] {processor.py:914} INFO - Processing file /home/airflow/.local/lib/python3.12/site-packages/airflow/example_dags/example_skip_dag.py for tasks to queue
[2025-03-17T14:30:24.237+0000] {logging_mixin.py:190} INFO - [2025-03-17T14:30:24.237+0000] {dagbag.py:588} INFO - Filling up the DagBag from /home/airflow/.local/lib/python3.12/site-packages/airflow/example_dags/example_skip_dag.py
[2025-03-17T14:30:24.242+0000] {processor.py:925} INFO - DAG(s) 'example_skip_dag' retrieved from /home/airflow/.local/lib/python3.12/site-packages/airflow/example_dags/example_skip_dag.py
[2025-03-17T14:30:24.253+0000] {logging_mixin.py:190} INFO - [2025-03-17T14:30:24.253+0000] {dag.py:3239} INFO - Sync 1 DAGs
[2025-03-17T14:30:24.265+0000] {logging_mixin.py:190} INFO - [2025-03-17T14:30:24.265+0000] {dag.py:4180} INFO - Setting next_dagrun for example_skip_dag to 2025-03-16 00:00:00+00:00, run_after=2025-03-17 00:00:00+00:00
[2025-03-17T14:30:24.274+0000] {processor.py:208} INFO - Processing /home/airflow/.local/lib/python3.12/site-packages/airflow/example_dags/example_skip_dag.py took 0.041 seconds
[2025-03-17T14:30:55.358+0000] {processor.py:186} INFO - Started process (PID=2501) to work on /home/airflow/.local/lib/python3.12/site-packages/airflow/example_dags/example_skip_dag.py
[2025-03-17T14:30:55.359+0000] {processor.py:914} INFO - Processing file /home/airflow/.local/lib/python3.12/site-packages/airflow/example_dags/example_skip_dag.py for tasks to queue
[2025-03-17T14:30:55.360+0000] {logging_mixin.py:190} INFO - [2025-03-17T14:30:55.360+0000] {dagbag.py:588} INFO - Filling up the DagBag from /home/airflow/.local/lib/python3.12/site-packages/airflow/example_dags/example_skip_dag.py
[2025-03-17T14:30:55.364+0000] {processor.py:925} INFO - DAG(s) 'example_skip_dag' retrieved from /home/airflow/.local/lib/python3.12/site-packages/airflow/example_dags/example_skip_dag.py
[2025-03-17T14:30:55.375+0000] {logging_mixin.py:190} INFO - [2025-03-17T14:30:55.375+0000] {dag.py:3239} INFO - Sync 1 DAGs
[2025-03-17T14:30:55.385+0000] {logging_mixin.py:190} INFO - [2025-03-17T14:30:55.385+0000] {dag.py:4180} INFO - Setting next_dagrun for example_skip_dag to 2025-03-16 00:00:00+00:00, run_after=2025-03-17 00:00:00+00:00
[2025-03-17T14:30:55.392+0000] {processor.py:208} INFO - Processing /home/airflow/.local/lib/python3.12/site-packages/airflow/example_dags/example_skip_dag.py took 0.037 seconds
[2025-03-17T14:31:26.454+0000] {processor.py:186} INFO - Started process (PID=2797) to work on /home/airflow/.local/lib/python3.12/site-packages/airflow/example_dags/example_skip_dag.py
[2025-03-17T14:31:26.455+0000] {processor.py:914} INFO - Processing file /home/airflow/.local/lib/python3.12/site-packages/airflow/example_dags/example_skip_dag.py for tasks to queue
[2025-03-17T14:31:26.455+0000] {logging_mixin.py:190} INFO - [2025-03-17T14:31:26.455+0000] {dagbag.py:588} INFO - Filling up the DagBag from /home/airflow/.local/lib/python3.12/site-packages/airflow/example_dags/example_skip_dag.py
[2025-03-17T14:31:26.459+0000] {processor.py:925} INFO - DAG(s) 'example_skip_dag' retrieved from /home/airflow/.local/lib/python3.12/site-packages/airflow/example_dags/example_skip_dag.py
[2025-03-17T14:31:26.471+0000] {logging_mixin.py:190} INFO - [2025-03-17T14:31:26.471+0000] {dag.py:3239} INFO - Sync 1 DAGs
[2025-03-17T14:31:26.482+0000] {logging_mixin.py:190} INFO - [2025-03-17T14:31:26.482+0000] {dag.py:4180} INFO - Setting next_dagrun for example_skip_dag to 2025-03-16 00:00:00+00:00, run_after=2025-03-17 00:00:00+00:00
[2025-03-17T14:31:26.490+0000] {processor.py:208} INFO - Processing /home/airflow/.local/lib/python3.12/site-packages/airflow/example_dags/example_skip_dag.py took 0.039 seconds
[2025-03-17T14:31:57.549+0000] {processor.py:186} INFO - Started process (PID=3091) to work on /home/airflow/.local/lib/python3.12/site-packages/airflow/example_dags/example_skip_dag.py
[2025-03-17T14:31:57.550+0000] {processor.py:914} INFO - Processing file /home/airflow/.local/lib/python3.12/site-packages/airflow/example_dags/example_skip_dag.py for tasks to queue
[2025-03-17T14:31:57.551+0000] {logging_mixin.py:190} INFO - [2025-03-17T14:31:57.550+0000] {dagbag.py:588} INFO - Filling up the DagBag from /home/airflow/.local/lib/python3.12/site-packages/airflow/example_dags/example_skip_dag.py
[2025-03-17T14:31:57.555+0000] {processor.py:925} INFO - DAG(s) 'example_skip_dag' retrieved from /home/airflow/.local/lib/python3.12/site-packages/airflow/example_dags/example_skip_dag.py
[2025-03-17T14:31:57.566+0000] {logging_mixin.py:190} INFO - [2025-03-17T14:31:57.566+0000] {dag.py:3239} INFO - Sync 1 DAGs
[2025-03-17T14:31:57.578+0000] {logging_mixin.py:190} INFO - [2025-03-17T14:31:57.578+0000] {dag.py:4180} INFO - Setting next_dagrun for example_skip_dag to 2025-03-16 00:00:00+00:00, run_after=2025-03-17 00:00:00+00:00
[2025-03-17T14:31:57.585+0000] {processor.py:208} INFO - Processing /home/airflow/.local/lib/python3.12/site-packages/airflow/example_dags/example_skip_dag.py took 0.039 seconds
[2025-03-17T14:32:27.966+0000] {processor.py:186} INFO - Started process (PID=3387) to work on /home/airflow/.local/lib/python3.12/site-packages/airflow/example_dags/example_skip_dag.py
[2025-03-17T14:32:27.967+0000] {processor.py:914} INFO - Processing file /home/airflow/.local/lib/python3.12/site-packages/airflow/example_dags/example_skip_dag.py for tasks to queue
[2025-03-17T14:32:27.968+0000] {logging_mixin.py:190} INFO - [2025-03-17T14:32:27.968+0000] {dagbag.py:588} INFO - Filling up the DagBag from /home/airflow/.local/lib/python3.12/site-packages/airflow/example_dags/example_skip_dag.py
[2025-03-17T14:32:27.972+0000] {processor.py:925} INFO - DAG(s) 'example_skip_dag' retrieved from /home/airflow/.local/lib/python3.12/site-packages/airflow/example_dags/example_skip_dag.py
[2025-03-17T14:32:27.983+0000] {logging_mixin.py:190} INFO - [2025-03-17T14:32:27.983+0000] {dag.py:3239} INFO - Sync 1 DAGs
[2025-03-17T14:32:27.995+0000] {logging_mixin.py:190} INFO - [2025-03-17T14:32:27.995+0000] {dag.py:4180} INFO - Setting next_dagrun for example_skip_dag to 2025-03-16 00:00:00+00:00, run_after=2025-03-17 00:00:00+00:00
[2025-03-17T14:32:28.002+0000] {processor.py:208} INFO - Processing /home/airflow/.local/lib/python3.12/site-packages/airflow/example_dags/example_skip_dag.py took 0.039 seconds
[2025-03-17T14:32:58.726+0000] {processor.py:186} INFO - Started process (PID=3683) to work on /home/airflow/.local/lib/python3.12/site-packages/airflow/example_dags/example_skip_dag.py
[2025-03-17T14:32:58.726+0000] {processor.py:914} INFO - Processing file /home/airflow/.local/lib/python3.12/site-packages/airflow/example_dags/example_skip_dag.py for tasks to queue
[2025-03-17T14:32:58.728+0000] {logging_mixin.py:190} INFO - [2025-03-17T14:32:58.727+0000] {dagbag.py:588} INFO - Filling up the DagBag from /home/airflow/.local/lib/python3.12/site-packages/airflow/example_dags/example_skip_dag.py
[2025-03-17T14:32:58.733+0000] {processor.py:925} INFO - DAG(s) 'example_skip_dag' retrieved from /home/airflow/.local/lib/python3.12/site-packages/airflow/example_dags/example_skip_dag.py
[2025-03-17T14:32:58.744+0000] {logging_mixin.py:190} INFO - [2025-03-17T14:32:58.744+0000] {dag.py:3239} INFO - Sync 1 DAGs
[2025-03-17T14:32:58.755+0000] {logging_mixin.py:190} INFO - [2025-03-17T14:32:58.755+0000] {dag.py:4180} INFO - Setting next_dagrun for example_skip_dag to 2025-03-16 00:00:00+00:00, run_after=2025-03-17 00:00:00+00:00
[2025-03-17T14:32:58.763+0000] {processor.py:208} INFO - Processing /home/airflow/.local/lib/python3.12/site-packages/airflow/example_dags/example_skip_dag.py took 0.040 seconds
