[2025-03-17T13:55:41.888+0000] {processor.py:186} INFO - Started process (PID=357) to work on /home/airflow/.local/lib/python3.12/site-packages/airflow/example_dags/example_python_operator.py
[2025-03-17T13:55:41.888+0000] {processor.py:914} INFO - Processing file /home/airflow/.local/lib/python3.12/site-packages/airflow/example_dags/example_python_operator.py for tasks to queue
[2025-03-17T13:55:41.889+0000] {logging_mixin.py:190} INFO - [2025-03-17T13:55:41.889+0000] {dagbag.py:588} INFO - Filling up the DagBag from /home/airflow/.local/lib/python3.12/site-packages/airflow/example_dags/example_python_operator.py
[2025-03-17T13:55:41.896+0000] {processor.py:925} INFO - DAG(s) 'example_python_operator' retrieved from /home/airflow/.local/lib/python3.12/site-packages/airflow/example_dags/example_python_operator.py
[2025-03-17T13:55:41.948+0000] {logging_mixin.py:190} INFO - [2025-03-17T13:55:41.948+0000] {override.py:1912} INFO - Created Permission View: can delete on DAG:example_python_operator
[2025-03-17T13:55:41.952+0000] {logging_mixin.py:190} INFO - [2025-03-17T13:55:41.952+0000] {override.py:1912} INFO - Created Permission View: can edit on DAG:example_python_operator
[2025-03-17T13:55:41.954+0000] {logging_mixin.py:190} INFO - [2025-03-17T13:55:41.954+0000] {override.py:1912} INFO - Created Permission View: can read on DAG:example_python_operator
[2025-03-17T13:55:41.956+0000] {logging_mixin.py:190} INFO - [2025-03-17T13:55:41.956+0000] {override.py:1912} INFO - Created Permission View: menu access on DAG Run:example_python_operator
[2025-03-17T13:55:41.958+0000] {logging_mixin.py:190} INFO - [2025-03-17T13:55:41.958+0000] {override.py:1912} INFO - Created Permission View: can delete on DAG Run:example_python_operator
[2025-03-17T13:55:41.960+0000] {logging_mixin.py:190} INFO - [2025-03-17T13:55:41.960+0000] {override.py:1912} INFO - Created Permission View: can create on DAG Run:example_python_operator
[2025-03-17T13:55:41.962+0000] {logging_mixin.py:190} INFO - [2025-03-17T13:55:41.962+0000] {override.py:1912} INFO - Created Permission View: can read on DAG Run:example_python_operator
[2025-03-17T13:55:41.962+0000] {logging_mixin.py:190} INFO - [2025-03-17T13:55:41.962+0000] {dag.py:3239} INFO - Sync 1 DAGs
[2025-03-17T13:55:41.970+0000] {logging_mixin.py:190} INFO - [2025-03-17T13:55:41.969+0000] {dag.py:3262} INFO - Creating ORM DAG for example_python_operator
[2025-03-17T13:55:41.970+0000] {logging_mixin.py:190} INFO - [2025-03-17T13:55:41.970+0000] {dag.py:4180} INFO - Setting next_dagrun for example_python_operator to None, run_after=None
[2025-03-17T13:55:41.977+0000] {processor.py:208} INFO - Processing /home/airflow/.local/lib/python3.12/site-packages/airflow/example_dags/example_python_operator.py took 0.093 seconds
[2025-03-17T13:56:12.087+0000] {processor.py:186} INFO - Started process (PID=643) to work on /home/airflow/.local/lib/python3.12/site-packages/airflow/example_dags/example_python_operator.py
[2025-03-17T13:56:12.088+0000] {processor.py:914} INFO - Processing file /home/airflow/.local/lib/python3.12/site-packages/airflow/example_dags/example_python_operator.py for tasks to queue
[2025-03-17T13:56:12.089+0000] {logging_mixin.py:190} INFO - [2025-03-17T13:56:12.088+0000] {dagbag.py:588} INFO - Filling up the DagBag from /home/airflow/.local/lib/python3.12/site-packages/airflow/example_dags/example_python_operator.py
[2025-03-17T13:56:12.095+0000] {processor.py:925} INFO - DAG(s) 'example_python_operator' retrieved from /home/airflow/.local/lib/python3.12/site-packages/airflow/example_dags/example_python_operator.py
[2025-03-17T13:56:12.106+0000] {logging_mixin.py:190} INFO - [2025-03-17T13:56:12.106+0000] {dag.py:3239} INFO - Sync 1 DAGs
[2025-03-17T13:56:12.113+0000] {logging_mixin.py:190} INFO - [2025-03-17T13:56:12.113+0000] {dag.py:4180} INFO - Setting next_dagrun for example_python_operator to None, run_after=None
[2025-03-17T13:56:12.121+0000] {processor.py:208} INFO - Processing /home/airflow/.local/lib/python3.12/site-packages/airflow/example_dags/example_python_operator.py took 0.037 seconds
[2025-03-17T14:27:19.395+0000] {processor.py:186} INFO - Started process (PID=362) to work on /home/airflow/.local/lib/python3.12/site-packages/airflow/example_dags/example_python_operator.py
[2025-03-17T14:27:19.395+0000] {processor.py:914} INFO - Processing file /home/airflow/.local/lib/python3.12/site-packages/airflow/example_dags/example_python_operator.py for tasks to queue
[2025-03-17T14:27:19.396+0000] {logging_mixin.py:190} INFO - [2025-03-17T14:27:19.396+0000] {dagbag.py:588} INFO - Filling up the DagBag from /home/airflow/.local/lib/python3.12/site-packages/airflow/example_dags/example_python_operator.py
[2025-03-17T14:27:19.403+0000] {processor.py:925} INFO - DAG(s) 'example_python_operator' retrieved from /home/airflow/.local/lib/python3.12/site-packages/airflow/example_dags/example_python_operator.py
[2025-03-17T14:27:19.461+0000] {logging_mixin.py:190} INFO - [2025-03-17T14:27:19.460+0000] {dag.py:3239} INFO - Sync 1 DAGs
[2025-03-17T14:27:19.468+0000] {logging_mixin.py:190} INFO - [2025-03-17T14:27:19.468+0000] {dag.py:4180} INFO - Setting next_dagrun for example_python_operator to None, run_after=None
[2025-03-17T14:27:19.476+0000] {processor.py:208} INFO - Processing /home/airflow/.local/lib/python3.12/site-packages/airflow/example_dags/example_python_operator.py took 0.085 seconds
[2025-03-17T14:27:49.596+0000] {processor.py:186} INFO - Started process (PID=653) to work on /home/airflow/.local/lib/python3.12/site-packages/airflow/example_dags/example_python_operator.py
[2025-03-17T14:27:49.596+0000] {processor.py:914} INFO - Processing file /home/airflow/.local/lib/python3.12/site-packages/airflow/example_dags/example_python_operator.py for tasks to queue
[2025-03-17T14:27:49.597+0000] {logging_mixin.py:190} INFO - [2025-03-17T14:27:49.597+0000] {dagbag.py:588} INFO - Filling up the DagBag from /home/airflow/.local/lib/python3.12/site-packages/airflow/example_dags/example_python_operator.py
[2025-03-17T14:27:49.604+0000] {processor.py:925} INFO - DAG(s) 'example_python_operator' retrieved from /home/airflow/.local/lib/python3.12/site-packages/airflow/example_dags/example_python_operator.py
[2025-03-17T14:27:49.617+0000] {logging_mixin.py:190} INFO - [2025-03-17T14:27:49.616+0000] {dag.py:3239} INFO - Sync 1 DAGs
[2025-03-17T14:27:49.623+0000] {logging_mixin.py:190} INFO - [2025-03-17T14:27:49.623+0000] {dag.py:4180} INFO - Setting next_dagrun for example_python_operator to None, run_after=None
[2025-03-17T14:27:49.630+0000] {processor.py:208} INFO - Processing /home/airflow/.local/lib/python3.12/site-packages/airflow/example_dags/example_python_operator.py took 0.037 seconds
[2025-03-17T14:28:20.416+0000] {processor.py:186} INFO - Started process (PID=949) to work on /home/airflow/.local/lib/python3.12/site-packages/airflow/example_dags/example_python_operator.py
[2025-03-17T14:28:20.416+0000] {processor.py:914} INFO - Processing file /home/airflow/.local/lib/python3.12/site-packages/airflow/example_dags/example_python_operator.py for tasks to queue
[2025-03-17T14:28:20.417+0000] {logging_mixin.py:190} INFO - [2025-03-17T14:28:20.417+0000] {dagbag.py:588} INFO - Filling up the DagBag from /home/airflow/.local/lib/python3.12/site-packages/airflow/example_dags/example_python_operator.py
[2025-03-17T14:28:20.423+0000] {processor.py:925} INFO - DAG(s) 'example_python_operator' retrieved from /home/airflow/.local/lib/python3.12/site-packages/airflow/example_dags/example_python_operator.py
[2025-03-17T14:28:20.434+0000] {logging_mixin.py:190} INFO - [2025-03-17T14:28:20.434+0000] {dag.py:3239} INFO - Sync 1 DAGs
[2025-03-17T14:28:20.441+0000] {logging_mixin.py:190} INFO - [2025-03-17T14:28:20.441+0000] {dag.py:4180} INFO - Setting next_dagrun for example_python_operator to None, run_after=None
[2025-03-17T14:28:20.448+0000] {processor.py:208} INFO - Processing /home/airflow/.local/lib/python3.12/site-packages/airflow/example_dags/example_python_operator.py took 0.036 seconds
[2025-03-17T14:28:50.980+0000] {processor.py:186} INFO - Started process (PID=1250) to work on /home/airflow/.local/lib/python3.12/site-packages/airflow/example_dags/example_python_operator.py
[2025-03-17T14:28:50.980+0000] {processor.py:914} INFO - Processing file /home/airflow/.local/lib/python3.12/site-packages/airflow/example_dags/example_python_operator.py for tasks to queue
[2025-03-17T14:28:50.982+0000] {logging_mixin.py:190} INFO - [2025-03-17T14:28:50.981+0000] {dagbag.py:588} INFO - Filling up the DagBag from /home/airflow/.local/lib/python3.12/site-packages/airflow/example_dags/example_python_operator.py
[2025-03-17T14:28:50.987+0000] {processor.py:925} INFO - DAG(s) 'example_python_operator' retrieved from /home/airflow/.local/lib/python3.12/site-packages/airflow/example_dags/example_python_operator.py
[2025-03-17T14:28:50.999+0000] {logging_mixin.py:190} INFO - [2025-03-17T14:28:50.999+0000] {dag.py:3239} INFO - Sync 1 DAGs
[2025-03-17T14:28:51.006+0000] {logging_mixin.py:190} INFO - [2025-03-17T14:28:51.006+0000] {dag.py:4180} INFO - Setting next_dagrun for example_python_operator to None, run_after=None
[2025-03-17T14:28:51.013+0000] {processor.py:208} INFO - Processing /home/airflow/.local/lib/python3.12/site-packages/airflow/example_dags/example_python_operator.py took 0.036 seconds
[2025-03-17T14:29:21.655+0000] {processor.py:186} INFO - Started process (PID=1543) to work on /home/airflow/.local/lib/python3.12/site-packages/airflow/example_dags/example_python_operator.py
[2025-03-17T14:29:21.656+0000] {processor.py:914} INFO - Processing file /home/airflow/.local/lib/python3.12/site-packages/airflow/example_dags/example_python_operator.py for tasks to queue
[2025-03-17T14:29:21.657+0000] {logging_mixin.py:190} INFO - [2025-03-17T14:29:21.657+0000] {dagbag.py:588} INFO - Filling up the DagBag from /home/airflow/.local/lib/python3.12/site-packages/airflow/example_dags/example_python_operator.py
[2025-03-17T14:29:21.663+0000] {processor.py:925} INFO - DAG(s) 'example_python_operator' retrieved from /home/airflow/.local/lib/python3.12/site-packages/airflow/example_dags/example_python_operator.py
[2025-03-17T14:29:21.675+0000] {logging_mixin.py:190} INFO - [2025-03-17T14:29:21.675+0000] {dag.py:3239} INFO - Sync 1 DAGs
[2025-03-17T14:29:21.682+0000] {logging_mixin.py:190} INFO - [2025-03-17T14:29:21.682+0000] {dag.py:4180} INFO - Setting next_dagrun for example_python_operator to None, run_after=None
[2025-03-17T14:29:21.691+0000] {processor.py:208} INFO - Processing /home/airflow/.local/lib/python3.12/site-packages/airflow/example_dags/example_python_operator.py took 0.039 seconds
[2025-03-17T14:29:52.935+0000] {processor.py:186} INFO - Started process (PID=1844) to work on /home/airflow/.local/lib/python3.12/site-packages/airflow/example_dags/example_python_operator.py
[2025-03-17T14:29:52.935+0000] {processor.py:914} INFO - Processing file /home/airflow/.local/lib/python3.12/site-packages/airflow/example_dags/example_python_operator.py for tasks to queue
[2025-03-17T14:29:52.936+0000] {logging_mixin.py:190} INFO - [2025-03-17T14:29:52.936+0000] {dagbag.py:588} INFO - Filling up the DagBag from /home/airflow/.local/lib/python3.12/site-packages/airflow/example_dags/example_python_operator.py
[2025-03-17T14:29:52.942+0000] {processor.py:925} INFO - DAG(s) 'example_python_operator' retrieved from /home/airflow/.local/lib/python3.12/site-packages/airflow/example_dags/example_python_operator.py
[2025-03-17T14:29:52.954+0000] {logging_mixin.py:190} INFO - [2025-03-17T14:29:52.954+0000] {dag.py:3239} INFO - Sync 1 DAGs
[2025-03-17T14:29:52.961+0000] {logging_mixin.py:190} INFO - [2025-03-17T14:29:52.961+0000] {dag.py:4180} INFO - Setting next_dagrun for example_python_operator to None, run_after=None
[2025-03-17T14:29:52.969+0000] {processor.py:208} INFO - Processing /home/airflow/.local/lib/python3.12/site-packages/airflow/example_dags/example_python_operator.py took 0.037 seconds
[2025-03-17T14:30:23.726+0000] {processor.py:186} INFO - Started process (PID=2138) to work on /home/airflow/.local/lib/python3.12/site-packages/airflow/example_dags/example_python_operator.py
[2025-03-17T14:30:23.726+0000] {processor.py:914} INFO - Processing file /home/airflow/.local/lib/python3.12/site-packages/airflow/example_dags/example_python_operator.py for tasks to queue
[2025-03-17T14:30:23.727+0000] {logging_mixin.py:190} INFO - [2025-03-17T14:30:23.727+0000] {dagbag.py:588} INFO - Filling up the DagBag from /home/airflow/.local/lib/python3.12/site-packages/airflow/example_dags/example_python_operator.py
[2025-03-17T14:30:23.734+0000] {processor.py:925} INFO - DAG(s) 'example_python_operator' retrieved from /home/airflow/.local/lib/python3.12/site-packages/airflow/example_dags/example_python_operator.py
[2025-03-17T14:30:23.745+0000] {logging_mixin.py:190} INFO - [2025-03-17T14:30:23.745+0000] {dag.py:3239} INFO - Sync 1 DAGs
[2025-03-17T14:30:23.752+0000] {logging_mixin.py:190} INFO - [2025-03-17T14:30:23.751+0000] {dag.py:4180} INFO - Setting next_dagrun for example_python_operator to None, run_after=None
[2025-03-17T14:30:23.759+0000] {processor.py:208} INFO - Processing /home/airflow/.local/lib/python3.12/site-packages/airflow/example_dags/example_python_operator.py took 0.036 seconds
[2025-03-17T14:30:54.825+0000] {processor.py:186} INFO - Started process (PID=2436) to work on /home/airflow/.local/lib/python3.12/site-packages/airflow/example_dags/example_python_operator.py
[2025-03-17T14:30:54.825+0000] {processor.py:914} INFO - Processing file /home/airflow/.local/lib/python3.12/site-packages/airflow/example_dags/example_python_operator.py for tasks to queue
[2025-03-17T14:30:54.826+0000] {logging_mixin.py:190} INFO - [2025-03-17T14:30:54.826+0000] {dagbag.py:588} INFO - Filling up the DagBag from /home/airflow/.local/lib/python3.12/site-packages/airflow/example_dags/example_python_operator.py
[2025-03-17T14:30:54.833+0000] {processor.py:925} INFO - DAG(s) 'example_python_operator' retrieved from /home/airflow/.local/lib/python3.12/site-packages/airflow/example_dags/example_python_operator.py
[2025-03-17T14:30:54.844+0000] {logging_mixin.py:190} INFO - [2025-03-17T14:30:54.844+0000] {dag.py:3239} INFO - Sync 1 DAGs
[2025-03-17T14:30:54.851+0000] {logging_mixin.py:190} INFO - [2025-03-17T14:30:54.851+0000] {dag.py:4180} INFO - Setting next_dagrun for example_python_operator to None, run_after=None
[2025-03-17T14:30:54.858+0000] {processor.py:208} INFO - Processing /home/airflow/.local/lib/python3.12/site-packages/airflow/example_dags/example_python_operator.py took 0.036 seconds
[2025-03-17T14:31:25.924+0000] {processor.py:186} INFO - Started process (PID=2732) to work on /home/airflow/.local/lib/python3.12/site-packages/airflow/example_dags/example_python_operator.py
[2025-03-17T14:31:25.924+0000] {processor.py:914} INFO - Processing file /home/airflow/.local/lib/python3.12/site-packages/airflow/example_dags/example_python_operator.py for tasks to queue
[2025-03-17T14:31:25.925+0000] {logging_mixin.py:190} INFO - [2025-03-17T14:31:25.925+0000] {dagbag.py:588} INFO - Filling up the DagBag from /home/airflow/.local/lib/python3.12/site-packages/airflow/example_dags/example_python_operator.py
[2025-03-17T14:31:25.931+0000] {processor.py:925} INFO - DAG(s) 'example_python_operator' retrieved from /home/airflow/.local/lib/python3.12/site-packages/airflow/example_dags/example_python_operator.py
[2025-03-17T14:31:25.942+0000] {logging_mixin.py:190} INFO - [2025-03-17T14:31:25.942+0000] {dag.py:3239} INFO - Sync 1 DAGs
[2025-03-17T14:31:25.948+0000] {logging_mixin.py:190} INFO - [2025-03-17T14:31:25.948+0000] {dag.py:4180} INFO - Setting next_dagrun for example_python_operator to None, run_after=None
[2025-03-17T14:31:25.955+0000] {processor.py:208} INFO - Processing /home/airflow/.local/lib/python3.12/site-packages/airflow/example_dags/example_python_operator.py took 0.035 seconds
[2025-03-17T14:31:57.051+0000] {processor.py:186} INFO - Started process (PID=3028) to work on /home/airflow/.local/lib/python3.12/site-packages/airflow/example_dags/example_python_operator.py
[2025-03-17T14:31:57.052+0000] {processor.py:914} INFO - Processing file /home/airflow/.local/lib/python3.12/site-packages/airflow/example_dags/example_python_operator.py for tasks to queue
[2025-03-17T14:31:57.053+0000] {logging_mixin.py:190} INFO - [2025-03-17T14:31:57.052+0000] {dagbag.py:588} INFO - Filling up the DagBag from /home/airflow/.local/lib/python3.12/site-packages/airflow/example_dags/example_python_operator.py
[2025-03-17T14:31:57.059+0000] {processor.py:925} INFO - DAG(s) 'example_python_operator' retrieved from /home/airflow/.local/lib/python3.12/site-packages/airflow/example_dags/example_python_operator.py
[2025-03-17T14:31:57.070+0000] {logging_mixin.py:190} INFO - [2025-03-17T14:31:57.070+0000] {dag.py:3239} INFO - Sync 1 DAGs
[2025-03-17T14:31:57.078+0000] {logging_mixin.py:190} INFO - [2025-03-17T14:31:57.077+0000] {dag.py:4180} INFO - Setting next_dagrun for example_python_operator to None, run_after=None
[2025-03-17T14:31:57.086+0000] {processor.py:208} INFO - Processing /home/airflow/.local/lib/python3.12/site-packages/airflow/example_dags/example_python_operator.py took 0.038 seconds
[2025-03-17T14:32:27.462+0000] {processor.py:186} INFO - Started process (PID=3324) to work on /home/airflow/.local/lib/python3.12/site-packages/airflow/example_dags/example_python_operator.py
[2025-03-17T14:32:27.463+0000] {processor.py:914} INFO - Processing file /home/airflow/.local/lib/python3.12/site-packages/airflow/example_dags/example_python_operator.py for tasks to queue
[2025-03-17T14:32:27.464+0000] {logging_mixin.py:190} INFO - [2025-03-17T14:32:27.463+0000] {dagbag.py:588} INFO - Filling up the DagBag from /home/airflow/.local/lib/python3.12/site-packages/airflow/example_dags/example_python_operator.py
[2025-03-17T14:32:27.469+0000] {processor.py:925} INFO - DAG(s) 'example_python_operator' retrieved from /home/airflow/.local/lib/python3.12/site-packages/airflow/example_dags/example_python_operator.py
[2025-03-17T14:32:27.483+0000] {logging_mixin.py:190} INFO - [2025-03-17T14:32:27.482+0000] {dag.py:3239} INFO - Sync 1 DAGs
[2025-03-17T14:32:27.489+0000] {logging_mixin.py:190} INFO - [2025-03-17T14:32:27.489+0000] {dag.py:4180} INFO - Setting next_dagrun for example_python_operator to None, run_after=None
[2025-03-17T14:32:27.497+0000] {processor.py:208} INFO - Processing /home/airflow/.local/lib/python3.12/site-packages/airflow/example_dags/example_python_operator.py took 0.037 seconds
[2025-03-17T14:32:58.307+0000] {processor.py:186} INFO - Started process (PID=3620) to work on /home/airflow/.local/lib/python3.12/site-packages/airflow/example_dags/example_python_operator.py
[2025-03-17T14:32:58.307+0000] {processor.py:914} INFO - Processing file /home/airflow/.local/lib/python3.12/site-packages/airflow/example_dags/example_python_operator.py for tasks to queue
[2025-03-17T14:32:58.308+0000] {logging_mixin.py:190} INFO - [2025-03-17T14:32:58.308+0000] {dagbag.py:588} INFO - Filling up the DagBag from /home/airflow/.local/lib/python3.12/site-packages/airflow/example_dags/example_python_operator.py
[2025-03-17T14:32:58.314+0000] {processor.py:925} INFO - DAG(s) 'example_python_operator' retrieved from /home/airflow/.local/lib/python3.12/site-packages/airflow/example_dags/example_python_operator.py
[2025-03-17T14:32:58.325+0000] {logging_mixin.py:190} INFO - [2025-03-17T14:32:58.325+0000] {dag.py:3239} INFO - Sync 1 DAGs
[2025-03-17T14:32:58.331+0000] {logging_mixin.py:190} INFO - [2025-03-17T14:32:58.331+0000] {dag.py:4180} INFO - Setting next_dagrun for example_python_operator to None, run_after=None
[2025-03-17T14:32:58.338+0000] {processor.py:208} INFO - Processing /home/airflow/.local/lib/python3.12/site-packages/airflow/example_dags/example_python_operator.py took 0.036 seconds
