[2025-03-17T13:55:38.979+0000] {processor.py:186} INFO - Started process (PID=201) to work on /home/airflow/.local/lib/python3.12/site-packages/airflow/example_dags/example_sensors.py
[2025-03-17T13:55:38.980+0000] {processor.py:914} INFO - Processing file /home/airflow/.local/lib/python3.12/site-packages/airflow/example_dags/example_sensors.py for tasks to queue
[2025-03-17T13:55:38.980+0000] {logging_mixin.py:190} INFO - [2025-03-17T13:55:38.980+0000] {dagbag.py:588} INFO - Filling up the DagBag from /home/airflow/.local/lib/python3.12/site-packages/airflow/example_dags/example_sensors.py
[2025-03-17T13:55:38.987+0000] {processor.py:925} INFO - DAG(s) 'example_sensors' retrieved from /home/airflow/.local/lib/python3.12/site-packages/airflow/example_dags/example_sensors.py
[2025-03-17T13:55:39.046+0000] {logging_mixin.py:190} INFO - [2025-03-17T13:55:39.046+0000] {override.py:1912} INFO - Created Permission View: can delete on DAG:example_sensors
[2025-03-17T13:55:39.051+0000] {logging_mixin.py:190} INFO - [2025-03-17T13:55:39.051+0000] {override.py:1912} INFO - Created Permission View: can edit on DAG:example_sensors
[2025-03-17T13:55:39.053+0000] {logging_mixin.py:190} INFO - [2025-03-17T13:55:39.053+0000] {override.py:1912} INFO - Created Permission View: can read on DAG:example_sensors
[2025-03-17T13:55:39.056+0000] {logging_mixin.py:190} INFO - [2025-03-17T13:55:39.056+0000] {override.py:1912} INFO - Created Permission View: menu access on DAG Run:example_sensors
[2025-03-17T13:55:39.058+0000] {logging_mixin.py:190} INFO - [2025-03-17T13:55:39.058+0000] {override.py:1912} INFO - Created Permission View: can delete on DAG Run:example_sensors
[2025-03-17T13:55:39.060+0000] {logging_mixin.py:190} INFO - [2025-03-17T13:55:39.060+0000] {override.py:1912} INFO - Created Permission View: can create on DAG Run:example_sensors
[2025-03-17T13:55:39.062+0000] {logging_mixin.py:190} INFO - [2025-03-17T13:55:39.062+0000] {override.py:1912} INFO - Created Permission View: can read on DAG Run:example_sensors
[2025-03-17T13:55:39.062+0000] {logging_mixin.py:190} INFO - [2025-03-17T13:55:39.062+0000] {dag.py:3239} INFO - Sync 1 DAGs
[2025-03-17T13:55:39.068+0000] {logging_mixin.py:190} INFO - [2025-03-17T13:55:39.068+0000] {dag.py:3262} INFO - Creating ORM DAG for example_sensors
[2025-03-17T13:55:39.068+0000] {logging_mixin.py:190} INFO - [2025-03-17T13:55:39.068+0000] {dag.py:4180} INFO - Setting next_dagrun for example_sensors to None, run_after=None
[2025-03-17T13:55:39.075+0000] {processor.py:208} INFO - Processing /home/airflow/.local/lib/python3.12/site-packages/airflow/example_dags/example_sensors.py took 0.099 seconds
[2025-03-17T13:56:09.790+0000] {processor.py:186} INFO - Started process (PID=498) to work on /home/airflow/.local/lib/python3.12/site-packages/airflow/example_dags/example_sensors.py
[2025-03-17T13:56:09.790+0000] {processor.py:914} INFO - Processing file /home/airflow/.local/lib/python3.12/site-packages/airflow/example_dags/example_sensors.py for tasks to queue
[2025-03-17T13:56:09.791+0000] {logging_mixin.py:190} INFO - [2025-03-17T13:56:09.791+0000] {dagbag.py:588} INFO - Filling up the DagBag from /home/airflow/.local/lib/python3.12/site-packages/airflow/example_dags/example_sensors.py
[2025-03-17T13:56:09.798+0000] {processor.py:925} INFO - DAG(s) 'example_sensors' retrieved from /home/airflow/.local/lib/python3.12/site-packages/airflow/example_dags/example_sensors.py
[2025-03-17T13:56:09.810+0000] {logging_mixin.py:190} INFO - [2025-03-17T13:56:09.810+0000] {dag.py:3239} INFO - Sync 1 DAGs
[2025-03-17T13:56:09.818+0000] {logging_mixin.py:190} INFO - [2025-03-17T13:56:09.817+0000] {dag.py:4180} INFO - Setting next_dagrun for example_sensors to None, run_after=None
[2025-03-17T13:56:09.826+0000] {processor.py:208} INFO - Processing /home/airflow/.local/lib/python3.12/site-packages/airflow/example_dags/example_sensors.py took 0.039 seconds
[2025-03-17T14:27:16.683+0000] {processor.py:186} INFO - Started process (PID=206) to work on /home/airflow/.local/lib/python3.12/site-packages/airflow/example_dags/example_sensors.py
[2025-03-17T14:27:16.684+0000] {processor.py:914} INFO - Processing file /home/airflow/.local/lib/python3.12/site-packages/airflow/example_dags/example_sensors.py for tasks to queue
[2025-03-17T14:27:16.685+0000] {logging_mixin.py:190} INFO - [2025-03-17T14:27:16.685+0000] {dagbag.py:588} INFO - Filling up the DagBag from /home/airflow/.local/lib/python3.12/site-packages/airflow/example_dags/example_sensors.py
[2025-03-17T14:27:16.691+0000] {processor.py:925} INFO - DAG(s) 'example_sensors' retrieved from /home/airflow/.local/lib/python3.12/site-packages/airflow/example_dags/example_sensors.py
[2025-03-17T14:27:16.746+0000] {logging_mixin.py:190} INFO - [2025-03-17T14:27:16.746+0000] {dag.py:3239} INFO - Sync 1 DAGs
[2025-03-17T14:27:16.751+0000] {logging_mixin.py:190} INFO - [2025-03-17T14:27:16.751+0000] {dag.py:4180} INFO - Setting next_dagrun for example_sensors to None, run_after=None
[2025-03-17T14:27:16.761+0000] {processor.py:208} INFO - Processing /home/airflow/.local/lib/python3.12/site-packages/airflow/example_dags/example_sensors.py took 0.080 seconds
[2025-03-17T14:27:47.090+0000] {processor.py:186} INFO - Started process (PID=504) to work on /home/airflow/.local/lib/python3.12/site-packages/airflow/example_dags/example_sensors.py
[2025-03-17T14:27:47.091+0000] {processor.py:914} INFO - Processing file /home/airflow/.local/lib/python3.12/site-packages/airflow/example_dags/example_sensors.py for tasks to queue
[2025-03-17T14:27:47.092+0000] {logging_mixin.py:190} INFO - [2025-03-17T14:27:47.092+0000] {dagbag.py:588} INFO - Filling up the DagBag from /home/airflow/.local/lib/python3.12/site-packages/airflow/example_dags/example_sensors.py
[2025-03-17T14:27:47.097+0000] {processor.py:925} INFO - DAG(s) 'example_sensors' retrieved from /home/airflow/.local/lib/python3.12/site-packages/airflow/example_dags/example_sensors.py
[2025-03-17T14:27:47.109+0000] {logging_mixin.py:190} INFO - [2025-03-17T14:27:47.109+0000] {dag.py:3239} INFO - Sync 1 DAGs
[2025-03-17T14:27:47.115+0000] {logging_mixin.py:190} INFO - [2025-03-17T14:27:47.115+0000] {dag.py:4180} INFO - Setting next_dagrun for example_sensors to None, run_after=None
[2025-03-17T14:27:47.123+0000] {processor.py:208} INFO - Processing /home/airflow/.local/lib/python3.12/site-packages/airflow/example_dags/example_sensors.py took 0.035 seconds
[2025-03-17T14:28:17.153+0000] {processor.py:186} INFO - Started process (PID=798) to work on /home/airflow/.local/lib/python3.12/site-packages/airflow/example_dags/example_sensors.py
[2025-03-17T14:28:17.154+0000] {processor.py:914} INFO - Processing file /home/airflow/.local/lib/python3.12/site-packages/airflow/example_dags/example_sensors.py for tasks to queue
[2025-03-17T14:28:17.155+0000] {logging_mixin.py:190} INFO - [2025-03-17T14:28:17.155+0000] {dagbag.py:588} INFO - Filling up the DagBag from /home/airflow/.local/lib/python3.12/site-packages/airflow/example_dags/example_sensors.py
[2025-03-17T14:28:17.161+0000] {processor.py:925} INFO - DAG(s) 'example_sensors' retrieved from /home/airflow/.local/lib/python3.12/site-packages/airflow/example_dags/example_sensors.py
[2025-03-17T14:28:17.172+0000] {logging_mixin.py:190} INFO - [2025-03-17T14:28:17.172+0000] {dag.py:3239} INFO - Sync 1 DAGs
[2025-03-17T14:28:17.180+0000] {logging_mixin.py:190} INFO - [2025-03-17T14:28:17.180+0000] {dag.py:4180} INFO - Setting next_dagrun for example_sensors to None, run_after=None
[2025-03-17T14:28:17.187+0000] {processor.py:208} INFO - Processing /home/airflow/.local/lib/python3.12/site-packages/airflow/example_dags/example_sensors.py took 0.036 seconds
[2025-03-17T14:28:47.650+0000] {processor.py:186} INFO - Started process (PID=1102) to work on /home/airflow/.local/lib/python3.12/site-packages/airflow/example_dags/example_sensors.py
[2025-03-17T14:28:47.651+0000] {processor.py:914} INFO - Processing file /home/airflow/.local/lib/python3.12/site-packages/airflow/example_dags/example_sensors.py for tasks to queue
[2025-03-17T14:28:47.652+0000] {logging_mixin.py:190} INFO - [2025-03-17T14:28:47.652+0000] {dagbag.py:588} INFO - Filling up the DagBag from /home/airflow/.local/lib/python3.12/site-packages/airflow/example_dags/example_sensors.py
[2025-03-17T14:28:47.657+0000] {processor.py:925} INFO - DAG(s) 'example_sensors' retrieved from /home/airflow/.local/lib/python3.12/site-packages/airflow/example_dags/example_sensors.py
[2025-03-17T14:28:47.670+0000] {logging_mixin.py:190} INFO - [2025-03-17T14:28:47.669+0000] {dag.py:3239} INFO - Sync 1 DAGs
[2025-03-17T14:28:47.677+0000] {logging_mixin.py:190} INFO - [2025-03-17T14:28:47.676+0000] {dag.py:4180} INFO - Setting next_dagrun for example_sensors to None, run_after=None
[2025-03-17T14:28:47.684+0000] {processor.py:208} INFO - Processing /home/airflow/.local/lib/python3.12/site-packages/airflow/example_dags/example_sensors.py took 0.037 seconds
[2025-03-17T14:29:18.229+0000] {processor.py:186} INFO - Started process (PID=1398) to work on /home/airflow/.local/lib/python3.12/site-packages/airflow/example_dags/example_sensors.py
[2025-03-17T14:29:18.230+0000] {processor.py:914} INFO - Processing file /home/airflow/.local/lib/python3.12/site-packages/airflow/example_dags/example_sensors.py for tasks to queue
[2025-03-17T14:29:18.231+0000] {logging_mixin.py:190} INFO - [2025-03-17T14:29:18.231+0000] {dagbag.py:588} INFO - Filling up the DagBag from /home/airflow/.local/lib/python3.12/site-packages/airflow/example_dags/example_sensors.py
[2025-03-17T14:29:18.236+0000] {processor.py:925} INFO - DAG(s) 'example_sensors' retrieved from /home/airflow/.local/lib/python3.12/site-packages/airflow/example_dags/example_sensors.py
[2025-03-17T14:29:18.249+0000] {logging_mixin.py:190} INFO - [2025-03-17T14:29:18.249+0000] {dag.py:3239} INFO - Sync 1 DAGs
[2025-03-17T14:29:18.256+0000] {logging_mixin.py:190} INFO - [2025-03-17T14:29:18.256+0000] {dag.py:4180} INFO - Setting next_dagrun for example_sensors to None, run_after=None
[2025-03-17T14:29:18.263+0000] {processor.py:208} INFO - Processing /home/airflow/.local/lib/python3.12/site-packages/airflow/example_dags/example_sensors.py took 0.036 seconds
[2025-03-17T14:29:49.156+0000] {processor.py:186} INFO - Started process (PID=1694) to work on /home/airflow/.local/lib/python3.12/site-packages/airflow/example_dags/example_sensors.py
[2025-03-17T14:29:49.157+0000] {processor.py:914} INFO - Processing file /home/airflow/.local/lib/python3.12/site-packages/airflow/example_dags/example_sensors.py for tasks to queue
[2025-03-17T14:29:49.158+0000] {logging_mixin.py:190} INFO - [2025-03-17T14:29:49.157+0000] {dagbag.py:588} INFO - Filling up the DagBag from /home/airflow/.local/lib/python3.12/site-packages/airflow/example_dags/example_sensors.py
[2025-03-17T14:29:49.163+0000] {processor.py:925} INFO - DAG(s) 'example_sensors' retrieved from /home/airflow/.local/lib/python3.12/site-packages/airflow/example_dags/example_sensors.py
[2025-03-17T14:29:49.176+0000] {logging_mixin.py:190} INFO - [2025-03-17T14:29:49.175+0000] {dag.py:3239} INFO - Sync 1 DAGs
[2025-03-17T14:29:49.182+0000] {logging_mixin.py:190} INFO - [2025-03-17T14:29:49.182+0000] {dag.py:4180} INFO - Setting next_dagrun for example_sensors to None, run_after=None
[2025-03-17T14:29:49.190+0000] {processor.py:208} INFO - Processing /home/airflow/.local/lib/python3.12/site-packages/airflow/example_dags/example_sensors.py took 0.037 seconds
[2025-03-17T14:30:20.161+0000] {processor.py:186} INFO - Started process (PID=1990) to work on /home/airflow/.local/lib/python3.12/site-packages/airflow/example_dags/example_sensors.py
[2025-03-17T14:30:20.161+0000] {processor.py:914} INFO - Processing file /home/airflow/.local/lib/python3.12/site-packages/airflow/example_dags/example_sensors.py for tasks to queue
[2025-03-17T14:30:20.162+0000] {logging_mixin.py:190} INFO - [2025-03-17T14:30:20.162+0000] {dagbag.py:588} INFO - Filling up the DagBag from /home/airflow/.local/lib/python3.12/site-packages/airflow/example_dags/example_sensors.py
[2025-03-17T14:30:20.168+0000] {processor.py:925} INFO - DAG(s) 'example_sensors' retrieved from /home/airflow/.local/lib/python3.12/site-packages/airflow/example_dags/example_sensors.py
[2025-03-17T14:30:20.180+0000] {logging_mixin.py:190} INFO - [2025-03-17T14:30:20.180+0000] {dag.py:3239} INFO - Sync 1 DAGs
[2025-03-17T14:30:20.186+0000] {logging_mixin.py:190} INFO - [2025-03-17T14:30:20.186+0000] {dag.py:4180} INFO - Setting next_dagrun for example_sensors to None, run_after=None
[2025-03-17T14:30:20.193+0000] {processor.py:208} INFO - Processing /home/airflow/.local/lib/python3.12/site-packages/airflow/example_dags/example_sensors.py took 0.036 seconds
[2025-03-17T14:30:50.951+0000] {processor.py:186} INFO - Started process (PID=2286) to work on /home/airflow/.local/lib/python3.12/site-packages/airflow/example_dags/example_sensors.py
[2025-03-17T14:30:50.952+0000] {processor.py:914} INFO - Processing file /home/airflow/.local/lib/python3.12/site-packages/airflow/example_dags/example_sensors.py for tasks to queue
[2025-03-17T14:30:50.953+0000] {logging_mixin.py:190} INFO - [2025-03-17T14:30:50.953+0000] {dagbag.py:588} INFO - Filling up the DagBag from /home/airflow/.local/lib/python3.12/site-packages/airflow/example_dags/example_sensors.py
[2025-03-17T14:30:50.959+0000] {processor.py:925} INFO - DAG(s) 'example_sensors' retrieved from /home/airflow/.local/lib/python3.12/site-packages/airflow/example_dags/example_sensors.py
[2025-03-17T14:30:50.972+0000] {logging_mixin.py:190} INFO - [2025-03-17T14:30:50.972+0000] {dag.py:3239} INFO - Sync 1 DAGs
[2025-03-17T14:30:50.980+0000] {logging_mixin.py:190} INFO - [2025-03-17T14:30:50.979+0000] {dag.py:4180} INFO - Setting next_dagrun for example_sensors to None, run_after=None
[2025-03-17T14:30:50.990+0000] {processor.py:208} INFO - Processing /home/airflow/.local/lib/python3.12/site-packages/airflow/example_dags/example_sensors.py took 0.042 seconds
[2025-03-17T14:31:21.066+0000] {processor.py:186} INFO - Started process (PID=2582) to work on /home/airflow/.local/lib/python3.12/site-packages/airflow/example_dags/example_sensors.py
[2025-03-17T14:31:21.067+0000] {processor.py:914} INFO - Processing file /home/airflow/.local/lib/python3.12/site-packages/airflow/example_dags/example_sensors.py for tasks to queue
[2025-03-17T14:31:21.068+0000] {logging_mixin.py:190} INFO - [2025-03-17T14:31:21.068+0000] {dagbag.py:588} INFO - Filling up the DagBag from /home/airflow/.local/lib/python3.12/site-packages/airflow/example_dags/example_sensors.py
[2025-03-17T14:31:21.074+0000] {processor.py:925} INFO - DAG(s) 'example_sensors' retrieved from /home/airflow/.local/lib/python3.12/site-packages/airflow/example_dags/example_sensors.py
[2025-03-17T14:31:21.087+0000] {logging_mixin.py:190} INFO - [2025-03-17T14:31:21.087+0000] {dag.py:3239} INFO - Sync 1 DAGs
[2025-03-17T14:31:21.094+0000] {logging_mixin.py:190} INFO - [2025-03-17T14:31:21.094+0000] {dag.py:4180} INFO - Setting next_dagrun for example_sensors to None, run_after=None
[2025-03-17T14:31:21.102+0000] {processor.py:208} INFO - Processing /home/airflow/.local/lib/python3.12/site-packages/airflow/example_dags/example_sensors.py took 0.039 seconds
[2025-03-17T14:31:51.128+0000] {processor.py:186} INFO - Started process (PID=2876) to work on /home/airflow/.local/lib/python3.12/site-packages/airflow/example_dags/example_sensors.py
[2025-03-17T14:31:51.128+0000] {processor.py:914} INFO - Processing file /home/airflow/.local/lib/python3.12/site-packages/airflow/example_dags/example_sensors.py for tasks to queue
[2025-03-17T14:31:51.129+0000] {logging_mixin.py:190} INFO - [2025-03-17T14:31:51.129+0000] {dagbag.py:588} INFO - Filling up the DagBag from /home/airflow/.local/lib/python3.12/site-packages/airflow/example_dags/example_sensors.py
[2025-03-17T14:31:51.135+0000] {processor.py:925} INFO - DAG(s) 'example_sensors' retrieved from /home/airflow/.local/lib/python3.12/site-packages/airflow/example_dags/example_sensors.py
[2025-03-17T14:31:51.149+0000] {logging_mixin.py:190} INFO - [2025-03-17T14:31:51.149+0000] {dag.py:3239} INFO - Sync 1 DAGs
[2025-03-17T14:31:51.158+0000] {logging_mixin.py:190} INFO - [2025-03-17T14:31:51.157+0000] {dag.py:4180} INFO - Setting next_dagrun for example_sensors to None, run_after=None
[2025-03-17T14:31:51.166+0000] {processor.py:208} INFO - Processing /home/airflow/.local/lib/python3.12/site-packages/airflow/example_dags/example_sensors.py took 0.041 seconds
[2025-03-17T14:32:21.241+0000] {processor.py:186} INFO - Started process (PID=3174) to work on /home/airflow/.local/lib/python3.12/site-packages/airflow/example_dags/example_sensors.py
[2025-03-17T14:32:21.242+0000] {processor.py:914} INFO - Processing file /home/airflow/.local/lib/python3.12/site-packages/airflow/example_dags/example_sensors.py for tasks to queue
[2025-03-17T14:32:21.243+0000] {logging_mixin.py:190} INFO - [2025-03-17T14:32:21.243+0000] {dagbag.py:588} INFO - Filling up the DagBag from /home/airflow/.local/lib/python3.12/site-packages/airflow/example_dags/example_sensors.py
[2025-03-17T14:32:21.248+0000] {processor.py:925} INFO - DAG(s) 'example_sensors' retrieved from /home/airflow/.local/lib/python3.12/site-packages/airflow/example_dags/example_sensors.py
[2025-03-17T14:32:21.262+0000] {logging_mixin.py:190} INFO - [2025-03-17T14:32:21.262+0000] {dag.py:3239} INFO - Sync 1 DAGs
[2025-03-17T14:32:21.270+0000] {logging_mixin.py:190} INFO - [2025-03-17T14:32:21.270+0000] {dag.py:4180} INFO - Setting next_dagrun for example_sensors to None, run_after=None
[2025-03-17T14:32:21.278+0000] {processor.py:208} INFO - Processing /home/airflow/.local/lib/python3.12/site-packages/airflow/example_dags/example_sensors.py took 0.039 seconds
[2025-03-17T14:32:51.648+0000] {processor.py:186} INFO - Started process (PID=3470) to work on /home/airflow/.local/lib/python3.12/site-packages/airflow/example_dags/example_sensors.py
[2025-03-17T14:32:51.649+0000] {processor.py:914} INFO - Processing file /home/airflow/.local/lib/python3.12/site-packages/airflow/example_dags/example_sensors.py for tasks to queue
[2025-03-17T14:32:51.650+0000] {logging_mixin.py:190} INFO - [2025-03-17T14:32:51.650+0000] {dagbag.py:588} INFO - Filling up the DagBag from /home/airflow/.local/lib/python3.12/site-packages/airflow/example_dags/example_sensors.py
[2025-03-17T14:32:51.655+0000] {processor.py:925} INFO - DAG(s) 'example_sensors' retrieved from /home/airflow/.local/lib/python3.12/site-packages/airflow/example_dags/example_sensors.py
[2025-03-17T14:32:51.669+0000] {logging_mixin.py:190} INFO - [2025-03-17T14:32:51.669+0000] {dag.py:3239} INFO - Sync 1 DAGs
[2025-03-17T14:32:51.678+0000] {logging_mixin.py:190} INFO - [2025-03-17T14:32:51.678+0000] {dag.py:4180} INFO - Setting next_dagrun for example_sensors to None, run_after=None
[2025-03-17T14:32:51.686+0000] {processor.py:208} INFO - Processing /home/airflow/.local/lib/python3.12/site-packages/airflow/example_dags/example_sensors.py took 0.041 seconds
