[2025-03-17T13:55:39.577+0000] {processor.py:186} INFO - Started process (PID=238) to work on /home/airflow/.local/lib/python3.12/site-packages/airflow/example_dags/example_xcomargs.py
[2025-03-17T13:55:39.577+0000] {processor.py:914} INFO - Processing file /home/airflow/.local/lib/python3.12/site-packages/airflow/example_dags/example_xcomargs.py for tasks to queue
[2025-03-17T13:55:39.578+0000] {logging_mixin.py:190} INFO - [2025-03-17T13:55:39.578+0000] {dagbag.py:588} INFO - Filling up the DagBag from /home/airflow/.local/lib/python3.12/site-packages/airflow/example_dags/example_xcomargs.py
[2025-03-17T13:55:39.585+0000] {processor.py:925} INFO - DAG(s) 'example_xcom_args_with_operators', 'example_xcom_args' retrieved from /home/airflow/.local/lib/python3.12/site-packages/airflow/example_dags/example_xcomargs.py
[2025-03-17T13:55:39.636+0000] {logging_mixin.py:190} INFO - [2025-03-17T13:55:39.636+0000] {override.py:1912} INFO - Created Permission View: can delete on DAG:example_xcom_args_with_operators
[2025-03-17T13:55:39.640+0000] {logging_mixin.py:190} INFO - [2025-03-17T13:55:39.640+0000] {override.py:1912} INFO - Created Permission View: can edit on DAG:example_xcom_args_with_operators
[2025-03-17T13:55:39.642+0000] {logging_mixin.py:190} INFO - [2025-03-17T13:55:39.642+0000] {override.py:1912} INFO - Created Permission View: can read on DAG:example_xcom_args_with_operators
[2025-03-17T13:55:39.644+0000] {logging_mixin.py:190} INFO - [2025-03-17T13:55:39.644+0000] {override.py:1912} INFO - Created Permission View: menu access on DAG Run:example_xcom_args_with_operators
[2025-03-17T13:55:39.647+0000] {logging_mixin.py:190} INFO - [2025-03-17T13:55:39.647+0000] {override.py:1912} INFO - Created Permission View: can delete on DAG Run:example_xcom_args_with_operators
[2025-03-17T13:55:39.649+0000] {logging_mixin.py:190} INFO - [2025-03-17T13:55:39.648+0000] {override.py:1912} INFO - Created Permission View: can create on DAG Run:example_xcom_args_with_operators
[2025-03-17T13:55:39.651+0000] {logging_mixin.py:190} INFO - [2025-03-17T13:55:39.651+0000] {override.py:1912} INFO - Created Permission View: can read on DAG Run:example_xcom_args_with_operators
[2025-03-17T13:55:39.655+0000] {logging_mixin.py:190} INFO - [2025-03-17T13:55:39.655+0000] {override.py:1912} INFO - Created Permission View: can delete on DAG:example_xcom_args
[2025-03-17T13:55:39.657+0000] {logging_mixin.py:190} INFO - [2025-03-17T13:55:39.657+0000] {override.py:1912} INFO - Created Permission View: can edit on DAG:example_xcom_args
[2025-03-17T13:55:39.659+0000] {logging_mixin.py:190} INFO - [2025-03-17T13:55:39.659+0000] {override.py:1912} INFO - Created Permission View: can read on DAG:example_xcom_args
[2025-03-17T13:55:39.662+0000] {logging_mixin.py:190} INFO - [2025-03-17T13:55:39.662+0000] {override.py:1912} INFO - Created Permission View: menu access on DAG Run:example_xcom_args
[2025-03-17T13:55:39.664+0000] {logging_mixin.py:190} INFO - [2025-03-17T13:55:39.664+0000] {override.py:1912} INFO - Created Permission View: can delete on DAG Run:example_xcom_args
[2025-03-17T13:55:39.666+0000] {logging_mixin.py:190} INFO - [2025-03-17T13:55:39.666+0000] {override.py:1912} INFO - Created Permission View: can create on DAG Run:example_xcom_args
[2025-03-17T13:55:39.668+0000] {logging_mixin.py:190} INFO - [2025-03-17T13:55:39.668+0000] {override.py:1912} INFO - Created Permission View: can read on DAG Run:example_xcom_args
[2025-03-17T13:55:39.668+0000] {logging_mixin.py:190} INFO - [2025-03-17T13:55:39.668+0000] {dag.py:3239} INFO - Sync 2 DAGs
[2025-03-17T13:55:39.674+0000] {logging_mixin.py:190} INFO - [2025-03-17T13:55:39.673+0000] {dag.py:3262} INFO - Creating ORM DAG for example_xcom_args
[2025-03-17T13:55:39.674+0000] {logging_mixin.py:190} INFO - [2025-03-17T13:55:39.674+0000] {dag.py:3262} INFO - Creating ORM DAG for example_xcom_args_with_operators
[2025-03-17T13:55:39.674+0000] {logging_mixin.py:190} INFO - [2025-03-17T13:55:39.674+0000] {dag.py:4180} INFO - Setting next_dagrun for example_xcom_args to None, run_after=None
[2025-03-17T13:55:39.674+0000] {logging_mixin.py:190} INFO - [2025-03-17T13:55:39.674+0000] {dag.py:4180} INFO - Setting next_dagrun for example_xcom_args_with_operators to None, run_after=None
[2025-03-17T13:55:39.682+0000] {processor.py:208} INFO - Processing /home/airflow/.local/lib/python3.12/site-packages/airflow/example_dags/example_xcomargs.py took 0.108 seconds
[2025-03-17T13:56:10.027+0000] {processor.py:186} INFO - Started process (PID=533) to work on /home/airflow/.local/lib/python3.12/site-packages/airflow/example_dags/example_xcomargs.py
[2025-03-17T13:56:10.027+0000] {processor.py:914} INFO - Processing file /home/airflow/.local/lib/python3.12/site-packages/airflow/example_dags/example_xcomargs.py for tasks to queue
[2025-03-17T13:56:10.028+0000] {logging_mixin.py:190} INFO - [2025-03-17T13:56:10.028+0000] {dagbag.py:588} INFO - Filling up the DagBag from /home/airflow/.local/lib/python3.12/site-packages/airflow/example_dags/example_xcomargs.py
[2025-03-17T13:56:10.034+0000] {processor.py:925} INFO - DAG(s) 'example_xcom_args', 'example_xcom_args_with_operators' retrieved from /home/airflow/.local/lib/python3.12/site-packages/airflow/example_dags/example_xcomargs.py
[2025-03-17T13:56:10.045+0000] {logging_mixin.py:190} INFO - [2025-03-17T13:56:10.044+0000] {dag.py:3239} INFO - Sync 2 DAGs
[2025-03-17T13:56:10.053+0000] {logging_mixin.py:190} INFO - [2025-03-17T13:56:10.053+0000] {dag.py:4180} INFO - Setting next_dagrun for example_xcom_args to None, run_after=None
[2025-03-17T13:56:10.054+0000] {logging_mixin.py:190} INFO - [2025-03-17T13:56:10.054+0000] {dag.py:4180} INFO - Setting next_dagrun for example_xcom_args_with_operators to None, run_after=None
[2025-03-17T13:56:10.061+0000] {processor.py:208} INFO - Processing /home/airflow/.local/lib/python3.12/site-packages/airflow/example_dags/example_xcomargs.py took 0.037 seconds
[2025-03-17T14:27:17.176+0000] {processor.py:186} INFO - Started process (PID=243) to work on /home/airflow/.local/lib/python3.12/site-packages/airflow/example_dags/example_xcomargs.py
[2025-03-17T14:27:17.176+0000] {processor.py:914} INFO - Processing file /home/airflow/.local/lib/python3.12/site-packages/airflow/example_dags/example_xcomargs.py for tasks to queue
[2025-03-17T14:27:17.178+0000] {logging_mixin.py:190} INFO - [2025-03-17T14:27:17.178+0000] {dagbag.py:588} INFO - Filling up the DagBag from /home/airflow/.local/lib/python3.12/site-packages/airflow/example_dags/example_xcomargs.py
[2025-03-17T14:27:17.183+0000] {processor.py:925} INFO - DAG(s) 'example_xcom_args', 'example_xcom_args_with_operators' retrieved from /home/airflow/.local/lib/python3.12/site-packages/airflow/example_dags/example_xcomargs.py
[2025-03-17T14:27:17.244+0000] {logging_mixin.py:190} INFO - [2025-03-17T14:27:17.244+0000] {dag.py:3239} INFO - Sync 2 DAGs
[2025-03-17T14:27:17.250+0000] {logging_mixin.py:190} INFO - [2025-03-17T14:27:17.249+0000] {dag.py:4180} INFO - Setting next_dagrun for example_xcom_args to None, run_after=None
[2025-03-17T14:27:17.251+0000] {logging_mixin.py:190} INFO - [2025-03-17T14:27:17.251+0000] {dag.py:4180} INFO - Setting next_dagrun for example_xcom_args_with_operators to None, run_after=None
[2025-03-17T14:27:17.260+0000] {processor.py:208} INFO - Processing /home/airflow/.local/lib/python3.12/site-packages/airflow/example_dags/example_xcomargs.py took 0.087 seconds
[2025-03-17T14:27:47.358+0000] {processor.py:186} INFO - Started process (PID=539) to work on /home/airflow/.local/lib/python3.12/site-packages/airflow/example_dags/example_xcomargs.py
[2025-03-17T14:27:47.358+0000] {processor.py:914} INFO - Processing file /home/airflow/.local/lib/python3.12/site-packages/airflow/example_dags/example_xcomargs.py for tasks to queue
[2025-03-17T14:27:47.359+0000] {logging_mixin.py:190} INFO - [2025-03-17T14:27:47.359+0000] {dagbag.py:588} INFO - Filling up the DagBag from /home/airflow/.local/lib/python3.12/site-packages/airflow/example_dags/example_xcomargs.py
[2025-03-17T14:27:47.364+0000] {processor.py:925} INFO - DAG(s) 'example_xcom_args_with_operators', 'example_xcom_args' retrieved from /home/airflow/.local/lib/python3.12/site-packages/airflow/example_dags/example_xcomargs.py
[2025-03-17T14:27:47.375+0000] {logging_mixin.py:190} INFO - [2025-03-17T14:27:47.374+0000] {dag.py:3239} INFO - Sync 2 DAGs
[2025-03-17T14:27:47.381+0000] {logging_mixin.py:190} INFO - [2025-03-17T14:27:47.381+0000] {dag.py:4180} INFO - Setting next_dagrun for example_xcom_args to None, run_after=None
[2025-03-17T14:27:47.383+0000] {logging_mixin.py:190} INFO - [2025-03-17T14:27:47.383+0000] {dag.py:4180} INFO - Setting next_dagrun for example_xcom_args_with_operators to None, run_after=None
[2025-03-17T14:27:47.389+0000] {processor.py:208} INFO - Processing /home/airflow/.local/lib/python3.12/site-packages/airflow/example_dags/example_xcomargs.py took 0.034 seconds
[2025-03-17T14:28:18.371+0000] {processor.py:186} INFO - Started process (PID=841) to work on /home/airflow/.local/lib/python3.12/site-packages/airflow/example_dags/example_xcomargs.py
[2025-03-17T14:28:18.372+0000] {processor.py:914} INFO - Processing file /home/airflow/.local/lib/python3.12/site-packages/airflow/example_dags/example_xcomargs.py for tasks to queue
[2025-03-17T14:28:18.373+0000] {logging_mixin.py:190} INFO - [2025-03-17T14:28:18.373+0000] {dagbag.py:588} INFO - Filling up the DagBag from /home/airflow/.local/lib/python3.12/site-packages/airflow/example_dags/example_xcomargs.py
[2025-03-17T14:28:18.379+0000] {processor.py:925} INFO - DAG(s) 'example_xcom_args_with_operators', 'example_xcom_args' retrieved from /home/airflow/.local/lib/python3.12/site-packages/airflow/example_dags/example_xcomargs.py
[2025-03-17T14:28:18.391+0000] {logging_mixin.py:190} INFO - [2025-03-17T14:28:18.391+0000] {dag.py:3239} INFO - Sync 2 DAGs
[2025-03-17T14:28:18.398+0000] {logging_mixin.py:190} INFO - [2025-03-17T14:28:18.398+0000] {dag.py:4180} INFO - Setting next_dagrun for example_xcom_args to None, run_after=None
[2025-03-17T14:28:18.400+0000] {logging_mixin.py:190} INFO - [2025-03-17T14:28:18.400+0000] {dag.py:4180} INFO - Setting next_dagrun for example_xcom_args_with_operators to None, run_after=None
[2025-03-17T14:28:18.406+0000] {processor.py:208} INFO - Processing /home/airflow/.local/lib/python3.12/site-packages/airflow/example_dags/example_xcomargs.py took 0.038 seconds
[2025-03-17T14:28:48.888+0000] {processor.py:186} INFO - Started process (PID=1137) to work on /home/airflow/.local/lib/python3.12/site-packages/airflow/example_dags/example_xcomargs.py
[2025-03-17T14:28:48.889+0000] {processor.py:914} INFO - Processing file /home/airflow/.local/lib/python3.12/site-packages/airflow/example_dags/example_xcomargs.py for tasks to queue
[2025-03-17T14:28:48.890+0000] {logging_mixin.py:190} INFO - [2025-03-17T14:28:48.890+0000] {dagbag.py:588} INFO - Filling up the DagBag from /home/airflow/.local/lib/python3.12/site-packages/airflow/example_dags/example_xcomargs.py
[2025-03-17T14:28:48.895+0000] {processor.py:925} INFO - DAG(s) 'example_xcom_args_with_operators', 'example_xcom_args' retrieved from /home/airflow/.local/lib/python3.12/site-packages/airflow/example_dags/example_xcomargs.py
[2025-03-17T14:28:48.906+0000] {logging_mixin.py:190} INFO - [2025-03-17T14:28:48.906+0000] {dag.py:3239} INFO - Sync 2 DAGs
[2025-03-17T14:28:48.915+0000] {logging_mixin.py:190} INFO - [2025-03-17T14:28:48.915+0000] {dag.py:4180} INFO - Setting next_dagrun for example_xcom_args to None, run_after=None
[2025-03-17T14:28:48.917+0000] {logging_mixin.py:190} INFO - [2025-03-17T14:28:48.917+0000] {dag.py:4180} INFO - Setting next_dagrun for example_xcom_args_with_operators to None, run_after=None
[2025-03-17T14:28:48.926+0000] {processor.py:208} INFO - Processing /home/airflow/.local/lib/python3.12/site-packages/airflow/example_dags/example_xcomargs.py took 0.040 seconds
[2025-03-17T14:29:19.457+0000] {processor.py:186} INFO - Started process (PID=1433) to work on /home/airflow/.local/lib/python3.12/site-packages/airflow/example_dags/example_xcomargs.py
[2025-03-17T14:29:19.457+0000] {processor.py:914} INFO - Processing file /home/airflow/.local/lib/python3.12/site-packages/airflow/example_dags/example_xcomargs.py for tasks to queue
[2025-03-17T14:29:19.458+0000] {logging_mixin.py:190} INFO - [2025-03-17T14:29:19.458+0000] {dagbag.py:588} INFO - Filling up the DagBag from /home/airflow/.local/lib/python3.12/site-packages/airflow/example_dags/example_xcomargs.py
[2025-03-17T14:29:19.463+0000] {processor.py:925} INFO - DAG(s) 'example_xcom_args', 'example_xcom_args_with_operators' retrieved from /home/airflow/.local/lib/python3.12/site-packages/airflow/example_dags/example_xcomargs.py
[2025-03-17T14:29:19.474+0000] {logging_mixin.py:190} INFO - [2025-03-17T14:29:19.474+0000] {dag.py:3239} INFO - Sync 2 DAGs
[2025-03-17T14:29:19.481+0000] {logging_mixin.py:190} INFO - [2025-03-17T14:29:19.481+0000] {dag.py:4180} INFO - Setting next_dagrun for example_xcom_args to None, run_after=None
[2025-03-17T14:29:19.483+0000] {logging_mixin.py:190} INFO - [2025-03-17T14:29:19.483+0000] {dag.py:4180} INFO - Setting next_dagrun for example_xcom_args_with_operators to None, run_after=None
[2025-03-17T14:29:19.490+0000] {processor.py:208} INFO - Processing /home/airflow/.local/lib/python3.12/site-packages/airflow/example_dags/example_xcomargs.py took 0.036 seconds
[2025-03-17T14:29:50.390+0000] {processor.py:186} INFO - Started process (PID=1729) to work on /home/airflow/.local/lib/python3.12/site-packages/airflow/example_dags/example_xcomargs.py
[2025-03-17T14:29:50.390+0000] {processor.py:914} INFO - Processing file /home/airflow/.local/lib/python3.12/site-packages/airflow/example_dags/example_xcomargs.py for tasks to queue
[2025-03-17T14:29:50.391+0000] {logging_mixin.py:190} INFO - [2025-03-17T14:29:50.391+0000] {dagbag.py:588} INFO - Filling up the DagBag from /home/airflow/.local/lib/python3.12/site-packages/airflow/example_dags/example_xcomargs.py
[2025-03-17T14:29:50.396+0000] {processor.py:925} INFO - DAG(s) 'example_xcom_args_with_operators', 'example_xcom_args' retrieved from /home/airflow/.local/lib/python3.12/site-packages/airflow/example_dags/example_xcomargs.py
[2025-03-17T14:29:50.408+0000] {logging_mixin.py:190} INFO - [2025-03-17T14:29:50.408+0000] {dag.py:3239} INFO - Sync 2 DAGs
[2025-03-17T14:29:50.414+0000] {logging_mixin.py:190} INFO - [2025-03-17T14:29:50.414+0000] {dag.py:4180} INFO - Setting next_dagrun for example_xcom_args to None, run_after=None
[2025-03-17T14:29:50.416+0000] {logging_mixin.py:190} INFO - [2025-03-17T14:29:50.416+0000] {dag.py:4180} INFO - Setting next_dagrun for example_xcom_args_with_operators to None, run_after=None
[2025-03-17T14:29:50.423+0000] {processor.py:208} INFO - Processing /home/airflow/.local/lib/python3.12/site-packages/airflow/example_dags/example_xcomargs.py took 0.036 seconds
[2025-03-17T14:30:21.391+0000] {processor.py:186} INFO - Started process (PID=2025) to work on /home/airflow/.local/lib/python3.12/site-packages/airflow/example_dags/example_xcomargs.py
[2025-03-17T14:30:21.392+0000] {processor.py:914} INFO - Processing file /home/airflow/.local/lib/python3.12/site-packages/airflow/example_dags/example_xcomargs.py for tasks to queue
[2025-03-17T14:30:21.393+0000] {logging_mixin.py:190} INFO - [2025-03-17T14:30:21.393+0000] {dagbag.py:588} INFO - Filling up the DagBag from /home/airflow/.local/lib/python3.12/site-packages/airflow/example_dags/example_xcomargs.py
[2025-03-17T14:30:21.398+0000] {processor.py:925} INFO - DAG(s) 'example_xcom_args_with_operators', 'example_xcom_args' retrieved from /home/airflow/.local/lib/python3.12/site-packages/airflow/example_dags/example_xcomargs.py
[2025-03-17T14:30:21.411+0000] {logging_mixin.py:190} INFO - [2025-03-17T14:30:21.411+0000] {dag.py:3239} INFO - Sync 2 DAGs
[2025-03-17T14:30:21.419+0000] {logging_mixin.py:190} INFO - [2025-03-17T14:30:21.419+0000] {dag.py:4180} INFO - Setting next_dagrun for example_xcom_args to None, run_after=None
[2025-03-17T14:30:21.421+0000] {logging_mixin.py:190} INFO - [2025-03-17T14:30:21.421+0000] {dag.py:4180} INFO - Setting next_dagrun for example_xcom_args_with_operators to None, run_after=None
[2025-03-17T14:30:21.429+0000] {processor.py:208} INFO - Processing /home/airflow/.local/lib/python3.12/site-packages/airflow/example_dags/example_xcomargs.py took 0.040 seconds
[2025-03-17T14:30:52.184+0000] {processor.py:186} INFO - Started process (PID=2321) to work on /home/airflow/.local/lib/python3.12/site-packages/airflow/example_dags/example_xcomargs.py
[2025-03-17T14:30:52.185+0000] {processor.py:914} INFO - Processing file /home/airflow/.local/lib/python3.12/site-packages/airflow/example_dags/example_xcomargs.py for tasks to queue
[2025-03-17T14:30:52.186+0000] {logging_mixin.py:190} INFO - [2025-03-17T14:30:52.186+0000] {dagbag.py:588} INFO - Filling up the DagBag from /home/airflow/.local/lib/python3.12/site-packages/airflow/example_dags/example_xcomargs.py
[2025-03-17T14:30:52.191+0000] {processor.py:925} INFO - DAG(s) 'example_xcom_args_with_operators', 'example_xcom_args' retrieved from /home/airflow/.local/lib/python3.12/site-packages/airflow/example_dags/example_xcomargs.py
[2025-03-17T14:30:52.202+0000] {logging_mixin.py:190} INFO - [2025-03-17T14:30:52.202+0000] {dag.py:3239} INFO - Sync 2 DAGs
[2025-03-17T14:30:52.209+0000] {logging_mixin.py:190} INFO - [2025-03-17T14:30:52.209+0000] {dag.py:4180} INFO - Setting next_dagrun for example_xcom_args to None, run_after=None
[2025-03-17T14:30:52.212+0000] {logging_mixin.py:190} INFO - [2025-03-17T14:30:52.212+0000] {dag.py:4180} INFO - Setting next_dagrun for example_xcom_args_with_operators to None, run_after=None
[2025-03-17T14:30:52.218+0000] {processor.py:208} INFO - Processing /home/airflow/.local/lib/python3.12/site-packages/airflow/example_dags/example_xcomargs.py took 0.037 seconds
[2025-03-17T14:31:22.309+0000] {processor.py:186} INFO - Started process (PID=2617) to work on /home/airflow/.local/lib/python3.12/site-packages/airflow/example_dags/example_xcomargs.py
[2025-03-17T14:31:22.309+0000] {processor.py:914} INFO - Processing file /home/airflow/.local/lib/python3.12/site-packages/airflow/example_dags/example_xcomargs.py for tasks to queue
[2025-03-17T14:31:22.310+0000] {logging_mixin.py:190} INFO - [2025-03-17T14:31:22.310+0000] {dagbag.py:588} INFO - Filling up the DagBag from /home/airflow/.local/lib/python3.12/site-packages/airflow/example_dags/example_xcomargs.py
[2025-03-17T14:31:22.316+0000] {processor.py:925} INFO - DAG(s) 'example_xcom_args_with_operators', 'example_xcom_args' retrieved from /home/airflow/.local/lib/python3.12/site-packages/airflow/example_dags/example_xcomargs.py
[2025-03-17T14:31:22.327+0000] {logging_mixin.py:190} INFO - [2025-03-17T14:31:22.327+0000] {dag.py:3239} INFO - Sync 2 DAGs
[2025-03-17T14:31:22.334+0000] {logging_mixin.py:190} INFO - [2025-03-17T14:31:22.334+0000] {dag.py:4180} INFO - Setting next_dagrun for example_xcom_args to None, run_after=None
[2025-03-17T14:31:22.336+0000] {logging_mixin.py:190} INFO - [2025-03-17T14:31:22.336+0000] {dag.py:4180} INFO - Setting next_dagrun for example_xcom_args_with_operators to None, run_after=None
[2025-03-17T14:31:22.342+0000] {processor.py:208} INFO - Processing /home/airflow/.local/lib/python3.12/site-packages/airflow/example_dags/example_xcomargs.py took 0.036 seconds
[2025-03-17T14:31:52.408+0000] {processor.py:186} INFO - Started process (PID=2913) to work on /home/airflow/.local/lib/python3.12/site-packages/airflow/example_dags/example_xcomargs.py
[2025-03-17T14:31:52.408+0000] {processor.py:914} INFO - Processing file /home/airflow/.local/lib/python3.12/site-packages/airflow/example_dags/example_xcomargs.py for tasks to queue
[2025-03-17T14:31:52.409+0000] {logging_mixin.py:190} INFO - [2025-03-17T14:31:52.409+0000] {dagbag.py:588} INFO - Filling up the DagBag from /home/airflow/.local/lib/python3.12/site-packages/airflow/example_dags/example_xcomargs.py
[2025-03-17T14:31:52.415+0000] {processor.py:925} INFO - DAG(s) 'example_xcom_args_with_operators', 'example_xcom_args' retrieved from /home/airflow/.local/lib/python3.12/site-packages/airflow/example_dags/example_xcomargs.py
[2025-03-17T14:31:52.427+0000] {logging_mixin.py:190} INFO - [2025-03-17T14:31:52.426+0000] {dag.py:3239} INFO - Sync 2 DAGs
[2025-03-17T14:31:52.433+0000] {logging_mixin.py:190} INFO - [2025-03-17T14:31:52.433+0000] {dag.py:4180} INFO - Setting next_dagrun for example_xcom_args to None, run_after=None
[2025-03-17T14:31:52.435+0000] {logging_mixin.py:190} INFO - [2025-03-17T14:31:52.435+0000] {dag.py:4180} INFO - Setting next_dagrun for example_xcom_args_with_operators to None, run_after=None
[2025-03-17T14:31:52.442+0000] {processor.py:208} INFO - Processing /home/airflow/.local/lib/python3.12/site-packages/airflow/example_dags/example_xcomargs.py took 0.037 seconds
[2025-03-17T14:32:22.476+0000] {processor.py:186} INFO - Started process (PID=3209) to work on /home/airflow/.local/lib/python3.12/site-packages/airflow/example_dags/example_xcomargs.py
[2025-03-17T14:32:22.477+0000] {processor.py:914} INFO - Processing file /home/airflow/.local/lib/python3.12/site-packages/airflow/example_dags/example_xcomargs.py for tasks to queue
[2025-03-17T14:32:22.478+0000] {logging_mixin.py:190} INFO - [2025-03-17T14:32:22.477+0000] {dagbag.py:588} INFO - Filling up the DagBag from /home/airflow/.local/lib/python3.12/site-packages/airflow/example_dags/example_xcomargs.py
[2025-03-17T14:32:22.482+0000] {processor.py:925} INFO - DAG(s) 'example_xcom_args', 'example_xcom_args_with_operators' retrieved from /home/airflow/.local/lib/python3.12/site-packages/airflow/example_dags/example_xcomargs.py
[2025-03-17T14:32:22.494+0000] {logging_mixin.py:190} INFO - [2025-03-17T14:32:22.493+0000] {dag.py:3239} INFO - Sync 2 DAGs
[2025-03-17T14:32:22.500+0000] {logging_mixin.py:190} INFO - [2025-03-17T14:32:22.500+0000] {dag.py:4180} INFO - Setting next_dagrun for example_xcom_args to None, run_after=None
[2025-03-17T14:32:22.502+0000] {logging_mixin.py:190} INFO - [2025-03-17T14:32:22.502+0000] {dag.py:4180} INFO - Setting next_dagrun for example_xcom_args_with_operators to None, run_after=None
[2025-03-17T14:32:22.508+0000] {processor.py:208} INFO - Processing /home/airflow/.local/lib/python3.12/site-packages/airflow/example_dags/example_xcomargs.py took 0.035 seconds
[2025-03-17T14:32:52.894+0000] {processor.py:186} INFO - Started process (PID=3505) to work on /home/airflow/.local/lib/python3.12/site-packages/airflow/example_dags/example_xcomargs.py
[2025-03-17T14:32:52.895+0000] {processor.py:914} INFO - Processing file /home/airflow/.local/lib/python3.12/site-packages/airflow/example_dags/example_xcomargs.py for tasks to queue
[2025-03-17T14:32:52.896+0000] {logging_mixin.py:190} INFO - [2025-03-17T14:32:52.896+0000] {dagbag.py:588} INFO - Filling up the DagBag from /home/airflow/.local/lib/python3.12/site-packages/airflow/example_dags/example_xcomargs.py
[2025-03-17T14:32:52.901+0000] {processor.py:925} INFO - DAG(s) 'example_xcom_args_with_operators', 'example_xcom_args' retrieved from /home/airflow/.local/lib/python3.12/site-packages/airflow/example_dags/example_xcomargs.py
[2025-03-17T14:32:52.915+0000] {logging_mixin.py:190} INFO - [2025-03-17T14:32:52.915+0000] {dag.py:3239} INFO - Sync 2 DAGs
[2025-03-17T14:32:52.923+0000] {logging_mixin.py:190} INFO - [2025-03-17T14:32:52.923+0000] {dag.py:4180} INFO - Setting next_dagrun for example_xcom_args to None, run_after=None
[2025-03-17T14:32:52.925+0000] {logging_mixin.py:190} INFO - [2025-03-17T14:32:52.925+0000] {dag.py:4180} INFO - Setting next_dagrun for example_xcom_args_with_operators to None, run_after=None
[2025-03-17T14:32:52.931+0000] {processor.py:208} INFO - Processing /home/airflow/.local/lib/python3.12/site-packages/airflow/example_dags/example_xcomargs.py took 0.040 seconds
