[2025-03-17T13:55:42.616+0000] {processor.py:186} INFO - Started process (PID=399) to work on /home/airflow/.local/lib/python3.12/site-packages/airflow/example_dags/example_bash_operator.py
[2025-03-17T13:55:42.617+0000] {processor.py:914} INFO - Processing file /home/airflow/.local/lib/python3.12/site-packages/airflow/example_dags/example_bash_operator.py for tasks to queue
[2025-03-17T13:55:42.618+0000] {logging_mixin.py:190} INFO - [2025-03-17T13:55:42.617+0000] {dagbag.py:588} INFO - Filling up the DagBag from /home/airflow/.local/lib/python3.12/site-packages/airflow/example_dags/example_bash_operator.py
[2025-03-17T13:55:42.625+0000] {processor.py:925} INFO - DAG(s) 'example_bash_operator' retrieved from /home/airflow/.local/lib/python3.12/site-packages/airflow/example_dags/example_bash_operator.py
[2025-03-17T13:55:42.676+0000] {logging_mixin.py:190} INFO - [2025-03-17T13:55:42.675+0000] {override.py:1912} INFO - Created Permission View: can delete on DAG:example_bash_operator
[2025-03-17T13:55:42.679+0000] {logging_mixin.py:190} INFO - [2025-03-17T13:55:42.679+0000] {override.py:1912} INFO - Created Permission View: can edit on DAG:example_bash_operator
[2025-03-17T13:55:42.682+0000] {logging_mixin.py:190} INFO - [2025-03-17T13:55:42.682+0000] {override.py:1912} INFO - Created Permission View: can read on DAG:example_bash_operator
[2025-03-17T13:55:42.685+0000] {logging_mixin.py:190} INFO - [2025-03-17T13:55:42.685+0000] {override.py:1912} INFO - Created Permission View: menu access on DAG Run:example_bash_operator
[2025-03-17T13:55:42.687+0000] {logging_mixin.py:190} INFO - [2025-03-17T13:55:42.687+0000] {override.py:1912} INFO - Created Permission View: can delete on DAG Run:example_bash_operator
[2025-03-17T13:55:42.689+0000] {logging_mixin.py:190} INFO - [2025-03-17T13:55:42.689+0000] {override.py:1912} INFO - Created Permission View: can create on DAG Run:example_bash_operator
[2025-03-17T13:55:42.691+0000] {logging_mixin.py:190} INFO - [2025-03-17T13:55:42.691+0000] {override.py:1912} INFO - Created Permission View: can read on DAG Run:example_bash_operator
[2025-03-17T13:55:42.692+0000] {logging_mixin.py:190} INFO - [2025-03-17T13:55:42.691+0000] {dag.py:3239} INFO - Sync 1 DAGs
[2025-03-17T13:55:42.698+0000] {logging_mixin.py:190} INFO - [2025-03-17T13:55:42.698+0000] {dag.py:3262} INFO - Creating ORM DAG for example_bash_operator
[2025-03-17T13:55:42.703+0000] {logging_mixin.py:190} INFO - [2025-03-17T13:55:42.703+0000] {dag.py:4180} INFO - Setting next_dagrun for example_bash_operator to 2025-03-16 00:00:00+00:00, run_after=2025-03-17 00:00:00+00:00
[2025-03-17T13:55:42.711+0000] {processor.py:208} INFO - Processing /home/airflow/.local/lib/python3.12/site-packages/airflow/example_dags/example_bash_operator.py took 0.098 seconds
[2025-03-17T13:56:13.523+0000] {processor.py:186} INFO - Started process (PID=690) to work on /home/airflow/.local/lib/python3.12/site-packages/airflow/example_dags/example_bash_operator.py
[2025-03-17T13:56:13.523+0000] {processor.py:914} INFO - Processing file /home/airflow/.local/lib/python3.12/site-packages/airflow/example_dags/example_bash_operator.py for tasks to queue
[2025-03-17T13:56:13.524+0000] {logging_mixin.py:190} INFO - [2025-03-17T13:56:13.524+0000] {dagbag.py:588} INFO - Filling up the DagBag from /home/airflow/.local/lib/python3.12/site-packages/airflow/example_dags/example_bash_operator.py
[2025-03-17T13:56:13.531+0000] {processor.py:925} INFO - DAG(s) 'example_bash_operator' retrieved from /home/airflow/.local/lib/python3.12/site-packages/airflow/example_dags/example_bash_operator.py
[2025-03-17T13:56:13.543+0000] {logging_mixin.py:190} INFO - [2025-03-17T13:56:13.543+0000] {dag.py:3239} INFO - Sync 1 DAGs
[2025-03-17T13:56:13.556+0000] {logging_mixin.py:190} INFO - [2025-03-17T13:56:13.556+0000] {dag.py:4180} INFO - Setting next_dagrun for example_bash_operator to 2025-03-16 00:00:00+00:00, run_after=2025-03-17 00:00:00+00:00
[2025-03-17T13:56:13.563+0000] {processor.py:208} INFO - Processing /home/airflow/.local/lib/python3.12/site-packages/airflow/example_dags/example_bash_operator.py took 0.043 seconds
[2025-03-17T14:27:19.920+0000] {processor.py:186} INFO - Started process (PID=402) to work on /home/airflow/.local/lib/python3.12/site-packages/airflow/example_dags/example_bash_operator.py
[2025-03-17T14:27:19.920+0000] {processor.py:914} INFO - Processing file /home/airflow/.local/lib/python3.12/site-packages/airflow/example_dags/example_bash_operator.py for tasks to queue
[2025-03-17T14:27:19.921+0000] {logging_mixin.py:190} INFO - [2025-03-17T14:27:19.921+0000] {dagbag.py:588} INFO - Filling up the DagBag from /home/airflow/.local/lib/python3.12/site-packages/airflow/example_dags/example_bash_operator.py
[2025-03-17T14:27:19.929+0000] {processor.py:925} INFO - DAG(s) 'example_bash_operator' retrieved from /home/airflow/.local/lib/python3.12/site-packages/airflow/example_dags/example_bash_operator.py
[2025-03-17T14:27:19.985+0000] {logging_mixin.py:190} INFO - [2025-03-17T14:27:19.985+0000] {dag.py:3239} INFO - Sync 1 DAGs
[2025-03-17T14:27:19.997+0000] {logging_mixin.py:190} INFO - [2025-03-17T14:27:19.997+0000] {dag.py:4180} INFO - Setting next_dagrun for example_bash_operator to 2025-03-16 00:00:00+00:00, run_after=2025-03-17 00:00:00+00:00
[2025-03-17T14:27:20.007+0000] {processor.py:208} INFO - Processing /home/airflow/.local/lib/python3.12/site-packages/airflow/example_dags/example_bash_operator.py took 0.090 seconds
[2025-03-17T14:27:50.149+0000] {processor.py:186} INFO - Started process (PID=700) to work on /home/airflow/.local/lib/python3.12/site-packages/airflow/example_dags/example_bash_operator.py
[2025-03-17T14:27:50.149+0000] {processor.py:914} INFO - Processing file /home/airflow/.local/lib/python3.12/site-packages/airflow/example_dags/example_bash_operator.py for tasks to queue
[2025-03-17T14:27:50.150+0000] {logging_mixin.py:190} INFO - [2025-03-17T14:27:50.150+0000] {dagbag.py:588} INFO - Filling up the DagBag from /home/airflow/.local/lib/python3.12/site-packages/airflow/example_dags/example_bash_operator.py
[2025-03-17T14:27:50.157+0000] {processor.py:925} INFO - DAG(s) 'example_bash_operator' retrieved from /home/airflow/.local/lib/python3.12/site-packages/airflow/example_dags/example_bash_operator.py
[2025-03-17T14:27:50.170+0000] {logging_mixin.py:190} INFO - [2025-03-17T14:27:50.170+0000] {dag.py:3239} INFO - Sync 1 DAGs
[2025-03-17T14:27:50.182+0000] {logging_mixin.py:190} INFO - [2025-03-17T14:27:50.181+0000] {dag.py:4180} INFO - Setting next_dagrun for example_bash_operator to 2025-03-16 00:00:00+00:00, run_after=2025-03-17 00:00:00+00:00
[2025-03-17T14:27:50.189+0000] {processor.py:208} INFO - Processing /home/airflow/.local/lib/python3.12/site-packages/airflow/example_dags/example_bash_operator.py took 0.043 seconds
[2025-03-17T14:28:20.833+0000] {processor.py:186} INFO - Started process (PID=994) to work on /home/airflow/.local/lib/python3.12/site-packages/airflow/example_dags/example_bash_operator.py
[2025-03-17T14:28:20.833+0000] {processor.py:914} INFO - Processing file /home/airflow/.local/lib/python3.12/site-packages/airflow/example_dags/example_bash_operator.py for tasks to queue
[2025-03-17T14:28:20.834+0000] {logging_mixin.py:190} INFO - [2025-03-17T14:28:20.834+0000] {dagbag.py:588} INFO - Filling up the DagBag from /home/airflow/.local/lib/python3.12/site-packages/airflow/example_dags/example_bash_operator.py
[2025-03-17T14:28:20.840+0000] {processor.py:925} INFO - DAG(s) 'example_bash_operator' retrieved from /home/airflow/.local/lib/python3.12/site-packages/airflow/example_dags/example_bash_operator.py
[2025-03-17T14:28:20.853+0000] {logging_mixin.py:190} INFO - [2025-03-17T14:28:20.853+0000] {dag.py:3239} INFO - Sync 1 DAGs
[2025-03-17T14:28:20.864+0000] {logging_mixin.py:190} INFO - [2025-03-17T14:28:20.864+0000] {dag.py:4180} INFO - Setting next_dagrun for example_bash_operator to 2025-03-16 00:00:00+00:00, run_after=2025-03-17 00:00:00+00:00
[2025-03-17T14:28:20.872+0000] {processor.py:208} INFO - Processing /home/airflow/.local/lib/python3.12/site-packages/airflow/example_dags/example_bash_operator.py took 0.043 seconds
[2025-03-17T14:28:51.388+0000] {processor.py:186} INFO - Started process (PID=1292) to work on /home/airflow/.local/lib/python3.12/site-packages/airflow/example_dags/example_bash_operator.py
[2025-03-17T14:28:51.389+0000] {processor.py:914} INFO - Processing file /home/airflow/.local/lib/python3.12/site-packages/airflow/example_dags/example_bash_operator.py for tasks to queue
[2025-03-17T14:28:51.391+0000] {logging_mixin.py:190} INFO - [2025-03-17T14:28:51.391+0000] {dagbag.py:588} INFO - Filling up the DagBag from /home/airflow/.local/lib/python3.12/site-packages/airflow/example_dags/example_bash_operator.py
[2025-03-17T14:28:51.397+0000] {processor.py:925} INFO - DAG(s) 'example_bash_operator' retrieved from /home/airflow/.local/lib/python3.12/site-packages/airflow/example_dags/example_bash_operator.py
[2025-03-17T14:28:51.410+0000] {logging_mixin.py:190} INFO - [2025-03-17T14:28:51.410+0000] {dag.py:3239} INFO - Sync 1 DAGs
[2025-03-17T14:28:51.421+0000] {logging_mixin.py:190} INFO - [2025-03-17T14:28:51.421+0000] {dag.py:4180} INFO - Setting next_dagrun for example_bash_operator to 2025-03-16 00:00:00+00:00, run_after=2025-03-17 00:00:00+00:00
[2025-03-17T14:28:51.428+0000] {processor.py:208} INFO - Processing /home/airflow/.local/lib/python3.12/site-packages/airflow/example_dags/example_bash_operator.py took 0.043 seconds
[2025-03-17T14:29:22.267+0000] {processor.py:186} INFO - Started process (PID=1588) to work on /home/airflow/.local/lib/python3.12/site-packages/airflow/example_dags/example_bash_operator.py
[2025-03-17T14:29:22.268+0000] {processor.py:914} INFO - Processing file /home/airflow/.local/lib/python3.12/site-packages/airflow/example_dags/example_bash_operator.py for tasks to queue
[2025-03-17T14:29:22.269+0000] {logging_mixin.py:190} INFO - [2025-03-17T14:29:22.269+0000] {dagbag.py:588} INFO - Filling up the DagBag from /home/airflow/.local/lib/python3.12/site-packages/airflow/example_dags/example_bash_operator.py
[2025-03-17T14:29:22.276+0000] {processor.py:925} INFO - DAG(s) 'example_bash_operator' retrieved from /home/airflow/.local/lib/python3.12/site-packages/airflow/example_dags/example_bash_operator.py
[2025-03-17T14:29:22.290+0000] {logging_mixin.py:190} INFO - [2025-03-17T14:29:22.290+0000] {dag.py:3239} INFO - Sync 1 DAGs
[2025-03-17T14:29:22.302+0000] {logging_mixin.py:190} INFO - [2025-03-17T14:29:22.301+0000] {dag.py:4180} INFO - Setting next_dagrun for example_bash_operator to 2025-03-16 00:00:00+00:00, run_after=2025-03-17 00:00:00+00:00
[2025-03-17T14:29:22.308+0000] {processor.py:208} INFO - Processing /home/airflow/.local/lib/python3.12/site-packages/airflow/example_dags/example_bash_operator.py took 0.044 seconds
[2025-03-17T14:29:53.251+0000] {processor.py:186} INFO - Started process (PID=1882) to work on /home/airflow/.local/lib/python3.12/site-packages/airflow/example_dags/example_bash_operator.py
[2025-03-17T14:29:53.252+0000] {processor.py:914} INFO - Processing file /home/airflow/.local/lib/python3.12/site-packages/airflow/example_dags/example_bash_operator.py for tasks to queue
[2025-03-17T14:29:53.252+0000] {logging_mixin.py:190} INFO - [2025-03-17T14:29:53.252+0000] {dagbag.py:588} INFO - Filling up the DagBag from /home/airflow/.local/lib/python3.12/site-packages/airflow/example_dags/example_bash_operator.py
[2025-03-17T14:29:53.259+0000] {processor.py:925} INFO - DAG(s) 'example_bash_operator' retrieved from /home/airflow/.local/lib/python3.12/site-packages/airflow/example_dags/example_bash_operator.py
[2025-03-17T14:29:53.273+0000] {logging_mixin.py:190} INFO - [2025-03-17T14:29:53.273+0000] {dag.py:3239} INFO - Sync 1 DAGs
[2025-03-17T14:29:53.285+0000] {logging_mixin.py:190} INFO - [2025-03-17T14:29:53.284+0000] {dag.py:4180} INFO - Setting next_dagrun for example_bash_operator to 2025-03-16 00:00:00+00:00, run_after=2025-03-17 00:00:00+00:00
[2025-03-17T14:29:53.292+0000] {processor.py:208} INFO - Processing /home/airflow/.local/lib/python3.12/site-packages/airflow/example_dags/example_bash_operator.py took 0.044 seconds
[2025-03-17T14:30:24.100+0000] {processor.py:186} INFO - Started process (PID=2180) to work on /home/airflow/.local/lib/python3.12/site-packages/airflow/example_dags/example_bash_operator.py
[2025-03-17T14:30:24.100+0000] {processor.py:914} INFO - Processing file /home/airflow/.local/lib/python3.12/site-packages/airflow/example_dags/example_bash_operator.py for tasks to queue
[2025-03-17T14:30:24.101+0000] {logging_mixin.py:190} INFO - [2025-03-17T14:30:24.101+0000] {dagbag.py:588} INFO - Filling up the DagBag from /home/airflow/.local/lib/python3.12/site-packages/airflow/example_dags/example_bash_operator.py
[2025-03-17T14:30:24.107+0000] {processor.py:925} INFO - DAG(s) 'example_bash_operator' retrieved from /home/airflow/.local/lib/python3.12/site-packages/airflow/example_dags/example_bash_operator.py
[2025-03-17T14:30:24.120+0000] {logging_mixin.py:190} INFO - [2025-03-17T14:30:24.120+0000] {dag.py:3239} INFO - Sync 1 DAGs
[2025-03-17T14:30:24.131+0000] {logging_mixin.py:190} INFO - [2025-03-17T14:30:24.131+0000] {dag.py:4180} INFO - Setting next_dagrun for example_bash_operator to 2025-03-16 00:00:00+00:00, run_after=2025-03-17 00:00:00+00:00
[2025-03-17T14:30:24.139+0000] {processor.py:208} INFO - Processing /home/airflow/.local/lib/python3.12/site-packages/airflow/example_dags/example_bash_operator.py took 0.042 seconds
[2025-03-17T14:30:55.136+0000] {processor.py:186} INFO - Started process (PID=2474) to work on /home/airflow/.local/lib/python3.12/site-packages/airflow/example_dags/example_bash_operator.py
[2025-03-17T14:30:55.136+0000] {processor.py:914} INFO - Processing file /home/airflow/.local/lib/python3.12/site-packages/airflow/example_dags/example_bash_operator.py for tasks to queue
[2025-03-17T14:30:55.137+0000] {logging_mixin.py:190} INFO - [2025-03-17T14:30:55.137+0000] {dagbag.py:588} INFO - Filling up the DagBag from /home/airflow/.local/lib/python3.12/site-packages/airflow/example_dags/example_bash_operator.py
[2025-03-17T14:30:55.143+0000] {processor.py:925} INFO - DAG(s) 'example_bash_operator' retrieved from /home/airflow/.local/lib/python3.12/site-packages/airflow/example_dags/example_bash_operator.py
[2025-03-17T14:30:55.155+0000] {logging_mixin.py:190} INFO - [2025-03-17T14:30:55.155+0000] {dag.py:3239} INFO - Sync 1 DAGs
[2025-03-17T14:30:55.167+0000] {logging_mixin.py:190} INFO - [2025-03-17T14:30:55.167+0000] {dag.py:4180} INFO - Setting next_dagrun for example_bash_operator to 2025-03-16 00:00:00+00:00, run_after=2025-03-17 00:00:00+00:00
[2025-03-17T14:30:55.175+0000] {processor.py:208} INFO - Processing /home/airflow/.local/lib/python3.12/site-packages/airflow/example_dags/example_bash_operator.py took 0.042 seconds
[2025-03-17T14:31:26.223+0000] {processor.py:186} INFO - Started process (PID=2770) to work on /home/airflow/.local/lib/python3.12/site-packages/airflow/example_dags/example_bash_operator.py
[2025-03-17T14:31:26.223+0000] {processor.py:914} INFO - Processing file /home/airflow/.local/lib/python3.12/site-packages/airflow/example_dags/example_bash_operator.py for tasks to queue
[2025-03-17T14:31:26.225+0000] {logging_mixin.py:190} INFO - [2025-03-17T14:31:26.224+0000] {dagbag.py:588} INFO - Filling up the DagBag from /home/airflow/.local/lib/python3.12/site-packages/airflow/example_dags/example_bash_operator.py
[2025-03-17T14:31:26.231+0000] {processor.py:925} INFO - DAG(s) 'example_bash_operator' retrieved from /home/airflow/.local/lib/python3.12/site-packages/airflow/example_dags/example_bash_operator.py
[2025-03-17T14:31:26.244+0000] {logging_mixin.py:190} INFO - [2025-03-17T14:31:26.244+0000] {dag.py:3239} INFO - Sync 1 DAGs
[2025-03-17T14:31:26.255+0000] {logging_mixin.py:190} INFO - [2025-03-17T14:31:26.255+0000] {dag.py:4180} INFO - Setting next_dagrun for example_bash_operator to 2025-03-16 00:00:00+00:00, run_after=2025-03-17 00:00:00+00:00
[2025-03-17T14:31:26.264+0000] {processor.py:208} INFO - Processing /home/airflow/.local/lib/python3.12/site-packages/airflow/example_dags/example_bash_operator.py took 0.044 seconds
[2025-03-17T14:31:57.423+0000] {processor.py:186} INFO - Started process (PID=3068) to work on /home/airflow/.local/lib/python3.12/site-packages/airflow/example_dags/example_bash_operator.py
[2025-03-17T14:31:57.423+0000] {processor.py:914} INFO - Processing file /home/airflow/.local/lib/python3.12/site-packages/airflow/example_dags/example_bash_operator.py for tasks to queue
[2025-03-17T14:31:57.424+0000] {logging_mixin.py:190} INFO - [2025-03-17T14:31:57.424+0000] {dagbag.py:588} INFO - Filling up the DagBag from /home/airflow/.local/lib/python3.12/site-packages/airflow/example_dags/example_bash_operator.py
[2025-03-17T14:31:57.431+0000] {processor.py:925} INFO - DAG(s) 'example_bash_operator' retrieved from /home/airflow/.local/lib/python3.12/site-packages/airflow/example_dags/example_bash_operator.py
[2025-03-17T14:31:57.445+0000] {logging_mixin.py:190} INFO - [2025-03-17T14:31:57.445+0000] {dag.py:3239} INFO - Sync 1 DAGs
[2025-03-17T14:31:57.456+0000] {logging_mixin.py:190} INFO - [2025-03-17T14:31:57.456+0000] {dag.py:4180} INFO - Setting next_dagrun for example_bash_operator to 2025-03-16 00:00:00+00:00, run_after=2025-03-17 00:00:00+00:00
[2025-03-17T14:31:57.463+0000] {processor.py:208} INFO - Processing /home/airflow/.local/lib/python3.12/site-packages/airflow/example_dags/example_bash_operator.py took 0.044 seconds
[2025-03-17T14:32:27.788+0000] {processor.py:186} INFO - Started process (PID=3362) to work on /home/airflow/.local/lib/python3.12/site-packages/airflow/example_dags/example_bash_operator.py
[2025-03-17T14:32:27.789+0000] {processor.py:914} INFO - Processing file /home/airflow/.local/lib/python3.12/site-packages/airflow/example_dags/example_bash_operator.py for tasks to queue
[2025-03-17T14:32:27.790+0000] {logging_mixin.py:190} INFO - [2025-03-17T14:32:27.789+0000] {dagbag.py:588} INFO - Filling up the DagBag from /home/airflow/.local/lib/python3.12/site-packages/airflow/example_dags/example_bash_operator.py
[2025-03-17T14:32:27.796+0000] {processor.py:925} INFO - DAG(s) 'example_bash_operator' retrieved from /home/airflow/.local/lib/python3.12/site-packages/airflow/example_dags/example_bash_operator.py
[2025-03-17T14:32:27.809+0000] {logging_mixin.py:190} INFO - [2025-03-17T14:32:27.809+0000] {dag.py:3239} INFO - Sync 1 DAGs
[2025-03-17T14:32:27.822+0000] {logging_mixin.py:190} INFO - [2025-03-17T14:32:27.821+0000] {dag.py:4180} INFO - Setting next_dagrun for example_bash_operator to 2025-03-16 00:00:00+00:00, run_after=2025-03-17 00:00:00+00:00
[2025-03-17T14:32:27.829+0000] {processor.py:208} INFO - Processing /home/airflow/.local/lib/python3.12/site-packages/airflow/example_dags/example_bash_operator.py took 0.044 seconds
[2025-03-17T14:32:58.597+0000] {processor.py:186} INFO - Started process (PID=3660) to work on /home/airflow/.local/lib/python3.12/site-packages/airflow/example_dags/example_bash_operator.py
[2025-03-17T14:32:58.598+0000] {processor.py:914} INFO - Processing file /home/airflow/.local/lib/python3.12/site-packages/airflow/example_dags/example_bash_operator.py for tasks to queue
[2025-03-17T14:32:58.599+0000] {logging_mixin.py:190} INFO - [2025-03-17T14:32:58.599+0000] {dagbag.py:588} INFO - Filling up the DagBag from /home/airflow/.local/lib/python3.12/site-packages/airflow/example_dags/example_bash_operator.py
[2025-03-17T14:32:58.605+0000] {processor.py:925} INFO - DAG(s) 'example_bash_operator' retrieved from /home/airflow/.local/lib/python3.12/site-packages/airflow/example_dags/example_bash_operator.py
[2025-03-17T14:32:58.618+0000] {logging_mixin.py:190} INFO - [2025-03-17T14:32:58.618+0000] {dag.py:3239} INFO - Sync 1 DAGs
[2025-03-17T14:32:58.630+0000] {logging_mixin.py:190} INFO - [2025-03-17T14:32:58.630+0000] {dag.py:4180} INFO - Setting next_dagrun for example_bash_operator to 2025-03-16 00:00:00+00:00, run_after=2025-03-17 00:00:00+00:00
[2025-03-17T14:32:58.638+0000] {processor.py:208} INFO - Processing /home/airflow/.local/lib/python3.12/site-packages/airflow/example_dags/example_bash_operator.py took 0.043 seconds
