[2025-03-17T13:55:40.169+0000] {processor.py:186} INFO - Started process (PID=277) to work on /home/airflow/.local/lib/python3.12/site-packages/airflow/example_dags/example_xcom.py
[2025-03-17T13:55:40.170+0000] {processor.py:914} INFO - Processing file /home/airflow/.local/lib/python3.12/site-packages/airflow/example_dags/example_xcom.py for tasks to queue
[2025-03-17T13:55:40.171+0000] {logging_mixin.py:190} INFO - [2025-03-17T13:55:40.171+0000] {dagbag.py:588} INFO - Filling up the DagBag from /home/airflow/.local/lib/python3.12/site-packages/airflow/example_dags/example_xcom.py
[2025-03-17T13:55:40.177+0000] {processor.py:925} INFO - DAG(s) 'example_xcom' retrieved from /home/airflow/.local/lib/python3.12/site-packages/airflow/example_dags/example_xcom.py
[2025-03-17T13:55:40.232+0000] {logging_mixin.py:190} INFO - [2025-03-17T13:55:40.232+0000] {override.py:1912} INFO - Created Permission View: can delete on DAG:example_xcom
[2025-03-17T13:55:40.236+0000] {logging_mixin.py:190} INFO - [2025-03-17T13:55:40.236+0000] {override.py:1912} INFO - Created Permission View: can edit on DAG:example_xcom
[2025-03-17T13:55:40.238+0000] {logging_mixin.py:190} INFO - [2025-03-17T13:55:40.238+0000] {override.py:1912} INFO - Created Permission View: can read on DAG:example_xcom
[2025-03-17T13:55:40.240+0000] {logging_mixin.py:190} INFO - [2025-03-17T13:55:40.240+0000] {override.py:1912} INFO - Created Permission View: menu access on DAG Run:example_xcom
[2025-03-17T13:55:40.242+0000] {logging_mixin.py:190} INFO - [2025-03-17T13:55:40.242+0000] {override.py:1912} INFO - Created Permission View: can delete on DAG Run:example_xcom
[2025-03-17T13:55:40.245+0000] {logging_mixin.py:190} INFO - [2025-03-17T13:55:40.245+0000] {override.py:1912} INFO - Created Permission View: can create on DAG Run:example_xcom
[2025-03-17T13:55:40.247+0000] {logging_mixin.py:190} INFO - [2025-03-17T13:55:40.247+0000] {override.py:1912} INFO - Created Permission View: can read on DAG Run:example_xcom
[2025-03-17T13:55:40.247+0000] {logging_mixin.py:190} INFO - [2025-03-17T13:55:40.247+0000] {dag.py:3239} INFO - Sync 1 DAGs
[2025-03-17T13:55:40.255+0000] {logging_mixin.py:190} INFO - [2025-03-17T13:55:40.255+0000] {dag.py:3262} INFO - Creating ORM DAG for example_xcom
[2025-03-17T13:55:40.260+0000] {logging_mixin.py:190} INFO - [2025-03-17T13:55:40.259+0000] {dag.py:4180} INFO - Setting next_dagrun for example_xcom to 2021-01-01 00:00:00+00:00, run_after=2021-01-01 00:00:00+00:00
[2025-03-17T13:55:40.267+0000] {processor.py:208} INFO - Processing /home/airflow/.local/lib/python3.12/site-packages/airflow/example_dags/example_xcom.py took 0.100 seconds
[2025-03-17T13:56:11.209+0000] {processor.py:186} INFO - Started process (PID=568) to work on /home/airflow/.local/lib/python3.12/site-packages/airflow/example_dags/example_xcom.py
[2025-03-17T13:56:11.209+0000] {processor.py:914} INFO - Processing file /home/airflow/.local/lib/python3.12/site-packages/airflow/example_dags/example_xcom.py for tasks to queue
[2025-03-17T13:56:11.210+0000] {logging_mixin.py:190} INFO - [2025-03-17T13:56:11.210+0000] {dagbag.py:588} INFO - Filling up the DagBag from /home/airflow/.local/lib/python3.12/site-packages/airflow/example_dags/example_xcom.py
[2025-03-17T13:56:11.215+0000] {processor.py:925} INFO - DAG(s) 'example_xcom' retrieved from /home/airflow/.local/lib/python3.12/site-packages/airflow/example_dags/example_xcom.py
[2025-03-17T13:56:11.227+0000] {logging_mixin.py:190} INFO - [2025-03-17T13:56:11.227+0000] {dag.py:3239} INFO - Sync 1 DAGs
[2025-03-17T13:56:11.238+0000] {logging_mixin.py:190} INFO - [2025-03-17T13:56:11.238+0000] {dag.py:4180} INFO - Setting next_dagrun for example_xcom to 2021-01-01 00:00:00+00:00, run_after=2021-01-01 00:00:00+00:00
[2025-03-17T13:56:11.245+0000] {processor.py:208} INFO - Processing /home/airflow/.local/lib/python3.12/site-packages/airflow/example_dags/example_xcom.py took 0.039 seconds
[2025-03-17T14:27:17.702+0000] {processor.py:186} INFO - Started process (PID=282) to work on /home/airflow/.local/lib/python3.12/site-packages/airflow/example_dags/example_xcom.py
[2025-03-17T14:27:17.702+0000] {processor.py:914} INFO - Processing file /home/airflow/.local/lib/python3.12/site-packages/airflow/example_dags/example_xcom.py for tasks to queue
[2025-03-17T14:27:17.703+0000] {logging_mixin.py:190} INFO - [2025-03-17T14:27:17.703+0000] {dagbag.py:588} INFO - Filling up the DagBag from /home/airflow/.local/lib/python3.12/site-packages/airflow/example_dags/example_xcom.py
[2025-03-17T14:27:17.708+0000] {processor.py:925} INFO - DAG(s) 'example_xcom' retrieved from /home/airflow/.local/lib/python3.12/site-packages/airflow/example_dags/example_xcom.py
[2025-03-17T14:27:17.766+0000] {logging_mixin.py:190} INFO - [2025-03-17T14:27:17.766+0000] {dag.py:3239} INFO - Sync 1 DAGs
[2025-03-17T14:27:17.775+0000] {logging_mixin.py:190} INFO - [2025-03-17T14:27:17.775+0000] {dag.py:4180} INFO - Setting next_dagrun for example_xcom to 2021-01-01 00:00:00+00:00, run_after=2021-01-01 00:00:00+00:00
[2025-03-17T14:27:17.784+0000] {processor.py:208} INFO - Processing /home/airflow/.local/lib/python3.12/site-packages/airflow/example_dags/example_xcom.py took 0.085 seconds
[2025-03-17T14:27:48.612+0000] {processor.py:186} INFO - Started process (PID=578) to work on /home/airflow/.local/lib/python3.12/site-packages/airflow/example_dags/example_xcom.py
[2025-03-17T14:27:48.613+0000] {processor.py:914} INFO - Processing file /home/airflow/.local/lib/python3.12/site-packages/airflow/example_dags/example_xcom.py for tasks to queue
[2025-03-17T14:27:48.614+0000] {logging_mixin.py:190} INFO - [2025-03-17T14:27:48.614+0000] {dagbag.py:588} INFO - Filling up the DagBag from /home/airflow/.local/lib/python3.12/site-packages/airflow/example_dags/example_xcom.py
[2025-03-17T14:27:48.619+0000] {processor.py:925} INFO - DAG(s) 'example_xcom' retrieved from /home/airflow/.local/lib/python3.12/site-packages/airflow/example_dags/example_xcom.py
[2025-03-17T14:27:48.630+0000] {logging_mixin.py:190} INFO - [2025-03-17T14:27:48.630+0000] {dag.py:3239} INFO - Sync 1 DAGs
[2025-03-17T14:27:48.643+0000] {logging_mixin.py:190} INFO - [2025-03-17T14:27:48.643+0000] {dag.py:4180} INFO - Setting next_dagrun for example_xcom to 2021-01-01 00:00:00+00:00, run_after=2021-01-01 00:00:00+00:00
[2025-03-17T14:27:48.652+0000] {processor.py:208} INFO - Processing /home/airflow/.local/lib/python3.12/site-packages/airflow/example_dags/example_xcom.py took 0.043 seconds
[2025-03-17T14:28:19.619+0000] {processor.py:186} INFO - Started process (PID=874) to work on /home/airflow/.local/lib/python3.12/site-packages/airflow/example_dags/example_xcom.py
[2025-03-17T14:28:19.619+0000] {processor.py:914} INFO - Processing file /home/airflow/.local/lib/python3.12/site-packages/airflow/example_dags/example_xcom.py for tasks to queue
[2025-03-17T14:28:19.620+0000] {logging_mixin.py:190} INFO - [2025-03-17T14:28:19.620+0000] {dagbag.py:588} INFO - Filling up the DagBag from /home/airflow/.local/lib/python3.12/site-packages/airflow/example_dags/example_xcom.py
[2025-03-17T14:28:19.625+0000] {processor.py:925} INFO - DAG(s) 'example_xcom' retrieved from /home/airflow/.local/lib/python3.12/site-packages/airflow/example_dags/example_xcom.py
[2025-03-17T14:28:19.637+0000] {logging_mixin.py:190} INFO - [2025-03-17T14:28:19.637+0000] {dag.py:3239} INFO - Sync 1 DAGs
[2025-03-17T14:28:19.647+0000] {logging_mixin.py:190} INFO - [2025-03-17T14:28:19.647+0000] {dag.py:4180} INFO - Setting next_dagrun for example_xcom to 2021-01-01 00:00:00+00:00, run_after=2021-01-01 00:00:00+00:00
[2025-03-17T14:28:19.654+0000] {processor.py:208} INFO - Processing /home/airflow/.local/lib/python3.12/site-packages/airflow/example_dags/example_xcom.py took 0.038 seconds
[2025-03-17T14:28:50.140+0000] {processor.py:186} INFO - Started process (PID=1170) to work on /home/airflow/.local/lib/python3.12/site-packages/airflow/example_dags/example_xcom.py
[2025-03-17T14:28:50.140+0000] {processor.py:914} INFO - Processing file /home/airflow/.local/lib/python3.12/site-packages/airflow/example_dags/example_xcom.py for tasks to queue
[2025-03-17T14:28:50.142+0000] {logging_mixin.py:190} INFO - [2025-03-17T14:28:50.142+0000] {dagbag.py:588} INFO - Filling up the DagBag from /home/airflow/.local/lib/python3.12/site-packages/airflow/example_dags/example_xcom.py
[2025-03-17T14:28:50.146+0000] {processor.py:925} INFO - DAG(s) 'example_xcom' retrieved from /home/airflow/.local/lib/python3.12/site-packages/airflow/example_dags/example_xcom.py
[2025-03-17T14:28:50.159+0000] {logging_mixin.py:190} INFO - [2025-03-17T14:28:50.158+0000] {dag.py:3239} INFO - Sync 1 DAGs
[2025-03-17T14:28:50.171+0000] {logging_mixin.py:190} INFO - [2025-03-17T14:28:50.170+0000] {dag.py:4180} INFO - Setting next_dagrun for example_xcom to 2021-01-01 00:00:00+00:00, run_after=2021-01-01 00:00:00+00:00
[2025-03-17T14:28:50.178+0000] {processor.py:208} INFO - Processing /home/airflow/.local/lib/python3.12/site-packages/airflow/example_dags/example_xcom.py took 0.041 seconds
[2025-03-17T14:29:20.710+0000] {processor.py:186} INFO - Started process (PID=1466) to work on /home/airflow/.local/lib/python3.12/site-packages/airflow/example_dags/example_xcom.py
[2025-03-17T14:29:20.710+0000] {processor.py:914} INFO - Processing file /home/airflow/.local/lib/python3.12/site-packages/airflow/example_dags/example_xcom.py for tasks to queue
[2025-03-17T14:29:20.712+0000] {logging_mixin.py:190} INFO - [2025-03-17T14:29:20.711+0000] {dagbag.py:588} INFO - Filling up the DagBag from /home/airflow/.local/lib/python3.12/site-packages/airflow/example_dags/example_xcom.py
[2025-03-17T14:29:20.716+0000] {processor.py:925} INFO - DAG(s) 'example_xcom' retrieved from /home/airflow/.local/lib/python3.12/site-packages/airflow/example_dags/example_xcom.py
[2025-03-17T14:29:20.728+0000] {logging_mixin.py:190} INFO - [2025-03-17T14:29:20.728+0000] {dag.py:3239} INFO - Sync 1 DAGs
[2025-03-17T14:29:20.740+0000] {logging_mixin.py:190} INFO - [2025-03-17T14:29:20.740+0000] {dag.py:4180} INFO - Setting next_dagrun for example_xcom to 2021-01-01 00:00:00+00:00, run_after=2021-01-01 00:00:00+00:00
[2025-03-17T14:29:20.748+0000] {processor.py:208} INFO - Processing /home/airflow/.local/lib/python3.12/site-packages/airflow/example_dags/example_xcom.py took 0.041 seconds
[2025-03-17T14:29:51.639+0000] {processor.py:186} INFO - Started process (PID=1762) to work on /home/airflow/.local/lib/python3.12/site-packages/airflow/example_dags/example_xcom.py
[2025-03-17T14:29:51.639+0000] {processor.py:914} INFO - Processing file /home/airflow/.local/lib/python3.12/site-packages/airflow/example_dags/example_xcom.py for tasks to queue
[2025-03-17T14:29:51.640+0000] {logging_mixin.py:190} INFO - [2025-03-17T14:29:51.640+0000] {dagbag.py:588} INFO - Filling up the DagBag from /home/airflow/.local/lib/python3.12/site-packages/airflow/example_dags/example_xcom.py
[2025-03-17T14:29:51.645+0000] {processor.py:925} INFO - DAG(s) 'example_xcom' retrieved from /home/airflow/.local/lib/python3.12/site-packages/airflow/example_dags/example_xcom.py
[2025-03-17T14:29:51.655+0000] {logging_mixin.py:190} INFO - [2025-03-17T14:29:51.655+0000] {dag.py:3239} INFO - Sync 1 DAGs
[2025-03-17T14:29:51.667+0000] {logging_mixin.py:190} INFO - [2025-03-17T14:29:51.666+0000] {dag.py:4180} INFO - Setting next_dagrun for example_xcom to 2021-01-01 00:00:00+00:00, run_after=2021-01-01 00:00:00+00:00
[2025-03-17T14:29:51.674+0000] {processor.py:208} INFO - Processing /home/airflow/.local/lib/python3.12/site-packages/airflow/example_dags/example_xcom.py took 0.038 seconds
[2025-03-17T14:30:22.699+0000] {processor.py:186} INFO - Started process (PID=2058) to work on /home/airflow/.local/lib/python3.12/site-packages/airflow/example_dags/example_xcom.py
[2025-03-17T14:30:22.699+0000] {processor.py:914} INFO - Processing file /home/airflow/.local/lib/python3.12/site-packages/airflow/example_dags/example_xcom.py for tasks to queue
[2025-03-17T14:30:22.700+0000] {logging_mixin.py:190} INFO - [2025-03-17T14:30:22.700+0000] {dagbag.py:588} INFO - Filling up the DagBag from /home/airflow/.local/lib/python3.12/site-packages/airflow/example_dags/example_xcom.py
[2025-03-17T14:30:22.705+0000] {processor.py:925} INFO - DAG(s) 'example_xcom' retrieved from /home/airflow/.local/lib/python3.12/site-packages/airflow/example_dags/example_xcom.py
[2025-03-17T14:30:22.716+0000] {logging_mixin.py:190} INFO - [2025-03-17T14:30:22.715+0000] {dag.py:3239} INFO - Sync 1 DAGs
[2025-03-17T14:30:22.728+0000] {logging_mixin.py:190} INFO - [2025-03-17T14:30:22.728+0000] {dag.py:4180} INFO - Setting next_dagrun for example_xcom to 2021-01-01 00:00:00+00:00, run_after=2021-01-01 00:00:00+00:00
[2025-03-17T14:30:22.736+0000] {processor.py:208} INFO - Processing /home/airflow/.local/lib/python3.12/site-packages/airflow/example_dags/example_xcom.py took 0.040 seconds
[2025-03-17T14:30:53.486+0000] {processor.py:186} INFO - Started process (PID=2354) to work on /home/airflow/.local/lib/python3.12/site-packages/airflow/example_dags/example_xcom.py
[2025-03-17T14:30:53.487+0000] {processor.py:914} INFO - Processing file /home/airflow/.local/lib/python3.12/site-packages/airflow/example_dags/example_xcom.py for tasks to queue
[2025-03-17T14:30:53.488+0000] {logging_mixin.py:190} INFO - [2025-03-17T14:30:53.488+0000] {dagbag.py:588} INFO - Filling up the DagBag from /home/airflow/.local/lib/python3.12/site-packages/airflow/example_dags/example_xcom.py
[2025-03-17T14:30:53.493+0000] {processor.py:925} INFO - DAG(s) 'example_xcom' retrieved from /home/airflow/.local/lib/python3.12/site-packages/airflow/example_dags/example_xcom.py
[2025-03-17T14:30:53.505+0000] {logging_mixin.py:190} INFO - [2025-03-17T14:30:53.505+0000] {dag.py:3239} INFO - Sync 1 DAGs
[2025-03-17T14:30:53.517+0000] {logging_mixin.py:190} INFO - [2025-03-17T14:30:53.517+0000] {dag.py:4180} INFO - Setting next_dagrun for example_xcom to 2021-01-01 00:00:00+00:00, run_after=2021-01-01 00:00:00+00:00
[2025-03-17T14:30:53.525+0000] {processor.py:208} INFO - Processing /home/airflow/.local/lib/python3.12/site-packages/airflow/example_dags/example_xcom.py took 0.041 seconds
[2025-03-17T14:31:23.550+0000] {processor.py:186} INFO - Started process (PID=2647) to work on /home/airflow/.local/lib/python3.12/site-packages/airflow/example_dags/example_xcom.py
[2025-03-17T14:31:23.550+0000] {processor.py:914} INFO - Processing file /home/airflow/.local/lib/python3.12/site-packages/airflow/example_dags/example_xcom.py for tasks to queue
[2025-03-17T14:31:23.552+0000] {logging_mixin.py:190} INFO - [2025-03-17T14:31:23.551+0000] {dagbag.py:588} INFO - Filling up the DagBag from /home/airflow/.local/lib/python3.12/site-packages/airflow/example_dags/example_xcom.py
[2025-03-17T14:31:23.558+0000] {processor.py:925} INFO - DAG(s) 'example_xcom' retrieved from /home/airflow/.local/lib/python3.12/site-packages/airflow/example_dags/example_xcom.py
[2025-03-17T14:31:23.568+0000] {logging_mixin.py:190} INFO - [2025-03-17T14:31:23.568+0000] {dag.py:3239} INFO - Sync 1 DAGs
[2025-03-17T14:31:23.584+0000] {logging_mixin.py:190} INFO - [2025-03-17T14:31:23.583+0000] {dag.py:4180} INFO - Setting next_dagrun for example_xcom to 2021-01-01 00:00:00+00:00, run_after=2021-01-01 00:00:00+00:00
[2025-03-17T14:31:23.592+0000] {processor.py:208} INFO - Processing /home/airflow/.local/lib/python3.12/site-packages/airflow/example_dags/example_xcom.py took 0.045 seconds
[2025-03-17T14:31:53.638+0000] {processor.py:186} INFO - Started process (PID=2943) to work on /home/airflow/.local/lib/python3.12/site-packages/airflow/example_dags/example_xcom.py
[2025-03-17T14:31:53.638+0000] {processor.py:914} INFO - Processing file /home/airflow/.local/lib/python3.12/site-packages/airflow/example_dags/example_xcom.py for tasks to queue
[2025-03-17T14:31:53.639+0000] {logging_mixin.py:190} INFO - [2025-03-17T14:31:53.639+0000] {dagbag.py:588} INFO - Filling up the DagBag from /home/airflow/.local/lib/python3.12/site-packages/airflow/example_dags/example_xcom.py
[2025-03-17T14:31:53.644+0000] {processor.py:925} INFO - DAG(s) 'example_xcom' retrieved from /home/airflow/.local/lib/python3.12/site-packages/airflow/example_dags/example_xcom.py
[2025-03-17T14:31:53.654+0000] {logging_mixin.py:190} INFO - [2025-03-17T14:31:53.654+0000] {dag.py:3239} INFO - Sync 1 DAGs
[2025-03-17T14:31:53.666+0000] {logging_mixin.py:190} INFO - [2025-03-17T14:31:53.665+0000] {dag.py:4180} INFO - Setting next_dagrun for example_xcom to 2021-01-01 00:00:00+00:00, run_after=2021-01-01 00:00:00+00:00
[2025-03-17T14:31:53.674+0000] {processor.py:208} INFO - Processing /home/airflow/.local/lib/python3.12/site-packages/airflow/example_dags/example_xcom.py took 0.039 seconds
[2025-03-17T14:32:23.710+0000] {processor.py:186} INFO - Started process (PID=3239) to work on /home/airflow/.local/lib/python3.12/site-packages/airflow/example_dags/example_xcom.py
[2025-03-17T14:32:23.711+0000] {processor.py:914} INFO - Processing file /home/airflow/.local/lib/python3.12/site-packages/airflow/example_dags/example_xcom.py for tasks to queue
[2025-03-17T14:32:23.712+0000] {logging_mixin.py:190} INFO - [2025-03-17T14:32:23.712+0000] {dagbag.py:588} INFO - Filling up the DagBag from /home/airflow/.local/lib/python3.12/site-packages/airflow/example_dags/example_xcom.py
[2025-03-17T14:32:23.717+0000] {processor.py:925} INFO - DAG(s) 'example_xcom' retrieved from /home/airflow/.local/lib/python3.12/site-packages/airflow/example_dags/example_xcom.py
[2025-03-17T14:32:23.727+0000] {logging_mixin.py:190} INFO - [2025-03-17T14:32:23.727+0000] {dag.py:3239} INFO - Sync 1 DAGs
[2025-03-17T14:32:23.737+0000] {logging_mixin.py:190} INFO - [2025-03-17T14:32:23.737+0000] {dag.py:4180} INFO - Setting next_dagrun for example_xcom to 2021-01-01 00:00:00+00:00, run_after=2021-01-01 00:00:00+00:00
[2025-03-17T14:32:23.744+0000] {processor.py:208} INFO - Processing /home/airflow/.local/lib/python3.12/site-packages/airflow/example_dags/example_xcom.py took 0.037 seconds
[2025-03-17T14:32:54.039+0000] {processor.py:186} INFO - Started process (PID=3533) to work on /home/airflow/.local/lib/python3.12/site-packages/airflow/example_dags/example_xcom.py
[2025-03-17T14:32:54.040+0000] {processor.py:914} INFO - Processing file /home/airflow/.local/lib/python3.12/site-packages/airflow/example_dags/example_xcom.py for tasks to queue
[2025-03-17T14:32:54.041+0000] {logging_mixin.py:190} INFO - [2025-03-17T14:32:54.041+0000] {dagbag.py:588} INFO - Filling up the DagBag from /home/airflow/.local/lib/python3.12/site-packages/airflow/example_dags/example_xcom.py
[2025-03-17T14:32:54.045+0000] {processor.py:925} INFO - DAG(s) 'example_xcom' retrieved from /home/airflow/.local/lib/python3.12/site-packages/airflow/example_dags/example_xcom.py
[2025-03-17T14:32:54.055+0000] {logging_mixin.py:190} INFO - [2025-03-17T14:32:54.055+0000] {dag.py:3239} INFO - Sync 1 DAGs
[2025-03-17T14:32:54.066+0000] {logging_mixin.py:190} INFO - [2025-03-17T14:32:54.065+0000] {dag.py:4180} INFO - Setting next_dagrun for example_xcom to 2021-01-01 00:00:00+00:00, run_after=2021-01-01 00:00:00+00:00
[2025-03-17T14:32:54.074+0000] {processor.py:208} INFO - Processing /home/airflow/.local/lib/python3.12/site-packages/airflow/example_dags/example_xcom.py took 0.038 seconds
