[2025-03-17T13:55:39.213+0000] {processor.py:186} INFO - Started process (PID=213) to work on /home/airflow/.local/lib/python3.12/site-packages/airflow/example_dags/example_nested_branch_dag.py
[2025-03-17T13:55:39.214+0000] {processor.py:914} INFO - Processing file /home/airflow/.local/lib/python3.12/site-packages/airflow/example_dags/example_nested_branch_dag.py for tasks to queue
[2025-03-17T13:55:39.215+0000] {logging_mixin.py:190} INFO - [2025-03-17T13:55:39.214+0000] {dagbag.py:588} INFO - Filling up the DagBag from /home/airflow/.local/lib/python3.12/site-packages/airflow/example_dags/example_nested_branch_dag.py
[2025-03-17T13:55:39.222+0000] {processor.py:925} INFO - DAG(s) 'example_nested_branch_dag' retrieved from /home/airflow/.local/lib/python3.12/site-packages/airflow/example_dags/example_nested_branch_dag.py
[2025-03-17T13:55:39.275+0000] {logging_mixin.py:190} INFO - [2025-03-17T13:55:39.274+0000] {override.py:1912} INFO - Created Permission View: can delete on DAG:example_nested_branch_dag
[2025-03-17T13:55:39.280+0000] {logging_mixin.py:190} INFO - [2025-03-17T13:55:39.280+0000] {override.py:1912} INFO - Created Permission View: can edit on DAG:example_nested_branch_dag
[2025-03-17T13:55:39.282+0000] {logging_mixin.py:190} INFO - [2025-03-17T13:55:39.282+0000] {override.py:1912} INFO - Created Permission View: can read on DAG:example_nested_branch_dag
[2025-03-17T13:55:39.284+0000] {logging_mixin.py:190} INFO - [2025-03-17T13:55:39.284+0000] {override.py:1912} INFO - Created Permission View: menu access on DAG Run:example_nested_branch_dag
[2025-03-17T13:55:39.286+0000] {logging_mixin.py:190} INFO - [2025-03-17T13:55:39.286+0000] {override.py:1912} INFO - Created Permission View: can delete on DAG Run:example_nested_branch_dag
[2025-03-17T13:55:39.288+0000] {logging_mixin.py:190} INFO - [2025-03-17T13:55:39.288+0000] {override.py:1912} INFO - Created Permission View: can create on DAG Run:example_nested_branch_dag
[2025-03-17T13:55:39.291+0000] {logging_mixin.py:190} INFO - [2025-03-17T13:55:39.291+0000] {override.py:1912} INFO - Created Permission View: can read on DAG Run:example_nested_branch_dag
[2025-03-17T13:55:39.291+0000] {logging_mixin.py:190} INFO - [2025-03-17T13:55:39.291+0000] {dag.py:3239} INFO - Sync 1 DAGs
[2025-03-17T13:55:39.298+0000] {logging_mixin.py:190} INFO - [2025-03-17T13:55:39.298+0000] {dag.py:3262} INFO - Creating ORM DAG for example_nested_branch_dag
[2025-03-17T13:55:39.303+0000] {logging_mixin.py:190} INFO - [2025-03-17T13:55:39.303+0000] {dag.py:4180} INFO - Setting next_dagrun for example_nested_branch_dag to 2025-03-16 00:00:00+00:00, run_after=2025-03-17 00:00:00+00:00
[2025-03-17T13:55:39.310+0000] {processor.py:208} INFO - Processing /home/airflow/.local/lib/python3.12/site-packages/airflow/example_dags/example_nested_branch_dag.py took 0.100 seconds
[2025-03-17T13:56:09.892+0000] {processor.py:186} INFO - Started process (PID=510) to work on /home/airflow/.local/lib/python3.12/site-packages/airflow/example_dags/example_nested_branch_dag.py
[2025-03-17T13:56:09.893+0000] {processor.py:914} INFO - Processing file /home/airflow/.local/lib/python3.12/site-packages/airflow/example_dags/example_nested_branch_dag.py for tasks to queue
[2025-03-17T13:56:09.894+0000] {logging_mixin.py:190} INFO - [2025-03-17T13:56:09.894+0000] {dagbag.py:588} INFO - Filling up the DagBag from /home/airflow/.local/lib/python3.12/site-packages/airflow/example_dags/example_nested_branch_dag.py
[2025-03-17T13:56:09.900+0000] {processor.py:925} INFO - DAG(s) 'example_nested_branch_dag' retrieved from /home/airflow/.local/lib/python3.12/site-packages/airflow/example_dags/example_nested_branch_dag.py
[2025-03-17T13:56:09.911+0000] {logging_mixin.py:190} INFO - [2025-03-17T13:56:09.911+0000] {dag.py:3239} INFO - Sync 1 DAGs
[2025-03-17T13:56:09.923+0000] {logging_mixin.py:190} INFO - [2025-03-17T13:56:09.923+0000] {dag.py:4180} INFO - Setting next_dagrun for example_nested_branch_dag to 2025-03-16 00:00:00+00:00, run_after=2025-03-17 00:00:00+00:00
[2025-03-17T13:56:09.931+0000] {processor.py:208} INFO - Processing /home/airflow/.local/lib/python3.12/site-packages/airflow/example_dags/example_nested_branch_dag.py took 0.041 seconds
[2025-03-17T14:27:16.878+0000] {processor.py:186} INFO - Started process (PID=218) to work on /home/airflow/.local/lib/python3.12/site-packages/airflow/example_dags/example_nested_branch_dag.py
[2025-03-17T14:27:16.879+0000] {processor.py:914} INFO - Processing file /home/airflow/.local/lib/python3.12/site-packages/airflow/example_dags/example_nested_branch_dag.py for tasks to queue
[2025-03-17T14:27:16.879+0000] {logging_mixin.py:190} INFO - [2025-03-17T14:27:16.879+0000] {dagbag.py:588} INFO - Filling up the DagBag from /home/airflow/.local/lib/python3.12/site-packages/airflow/example_dags/example_nested_branch_dag.py
[2025-03-17T14:27:16.887+0000] {processor.py:925} INFO - DAG(s) 'example_nested_branch_dag' retrieved from /home/airflow/.local/lib/python3.12/site-packages/airflow/example_dags/example_nested_branch_dag.py
[2025-03-17T14:27:16.942+0000] {logging_mixin.py:190} INFO - [2025-03-17T14:27:16.942+0000] {dag.py:3239} INFO - Sync 1 DAGs
[2025-03-17T14:27:16.952+0000] {logging_mixin.py:190} INFO - [2025-03-17T14:27:16.952+0000] {dag.py:4180} INFO - Setting next_dagrun for example_nested_branch_dag to 2025-03-16 00:00:00+00:00, run_after=2025-03-17 00:00:00+00:00
[2025-03-17T14:27:16.960+0000] {processor.py:208} INFO - Processing /home/airflow/.local/lib/python3.12/site-packages/airflow/example_dags/example_nested_branch_dag.py took 0.085 seconds
[2025-03-17T14:27:47.196+0000] {processor.py:186} INFO - Started process (PID=514) to work on /home/airflow/.local/lib/python3.12/site-packages/airflow/example_dags/example_nested_branch_dag.py
[2025-03-17T14:27:47.197+0000] {processor.py:914} INFO - Processing file /home/airflow/.local/lib/python3.12/site-packages/airflow/example_dags/example_nested_branch_dag.py for tasks to queue
[2025-03-17T14:27:47.198+0000] {logging_mixin.py:190} INFO - [2025-03-17T14:27:47.198+0000] {dagbag.py:588} INFO - Filling up the DagBag from /home/airflow/.local/lib/python3.12/site-packages/airflow/example_dags/example_nested_branch_dag.py
[2025-03-17T14:27:47.204+0000] {processor.py:925} INFO - DAG(s) 'example_nested_branch_dag' retrieved from /home/airflow/.local/lib/python3.12/site-packages/airflow/example_dags/example_nested_branch_dag.py
[2025-03-17T14:27:47.216+0000] {logging_mixin.py:190} INFO - [2025-03-17T14:27:47.215+0000] {dag.py:3239} INFO - Sync 1 DAGs
[2025-03-17T14:27:47.228+0000] {logging_mixin.py:190} INFO - [2025-03-17T14:27:47.228+0000] {dag.py:4180} INFO - Setting next_dagrun for example_nested_branch_dag to 2025-03-16 00:00:00+00:00, run_after=2025-03-17 00:00:00+00:00
[2025-03-17T14:27:47.235+0000] {processor.py:208} INFO - Processing /home/airflow/.local/lib/python3.12/site-packages/airflow/example_dags/example_nested_branch_dag.py took 0.043 seconds
[2025-03-17T14:28:18.212+0000] {processor.py:186} INFO - Started process (PID=816) to work on /home/airflow/.local/lib/python3.12/site-packages/airflow/example_dags/example_nested_branch_dag.py
[2025-03-17T14:28:18.213+0000] {processor.py:914} INFO - Processing file /home/airflow/.local/lib/python3.12/site-packages/airflow/example_dags/example_nested_branch_dag.py for tasks to queue
[2025-03-17T14:28:18.214+0000] {logging_mixin.py:190} INFO - [2025-03-17T14:28:18.214+0000] {dagbag.py:588} INFO - Filling up the DagBag from /home/airflow/.local/lib/python3.12/site-packages/airflow/example_dags/example_nested_branch_dag.py
[2025-03-17T14:28:18.220+0000] {processor.py:925} INFO - DAG(s) 'example_nested_branch_dag' retrieved from /home/airflow/.local/lib/python3.12/site-packages/airflow/example_dags/example_nested_branch_dag.py
[2025-03-17T14:28:18.233+0000] {logging_mixin.py:190} INFO - [2025-03-17T14:28:18.233+0000] {dag.py:3239} INFO - Sync 1 DAGs
[2025-03-17T14:28:18.246+0000] {logging_mixin.py:190} INFO - [2025-03-17T14:28:18.246+0000] {dag.py:4180} INFO - Setting next_dagrun for example_nested_branch_dag to 2025-03-16 00:00:00+00:00, run_after=2025-03-17 00:00:00+00:00
[2025-03-17T14:28:18.253+0000] {processor.py:208} INFO - Processing /home/airflow/.local/lib/python3.12/site-packages/airflow/example_dags/example_nested_branch_dag.py took 0.044 seconds
[2025-03-17T14:28:48.717+0000] {processor.py:186} INFO - Started process (PID=1112) to work on /home/airflow/.local/lib/python3.12/site-packages/airflow/example_dags/example_nested_branch_dag.py
[2025-03-17T14:28:48.718+0000] {processor.py:914} INFO - Processing file /home/airflow/.local/lib/python3.12/site-packages/airflow/example_dags/example_nested_branch_dag.py for tasks to queue
[2025-03-17T14:28:48.719+0000] {logging_mixin.py:190} INFO - [2025-03-17T14:28:48.719+0000] {dagbag.py:588} INFO - Filling up the DagBag from /home/airflow/.local/lib/python3.12/site-packages/airflow/example_dags/example_nested_branch_dag.py
[2025-03-17T14:28:48.725+0000] {processor.py:925} INFO - DAG(s) 'example_nested_branch_dag' retrieved from /home/airflow/.local/lib/python3.12/site-packages/airflow/example_dags/example_nested_branch_dag.py
[2025-03-17T14:28:48.739+0000] {logging_mixin.py:190} INFO - [2025-03-17T14:28:48.739+0000] {dag.py:3239} INFO - Sync 1 DAGs
[2025-03-17T14:28:48.751+0000] {logging_mixin.py:190} INFO - [2025-03-17T14:28:48.751+0000] {dag.py:4180} INFO - Setting next_dagrun for example_nested_branch_dag to 2025-03-16 00:00:00+00:00, run_after=2025-03-17 00:00:00+00:00
[2025-03-17T14:28:48.758+0000] {processor.py:208} INFO - Processing /home/airflow/.local/lib/python3.12/site-packages/airflow/example_dags/example_nested_branch_dag.py took 0.045 seconds
[2025-03-17T14:29:19.294+0000] {processor.py:186} INFO - Started process (PID=1408) to work on /home/airflow/.local/lib/python3.12/site-packages/airflow/example_dags/example_nested_branch_dag.py
[2025-03-17T14:29:19.294+0000] {processor.py:914} INFO - Processing file /home/airflow/.local/lib/python3.12/site-packages/airflow/example_dags/example_nested_branch_dag.py for tasks to queue
[2025-03-17T14:29:19.295+0000] {logging_mixin.py:190} INFO - [2025-03-17T14:29:19.295+0000] {dagbag.py:588} INFO - Filling up the DagBag from /home/airflow/.local/lib/python3.12/site-packages/airflow/example_dags/example_nested_branch_dag.py
[2025-03-17T14:29:19.301+0000] {processor.py:925} INFO - DAG(s) 'example_nested_branch_dag' retrieved from /home/airflow/.local/lib/python3.12/site-packages/airflow/example_dags/example_nested_branch_dag.py
[2025-03-17T14:29:19.315+0000] {logging_mixin.py:190} INFO - [2025-03-17T14:29:19.315+0000] {dag.py:3239} INFO - Sync 1 DAGs
[2025-03-17T14:29:19.326+0000] {logging_mixin.py:190} INFO - [2025-03-17T14:29:19.326+0000] {dag.py:4180} INFO - Setting next_dagrun for example_nested_branch_dag to 2025-03-16 00:00:00+00:00, run_after=2025-03-17 00:00:00+00:00
[2025-03-17T14:29:19.334+0000] {processor.py:208} INFO - Processing /home/airflow/.local/lib/python3.12/site-packages/airflow/example_dags/example_nested_branch_dag.py took 0.043 seconds
[2025-03-17T14:29:50.221+0000] {processor.py:186} INFO - Started process (PID=1704) to work on /home/airflow/.local/lib/python3.12/site-packages/airflow/example_dags/example_nested_branch_dag.py
[2025-03-17T14:29:50.222+0000] {processor.py:914} INFO - Processing file /home/airflow/.local/lib/python3.12/site-packages/airflow/example_dags/example_nested_branch_dag.py for tasks to queue
[2025-03-17T14:29:50.223+0000] {logging_mixin.py:190} INFO - [2025-03-17T14:29:50.223+0000] {dagbag.py:588} INFO - Filling up the DagBag from /home/airflow/.local/lib/python3.12/site-packages/airflow/example_dags/example_nested_branch_dag.py
[2025-03-17T14:29:50.229+0000] {processor.py:925} INFO - DAG(s) 'example_nested_branch_dag' retrieved from /home/airflow/.local/lib/python3.12/site-packages/airflow/example_dags/example_nested_branch_dag.py
[2025-03-17T14:29:50.240+0000] {logging_mixin.py:190} INFO - [2025-03-17T14:29:50.240+0000] {dag.py:3239} INFO - Sync 1 DAGs
[2025-03-17T14:29:50.252+0000] {logging_mixin.py:190} INFO - [2025-03-17T14:29:50.252+0000] {dag.py:4180} INFO - Setting next_dagrun for example_nested_branch_dag to 2025-03-16 00:00:00+00:00, run_after=2025-03-17 00:00:00+00:00
[2025-03-17T14:29:50.260+0000] {processor.py:208} INFO - Processing /home/airflow/.local/lib/python3.12/site-packages/airflow/example_dags/example_nested_branch_dag.py took 0.042 seconds
[2025-03-17T14:30:21.225+0000] {processor.py:186} INFO - Started process (PID=2000) to work on /home/airflow/.local/lib/python3.12/site-packages/airflow/example_dags/example_nested_branch_dag.py
[2025-03-17T14:30:21.226+0000] {processor.py:914} INFO - Processing file /home/airflow/.local/lib/python3.12/site-packages/airflow/example_dags/example_nested_branch_dag.py for tasks to queue
[2025-03-17T14:30:21.227+0000] {logging_mixin.py:190} INFO - [2025-03-17T14:30:21.227+0000] {dagbag.py:588} INFO - Filling up the DagBag from /home/airflow/.local/lib/python3.12/site-packages/airflow/example_dags/example_nested_branch_dag.py
[2025-03-17T14:30:21.234+0000] {processor.py:925} INFO - DAG(s) 'example_nested_branch_dag' retrieved from /home/airflow/.local/lib/python3.12/site-packages/airflow/example_dags/example_nested_branch_dag.py
[2025-03-17T14:30:21.248+0000] {logging_mixin.py:190} INFO - [2025-03-17T14:30:21.248+0000] {dag.py:3239} INFO - Sync 1 DAGs
[2025-03-17T14:30:21.259+0000] {logging_mixin.py:190} INFO - [2025-03-17T14:30:21.259+0000] {dag.py:4180} INFO - Setting next_dagrun for example_nested_branch_dag to 2025-03-16 00:00:00+00:00, run_after=2025-03-17 00:00:00+00:00
[2025-03-17T14:30:21.267+0000] {processor.py:208} INFO - Processing /home/airflow/.local/lib/python3.12/site-packages/airflow/example_dags/example_nested_branch_dag.py took 0.045 seconds
[2025-03-17T14:30:52.021+0000] {processor.py:186} INFO - Started process (PID=2296) to work on /home/airflow/.local/lib/python3.12/site-packages/airflow/example_dags/example_nested_branch_dag.py
[2025-03-17T14:30:52.021+0000] {processor.py:914} INFO - Processing file /home/airflow/.local/lib/python3.12/site-packages/airflow/example_dags/example_nested_branch_dag.py for tasks to queue
[2025-03-17T14:30:52.022+0000] {logging_mixin.py:190} INFO - [2025-03-17T14:30:52.022+0000] {dagbag.py:588} INFO - Filling up the DagBag from /home/airflow/.local/lib/python3.12/site-packages/airflow/example_dags/example_nested_branch_dag.py
[2025-03-17T14:30:52.028+0000] {processor.py:925} INFO - DAG(s) 'example_nested_branch_dag' retrieved from /home/airflow/.local/lib/python3.12/site-packages/airflow/example_dags/example_nested_branch_dag.py
[2025-03-17T14:30:52.039+0000] {logging_mixin.py:190} INFO - [2025-03-17T14:30:52.039+0000] {dag.py:3239} INFO - Sync 1 DAGs
[2025-03-17T14:30:52.052+0000] {logging_mixin.py:190} INFO - [2025-03-17T14:30:52.052+0000] {dag.py:4180} INFO - Setting next_dagrun for example_nested_branch_dag to 2025-03-16 00:00:00+00:00, run_after=2025-03-17 00:00:00+00:00
[2025-03-17T14:30:52.059+0000] {processor.py:208} INFO - Processing /home/airflow/.local/lib/python3.12/site-packages/airflow/example_dags/example_nested_branch_dag.py took 0.041 seconds
[2025-03-17T14:31:22.138+0000] {processor.py:186} INFO - Started process (PID=2592) to work on /home/airflow/.local/lib/python3.12/site-packages/airflow/example_dags/example_nested_branch_dag.py
[2025-03-17T14:31:22.139+0000] {processor.py:914} INFO - Processing file /home/airflow/.local/lib/python3.12/site-packages/airflow/example_dags/example_nested_branch_dag.py for tasks to queue
[2025-03-17T14:31:22.140+0000] {logging_mixin.py:190} INFO - [2025-03-17T14:31:22.140+0000] {dagbag.py:588} INFO - Filling up the DagBag from /home/airflow/.local/lib/python3.12/site-packages/airflow/example_dags/example_nested_branch_dag.py
[2025-03-17T14:31:22.146+0000] {processor.py:925} INFO - DAG(s) 'example_nested_branch_dag' retrieved from /home/airflow/.local/lib/python3.12/site-packages/airflow/example_dags/example_nested_branch_dag.py
[2025-03-17T14:31:22.157+0000] {logging_mixin.py:190} INFO - [2025-03-17T14:31:22.157+0000] {dag.py:3239} INFO - Sync 1 DAGs
[2025-03-17T14:31:22.169+0000] {logging_mixin.py:190} INFO - [2025-03-17T14:31:22.169+0000] {dag.py:4180} INFO - Setting next_dagrun for example_nested_branch_dag to 2025-03-16 00:00:00+00:00, run_after=2025-03-17 00:00:00+00:00
[2025-03-17T14:31:22.177+0000] {processor.py:208} INFO - Processing /home/airflow/.local/lib/python3.12/site-packages/airflow/example_dags/example_nested_branch_dag.py took 0.043 seconds
[2025-03-17T14:31:52.241+0000] {processor.py:186} INFO - Started process (PID=2888) to work on /home/airflow/.local/lib/python3.12/site-packages/airflow/example_dags/example_nested_branch_dag.py
[2025-03-17T14:31:52.242+0000] {processor.py:914} INFO - Processing file /home/airflow/.local/lib/python3.12/site-packages/airflow/example_dags/example_nested_branch_dag.py for tasks to queue
[2025-03-17T14:31:52.243+0000] {logging_mixin.py:190} INFO - [2025-03-17T14:31:52.243+0000] {dagbag.py:588} INFO - Filling up the DagBag from /home/airflow/.local/lib/python3.12/site-packages/airflow/example_dags/example_nested_branch_dag.py
[2025-03-17T14:31:52.249+0000] {processor.py:925} INFO - DAG(s) 'example_nested_branch_dag' retrieved from /home/airflow/.local/lib/python3.12/site-packages/airflow/example_dags/example_nested_branch_dag.py
[2025-03-17T14:31:52.259+0000] {logging_mixin.py:190} INFO - [2025-03-17T14:31:52.259+0000] {dag.py:3239} INFO - Sync 1 DAGs
[2025-03-17T14:31:52.270+0000] {logging_mixin.py:190} INFO - [2025-03-17T14:31:52.269+0000] {dag.py:4180} INFO - Setting next_dagrun for example_nested_branch_dag to 2025-03-16 00:00:00+00:00, run_after=2025-03-17 00:00:00+00:00
[2025-03-17T14:31:52.277+0000] {processor.py:208} INFO - Processing /home/airflow/.local/lib/python3.12/site-packages/airflow/example_dags/example_nested_branch_dag.py took 0.039 seconds
[2025-03-17T14:32:22.311+0000] {processor.py:186} INFO - Started process (PID=3184) to work on /home/airflow/.local/lib/python3.12/site-packages/airflow/example_dags/example_nested_branch_dag.py
[2025-03-17T14:32:22.312+0000] {processor.py:914} INFO - Processing file /home/airflow/.local/lib/python3.12/site-packages/airflow/example_dags/example_nested_branch_dag.py for tasks to queue
[2025-03-17T14:32:22.313+0000] {logging_mixin.py:190} INFO - [2025-03-17T14:32:22.312+0000] {dagbag.py:588} INFO - Filling up the DagBag from /home/airflow/.local/lib/python3.12/site-packages/airflow/example_dags/example_nested_branch_dag.py
[2025-03-17T14:32:22.318+0000] {processor.py:925} INFO - DAG(s) 'example_nested_branch_dag' retrieved from /home/airflow/.local/lib/python3.12/site-packages/airflow/example_dags/example_nested_branch_dag.py
[2025-03-17T14:32:22.330+0000] {logging_mixin.py:190} INFO - [2025-03-17T14:32:22.330+0000] {dag.py:3239} INFO - Sync 1 DAGs
[2025-03-17T14:32:22.343+0000] {logging_mixin.py:190} INFO - [2025-03-17T14:32:22.343+0000] {dag.py:4180} INFO - Setting next_dagrun for example_nested_branch_dag to 2025-03-16 00:00:00+00:00, run_after=2025-03-17 00:00:00+00:00
[2025-03-17T14:32:22.351+0000] {processor.py:208} INFO - Processing /home/airflow/.local/lib/python3.12/site-packages/airflow/example_dags/example_nested_branch_dag.py took 0.044 seconds
[2025-03-17T14:32:52.721+0000] {processor.py:186} INFO - Started process (PID=3480) to work on /home/airflow/.local/lib/python3.12/site-packages/airflow/example_dags/example_nested_branch_dag.py
[2025-03-17T14:32:52.722+0000] {processor.py:914} INFO - Processing file /home/airflow/.local/lib/python3.12/site-packages/airflow/example_dags/example_nested_branch_dag.py for tasks to queue
[2025-03-17T14:32:52.724+0000] {logging_mixin.py:190} INFO - [2025-03-17T14:32:52.723+0000] {dagbag.py:588} INFO - Filling up the DagBag from /home/airflow/.local/lib/python3.12/site-packages/airflow/example_dags/example_nested_branch_dag.py
[2025-03-17T14:32:52.730+0000] {processor.py:925} INFO - DAG(s) 'example_nested_branch_dag' retrieved from /home/airflow/.local/lib/python3.12/site-packages/airflow/example_dags/example_nested_branch_dag.py
[2025-03-17T14:32:52.744+0000] {logging_mixin.py:190} INFO - [2025-03-17T14:32:52.744+0000] {dag.py:3239} INFO - Sync 1 DAGs
[2025-03-17T14:32:52.755+0000] {logging_mixin.py:190} INFO - [2025-03-17T14:32:52.755+0000] {dag.py:4180} INFO - Setting next_dagrun for example_nested_branch_dag to 2025-03-16 00:00:00+00:00, run_after=2025-03-17 00:00:00+00:00
[2025-03-17T14:32:52.762+0000] {processor.py:208} INFO - Processing /home/airflow/.local/lib/python3.12/site-packages/airflow/example_dags/example_nested_branch_dag.py took 0.045 seconds
