[2025-03-17T13:55:42.958+0000] {processor.py:186} INFO - Started process (PID=427) to work on /home/airflow/.local/lib/python3.12/site-packages/airflow/example_dags/example_subdag_operator.py
[2025-03-17T13:55:42.959+0000] {processor.py:914} INFO - Processing file /home/airflow/.local/lib/python3.12/site-packages/airflow/example_dags/example_subdag_operator.py for tasks to queue
[2025-03-17T13:55:42.960+0000] {logging_mixin.py:190} INFO - [2025-03-17T13:55:42.960+0000] {dagbag.py:588} INFO - Filling up the DagBag from /home/airflow/.local/lib/python3.12/site-packages/airflow/example_dags/example_subdag_operator.py
[2025-03-17T13:55:42.975+0000] {processor.py:925} INFO - DAG(s) 'example_subdag_operator.section-1', 'example_subdag_operator.section-2', 'example_subdag_operator' retrieved from /home/airflow/.local/lib/python3.12/site-packages/airflow/example_dags/example_subdag_operator.py
[2025-03-17T13:55:43.026+0000] {logging_mixin.py:190} INFO - [2025-03-17T13:55:43.026+0000] {override.py:1912} INFO - Created Permission View: can delete on DAG:example_subdag_operator
[2025-03-17T13:55:43.031+0000] {logging_mixin.py:190} INFO - [2025-03-17T13:55:43.031+0000] {override.py:1912} INFO - Created Permission View: can edit on DAG:example_subdag_operator
[2025-03-17T13:55:43.033+0000] {logging_mixin.py:190} INFO - [2025-03-17T13:55:43.033+0000] {override.py:1912} INFO - Created Permission View: can read on DAG:example_subdag_operator
[2025-03-17T13:55:43.035+0000] {logging_mixin.py:190} INFO - [2025-03-17T13:55:43.035+0000] {override.py:1912} INFO - Created Permission View: menu access on DAG Run:example_subdag_operator
[2025-03-17T13:55:43.038+0000] {logging_mixin.py:190} INFO - [2025-03-17T13:55:43.037+0000] {override.py:1912} INFO - Created Permission View: can delete on DAG Run:example_subdag_operator
[2025-03-17T13:55:43.040+0000] {logging_mixin.py:190} INFO - [2025-03-17T13:55:43.040+0000] {override.py:1912} INFO - Created Permission View: can create on DAG Run:example_subdag_operator
[2025-03-17T13:55:43.042+0000] {logging_mixin.py:190} INFO - [2025-03-17T13:55:43.041+0000] {override.py:1912} INFO - Created Permission View: can read on DAG Run:example_subdag_operator
[2025-03-17T13:55:43.042+0000] {logging_mixin.py:190} INFO - [2025-03-17T13:55:43.042+0000] {dag.py:3239} INFO - Sync 3 DAGs
[2025-03-17T13:55:43.048+0000] {logging_mixin.py:190} INFO - [2025-03-17T13:55:43.048+0000] {dag.py:3262} INFO - Creating ORM DAG for example_subdag_operator
[2025-03-17T13:55:43.048+0000] {logging_mixin.py:190} INFO - [2025-03-17T13:55:43.048+0000] {dag.py:3262} INFO - Creating ORM DAG for example_subdag_operator.section-1
[2025-03-17T13:55:43.049+0000] {logging_mixin.py:190} INFO - [2025-03-17T13:55:43.049+0000] {dag.py:3262} INFO - Creating ORM DAG for example_subdag_operator.section-2
[2025-03-17T13:55:43.053+0000] {logging_mixin.py:190} INFO - [2025-03-17T13:55:43.053+0000] {dag.py:4180} INFO - Setting next_dagrun for example_subdag_operator to 2022-01-01 00:00:00+00:00, run_after=2022-01-01 00:00:00+00:00
[2025-03-17T13:55:43.053+0000] {logging_mixin.py:190} INFO - [2025-03-17T13:55:43.053+0000] {dag.py:4180} INFO - Setting next_dagrun for example_subdag_operator.section-1 to None, run_after=None
[2025-03-17T13:55:43.053+0000] {logging_mixin.py:190} INFO - [2025-03-17T13:55:43.053+0000] {dag.py:4180} INFO - Setting next_dagrun for example_subdag_operator.section-2 to None, run_after=None
[2025-03-17T13:55:43.057+0000] {logging_mixin.py:190} INFO - [2025-03-17T13:55:43.057+0000] {dag.py:3239} INFO - Sync 2 DAGs
[2025-03-17T13:55:43.060+0000] {logging_mixin.py:190} INFO - [2025-03-17T13:55:43.060+0000] {dag.py:4180} INFO - Setting next_dagrun for example_subdag_operator.section-1 to None, run_after=None
[2025-03-17T13:55:43.061+0000] {logging_mixin.py:190} INFO - [2025-03-17T13:55:43.061+0000] {dag.py:4180} INFO - Setting next_dagrun for example_subdag_operator.section-2 to None, run_after=None
[2025-03-17T13:55:43.066+0000] {processor.py:208} INFO - Processing /home/airflow/.local/lib/python3.12/site-packages/airflow/example_dags/example_subdag_operator.py took 0.110 seconds
[2025-03-17T13:56:13.689+0000] {processor.py:186} INFO - Started process (PID=718) to work on /home/airflow/.local/lib/python3.12/site-packages/airflow/example_dags/example_subdag_operator.py
[2025-03-17T13:56:13.689+0000] {processor.py:914} INFO - Processing file /home/airflow/.local/lib/python3.12/site-packages/airflow/example_dags/example_subdag_operator.py for tasks to queue
[2025-03-17T13:56:13.690+0000] {logging_mixin.py:190} INFO - [2025-03-17T13:56:13.690+0000] {dagbag.py:588} INFO - Filling up the DagBag from /home/airflow/.local/lib/python3.12/site-packages/airflow/example_dags/example_subdag_operator.py
[2025-03-17T13:56:13.703+0000] {processor.py:925} INFO - DAG(s) 'example_subdag_operator.section-1', 'example_subdag_operator.section-2', 'example_subdag_operator' retrieved from /home/airflow/.local/lib/python3.12/site-packages/airflow/example_dags/example_subdag_operator.py
[2025-03-17T13:56:13.710+0000] {logging_mixin.py:190} INFO - [2025-03-17T13:56:13.710+0000] {dag.py:3239} INFO - Sync 3 DAGs
[2025-03-17T13:56:13.721+0000] {logging_mixin.py:190} INFO - [2025-03-17T13:56:13.721+0000] {dag.py:4180} INFO - Setting next_dagrun for example_subdag_operator to 2022-01-01 00:00:00+00:00, run_after=2022-01-01 00:00:00+00:00
[2025-03-17T13:56:13.723+0000] {logging_mixin.py:190} INFO - [2025-03-17T13:56:13.723+0000] {dag.py:4180} INFO - Setting next_dagrun for example_subdag_operator.section-1 to None, run_after=None
[2025-03-17T13:56:13.724+0000] {logging_mixin.py:190} INFO - [2025-03-17T13:56:13.724+0000] {dag.py:4180} INFO - Setting next_dagrun for example_subdag_operator.section-2 to None, run_after=None
[2025-03-17T13:56:13.727+0000] {logging_mixin.py:190} INFO - [2025-03-17T13:56:13.726+0000] {dag.py:3239} INFO - Sync 2 DAGs
[2025-03-17T13:56:13.729+0000] {logging_mixin.py:190} INFO - [2025-03-17T13:56:13.729+0000] {dag.py:4180} INFO - Setting next_dagrun for example_subdag_operator.section-1 to None, run_after=None
[2025-03-17T13:56:13.729+0000] {logging_mixin.py:190} INFO - [2025-03-17T13:56:13.729+0000] {dag.py:4180} INFO - Setting next_dagrun for example_subdag_operator.section-2 to None, run_after=None
[2025-03-17T13:56:13.733+0000] {processor.py:208} INFO - Processing /home/airflow/.local/lib/python3.12/site-packages/airflow/example_dags/example_subdag_operator.py took 0.048 seconds
[2025-03-17T14:27:20.233+0000] {processor.py:186} INFO - Started process (PID=432) to work on /home/airflow/.local/lib/python3.12/site-packages/airflow/example_dags/example_subdag_operator.py
[2025-03-17T14:27:20.233+0000] {processor.py:914} INFO - Processing file /home/airflow/.local/lib/python3.12/site-packages/airflow/example_dags/example_subdag_operator.py for tasks to queue
[2025-03-17T14:27:20.234+0000] {logging_mixin.py:190} INFO - [2025-03-17T14:27:20.234+0000] {dagbag.py:588} INFO - Filling up the DagBag from /home/airflow/.local/lib/python3.12/site-packages/airflow/example_dags/example_subdag_operator.py
[2025-03-17T14:27:20.250+0000] {processor.py:925} INFO - DAG(s) 'example_subdag_operator.section-1', 'example_subdag_operator.section-2', 'example_subdag_operator' retrieved from /home/airflow/.local/lib/python3.12/site-packages/airflow/example_dags/example_subdag_operator.py
[2025-03-17T14:27:20.301+0000] {logging_mixin.py:190} INFO - [2025-03-17T14:27:20.301+0000] {dag.py:3239} INFO - Sync 3 DAGs
[2025-03-17T14:27:20.312+0000] {logging_mixin.py:190} INFO - [2025-03-17T14:27:20.312+0000] {dag.py:4180} INFO - Setting next_dagrun for example_subdag_operator to 2022-01-01 00:00:00+00:00, run_after=2022-01-01 00:00:00+00:00
[2025-03-17T14:27:20.313+0000] {logging_mixin.py:190} INFO - [2025-03-17T14:27:20.313+0000] {dag.py:4180} INFO - Setting next_dagrun for example_subdag_operator.section-1 to None, run_after=None
[2025-03-17T14:27:20.314+0000] {logging_mixin.py:190} INFO - [2025-03-17T14:27:20.314+0000] {dag.py:4180} INFO - Setting next_dagrun for example_subdag_operator.section-2 to None, run_after=None
[2025-03-17T14:27:20.319+0000] {logging_mixin.py:190} INFO - [2025-03-17T14:27:20.318+0000] {dag.py:3239} INFO - Sync 2 DAGs
[2025-03-17T14:27:20.321+0000] {logging_mixin.py:190} INFO - [2025-03-17T14:27:20.321+0000] {dag.py:4180} INFO - Setting next_dagrun for example_subdag_operator.section-1 to None, run_after=None
[2025-03-17T14:27:20.322+0000] {logging_mixin.py:190} INFO - [2025-03-17T14:27:20.321+0000] {dag.py:4180} INFO - Setting next_dagrun for example_subdag_operator.section-2 to None, run_after=None
[2025-03-17T14:27:20.326+0000] {processor.py:208} INFO - Processing /home/airflow/.local/lib/python3.12/site-packages/airflow/example_dags/example_subdag_operator.py took 0.096 seconds
[2025-03-17T14:27:50.446+0000] {processor.py:186} INFO - Started process (PID=730) to work on /home/airflow/.local/lib/python3.12/site-packages/airflow/example_dags/example_subdag_operator.py
[2025-03-17T14:27:50.447+0000] {processor.py:914} INFO - Processing file /home/airflow/.local/lib/python3.12/site-packages/airflow/example_dags/example_subdag_operator.py for tasks to queue
[2025-03-17T14:27:50.448+0000] {logging_mixin.py:190} INFO - [2025-03-17T14:27:50.448+0000] {dagbag.py:588} INFO - Filling up the DagBag from /home/airflow/.local/lib/python3.12/site-packages/airflow/example_dags/example_subdag_operator.py
[2025-03-17T14:27:50.462+0000] {processor.py:925} INFO - DAG(s) 'example_subdag_operator.section-1', 'example_subdag_operator.section-2', 'example_subdag_operator' retrieved from /home/airflow/.local/lib/python3.12/site-packages/airflow/example_dags/example_subdag_operator.py
[2025-03-17T14:27:50.469+0000] {logging_mixin.py:190} INFO - [2025-03-17T14:27:50.469+0000] {dag.py:3239} INFO - Sync 3 DAGs
[2025-03-17T14:27:50.481+0000] {logging_mixin.py:190} INFO - [2025-03-17T14:27:50.481+0000] {dag.py:4180} INFO - Setting next_dagrun for example_subdag_operator to 2022-01-01 00:00:00+00:00, run_after=2022-01-01 00:00:00+00:00
[2025-03-17T14:27:50.483+0000] {logging_mixin.py:190} INFO - [2025-03-17T14:27:50.483+0000] {dag.py:4180} INFO - Setting next_dagrun for example_subdag_operator.section-1 to None, run_after=None
[2025-03-17T14:27:50.483+0000] {logging_mixin.py:190} INFO - [2025-03-17T14:27:50.483+0000] {dag.py:4180} INFO - Setting next_dagrun for example_subdag_operator.section-2 to None, run_after=None
[2025-03-17T14:27:50.487+0000] {logging_mixin.py:190} INFO - [2025-03-17T14:27:50.487+0000] {dag.py:3239} INFO - Sync 2 DAGs
[2025-03-17T14:27:50.490+0000] {logging_mixin.py:190} INFO - [2025-03-17T14:27:50.490+0000] {dag.py:4180} INFO - Setting next_dagrun for example_subdag_operator.section-1 to None, run_after=None
[2025-03-17T14:27:50.490+0000] {logging_mixin.py:190} INFO - [2025-03-17T14:27:50.490+0000] {dag.py:4180} INFO - Setting next_dagrun for example_subdag_operator.section-2 to None, run_after=None
[2025-03-17T14:27:50.494+0000] {processor.py:208} INFO - Processing /home/airflow/.local/lib/python3.12/site-packages/airflow/example_dags/example_subdag_operator.py took 0.051 seconds
[2025-03-17T14:28:21.046+0000] {processor.py:186} INFO - Started process (PID=1026) to work on /home/airflow/.local/lib/python3.12/site-packages/airflow/example_dags/example_subdag_operator.py
[2025-03-17T14:28:21.047+0000] {processor.py:914} INFO - Processing file /home/airflow/.local/lib/python3.12/site-packages/airflow/example_dags/example_subdag_operator.py for tasks to queue
[2025-03-17T14:28:21.048+0000] {logging_mixin.py:190} INFO - [2025-03-17T14:28:21.048+0000] {dagbag.py:588} INFO - Filling up the DagBag from /home/airflow/.local/lib/python3.12/site-packages/airflow/example_dags/example_subdag_operator.py
[2025-03-17T14:28:21.062+0000] {processor.py:925} INFO - DAG(s) 'example_subdag_operator.section-1', 'example_subdag_operator.section-2', 'example_subdag_operator' retrieved from /home/airflow/.local/lib/python3.12/site-packages/airflow/example_dags/example_subdag_operator.py
[2025-03-17T14:28:21.069+0000] {logging_mixin.py:190} INFO - [2025-03-17T14:28:21.069+0000] {dag.py:3239} INFO - Sync 3 DAGs
[2025-03-17T14:28:21.079+0000] {logging_mixin.py:190} INFO - [2025-03-17T14:28:21.079+0000] {dag.py:4180} INFO - Setting next_dagrun for example_subdag_operator to 2022-01-01 00:00:00+00:00, run_after=2022-01-01 00:00:00+00:00
[2025-03-17T14:28:21.081+0000] {logging_mixin.py:190} INFO - [2025-03-17T14:28:21.081+0000] {dag.py:4180} INFO - Setting next_dagrun for example_subdag_operator.section-1 to None, run_after=None
[2025-03-17T14:28:21.082+0000] {logging_mixin.py:190} INFO - [2025-03-17T14:28:21.082+0000] {dag.py:4180} INFO - Setting next_dagrun for example_subdag_operator.section-2 to None, run_after=None
[2025-03-17T14:28:21.084+0000] {logging_mixin.py:190} INFO - [2025-03-17T14:28:21.084+0000] {dag.py:3239} INFO - Sync 2 DAGs
[2025-03-17T14:28:21.087+0000] {logging_mixin.py:190} INFO - [2025-03-17T14:28:21.087+0000] {dag.py:4180} INFO - Setting next_dagrun for example_subdag_operator.section-1 to None, run_after=None
[2025-03-17T14:28:21.087+0000] {logging_mixin.py:190} INFO - [2025-03-17T14:28:21.087+0000] {dag.py:4180} INFO - Setting next_dagrun for example_subdag_operator.section-2 to None, run_after=None
[2025-03-17T14:28:21.090+0000] {processor.py:208} INFO - Processing /home/airflow/.local/lib/python3.12/site-packages/airflow/example_dags/example_subdag_operator.py took 0.048 seconds
[2025-03-17T14:28:51.558+0000] {processor.py:186} INFO - Started process (PID=1320) to work on /home/airflow/.local/lib/python3.12/site-packages/airflow/example_dags/example_subdag_operator.py
[2025-03-17T14:28:51.558+0000] {processor.py:914} INFO - Processing file /home/airflow/.local/lib/python3.12/site-packages/airflow/example_dags/example_subdag_operator.py for tasks to queue
[2025-03-17T14:28:51.559+0000] {logging_mixin.py:190} INFO - [2025-03-17T14:28:51.559+0000] {dagbag.py:588} INFO - Filling up the DagBag from /home/airflow/.local/lib/python3.12/site-packages/airflow/example_dags/example_subdag_operator.py
[2025-03-17T14:28:51.572+0000] {processor.py:925} INFO - DAG(s) 'example_subdag_operator.section-1', 'example_subdag_operator.section-2', 'example_subdag_operator' retrieved from /home/airflow/.local/lib/python3.12/site-packages/airflow/example_dags/example_subdag_operator.py
[2025-03-17T14:28:51.579+0000] {logging_mixin.py:190} INFO - [2025-03-17T14:28:51.579+0000] {dag.py:3239} INFO - Sync 3 DAGs
[2025-03-17T14:28:51.591+0000] {logging_mixin.py:190} INFO - [2025-03-17T14:28:51.590+0000] {dag.py:4180} INFO - Setting next_dagrun for example_subdag_operator to 2022-01-01 00:00:00+00:00, run_after=2022-01-01 00:00:00+00:00
[2025-03-17T14:28:51.592+0000] {logging_mixin.py:190} INFO - [2025-03-17T14:28:51.592+0000] {dag.py:4180} INFO - Setting next_dagrun for example_subdag_operator.section-1 to None, run_after=None
[2025-03-17T14:28:51.593+0000] {logging_mixin.py:190} INFO - [2025-03-17T14:28:51.593+0000] {dag.py:4180} INFO - Setting next_dagrun for example_subdag_operator.section-2 to None, run_after=None
[2025-03-17T14:28:51.596+0000] {logging_mixin.py:190} INFO - [2025-03-17T14:28:51.595+0000] {dag.py:3239} INFO - Sync 2 DAGs
[2025-03-17T14:28:51.598+0000] {logging_mixin.py:190} INFO - [2025-03-17T14:28:51.598+0000] {dag.py:4180} INFO - Setting next_dagrun for example_subdag_operator.section-1 to None, run_after=None
[2025-03-17T14:28:51.598+0000] {logging_mixin.py:190} INFO - [2025-03-17T14:28:51.598+0000] {dag.py:4180} INFO - Setting next_dagrun for example_subdag_operator.section-2 to None, run_after=None
[2025-03-17T14:28:51.602+0000] {processor.py:208} INFO - Processing /home/airflow/.local/lib/python3.12/site-packages/airflow/example_dags/example_subdag_operator.py took 0.048 seconds
[2025-03-17T14:29:22.490+0000] {processor.py:186} INFO - Started process (PID=1618) to work on /home/airflow/.local/lib/python3.12/site-packages/airflow/example_dags/example_subdag_operator.py
[2025-03-17T14:29:22.491+0000] {processor.py:914} INFO - Processing file /home/airflow/.local/lib/python3.12/site-packages/airflow/example_dags/example_subdag_operator.py for tasks to queue
[2025-03-17T14:29:22.492+0000] {logging_mixin.py:190} INFO - [2025-03-17T14:29:22.491+0000] {dagbag.py:588} INFO - Filling up the DagBag from /home/airflow/.local/lib/python3.12/site-packages/airflow/example_dags/example_subdag_operator.py
[2025-03-17T14:29:22.505+0000] {processor.py:925} INFO - DAG(s) 'example_subdag_operator.section-1', 'example_subdag_operator.section-2', 'example_subdag_operator' retrieved from /home/airflow/.local/lib/python3.12/site-packages/airflow/example_dags/example_subdag_operator.py
[2025-03-17T14:29:22.511+0000] {logging_mixin.py:190} INFO - [2025-03-17T14:29:22.511+0000] {dag.py:3239} INFO - Sync 3 DAGs
[2025-03-17T14:29:22.522+0000] {logging_mixin.py:190} INFO - [2025-03-17T14:29:22.522+0000] {dag.py:4180} INFO - Setting next_dagrun for example_subdag_operator to 2022-01-01 00:00:00+00:00, run_after=2022-01-01 00:00:00+00:00
[2025-03-17T14:29:22.524+0000] {logging_mixin.py:190} INFO - [2025-03-17T14:29:22.524+0000] {dag.py:4180} INFO - Setting next_dagrun for example_subdag_operator.section-1 to None, run_after=None
[2025-03-17T14:29:22.524+0000] {logging_mixin.py:190} INFO - [2025-03-17T14:29:22.524+0000] {dag.py:4180} INFO - Setting next_dagrun for example_subdag_operator.section-2 to None, run_after=None
[2025-03-17T14:29:22.527+0000] {logging_mixin.py:190} INFO - [2025-03-17T14:29:22.527+0000] {dag.py:3239} INFO - Sync 2 DAGs
[2025-03-17T14:29:22.529+0000] {logging_mixin.py:190} INFO - [2025-03-17T14:29:22.529+0000] {dag.py:4180} INFO - Setting next_dagrun for example_subdag_operator.section-1 to None, run_after=None
[2025-03-17T14:29:22.530+0000] {logging_mixin.py:190} INFO - [2025-03-17T14:29:22.530+0000] {dag.py:4180} INFO - Setting next_dagrun for example_subdag_operator.section-2 to None, run_after=None
[2025-03-17T14:29:22.534+0000] {processor.py:208} INFO - Processing /home/airflow/.local/lib/python3.12/site-packages/airflow/example_dags/example_subdag_operator.py took 0.047 seconds
[2025-03-17T14:29:53.490+0000] {processor.py:186} INFO - Started process (PID=1912) to work on /home/airflow/.local/lib/python3.12/site-packages/airflow/example_dags/example_subdag_operator.py
[2025-03-17T14:29:53.490+0000] {processor.py:914} INFO - Processing file /home/airflow/.local/lib/python3.12/site-packages/airflow/example_dags/example_subdag_operator.py for tasks to queue
[2025-03-17T14:29:53.491+0000] {logging_mixin.py:190} INFO - [2025-03-17T14:29:53.491+0000] {dagbag.py:588} INFO - Filling up the DagBag from /home/airflow/.local/lib/python3.12/site-packages/airflow/example_dags/example_subdag_operator.py
[2025-03-17T14:29:53.504+0000] {processor.py:925} INFO - DAG(s) 'example_subdag_operator.section-1', 'example_subdag_operator.section-2', 'example_subdag_operator' retrieved from /home/airflow/.local/lib/python3.12/site-packages/airflow/example_dags/example_subdag_operator.py
[2025-03-17T14:29:53.511+0000] {logging_mixin.py:190} INFO - [2025-03-17T14:29:53.511+0000] {dag.py:3239} INFO - Sync 3 DAGs
[2025-03-17T14:29:53.523+0000] {logging_mixin.py:190} INFO - [2025-03-17T14:29:53.523+0000] {dag.py:4180} INFO - Setting next_dagrun for example_subdag_operator to 2022-01-01 00:00:00+00:00, run_after=2022-01-01 00:00:00+00:00
[2025-03-17T14:29:53.525+0000] {logging_mixin.py:190} INFO - [2025-03-17T14:29:53.525+0000] {dag.py:4180} INFO - Setting next_dagrun for example_subdag_operator.section-1 to None, run_after=None
[2025-03-17T14:29:53.525+0000] {logging_mixin.py:190} INFO - [2025-03-17T14:29:53.525+0000] {dag.py:4180} INFO - Setting next_dagrun for example_subdag_operator.section-2 to None, run_after=None
[2025-03-17T14:29:53.529+0000] {logging_mixin.py:190} INFO - [2025-03-17T14:29:53.529+0000] {dag.py:3239} INFO - Sync 2 DAGs
[2025-03-17T14:29:53.531+0000] {logging_mixin.py:190} INFO - [2025-03-17T14:29:53.531+0000] {dag.py:4180} INFO - Setting next_dagrun for example_subdag_operator.section-1 to None, run_after=None
[2025-03-17T14:29:53.532+0000] {logging_mixin.py:190} INFO - [2025-03-17T14:29:53.532+0000] {dag.py:4180} INFO - Setting next_dagrun for example_subdag_operator.section-2 to None, run_after=None
[2025-03-17T14:29:53.536+0000] {processor.py:208} INFO - Processing /home/airflow/.local/lib/python3.12/site-packages/airflow/example_dags/example_subdag_operator.py took 0.050 seconds
[2025-03-17T14:30:24.272+0000] {processor.py:186} INFO - Started process (PID=2208) to work on /home/airflow/.local/lib/python3.12/site-packages/airflow/example_dags/example_subdag_operator.py
[2025-03-17T14:30:24.273+0000] {processor.py:914} INFO - Processing file /home/airflow/.local/lib/python3.12/site-packages/airflow/example_dags/example_subdag_operator.py for tasks to queue
[2025-03-17T14:30:24.274+0000] {logging_mixin.py:190} INFO - [2025-03-17T14:30:24.274+0000] {dagbag.py:588} INFO - Filling up the DagBag from /home/airflow/.local/lib/python3.12/site-packages/airflow/example_dags/example_subdag_operator.py
[2025-03-17T14:30:24.287+0000] {processor.py:925} INFO - DAG(s) 'example_subdag_operator.section-1', 'example_subdag_operator.section-2', 'example_subdag_operator' retrieved from /home/airflow/.local/lib/python3.12/site-packages/airflow/example_dags/example_subdag_operator.py
[2025-03-17T14:30:24.295+0000] {logging_mixin.py:190} INFO - [2025-03-17T14:30:24.294+0000] {dag.py:3239} INFO - Sync 3 DAGs
[2025-03-17T14:30:24.308+0000] {logging_mixin.py:190} INFO - [2025-03-17T14:30:24.308+0000] {dag.py:4180} INFO - Setting next_dagrun for example_subdag_operator to 2022-01-01 00:00:00+00:00, run_after=2022-01-01 00:00:00+00:00
[2025-03-17T14:30:24.310+0000] {logging_mixin.py:190} INFO - [2025-03-17T14:30:24.310+0000] {dag.py:4180} INFO - Setting next_dagrun for example_subdag_operator.section-1 to None, run_after=None
[2025-03-17T14:30:24.311+0000] {logging_mixin.py:190} INFO - [2025-03-17T14:30:24.311+0000] {dag.py:4180} INFO - Setting next_dagrun for example_subdag_operator.section-2 to None, run_after=None
[2025-03-17T14:30:24.314+0000] {logging_mixin.py:190} INFO - [2025-03-17T14:30:24.314+0000] {dag.py:3239} INFO - Sync 2 DAGs
[2025-03-17T14:30:24.316+0000] {logging_mixin.py:190} INFO - [2025-03-17T14:30:24.316+0000] {dag.py:4180} INFO - Setting next_dagrun for example_subdag_operator.section-1 to None, run_after=None
[2025-03-17T14:30:24.316+0000] {logging_mixin.py:190} INFO - [2025-03-17T14:30:24.316+0000] {dag.py:4180} INFO - Setting next_dagrun for example_subdag_operator.section-2 to None, run_after=None
[2025-03-17T14:30:24.321+0000] {processor.py:208} INFO - Processing /home/airflow/.local/lib/python3.12/site-packages/airflow/example_dags/example_subdag_operator.py took 0.052 seconds
[2025-03-17T14:30:55.364+0000] {processor.py:186} INFO - Started process (PID=2504) to work on /home/airflow/.local/lib/python3.12/site-packages/airflow/example_dags/example_subdag_operator.py
[2025-03-17T14:30:55.364+0000] {processor.py:914} INFO - Processing file /home/airflow/.local/lib/python3.12/site-packages/airflow/example_dags/example_subdag_operator.py for tasks to queue
[2025-03-17T14:30:55.365+0000] {logging_mixin.py:190} INFO - [2025-03-17T14:30:55.365+0000] {dagbag.py:588} INFO - Filling up the DagBag from /home/airflow/.local/lib/python3.12/site-packages/airflow/example_dags/example_subdag_operator.py
[2025-03-17T14:30:55.378+0000] {processor.py:925} INFO - DAG(s) 'example_subdag_operator.section-1', 'example_subdag_operator.section-2', 'example_subdag_operator' retrieved from /home/airflow/.local/lib/python3.12/site-packages/airflow/example_dags/example_subdag_operator.py
[2025-03-17T14:30:55.384+0000] {logging_mixin.py:190} INFO - [2025-03-17T14:30:55.384+0000] {dag.py:3239} INFO - Sync 3 DAGs
[2025-03-17T14:30:55.395+0000] {logging_mixin.py:190} INFO - [2025-03-17T14:30:55.395+0000] {dag.py:4180} INFO - Setting next_dagrun for example_subdag_operator to 2022-01-01 00:00:00+00:00, run_after=2022-01-01 00:00:00+00:00
[2025-03-17T14:30:55.397+0000] {logging_mixin.py:190} INFO - [2025-03-17T14:30:55.397+0000] {dag.py:4180} INFO - Setting next_dagrun for example_subdag_operator.section-1 to None, run_after=None
[2025-03-17T14:30:55.397+0000] {logging_mixin.py:190} INFO - [2025-03-17T14:30:55.397+0000] {dag.py:4180} INFO - Setting next_dagrun for example_subdag_operator.section-2 to None, run_after=None
[2025-03-17T14:30:55.400+0000] {logging_mixin.py:190} INFO - [2025-03-17T14:30:55.400+0000] {dag.py:3239} INFO - Sync 2 DAGs
[2025-03-17T14:30:55.402+0000] {logging_mixin.py:190} INFO - [2025-03-17T14:30:55.402+0000] {dag.py:4180} INFO - Setting next_dagrun for example_subdag_operator.section-1 to None, run_after=None
[2025-03-17T14:30:55.403+0000] {logging_mixin.py:190} INFO - [2025-03-17T14:30:55.402+0000] {dag.py:4180} INFO - Setting next_dagrun for example_subdag_operator.section-2 to None, run_after=None
[2025-03-17T14:30:55.406+0000] {processor.py:208} INFO - Processing /home/airflow/.local/lib/python3.12/site-packages/airflow/example_dags/example_subdag_operator.py took 0.045 seconds
[2025-03-17T14:31:26.461+0000] {processor.py:186} INFO - Started process (PID=2800) to work on /home/airflow/.local/lib/python3.12/site-packages/airflow/example_dags/example_subdag_operator.py
[2025-03-17T14:31:26.461+0000] {processor.py:914} INFO - Processing file /home/airflow/.local/lib/python3.12/site-packages/airflow/example_dags/example_subdag_operator.py for tasks to queue
[2025-03-17T14:31:26.462+0000] {logging_mixin.py:190} INFO - [2025-03-17T14:31:26.462+0000] {dagbag.py:588} INFO - Filling up the DagBag from /home/airflow/.local/lib/python3.12/site-packages/airflow/example_dags/example_subdag_operator.py
[2025-03-17T14:31:26.476+0000] {processor.py:925} INFO - DAG(s) 'example_subdag_operator.section-1', 'example_subdag_operator.section-2', 'example_subdag_operator' retrieved from /home/airflow/.local/lib/python3.12/site-packages/airflow/example_dags/example_subdag_operator.py
[2025-03-17T14:31:26.484+0000] {logging_mixin.py:190} INFO - [2025-03-17T14:31:26.484+0000] {dag.py:3239} INFO - Sync 3 DAGs
[2025-03-17T14:31:26.496+0000] {logging_mixin.py:190} INFO - [2025-03-17T14:31:26.496+0000] {dag.py:4180} INFO - Setting next_dagrun for example_subdag_operator to 2022-01-01 00:00:00+00:00, run_after=2022-01-01 00:00:00+00:00
[2025-03-17T14:31:26.498+0000] {logging_mixin.py:190} INFO - [2025-03-17T14:31:26.498+0000] {dag.py:4180} INFO - Setting next_dagrun for example_subdag_operator.section-1 to None, run_after=None
[2025-03-17T14:31:26.499+0000] {logging_mixin.py:190} INFO - [2025-03-17T14:31:26.499+0000] {dag.py:4180} INFO - Setting next_dagrun for example_subdag_operator.section-2 to None, run_after=None
[2025-03-17T14:31:26.502+0000] {logging_mixin.py:190} INFO - [2025-03-17T14:31:26.502+0000] {dag.py:3239} INFO - Sync 2 DAGs
[2025-03-17T14:31:26.505+0000] {logging_mixin.py:190} INFO - [2025-03-17T14:31:26.505+0000] {dag.py:4180} INFO - Setting next_dagrun for example_subdag_operator.section-1 to None, run_after=None
[2025-03-17T14:31:26.505+0000] {logging_mixin.py:190} INFO - [2025-03-17T14:31:26.505+0000] {dag.py:4180} INFO - Setting next_dagrun for example_subdag_operator.section-2 to None, run_after=None
[2025-03-17T14:31:26.509+0000] {processor.py:208} INFO - Processing /home/airflow/.local/lib/python3.12/site-packages/airflow/example_dags/example_subdag_operator.py took 0.051 seconds
[2025-03-17T14:31:57.589+0000] {processor.py:186} INFO - Started process (PID=3096) to work on /home/airflow/.local/lib/python3.12/site-packages/airflow/example_dags/example_subdag_operator.py
[2025-03-17T14:31:57.589+0000] {processor.py:914} INFO - Processing file /home/airflow/.local/lib/python3.12/site-packages/airflow/example_dags/example_subdag_operator.py for tasks to queue
[2025-03-17T14:31:57.590+0000] {logging_mixin.py:190} INFO - [2025-03-17T14:31:57.590+0000] {dagbag.py:588} INFO - Filling up the DagBag from /home/airflow/.local/lib/python3.12/site-packages/airflow/example_dags/example_subdag_operator.py
[2025-03-17T14:31:57.603+0000] {processor.py:925} INFO - DAG(s) 'example_subdag_operator.section-1', 'example_subdag_operator.section-2', 'example_subdag_operator' retrieved from /home/airflow/.local/lib/python3.12/site-packages/airflow/example_dags/example_subdag_operator.py
[2025-03-17T14:31:57.609+0000] {logging_mixin.py:190} INFO - [2025-03-17T14:31:57.609+0000] {dag.py:3239} INFO - Sync 3 DAGs
[2025-03-17T14:31:57.621+0000] {logging_mixin.py:190} INFO - [2025-03-17T14:31:57.621+0000] {dag.py:4180} INFO - Setting next_dagrun for example_subdag_operator to 2022-01-01 00:00:00+00:00, run_after=2022-01-01 00:00:00+00:00
[2025-03-17T14:31:57.622+0000] {logging_mixin.py:190} INFO - [2025-03-17T14:31:57.622+0000] {dag.py:4180} INFO - Setting next_dagrun for example_subdag_operator.section-1 to None, run_after=None
[2025-03-17T14:31:57.623+0000] {logging_mixin.py:190} INFO - [2025-03-17T14:31:57.623+0000] {dag.py:4180} INFO - Setting next_dagrun for example_subdag_operator.section-2 to None, run_after=None
[2025-03-17T14:31:57.626+0000] {logging_mixin.py:190} INFO - [2025-03-17T14:31:57.626+0000] {dag.py:3239} INFO - Sync 2 DAGs
[2025-03-17T14:31:57.628+0000] {logging_mixin.py:190} INFO - [2025-03-17T14:31:57.628+0000] {dag.py:4180} INFO - Setting next_dagrun for example_subdag_operator.section-1 to None, run_after=None
[2025-03-17T14:31:57.628+0000] {logging_mixin.py:190} INFO - [2025-03-17T14:31:57.628+0000] {dag.py:4180} INFO - Setting next_dagrun for example_subdag_operator.section-2 to None, run_after=None
[2025-03-17T14:31:57.633+0000] {processor.py:208} INFO - Processing /home/airflow/.local/lib/python3.12/site-packages/airflow/example_dags/example_subdag_operator.py took 0.047 seconds
[2025-03-17T14:32:28.014+0000] {processor.py:186} INFO - Started process (PID=3394) to work on /home/airflow/.local/lib/python3.12/site-packages/airflow/example_dags/example_subdag_operator.py
[2025-03-17T14:32:28.015+0000] {processor.py:914} INFO - Processing file /home/airflow/.local/lib/python3.12/site-packages/airflow/example_dags/example_subdag_operator.py for tasks to queue
[2025-03-17T14:32:28.016+0000] {logging_mixin.py:190} INFO - [2025-03-17T14:32:28.016+0000] {dagbag.py:588} INFO - Filling up the DagBag from /home/airflow/.local/lib/python3.12/site-packages/airflow/example_dags/example_subdag_operator.py
[2025-03-17T14:32:28.029+0000] {processor.py:925} INFO - DAG(s) 'example_subdag_operator.section-1', 'example_subdag_operator.section-2', 'example_subdag_operator' retrieved from /home/airflow/.local/lib/python3.12/site-packages/airflow/example_dags/example_subdag_operator.py
[2025-03-17T14:32:28.037+0000] {logging_mixin.py:190} INFO - [2025-03-17T14:32:28.036+0000] {dag.py:3239} INFO - Sync 3 DAGs
[2025-03-17T14:32:28.049+0000] {logging_mixin.py:190} INFO - [2025-03-17T14:32:28.049+0000] {dag.py:4180} INFO - Setting next_dagrun for example_subdag_operator to 2022-01-01 00:00:00+00:00, run_after=2022-01-01 00:00:00+00:00
[2025-03-17T14:32:28.051+0000] {logging_mixin.py:190} INFO - [2025-03-17T14:32:28.051+0000] {dag.py:4180} INFO - Setting next_dagrun for example_subdag_operator.section-1 to None, run_after=None
[2025-03-17T14:32:28.051+0000] {logging_mixin.py:190} INFO - [2025-03-17T14:32:28.051+0000] {dag.py:4180} INFO - Setting next_dagrun for example_subdag_operator.section-2 to None, run_after=None
[2025-03-17T14:32:28.055+0000] {logging_mixin.py:190} INFO - [2025-03-17T14:32:28.055+0000] {dag.py:3239} INFO - Sync 2 DAGs
[2025-03-17T14:32:28.058+0000] {logging_mixin.py:190} INFO - [2025-03-17T14:32:28.058+0000] {dag.py:4180} INFO - Setting next_dagrun for example_subdag_operator.section-1 to None, run_after=None
[2025-03-17T14:32:28.058+0000] {logging_mixin.py:190} INFO - [2025-03-17T14:32:28.058+0000] {dag.py:4180} INFO - Setting next_dagrun for example_subdag_operator.section-2 to None, run_after=None
[2025-03-17T14:32:28.064+0000] {processor.py:208} INFO - Processing /home/airflow/.local/lib/python3.12/site-packages/airflow/example_dags/example_subdag_operator.py took 0.052 seconds
[2025-03-17T14:32:58.769+0000] {processor.py:186} INFO - Started process (PID=3688) to work on /home/airflow/.local/lib/python3.12/site-packages/airflow/example_dags/example_subdag_operator.py
[2025-03-17T14:32:58.769+0000] {processor.py:914} INFO - Processing file /home/airflow/.local/lib/python3.12/site-packages/airflow/example_dags/example_subdag_operator.py for tasks to queue
[2025-03-17T14:32:58.770+0000] {logging_mixin.py:190} INFO - [2025-03-17T14:32:58.770+0000] {dagbag.py:588} INFO - Filling up the DagBag from /home/airflow/.local/lib/python3.12/site-packages/airflow/example_dags/example_subdag_operator.py
[2025-03-17T14:32:58.783+0000] {processor.py:925} INFO - DAG(s) 'example_subdag_operator.section-1', 'example_subdag_operator.section-2', 'example_subdag_operator' retrieved from /home/airflow/.local/lib/python3.12/site-packages/airflow/example_dags/example_subdag_operator.py
[2025-03-17T14:32:58.790+0000] {logging_mixin.py:190} INFO - [2025-03-17T14:32:58.790+0000] {dag.py:3239} INFO - Sync 3 DAGs
[2025-03-17T14:32:58.801+0000] {logging_mixin.py:190} INFO - [2025-03-17T14:32:58.801+0000] {dag.py:4180} INFO - Setting next_dagrun for example_subdag_operator to 2022-01-01 00:00:00+00:00, run_after=2022-01-01 00:00:00+00:00
[2025-03-17T14:32:58.803+0000] {logging_mixin.py:190} INFO - [2025-03-17T14:32:58.803+0000] {dag.py:4180} INFO - Setting next_dagrun for example_subdag_operator.section-1 to None, run_after=None
[2025-03-17T14:32:58.803+0000] {logging_mixin.py:190} INFO - [2025-03-17T14:32:58.803+0000] {dag.py:4180} INFO - Setting next_dagrun for example_subdag_operator.section-2 to None, run_after=None
[2025-03-17T14:32:58.806+0000] {logging_mixin.py:190} INFO - [2025-03-17T14:32:58.806+0000] {dag.py:3239} INFO - Sync 2 DAGs
[2025-03-17T14:32:58.809+0000] {logging_mixin.py:190} INFO - [2025-03-17T14:32:58.809+0000] {dag.py:4180} INFO - Setting next_dagrun for example_subdag_operator.section-1 to None, run_after=None
[2025-03-17T14:32:58.809+0000] {logging_mixin.py:190} INFO - [2025-03-17T14:32:58.809+0000] {dag.py:4180} INFO - Setting next_dagrun for example_subdag_operator.section-2 to None, run_after=None
[2025-03-17T14:32:58.813+0000] {processor.py:208} INFO - Processing /home/airflow/.local/lib/python3.12/site-packages/airflow/example_dags/example_subdag_operator.py took 0.047 seconds
