[2025-03-17T13:55:38.649+0000] {processor.py:186} INFO - Started process (PID=183) to work on /home/airflow/.local/lib/python3.12/site-packages/airflow/example_dags/example_python_decorator.py
[2025-03-17T13:55:38.650+0000] {processor.py:914} INFO - Processing file /home/airflow/.local/lib/python3.12/site-packages/airflow/example_dags/example_python_decorator.py for tasks to queue
[2025-03-17T13:55:38.650+0000] {logging_mixin.py:190} INFO - [2025-03-17T13:55:38.650+0000] {dagbag.py:588} INFO - Filling up the DagBag from /home/airflow/.local/lib/python3.12/site-packages/airflow/example_dags/example_python_decorator.py
[2025-03-17T13:55:38.666+0000] {processor.py:925} INFO - DAG(s) 'example_python_decorator' retrieved from /home/airflow/.local/lib/python3.12/site-packages/airflow/example_dags/example_python_decorator.py
[2025-03-17T13:55:38.798+0000] {logging_mixin.py:190} INFO - [2025-03-17T13:55:38.797+0000] {override.py:1912} INFO - Created Permission View: can delete on DAG:example_python_decorator
[2025-03-17T13:55:38.801+0000] {logging_mixin.py:190} INFO - [2025-03-17T13:55:38.801+0000] {override.py:1912} INFO - Created Permission View: can edit on DAG:example_python_decorator
[2025-03-17T13:55:38.804+0000] {logging_mixin.py:190} INFO - [2025-03-17T13:55:38.804+0000] {override.py:1912} INFO - Created Permission View: can read on DAG:example_python_decorator
[2025-03-17T13:55:38.807+0000] {logging_mixin.py:190} INFO - [2025-03-17T13:55:38.807+0000] {override.py:1912} INFO - Created Permission View: menu access on DAG Run:example_python_decorator
[2025-03-17T13:55:38.809+0000] {logging_mixin.py:190} INFO - [2025-03-17T13:55:38.809+0000] {override.py:1912} INFO - Created Permission View: can delete on DAG Run:example_python_decorator
[2025-03-17T13:55:38.811+0000] {logging_mixin.py:190} INFO - [2025-03-17T13:55:38.811+0000] {override.py:1912} INFO - Created Permission View: can create on DAG Run:example_python_decorator
[2025-03-17T13:55:38.813+0000] {logging_mixin.py:190} INFO - [2025-03-17T13:55:38.813+0000] {override.py:1912} INFO - Created Permission View: can read on DAG Run:example_python_decorator
[2025-03-17T13:55:38.813+0000] {logging_mixin.py:190} INFO - [2025-03-17T13:55:38.813+0000] {dag.py:3239} INFO - Sync 1 DAGs
[2025-03-17T13:55:38.818+0000] {logging_mixin.py:190} INFO - [2025-03-17T13:55:38.818+0000] {dag.py:3262} INFO - Creating ORM DAG for example_python_decorator
[2025-03-17T13:55:38.819+0000] {logging_mixin.py:190} INFO - [2025-03-17T13:55:38.819+0000] {dag.py:4180} INFO - Setting next_dagrun for example_python_decorator to None, run_after=None
[2025-03-17T13:55:38.826+0000] {processor.py:208} INFO - Processing /home/airflow/.local/lib/python3.12/site-packages/airflow/example_dags/example_python_decorator.py took 0.179 seconds
[2025-03-17T13:56:09.673+0000] {processor.py:186} INFO - Started process (PID=480) to work on /home/airflow/.local/lib/python3.12/site-packages/airflow/example_dags/example_python_decorator.py
[2025-03-17T13:56:09.674+0000] {processor.py:914} INFO - Processing file /home/airflow/.local/lib/python3.12/site-packages/airflow/example_dags/example_python_decorator.py for tasks to queue
[2025-03-17T13:56:09.676+0000] {logging_mixin.py:190} INFO - [2025-03-17T13:56:09.675+0000] {dagbag.py:588} INFO - Filling up the DagBag from /home/airflow/.local/lib/python3.12/site-packages/airflow/example_dags/example_python_decorator.py
[2025-03-17T13:56:09.683+0000] {processor.py:925} INFO - DAG(s) 'example_python_decorator' retrieved from /home/airflow/.local/lib/python3.12/site-packages/airflow/example_dags/example_python_decorator.py
[2025-03-17T13:56:09.694+0000] {logging_mixin.py:190} INFO - [2025-03-17T13:56:09.694+0000] {dag.py:3239} INFO - Sync 1 DAGs
[2025-03-17T13:56:09.702+0000] {logging_mixin.py:190} INFO - [2025-03-17T13:56:09.701+0000] {dag.py:4180} INFO - Setting next_dagrun for example_python_decorator to None, run_after=None
[2025-03-17T13:56:09.710+0000] {processor.py:208} INFO - Processing /home/airflow/.local/lib/python3.12/site-packages/airflow/example_dags/example_python_decorator.py took 0.040 seconds
[2025-03-17T14:27:16.395+0000] {processor.py:186} INFO - Started process (PID=186) to work on /home/airflow/.local/lib/python3.12/site-packages/airflow/example_dags/example_python_decorator.py
[2025-03-17T14:27:16.395+0000] {processor.py:914} INFO - Processing file /home/airflow/.local/lib/python3.12/site-packages/airflow/example_dags/example_python_decorator.py for tasks to queue
[2025-03-17T14:27:16.396+0000] {logging_mixin.py:190} INFO - [2025-03-17T14:27:16.396+0000] {dagbag.py:588} INFO - Filling up the DagBag from /home/airflow/.local/lib/python3.12/site-packages/airflow/example_dags/example_python_decorator.py
[2025-03-17T14:27:16.407+0000] {processor.py:925} INFO - DAG(s) 'example_python_decorator' retrieved from /home/airflow/.local/lib/python3.12/site-packages/airflow/example_dags/example_python_decorator.py
[2025-03-17T14:27:16.530+0000] {logging_mixin.py:190} INFO - [2025-03-17T14:27:16.530+0000] {dag.py:3239} INFO - Sync 1 DAGs
[2025-03-17T14:27:16.537+0000] {logging_mixin.py:190} INFO - [2025-03-17T14:27:16.537+0000] {dag.py:4180} INFO - Setting next_dagrun for example_python_decorator to None, run_after=None
[2025-03-17T14:27:16.546+0000] {processor.py:208} INFO - Processing /home/airflow/.local/lib/python3.12/site-packages/airflow/example_dags/example_python_decorator.py took 0.154 seconds
[2025-03-17T14:27:46.926+0000] {processor.py:186} INFO - Started process (PID=482) to work on /home/airflow/.local/lib/python3.12/site-packages/airflow/example_dags/example_python_decorator.py
[2025-03-17T14:27:46.927+0000] {processor.py:914} INFO - Processing file /home/airflow/.local/lib/python3.12/site-packages/airflow/example_dags/example_python_decorator.py for tasks to queue
[2025-03-17T14:27:46.928+0000] {logging_mixin.py:190} INFO - [2025-03-17T14:27:46.928+0000] {dagbag.py:588} INFO - Filling up the DagBag from /home/airflow/.local/lib/python3.12/site-packages/airflow/example_dags/example_python_decorator.py
[2025-03-17T14:27:46.935+0000] {processor.py:925} INFO - DAG(s) 'example_python_decorator' retrieved from /home/airflow/.local/lib/python3.12/site-packages/airflow/example_dags/example_python_decorator.py
[2025-03-17T14:27:46.945+0000] {logging_mixin.py:190} INFO - [2025-03-17T14:27:46.945+0000] {dag.py:3239} INFO - Sync 1 DAGs
[2025-03-17T14:27:46.952+0000] {logging_mixin.py:190} INFO - [2025-03-17T14:27:46.951+0000] {dag.py:4180} INFO - Setting next_dagrun for example_python_decorator to None, run_after=None
[2025-03-17T14:27:46.959+0000] {processor.py:208} INFO - Processing /home/airflow/.local/lib/python3.12/site-packages/airflow/example_dags/example_python_decorator.py took 0.035 seconds
[2025-03-17T14:28:16.990+0000] {processor.py:186} INFO - Started process (PID=778) to work on /home/airflow/.local/lib/python3.12/site-packages/airflow/example_dags/example_python_decorator.py
[2025-03-17T14:28:16.991+0000] {processor.py:914} INFO - Processing file /home/airflow/.local/lib/python3.12/site-packages/airflow/example_dags/example_python_decorator.py for tasks to queue
[2025-03-17T14:28:16.992+0000] {logging_mixin.py:190} INFO - [2025-03-17T14:28:16.992+0000] {dagbag.py:588} INFO - Filling up the DagBag from /home/airflow/.local/lib/python3.12/site-packages/airflow/example_dags/example_python_decorator.py
[2025-03-17T14:28:16.998+0000] {processor.py:925} INFO - DAG(s) 'example_python_decorator' retrieved from /home/airflow/.local/lib/python3.12/site-packages/airflow/example_dags/example_python_decorator.py
[2025-03-17T14:28:17.010+0000] {logging_mixin.py:190} INFO - [2025-03-17T14:28:17.010+0000] {dag.py:3239} INFO - Sync 1 DAGs
[2025-03-17T14:28:17.017+0000] {logging_mixin.py:190} INFO - [2025-03-17T14:28:17.017+0000] {dag.py:4180} INFO - Setting next_dagrun for example_python_decorator to None, run_after=None
[2025-03-17T14:28:17.024+0000] {processor.py:208} INFO - Processing /home/airflow/.local/lib/python3.12/site-packages/airflow/example_dags/example_python_decorator.py took 0.036 seconds
[2025-03-17T14:28:47.479+0000] {processor.py:186} INFO - Started process (PID=1074) to work on /home/airflow/.local/lib/python3.12/site-packages/airflow/example_dags/example_python_decorator.py
[2025-03-17T14:28:47.480+0000] {processor.py:914} INFO - Processing file /home/airflow/.local/lib/python3.12/site-packages/airflow/example_dags/example_python_decorator.py for tasks to queue
[2025-03-17T14:28:47.481+0000] {logging_mixin.py:190} INFO - [2025-03-17T14:28:47.480+0000] {dagbag.py:588} INFO - Filling up the DagBag from /home/airflow/.local/lib/python3.12/site-packages/airflow/example_dags/example_python_decorator.py
[2025-03-17T14:28:47.488+0000] {processor.py:925} INFO - DAG(s) 'example_python_decorator' retrieved from /home/airflow/.local/lib/python3.12/site-packages/airflow/example_dags/example_python_decorator.py
[2025-03-17T14:28:47.499+0000] {logging_mixin.py:190} INFO - [2025-03-17T14:28:47.499+0000] {dag.py:3239} INFO - Sync 1 DAGs
[2025-03-17T14:28:47.507+0000] {logging_mixin.py:190} INFO - [2025-03-17T14:28:47.507+0000] {dag.py:4180} INFO - Setting next_dagrun for example_python_decorator to None, run_after=None
[2025-03-17T14:28:47.515+0000] {processor.py:208} INFO - Processing /home/airflow/.local/lib/python3.12/site-packages/airflow/example_dags/example_python_decorator.py took 0.039 seconds
[2025-03-17T14:29:18.070+0000] {processor.py:186} INFO - Started process (PID=1376) to work on /home/airflow/.local/lib/python3.12/site-packages/airflow/example_dags/example_python_decorator.py
[2025-03-17T14:29:18.071+0000] {processor.py:914} INFO - Processing file /home/airflow/.local/lib/python3.12/site-packages/airflow/example_dags/example_python_decorator.py for tasks to queue
[2025-03-17T14:29:18.072+0000] {logging_mixin.py:190} INFO - [2025-03-17T14:29:18.072+0000] {dagbag.py:588} INFO - Filling up the DagBag from /home/airflow/.local/lib/python3.12/site-packages/airflow/example_dags/example_python_decorator.py
[2025-03-17T14:29:18.080+0000] {processor.py:925} INFO - DAG(s) 'example_python_decorator' retrieved from /home/airflow/.local/lib/python3.12/site-packages/airflow/example_dags/example_python_decorator.py
[2025-03-17T14:29:18.091+0000] {logging_mixin.py:190} INFO - [2025-03-17T14:29:18.091+0000] {dag.py:3239} INFO - Sync 1 DAGs
[2025-03-17T14:29:18.098+0000] {logging_mixin.py:190} INFO - [2025-03-17T14:29:18.097+0000] {dag.py:4180} INFO - Setting next_dagrun for example_python_decorator to None, run_after=None
[2025-03-17T14:29:18.104+0000] {processor.py:208} INFO - Processing /home/airflow/.local/lib/python3.12/site-packages/airflow/example_dags/example_python_decorator.py took 0.038 seconds
[2025-03-17T14:29:48.984+0000] {processor.py:186} INFO - Started process (PID=1672) to work on /home/airflow/.local/lib/python3.12/site-packages/airflow/example_dags/example_python_decorator.py
[2025-03-17T14:29:48.985+0000] {processor.py:914} INFO - Processing file /home/airflow/.local/lib/python3.12/site-packages/airflow/example_dags/example_python_decorator.py for tasks to queue
[2025-03-17T14:29:48.986+0000] {logging_mixin.py:190} INFO - [2025-03-17T14:29:48.985+0000] {dagbag.py:588} INFO - Filling up the DagBag from /home/airflow/.local/lib/python3.12/site-packages/airflow/example_dags/example_python_decorator.py
[2025-03-17T14:29:48.992+0000] {processor.py:925} INFO - DAG(s) 'example_python_decorator' retrieved from /home/airflow/.local/lib/python3.12/site-packages/airflow/example_dags/example_python_decorator.py
[2025-03-17T14:29:49.003+0000] {logging_mixin.py:190} INFO - [2025-03-17T14:29:49.003+0000] {dag.py:3239} INFO - Sync 1 DAGs
[2025-03-17T14:29:49.011+0000] {logging_mixin.py:190} INFO - [2025-03-17T14:29:49.011+0000] {dag.py:4180} INFO - Setting next_dagrun for example_python_decorator to None, run_after=None
[2025-03-17T14:29:49.020+0000] {processor.py:208} INFO - Processing /home/airflow/.local/lib/python3.12/site-packages/airflow/example_dags/example_python_decorator.py took 0.039 seconds
[2025-03-17T14:30:19.996+0000] {processor.py:186} INFO - Started process (PID=1968) to work on /home/airflow/.local/lib/python3.12/site-packages/airflow/example_dags/example_python_decorator.py
[2025-03-17T14:30:19.996+0000] {processor.py:914} INFO - Processing file /home/airflow/.local/lib/python3.12/site-packages/airflow/example_dags/example_python_decorator.py for tasks to queue
[2025-03-17T14:30:19.997+0000] {logging_mixin.py:190} INFO - [2025-03-17T14:30:19.997+0000] {dagbag.py:588} INFO - Filling up the DagBag from /home/airflow/.local/lib/python3.12/site-packages/airflow/example_dags/example_python_decorator.py
[2025-03-17T14:30:20.004+0000] {processor.py:925} INFO - DAG(s) 'example_python_decorator' retrieved from /home/airflow/.local/lib/python3.12/site-packages/airflow/example_dags/example_python_decorator.py
[2025-03-17T14:30:20.015+0000] {logging_mixin.py:190} INFO - [2025-03-17T14:30:20.014+0000] {dag.py:3239} INFO - Sync 1 DAGs
[2025-03-17T14:30:20.021+0000] {logging_mixin.py:190} INFO - [2025-03-17T14:30:20.021+0000] {dag.py:4180} INFO - Setting next_dagrun for example_python_decorator to None, run_after=None
[2025-03-17T14:30:20.028+0000] {processor.py:208} INFO - Processing /home/airflow/.local/lib/python3.12/site-packages/airflow/example_dags/example_python_decorator.py took 0.036 seconds
[2025-03-17T14:30:50.785+0000] {processor.py:186} INFO - Started process (PID=2264) to work on /home/airflow/.local/lib/python3.12/site-packages/airflow/example_dags/example_python_decorator.py
[2025-03-17T14:30:50.785+0000] {processor.py:914} INFO - Processing file /home/airflow/.local/lib/python3.12/site-packages/airflow/example_dags/example_python_decorator.py for tasks to queue
[2025-03-17T14:30:50.786+0000] {logging_mixin.py:190} INFO - [2025-03-17T14:30:50.786+0000] {dagbag.py:588} INFO - Filling up the DagBag from /home/airflow/.local/lib/python3.12/site-packages/airflow/example_dags/example_python_decorator.py
[2025-03-17T14:30:50.793+0000] {processor.py:925} INFO - DAG(s) 'example_python_decorator' retrieved from /home/airflow/.local/lib/python3.12/site-packages/airflow/example_dags/example_python_decorator.py
[2025-03-17T14:30:50.805+0000] {logging_mixin.py:190} INFO - [2025-03-17T14:30:50.805+0000] {dag.py:3239} INFO - Sync 1 DAGs
[2025-03-17T14:30:50.813+0000] {logging_mixin.py:190} INFO - [2025-03-17T14:30:50.813+0000] {dag.py:4180} INFO - Setting next_dagrun for example_python_decorator to None, run_after=None
[2025-03-17T14:30:50.822+0000] {processor.py:208} INFO - Processing /home/airflow/.local/lib/python3.12/site-packages/airflow/example_dags/example_python_decorator.py took 0.040 seconds
[2025-03-17T14:31:20.892+0000] {processor.py:186} INFO - Started process (PID=2562) to work on /home/airflow/.local/lib/python3.12/site-packages/airflow/example_dags/example_python_decorator.py
[2025-03-17T14:31:20.892+0000] {processor.py:914} INFO - Processing file /home/airflow/.local/lib/python3.12/site-packages/airflow/example_dags/example_python_decorator.py for tasks to queue
[2025-03-17T14:31:20.893+0000] {logging_mixin.py:190} INFO - [2025-03-17T14:31:20.893+0000] {dagbag.py:588} INFO - Filling up the DagBag from /home/airflow/.local/lib/python3.12/site-packages/airflow/example_dags/example_python_decorator.py
[2025-03-17T14:31:20.900+0000] {processor.py:925} INFO - DAG(s) 'example_python_decorator' retrieved from /home/airflow/.local/lib/python3.12/site-packages/airflow/example_dags/example_python_decorator.py
[2025-03-17T14:31:20.911+0000] {logging_mixin.py:190} INFO - [2025-03-17T14:31:20.911+0000] {dag.py:3239} INFO - Sync 1 DAGs
[2025-03-17T14:31:20.917+0000] {logging_mixin.py:190} INFO - [2025-03-17T14:31:20.917+0000] {dag.py:4180} INFO - Setting next_dagrun for example_python_decorator to None, run_after=None
[2025-03-17T14:31:20.925+0000] {processor.py:208} INFO - Processing /home/airflow/.local/lib/python3.12/site-packages/airflow/example_dags/example_python_decorator.py took 0.036 seconds
[2025-03-17T14:31:50.982+0000] {processor.py:186} INFO - Started process (PID=2856) to work on /home/airflow/.local/lib/python3.12/site-packages/airflow/example_dags/example_python_decorator.py
[2025-03-17T14:31:50.982+0000] {processor.py:914} INFO - Processing file /home/airflow/.local/lib/python3.12/site-packages/airflow/example_dags/example_python_decorator.py for tasks to queue
[2025-03-17T14:31:50.983+0000] {logging_mixin.py:190} INFO - [2025-03-17T14:31:50.983+0000] {dagbag.py:588} INFO - Filling up the DagBag from /home/airflow/.local/lib/python3.12/site-packages/airflow/example_dags/example_python_decorator.py
[2025-03-17T14:31:50.992+0000] {processor.py:925} INFO - DAG(s) 'example_python_decorator' retrieved from /home/airflow/.local/lib/python3.12/site-packages/airflow/example_dags/example_python_decorator.py
[2025-03-17T14:31:51.004+0000] {logging_mixin.py:190} INFO - [2025-03-17T14:31:51.004+0000] {dag.py:3239} INFO - Sync 1 DAGs
[2025-03-17T14:31:51.011+0000] {logging_mixin.py:190} INFO - [2025-03-17T14:31:51.011+0000] {dag.py:4180} INFO - Setting next_dagrun for example_python_decorator to None, run_after=None
[2025-03-17T14:31:51.019+0000] {processor.py:208} INFO - Processing /home/airflow/.local/lib/python3.12/site-packages/airflow/example_dags/example_python_decorator.py took 0.040 seconds
[2025-03-17T14:32:21.081+0000] {processor.py:186} INFO - Started process (PID=3152) to work on /home/airflow/.local/lib/python3.12/site-packages/airflow/example_dags/example_python_decorator.py
[2025-03-17T14:32:21.082+0000] {processor.py:914} INFO - Processing file /home/airflow/.local/lib/python3.12/site-packages/airflow/example_dags/example_python_decorator.py for tasks to queue
[2025-03-17T14:32:21.083+0000] {logging_mixin.py:190} INFO - [2025-03-17T14:32:21.083+0000] {dagbag.py:588} INFO - Filling up the DagBag from /home/airflow/.local/lib/python3.12/site-packages/airflow/example_dags/example_python_decorator.py
[2025-03-17T14:32:21.090+0000] {processor.py:925} INFO - DAG(s) 'example_python_decorator' retrieved from /home/airflow/.local/lib/python3.12/site-packages/airflow/example_dags/example_python_decorator.py
[2025-03-17T14:32:21.100+0000] {logging_mixin.py:190} INFO - [2025-03-17T14:32:21.100+0000] {dag.py:3239} INFO - Sync 1 DAGs
[2025-03-17T14:32:21.106+0000] {logging_mixin.py:190} INFO - [2025-03-17T14:32:21.106+0000] {dag.py:4180} INFO - Setting next_dagrun for example_python_decorator to None, run_after=None
[2025-03-17T14:32:21.113+0000] {processor.py:208} INFO - Processing /home/airflow/.local/lib/python3.12/site-packages/airflow/example_dags/example_python_decorator.py took 0.035 seconds
[2025-03-17T14:32:51.472+0000] {processor.py:186} INFO - Started process (PID=3448) to work on /home/airflow/.local/lib/python3.12/site-packages/airflow/example_dags/example_python_decorator.py
[2025-03-17T14:32:51.473+0000] {processor.py:914} INFO - Processing file /home/airflow/.local/lib/python3.12/site-packages/airflow/example_dags/example_python_decorator.py for tasks to queue
[2025-03-17T14:32:51.474+0000] {logging_mixin.py:190} INFO - [2025-03-17T14:32:51.474+0000] {dagbag.py:588} INFO - Filling up the DagBag from /home/airflow/.local/lib/python3.12/site-packages/airflow/example_dags/example_python_decorator.py
[2025-03-17T14:32:51.481+0000] {processor.py:925} INFO - DAG(s) 'example_python_decorator' retrieved from /home/airflow/.local/lib/python3.12/site-packages/airflow/example_dags/example_python_decorator.py
[2025-03-17T14:32:51.493+0000] {logging_mixin.py:190} INFO - [2025-03-17T14:32:51.493+0000] {dag.py:3239} INFO - Sync 1 DAGs
[2025-03-17T14:32:51.501+0000] {logging_mixin.py:190} INFO - [2025-03-17T14:32:51.500+0000] {dag.py:4180} INFO - Setting next_dagrun for example_python_decorator to None, run_after=None
[2025-03-17T14:32:51.508+0000] {processor.py:208} INFO - Processing /home/airflow/.local/lib/python3.12/site-packages/airflow/example_dags/example_python_decorator.py took 0.040 seconds
