[2025-03-17T13:55:39.810+0000] {processor.py:186} INFO - Started process (PID=259) to work on /home/airflow/.local/lib/python3.12/site-packages/airflow/example_dags/example_inlet_event_extra.py
[2025-03-17T13:55:39.810+0000] {processor.py:914} INFO - Processing file /home/airflow/.local/lib/python3.12/site-packages/airflow/example_dags/example_inlet_event_extra.py for tasks to queue
[2025-03-17T13:55:39.811+0000] {logging_mixin.py:190} INFO - [2025-03-17T13:55:39.811+0000] {dagbag.py:588} INFO - Filling up the DagBag from /home/airflow/.local/lib/python3.12/site-packages/airflow/example_dags/example_inlet_event_extra.py
[2025-03-17T13:55:40.538+0000] {processor.py:925} INFO - DAG(s) 'read_dataset_event_from_classic', 'read_dataset_event' retrieved from /home/airflow/.local/lib/python3.12/site-packages/airflow/example_dags/example_inlet_event_extra.py
[2025-03-17T13:55:40.713+0000] {logging_mixin.py:190} INFO - [2025-03-17T13:55:40.713+0000] {override.py:1912} INFO - Created Permission View: can delete on DAG:read_dataset_event_from_classic
[2025-03-17T13:55:40.717+0000] {logging_mixin.py:190} INFO - [2025-03-17T13:55:40.717+0000] {override.py:1912} INFO - Created Permission View: can edit on DAG:read_dataset_event_from_classic
[2025-03-17T13:55:40.720+0000] {logging_mixin.py:190} INFO - [2025-03-17T13:55:40.719+0000] {override.py:1912} INFO - Created Permission View: can read on DAG:read_dataset_event_from_classic
[2025-03-17T13:55:40.722+0000] {logging_mixin.py:190} INFO - [2025-03-17T13:55:40.722+0000] {override.py:1912} INFO - Created Permission View: menu access on DAG Run:read_dataset_event_from_classic
[2025-03-17T13:55:40.725+0000] {logging_mixin.py:190} INFO - [2025-03-17T13:55:40.725+0000] {override.py:1912} INFO - Created Permission View: can delete on DAG Run:read_dataset_event_from_classic
[2025-03-17T13:55:40.728+0000] {logging_mixin.py:190} INFO - [2025-03-17T13:55:40.728+0000] {override.py:1912} INFO - Created Permission View: can create on DAG Run:read_dataset_event_from_classic
[2025-03-17T13:55:40.731+0000] {logging_mixin.py:190} INFO - [2025-03-17T13:55:40.731+0000] {override.py:1912} INFO - Created Permission View: can read on DAG Run:read_dataset_event_from_classic
[2025-03-17T13:55:40.738+0000] {logging_mixin.py:190} INFO - [2025-03-17T13:55:40.737+0000] {override.py:1912} INFO - Created Permission View: can delete on DAG:read_dataset_event
[2025-03-17T13:55:40.741+0000] {logging_mixin.py:190} INFO - [2025-03-17T13:55:40.741+0000] {override.py:1912} INFO - Created Permission View: can edit on DAG:read_dataset_event
[2025-03-17T13:55:40.743+0000] {logging_mixin.py:190} INFO - [2025-03-17T13:55:40.743+0000] {override.py:1912} INFO - Created Permission View: can read on DAG:read_dataset_event
[2025-03-17T13:55:40.746+0000] {logging_mixin.py:190} INFO - [2025-03-17T13:55:40.746+0000] {override.py:1912} INFO - Created Permission View: menu access on DAG Run:read_dataset_event
[2025-03-17T13:55:40.748+0000] {logging_mixin.py:190} INFO - [2025-03-17T13:55:40.748+0000] {override.py:1912} INFO - Created Permission View: can delete on DAG Run:read_dataset_event
[2025-03-17T13:55:40.751+0000] {logging_mixin.py:190} INFO - [2025-03-17T13:55:40.751+0000] {override.py:1912} INFO - Created Permission View: can create on DAG Run:read_dataset_event
[2025-03-17T13:55:40.754+0000] {logging_mixin.py:190} INFO - [2025-03-17T13:55:40.754+0000] {override.py:1912} INFO - Created Permission View: can read on DAG Run:read_dataset_event
[2025-03-17T13:55:40.754+0000] {logging_mixin.py:190} INFO - [2025-03-17T13:55:40.754+0000] {dag.py:3239} INFO - Sync 2 DAGs
[2025-03-17T13:55:40.763+0000] {logging_mixin.py:190} INFO - [2025-03-17T13:55:40.762+0000] {dag.py:3262} INFO - Creating ORM DAG for read_dataset_event_from_classic
[2025-03-17T13:55:40.763+0000] {logging_mixin.py:190} INFO - [2025-03-17T13:55:40.763+0000] {dag.py:3262} INFO - Creating ORM DAG for read_dataset_event
[2025-03-17T13:55:40.768+0000] {logging_mixin.py:190} INFO - [2025-03-17T13:55:40.768+0000] {dag.py:4180} INFO - Setting next_dagrun for read_dataset_event to 2025-03-16 00:00:00+00:00, run_after=2025-03-17 00:00:00+00:00
[2025-03-17T13:55:40.769+0000] {logging_mixin.py:190} INFO - [2025-03-17T13:55:40.769+0000] {dag.py:4180} INFO - Setting next_dagrun for read_dataset_event_from_classic to 2025-03-16 00:00:00+00:00, run_after=2025-03-17 00:00:00+00:00
[2025-03-17T13:55:40.776+0000] {processor.py:208} INFO - Processing /home/airflow/.local/lib/python3.12/site-packages/airflow/example_dags/example_inlet_event_extra.py took 0.970 seconds
[2025-03-17T13:56:11.203+0000] {processor.py:186} INFO - Started process (PID=565) to work on /home/airflow/.local/lib/python3.12/site-packages/airflow/example_dags/example_inlet_event_extra.py
[2025-03-17T13:56:11.204+0000] {processor.py:914} INFO - Processing file /home/airflow/.local/lib/python3.12/site-packages/airflow/example_dags/example_inlet_event_extra.py for tasks to queue
[2025-03-17T13:56:11.205+0000] {logging_mixin.py:190} INFO - [2025-03-17T13:56:11.205+0000] {dagbag.py:588} INFO - Filling up the DagBag from /home/airflow/.local/lib/python3.12/site-packages/airflow/example_dags/example_inlet_event_extra.py
[2025-03-17T13:56:11.393+0000] {processor.py:925} INFO - DAG(s) 'read_dataset_event_from_classic', 'read_dataset_event' retrieved from /home/airflow/.local/lib/python3.12/site-packages/airflow/example_dags/example_inlet_event_extra.py
[2025-03-17T13:56:11.404+0000] {logging_mixin.py:190} INFO - [2025-03-17T13:56:11.404+0000] {dag.py:3239} INFO - Sync 2 DAGs
[2025-03-17T13:56:11.529+0000] {logging_mixin.py:190} INFO - [2025-03-17T13:56:11.529+0000] {dag.py:4180} INFO - Setting next_dagrun for read_dataset_event to 2025-03-16 00:00:00+00:00, run_after=2025-03-17 00:00:00+00:00
[2025-03-17T13:56:11.531+0000] {logging_mixin.py:190} INFO - [2025-03-17T13:56:11.531+0000] {dag.py:4180} INFO - Setting next_dagrun for read_dataset_event_from_classic to 2025-03-16 00:00:00+00:00, run_after=2025-03-17 00:00:00+00:00
[2025-03-17T13:56:11.538+0000] {processor.py:208} INFO - Processing /home/airflow/.local/lib/python3.12/site-packages/airflow/example_dags/example_inlet_event_extra.py took 0.338 seconds
[2025-03-17T14:27:17.390+0000] {processor.py:186} INFO - Started process (PID=264) to work on /home/airflow/.local/lib/python3.12/site-packages/airflow/example_dags/example_inlet_event_extra.py
[2025-03-17T14:27:17.391+0000] {processor.py:914} INFO - Processing file /home/airflow/.local/lib/python3.12/site-packages/airflow/example_dags/example_inlet_event_extra.py for tasks to queue
[2025-03-17T14:27:17.392+0000] {logging_mixin.py:190} INFO - [2025-03-17T14:27:17.392+0000] {dagbag.py:588} INFO - Filling up the DagBag from /home/airflow/.local/lib/python3.12/site-packages/airflow/example_dags/example_inlet_event_extra.py
[2025-03-17T14:27:18.099+0000] {processor.py:925} INFO - DAG(s) 'read_dataset_event_from_classic', 'read_dataset_event' retrieved from /home/airflow/.local/lib/python3.12/site-packages/airflow/example_dags/example_inlet_event_extra.py
[2025-03-17T14:27:18.283+0000] {logging_mixin.py:190} INFO - [2025-03-17T14:27:18.283+0000] {dag.py:3239} INFO - Sync 2 DAGs
[2025-03-17T14:27:18.297+0000] {logging_mixin.py:190} INFO - [2025-03-17T14:27:18.297+0000] {dag.py:4180} INFO - Setting next_dagrun for read_dataset_event to 2025-03-16 00:00:00+00:00, run_after=2025-03-17 00:00:00+00:00
[2025-03-17T14:27:18.299+0000] {logging_mixin.py:190} INFO - [2025-03-17T14:27:18.299+0000] {dag.py:4180} INFO - Setting next_dagrun for read_dataset_event_from_classic to 2025-03-16 00:00:00+00:00, run_after=2025-03-17 00:00:00+00:00
[2025-03-17T14:27:18.306+0000] {processor.py:208} INFO - Processing /home/airflow/.local/lib/python3.12/site-packages/airflow/example_dags/example_inlet_event_extra.py took 0.919 seconds
[2025-03-17T14:27:48.432+0000] {processor.py:186} INFO - Started process (PID=560) to work on /home/airflow/.local/lib/python3.12/site-packages/airflow/example_dags/example_inlet_event_extra.py
[2025-03-17T14:27:48.433+0000] {processor.py:914} INFO - Processing file /home/airflow/.local/lib/python3.12/site-packages/airflow/example_dags/example_inlet_event_extra.py for tasks to queue
[2025-03-17T14:27:48.434+0000] {logging_mixin.py:190} INFO - [2025-03-17T14:27:48.434+0000] {dagbag.py:588} INFO - Filling up the DagBag from /home/airflow/.local/lib/python3.12/site-packages/airflow/example_dags/example_inlet_event_extra.py
[2025-03-17T14:27:48.627+0000] {processor.py:925} INFO - DAG(s) 'read_dataset_event_from_classic', 'read_dataset_event' retrieved from /home/airflow/.local/lib/python3.12/site-packages/airflow/example_dags/example_inlet_event_extra.py
[2025-03-17T14:27:48.641+0000] {logging_mixin.py:190} INFO - [2025-03-17T14:27:48.641+0000] {dag.py:3239} INFO - Sync 2 DAGs
[2025-03-17T14:27:48.770+0000] {logging_mixin.py:190} INFO - [2025-03-17T14:27:48.770+0000] {dag.py:4180} INFO - Setting next_dagrun for read_dataset_event to 2025-03-16 00:00:00+00:00, run_after=2025-03-17 00:00:00+00:00
[2025-03-17T14:27:48.773+0000] {logging_mixin.py:190} INFO - [2025-03-17T14:27:48.773+0000] {dag.py:4180} INFO - Setting next_dagrun for read_dataset_event_from_classic to 2025-03-16 00:00:00+00:00, run_after=2025-03-17 00:00:00+00:00
[2025-03-17T14:27:48.780+0000] {processor.py:208} INFO - Processing /home/airflow/.local/lib/python3.12/site-packages/airflow/example_dags/example_inlet_event_extra.py took 0.351 seconds
[2025-03-17T14:28:19.446+0000] {processor.py:186} INFO - Started process (PID=856) to work on /home/airflow/.local/lib/python3.12/site-packages/airflow/example_dags/example_inlet_event_extra.py
[2025-03-17T14:28:19.447+0000] {processor.py:914} INFO - Processing file /home/airflow/.local/lib/python3.12/site-packages/airflow/example_dags/example_inlet_event_extra.py for tasks to queue
[2025-03-17T14:28:19.448+0000] {logging_mixin.py:190} INFO - [2025-03-17T14:28:19.447+0000] {dagbag.py:588} INFO - Filling up the DagBag from /home/airflow/.local/lib/python3.12/site-packages/airflow/example_dags/example_inlet_event_extra.py
[2025-03-17T14:28:19.631+0000] {processor.py:925} INFO - DAG(s) 'read_dataset_event', 'read_dataset_event_from_classic' retrieved from /home/airflow/.local/lib/python3.12/site-packages/airflow/example_dags/example_inlet_event_extra.py
[2025-03-17T14:28:19.641+0000] {logging_mixin.py:190} INFO - [2025-03-17T14:28:19.641+0000] {dag.py:3239} INFO - Sync 2 DAGs
[2025-03-17T14:28:19.772+0000] {logging_mixin.py:190} INFO - [2025-03-17T14:28:19.772+0000] {dag.py:4180} INFO - Setting next_dagrun for read_dataset_event to 2025-03-16 00:00:00+00:00, run_after=2025-03-17 00:00:00+00:00
[2025-03-17T14:28:19.774+0000] {logging_mixin.py:190} INFO - [2025-03-17T14:28:19.774+0000] {dag.py:4180} INFO - Setting next_dagrun for read_dataset_event_from_classic to 2025-03-16 00:00:00+00:00, run_after=2025-03-17 00:00:00+00:00
[2025-03-17T14:28:19.781+0000] {processor.py:208} INFO - Processing /home/airflow/.local/lib/python3.12/site-packages/airflow/example_dags/example_inlet_event_extra.py took 0.338 seconds
[2025-03-17T14:28:49.966+0000] {processor.py:186} INFO - Started process (PID=1152) to work on /home/airflow/.local/lib/python3.12/site-packages/airflow/example_dags/example_inlet_event_extra.py
[2025-03-17T14:28:49.967+0000] {processor.py:914} INFO - Processing file /home/airflow/.local/lib/python3.12/site-packages/airflow/example_dags/example_inlet_event_extra.py for tasks to queue
[2025-03-17T14:28:49.968+0000] {logging_mixin.py:190} INFO - [2025-03-17T14:28:49.968+0000] {dagbag.py:588} INFO - Filling up the DagBag from /home/airflow/.local/lib/python3.12/site-packages/airflow/example_dags/example_inlet_event_extra.py
[2025-03-17T14:28:50.148+0000] {processor.py:925} INFO - DAG(s) 'read_dataset_event_from_classic', 'read_dataset_event' retrieved from /home/airflow/.local/lib/python3.12/site-packages/airflow/example_dags/example_inlet_event_extra.py
[2025-03-17T14:28:50.159+0000] {logging_mixin.py:190} INFO - [2025-03-17T14:28:50.159+0000] {dag.py:3239} INFO - Sync 2 DAGs
[2025-03-17T14:28:50.295+0000] {logging_mixin.py:190} INFO - [2025-03-17T14:28:50.295+0000] {dag.py:4180} INFO - Setting next_dagrun for read_dataset_event to 2025-03-16 00:00:00+00:00, run_after=2025-03-17 00:00:00+00:00
[2025-03-17T14:28:50.298+0000] {logging_mixin.py:190} INFO - [2025-03-17T14:28:50.298+0000] {dag.py:4180} INFO - Setting next_dagrun for read_dataset_event_from_classic to 2025-03-16 00:00:00+00:00, run_after=2025-03-17 00:00:00+00:00
[2025-03-17T14:28:50.306+0000] {processor.py:208} INFO - Processing /home/airflow/.local/lib/python3.12/site-packages/airflow/example_dags/example_inlet_event_extra.py took 0.343 seconds
[2025-03-17T14:29:20.531+0000] {processor.py:186} INFO - Started process (PID=1448) to work on /home/airflow/.local/lib/python3.12/site-packages/airflow/example_dags/example_inlet_event_extra.py
[2025-03-17T14:29:20.532+0000] {processor.py:914} INFO - Processing file /home/airflow/.local/lib/python3.12/site-packages/airflow/example_dags/example_inlet_event_extra.py for tasks to queue
[2025-03-17T14:29:20.533+0000] {logging_mixin.py:190} INFO - [2025-03-17T14:29:20.533+0000] {dagbag.py:588} INFO - Filling up the DagBag from /home/airflow/.local/lib/python3.12/site-packages/airflow/example_dags/example_inlet_event_extra.py
[2025-03-17T14:29:20.836+0000] {processor.py:925} INFO - DAG(s) 'read_dataset_event_from_classic', 'read_dataset_event' retrieved from /home/airflow/.local/lib/python3.12/site-packages/airflow/example_dags/example_inlet_event_extra.py
[2025-03-17T14:29:20.847+0000] {logging_mixin.py:190} INFO - [2025-03-17T14:29:20.847+0000] {dag.py:3239} INFO - Sync 2 DAGs
[2025-03-17T14:29:20.859+0000] {logging_mixin.py:190} INFO - [2025-03-17T14:29:20.859+0000] {dag.py:4180} INFO - Setting next_dagrun for read_dataset_event to 2025-03-16 00:00:00+00:00, run_after=2025-03-17 00:00:00+00:00
[2025-03-17T14:29:20.861+0000] {logging_mixin.py:190} INFO - [2025-03-17T14:29:20.861+0000] {dag.py:4180} INFO - Setting next_dagrun for read_dataset_event_from_classic to 2025-03-16 00:00:00+00:00, run_after=2025-03-17 00:00:00+00:00
[2025-03-17T14:29:20.867+0000] {processor.py:208} INFO - Processing /home/airflow/.local/lib/python3.12/site-packages/airflow/example_dags/example_inlet_event_extra.py took 0.339 seconds
[2025-03-17T14:29:51.460+0000] {processor.py:186} INFO - Started process (PID=1744) to work on /home/airflow/.local/lib/python3.12/site-packages/airflow/example_dags/example_inlet_event_extra.py
[2025-03-17T14:29:51.461+0000] {processor.py:914} INFO - Processing file /home/airflow/.local/lib/python3.12/site-packages/airflow/example_dags/example_inlet_event_extra.py for tasks to queue
[2025-03-17T14:29:51.462+0000] {logging_mixin.py:190} INFO - [2025-03-17T14:29:51.462+0000] {dagbag.py:588} INFO - Filling up the DagBag from /home/airflow/.local/lib/python3.12/site-packages/airflow/example_dags/example_inlet_event_extra.py
[2025-03-17T14:29:51.647+0000] {processor.py:925} INFO - DAG(s) 'read_dataset_event_from_classic', 'read_dataset_event' retrieved from /home/airflow/.local/lib/python3.12/site-packages/airflow/example_dags/example_inlet_event_extra.py
[2025-03-17T14:29:51.776+0000] {logging_mixin.py:190} INFO - [2025-03-17T14:29:51.775+0000] {dag.py:3239} INFO - Sync 2 DAGs
[2025-03-17T14:29:51.787+0000] {logging_mixin.py:190} INFO - [2025-03-17T14:29:51.787+0000] {dag.py:4180} INFO - Setting next_dagrun for read_dataset_event to 2025-03-16 00:00:00+00:00, run_after=2025-03-17 00:00:00+00:00
[2025-03-17T14:29:51.789+0000] {logging_mixin.py:190} INFO - [2025-03-17T14:29:51.789+0000] {dag.py:4180} INFO - Setting next_dagrun for read_dataset_event_from_classic to 2025-03-16 00:00:00+00:00, run_after=2025-03-17 00:00:00+00:00
[2025-03-17T14:29:51.795+0000] {processor.py:208} INFO - Processing /home/airflow/.local/lib/python3.12/site-packages/airflow/example_dags/example_inlet_event_extra.py took 0.339 seconds
[2025-03-17T14:30:22.513+0000] {processor.py:186} INFO - Started process (PID=2040) to work on /home/airflow/.local/lib/python3.12/site-packages/airflow/example_dags/example_inlet_event_extra.py
[2025-03-17T14:30:22.514+0000] {processor.py:914} INFO - Processing file /home/airflow/.local/lib/python3.12/site-packages/airflow/example_dags/example_inlet_event_extra.py for tasks to queue
[2025-03-17T14:30:22.515+0000] {logging_mixin.py:190} INFO - [2025-03-17T14:30:22.515+0000] {dagbag.py:588} INFO - Filling up the DagBag from /home/airflow/.local/lib/python3.12/site-packages/airflow/example_dags/example_inlet_event_extra.py
[2025-03-17T14:30:22.706+0000] {processor.py:925} INFO - DAG(s) 'read_dataset_event_from_classic', 'read_dataset_event' retrieved from /home/airflow/.local/lib/python3.12/site-packages/airflow/example_dags/example_inlet_event_extra.py
[2025-03-17T14:30:22.716+0000] {logging_mixin.py:190} INFO - [2025-03-17T14:30:22.716+0000] {dag.py:3239} INFO - Sync 2 DAGs
[2025-03-17T14:30:22.846+0000] {logging_mixin.py:190} INFO - [2025-03-17T14:30:22.846+0000] {dag.py:4180} INFO - Setting next_dagrun for read_dataset_event to 2025-03-16 00:00:00+00:00, run_after=2025-03-17 00:00:00+00:00
[2025-03-17T14:30:22.849+0000] {logging_mixin.py:190} INFO - [2025-03-17T14:30:22.848+0000] {dag.py:4180} INFO - Setting next_dagrun for read_dataset_event_from_classic to 2025-03-16 00:00:00+00:00, run_after=2025-03-17 00:00:00+00:00
[2025-03-17T14:30:22.856+0000] {processor.py:208} INFO - Processing /home/airflow/.local/lib/python3.12/site-packages/airflow/example_dags/example_inlet_event_extra.py took 0.346 seconds
[2025-03-17T14:30:53.305+0000] {processor.py:186} INFO - Started process (PID=2336) to work on /home/airflow/.local/lib/python3.12/site-packages/airflow/example_dags/example_inlet_event_extra.py
[2025-03-17T14:30:53.306+0000] {processor.py:914} INFO - Processing file /home/airflow/.local/lib/python3.12/site-packages/airflow/example_dags/example_inlet_event_extra.py for tasks to queue
[2025-03-17T14:30:53.307+0000] {logging_mixin.py:190} INFO - [2025-03-17T14:30:53.307+0000] {dagbag.py:588} INFO - Filling up the DagBag from /home/airflow/.local/lib/python3.12/site-packages/airflow/example_dags/example_inlet_event_extra.py
[2025-03-17T14:30:53.606+0000] {processor.py:925} INFO - DAG(s) 'read_dataset_event_from_classic', 'read_dataset_event' retrieved from /home/airflow/.local/lib/python3.12/site-packages/airflow/example_dags/example_inlet_event_extra.py
[2025-03-17T14:30:53.616+0000] {logging_mixin.py:190} INFO - [2025-03-17T14:30:53.615+0000] {dag.py:3239} INFO - Sync 2 DAGs
[2025-03-17T14:30:53.628+0000] {logging_mixin.py:190} INFO - [2025-03-17T14:30:53.628+0000] {dag.py:4180} INFO - Setting next_dagrun for read_dataset_event to 2025-03-16 00:00:00+00:00, run_after=2025-03-17 00:00:00+00:00
[2025-03-17T14:30:53.630+0000] {logging_mixin.py:190} INFO - [2025-03-17T14:30:53.630+0000] {dag.py:4180} INFO - Setting next_dagrun for read_dataset_event_from_classic to 2025-03-16 00:00:00+00:00, run_after=2025-03-17 00:00:00+00:00
[2025-03-17T14:30:53.636+0000] {processor.py:208} INFO - Processing /home/airflow/.local/lib/python3.12/site-packages/airflow/example_dags/example_inlet_event_extra.py took 0.335 seconds
[2025-03-17T14:31:23.683+0000] {processor.py:186} INFO - Started process (PID=2657) to work on /home/airflow/.local/lib/python3.12/site-packages/airflow/example_dags/example_inlet_event_extra.py
[2025-03-17T14:31:23.684+0000] {processor.py:914} INFO - Processing file /home/airflow/.local/lib/python3.12/site-packages/airflow/example_dags/example_inlet_event_extra.py for tasks to queue
[2025-03-17T14:31:23.685+0000] {logging_mixin.py:190} INFO - [2025-03-17T14:31:23.685+0000] {dagbag.py:588} INFO - Filling up the DagBag from /home/airflow/.local/lib/python3.12/site-packages/airflow/example_dags/example_inlet_event_extra.py
[2025-03-17T14:31:23.980+0000] {processor.py:925} INFO - DAG(s) 'read_dataset_event_from_classic', 'read_dataset_event' retrieved from /home/airflow/.local/lib/python3.12/site-packages/airflow/example_dags/example_inlet_event_extra.py
[2025-03-17T14:31:23.990+0000] {logging_mixin.py:190} INFO - [2025-03-17T14:31:23.990+0000] {dag.py:3239} INFO - Sync 2 DAGs
[2025-03-17T14:31:24.002+0000] {logging_mixin.py:190} INFO - [2025-03-17T14:31:24.002+0000] {dag.py:4180} INFO - Setting next_dagrun for read_dataset_event to 2025-03-16 00:00:00+00:00, run_after=2025-03-17 00:00:00+00:00
[2025-03-17T14:31:24.005+0000] {logging_mixin.py:190} INFO - [2025-03-17T14:31:24.005+0000] {dag.py:4180} INFO - Setting next_dagrun for read_dataset_event_from_classic to 2025-03-16 00:00:00+00:00, run_after=2025-03-17 00:00:00+00:00
[2025-03-17T14:31:24.011+0000] {processor.py:208} INFO - Processing /home/airflow/.local/lib/python3.12/site-packages/airflow/example_dags/example_inlet_event_extra.py took 0.332 seconds
[2025-03-17T14:31:54.098+0000] {processor.py:186} INFO - Started process (PID=2983) to work on /home/airflow/.local/lib/python3.12/site-packages/airflow/example_dags/example_inlet_event_extra.py
[2025-03-17T14:31:54.098+0000] {processor.py:914} INFO - Processing file /home/airflow/.local/lib/python3.12/site-packages/airflow/example_dags/example_inlet_event_extra.py for tasks to queue
[2025-03-17T14:31:54.099+0000] {logging_mixin.py:190} INFO - [2025-03-17T14:31:54.099+0000] {dagbag.py:588} INFO - Filling up the DagBag from /home/airflow/.local/lib/python3.12/site-packages/airflow/example_dags/example_inlet_event_extra.py
[2025-03-17T14:31:54.396+0000] {processor.py:925} INFO - DAG(s) 'read_dataset_event_from_classic', 'read_dataset_event' retrieved from /home/airflow/.local/lib/python3.12/site-packages/airflow/example_dags/example_inlet_event_extra.py
[2025-03-17T14:31:54.406+0000] {logging_mixin.py:190} INFO - [2025-03-17T14:31:54.405+0000] {dag.py:3239} INFO - Sync 2 DAGs
[2025-03-17T14:31:54.417+0000] {logging_mixin.py:190} INFO - [2025-03-17T14:31:54.417+0000] {dag.py:4180} INFO - Setting next_dagrun for read_dataset_event to 2025-03-16 00:00:00+00:00, run_after=2025-03-17 00:00:00+00:00
[2025-03-17T14:31:54.419+0000] {logging_mixin.py:190} INFO - [2025-03-17T14:31:54.419+0000] {dag.py:4180} INFO - Setting next_dagrun for read_dataset_event_from_classic to 2025-03-16 00:00:00+00:00, run_after=2025-03-17 00:00:00+00:00
[2025-03-17T14:31:54.426+0000] {processor.py:208} INFO - Processing /home/airflow/.local/lib/python3.12/site-packages/airflow/example_dags/example_inlet_event_extra.py took 0.331 seconds
[2025-03-17T14:32:25.295+0000] {processor.py:186} INFO - Started process (PID=3294) to work on /home/airflow/.local/lib/python3.12/site-packages/airflow/example_dags/example_inlet_event_extra.py
[2025-03-17T14:32:25.296+0000] {processor.py:914} INFO - Processing file /home/airflow/.local/lib/python3.12/site-packages/airflow/example_dags/example_inlet_event_extra.py for tasks to queue
[2025-03-17T14:32:25.297+0000] {logging_mixin.py:190} INFO - [2025-03-17T14:32:25.297+0000] {dagbag.py:588} INFO - Filling up the DagBag from /home/airflow/.local/lib/python3.12/site-packages/airflow/example_dags/example_inlet_event_extra.py
[2025-03-17T14:32:25.617+0000] {processor.py:925} INFO - DAG(s) 'read_dataset_event', 'read_dataset_event_from_classic' retrieved from /home/airflow/.local/lib/python3.12/site-packages/airflow/example_dags/example_inlet_event_extra.py
[2025-03-17T14:32:25.627+0000] {logging_mixin.py:190} INFO - [2025-03-17T14:32:25.627+0000] {dag.py:3239} INFO - Sync 2 DAGs
[2025-03-17T14:32:25.638+0000] {logging_mixin.py:190} INFO - [2025-03-17T14:32:25.638+0000] {dag.py:4180} INFO - Setting next_dagrun for read_dataset_event to 2025-03-16 00:00:00+00:00, run_after=2025-03-17 00:00:00+00:00
[2025-03-17T14:32:25.640+0000] {logging_mixin.py:190} INFO - [2025-03-17T14:32:25.640+0000] {dag.py:4180} INFO - Setting next_dagrun for read_dataset_event_from_classic to 2025-03-16 00:00:00+00:00, run_after=2025-03-17 00:00:00+00:00
[2025-03-17T14:32:25.646+0000] {processor.py:208} INFO - Processing /home/airflow/.local/lib/python3.12/site-packages/airflow/example_dags/example_inlet_event_extra.py took 0.354 seconds
[2025-03-17T14:32:56.445+0000] {processor.py:186} INFO - Started process (PID=3590) to work on /home/airflow/.local/lib/python3.12/site-packages/airflow/example_dags/example_inlet_event_extra.py
[2025-03-17T14:32:56.446+0000] {processor.py:914} INFO - Processing file /home/airflow/.local/lib/python3.12/site-packages/airflow/example_dags/example_inlet_event_extra.py for tasks to queue
[2025-03-17T14:32:56.447+0000] {logging_mixin.py:190} INFO - [2025-03-17T14:32:56.447+0000] {dagbag.py:588} INFO - Filling up the DagBag from /home/airflow/.local/lib/python3.12/site-packages/airflow/example_dags/example_inlet_event_extra.py
[2025-03-17T14:32:56.737+0000] {processor.py:925} INFO - DAG(s) 'read_dataset_event', 'read_dataset_event_from_classic' retrieved from /home/airflow/.local/lib/python3.12/site-packages/airflow/example_dags/example_inlet_event_extra.py
[2025-03-17T14:32:56.747+0000] {logging_mixin.py:190} INFO - [2025-03-17T14:32:56.747+0000] {dag.py:3239} INFO - Sync 2 DAGs
[2025-03-17T14:32:56.758+0000] {logging_mixin.py:190} INFO - [2025-03-17T14:32:56.758+0000] {dag.py:4180} INFO - Setting next_dagrun for read_dataset_event to 2025-03-16 00:00:00+00:00, run_after=2025-03-17 00:00:00+00:00
[2025-03-17T14:32:56.760+0000] {logging_mixin.py:190} INFO - [2025-03-17T14:32:56.760+0000] {dag.py:4180} INFO - Setting next_dagrun for read_dataset_event_from_classic to 2025-03-16 00:00:00+00:00, run_after=2025-03-17 00:00:00+00:00
[2025-03-17T14:32:56.766+0000] {processor.py:208} INFO - Processing /home/airflow/.local/lib/python3.12/site-packages/airflow/example_dags/example_inlet_event_extra.py took 0.326 seconds
