[2025-03-17T13:55:42.733+0000] {processor.py:186} INFO - Started process (PID=407) to work on /home/airflow/.local/lib/python3.12/site-packages/airflow/example_dags/example_latest_only.py
[2025-03-17T13:55:42.733+0000] {processor.py:914} INFO - Processing file /home/airflow/.local/lib/python3.12/site-packages/airflow/example_dags/example_latest_only.py for tasks to queue
[2025-03-17T13:55:42.734+0000] {logging_mixin.py:190} INFO - [2025-03-17T13:55:42.734+0000] {dagbag.py:588} INFO - Filling up the DagBag from /home/airflow/.local/lib/python3.12/site-packages/airflow/example_dags/example_latest_only.py
[2025-03-17T13:55:42.738+0000] {processor.py:925} INFO - DAG(s) 'latest_only' retrieved from /home/airflow/.local/lib/python3.12/site-packages/airflow/example_dags/example_latest_only.py
[2025-03-17T13:55:42.789+0000] {logging_mixin.py:190} INFO - [2025-03-17T13:55:42.788+0000] {override.py:1912} INFO - Created Permission View: can delete on DAG:latest_only
[2025-03-17T13:55:42.793+0000] {logging_mixin.py:190} INFO - [2025-03-17T13:55:42.793+0000] {override.py:1912} INFO - Created Permission View: can edit on DAG:latest_only
[2025-03-17T13:55:42.795+0000] {logging_mixin.py:190} INFO - [2025-03-17T13:55:42.795+0000] {override.py:1912} INFO - Created Permission View: can read on DAG:latest_only
[2025-03-17T13:55:42.797+0000] {logging_mixin.py:190} INFO - [2025-03-17T13:55:42.797+0000] {override.py:1912} INFO - Created Permission View: menu access on DAG Run:latest_only
[2025-03-17T13:55:42.801+0000] {logging_mixin.py:190} INFO - [2025-03-17T13:55:42.800+0000] {override.py:1912} INFO - Created Permission View: can delete on DAG Run:latest_only
[2025-03-17T13:55:42.803+0000] {logging_mixin.py:190} INFO - [2025-03-17T13:55:42.803+0000] {override.py:1912} INFO - Created Permission View: can create on DAG Run:latest_only
[2025-03-17T13:55:42.805+0000] {logging_mixin.py:190} INFO - [2025-03-17T13:55:42.805+0000] {override.py:1912} INFO - Created Permission View: can read on DAG Run:latest_only
[2025-03-17T13:55:42.806+0000] {logging_mixin.py:190} INFO - [2025-03-17T13:55:42.806+0000] {dag.py:3239} INFO - Sync 1 DAGs
[2025-03-17T13:55:42.811+0000] {logging_mixin.py:190} INFO - [2025-03-17T13:55:42.811+0000] {dag.py:3262} INFO - Creating ORM DAG for latest_only
[2025-03-17T13:55:42.816+0000] {logging_mixin.py:190} INFO - [2025-03-17T13:55:42.816+0000] {dag.py:4180} INFO - Setting next_dagrun for latest_only to 2025-03-17 08:00:00+00:00, run_after=2025-03-17 12:00:00+00:00
[2025-03-17T13:55:42.824+0000] {processor.py:208} INFO - Processing /home/airflow/.local/lib/python3.12/site-packages/airflow/example_dags/example_latest_only.py took 0.094 seconds
[2025-03-17T13:56:13.584+0000] {processor.py:186} INFO - Started process (PID=698) to work on /home/airflow/.local/lib/python3.12/site-packages/airflow/example_dags/example_latest_only.py
[2025-03-17T13:56:13.584+0000] {processor.py:914} INFO - Processing file /home/airflow/.local/lib/python3.12/site-packages/airflow/example_dags/example_latest_only.py for tasks to queue
[2025-03-17T13:56:13.585+0000] {logging_mixin.py:190} INFO - [2025-03-17T13:56:13.585+0000] {dagbag.py:588} INFO - Filling up the DagBag from /home/airflow/.local/lib/python3.12/site-packages/airflow/example_dags/example_latest_only.py
[2025-03-17T13:56:13.589+0000] {processor.py:925} INFO - DAG(s) 'latest_only' retrieved from /home/airflow/.local/lib/python3.12/site-packages/airflow/example_dags/example_latest_only.py
[2025-03-17T13:56:13.598+0000] {logging_mixin.py:190} INFO - [2025-03-17T13:56:13.598+0000] {dag.py:3239} INFO - Sync 1 DAGs
[2025-03-17T13:56:13.610+0000] {logging_mixin.py:190} INFO - [2025-03-17T13:56:13.610+0000] {dag.py:4180} INFO - Setting next_dagrun for latest_only to 2025-03-17 08:00:00+00:00, run_after=2025-03-17 12:00:00+00:00
[2025-03-17T13:56:13.617+0000] {processor.py:208} INFO - Processing /home/airflow/.local/lib/python3.12/site-packages/airflow/example_dags/example_latest_only.py took 0.036 seconds
[2025-03-17T14:27:20.029+0000] {processor.py:186} INFO - Started process (PID=412) to work on /home/airflow/.local/lib/python3.12/site-packages/airflow/example_dags/example_latest_only.py
[2025-03-17T14:27:20.030+0000] {processor.py:914} INFO - Processing file /home/airflow/.local/lib/python3.12/site-packages/airflow/example_dags/example_latest_only.py for tasks to queue
[2025-03-17T14:27:20.031+0000] {logging_mixin.py:190} INFO - [2025-03-17T14:27:20.031+0000] {dagbag.py:588} INFO - Filling up the DagBag from /home/airflow/.local/lib/python3.12/site-packages/airflow/example_dags/example_latest_only.py
[2025-03-17T14:27:20.035+0000] {processor.py:925} INFO - DAG(s) 'latest_only' retrieved from /home/airflow/.local/lib/python3.12/site-packages/airflow/example_dags/example_latest_only.py
[2025-03-17T14:27:20.089+0000] {logging_mixin.py:190} INFO - [2025-03-17T14:27:20.089+0000] {dag.py:3239} INFO - Sync 1 DAGs
[2025-03-17T14:27:20.100+0000] {logging_mixin.py:190} INFO - [2025-03-17T14:27:20.100+0000] {dag.py:4180} INFO - Setting next_dagrun for latest_only to 2025-03-17 08:00:00+00:00, run_after=2025-03-17 12:00:00+00:00
[2025-03-17T14:27:20.108+0000] {processor.py:208} INFO - Processing /home/airflow/.local/lib/python3.12/site-packages/airflow/example_dags/example_latest_only.py took 0.082 seconds
[2025-03-17T14:27:50.281+0000] {processor.py:186} INFO - Started process (PID=710) to work on /home/airflow/.local/lib/python3.12/site-packages/airflow/example_dags/example_latest_only.py
[2025-03-17T14:27:50.281+0000] {processor.py:914} INFO - Processing file /home/airflow/.local/lib/python3.12/site-packages/airflow/example_dags/example_latest_only.py for tasks to queue
[2025-03-17T14:27:50.282+0000] {logging_mixin.py:190} INFO - [2025-03-17T14:27:50.282+0000] {dagbag.py:588} INFO - Filling up the DagBag from /home/airflow/.local/lib/python3.12/site-packages/airflow/example_dags/example_latest_only.py
[2025-03-17T14:27:50.286+0000] {processor.py:925} INFO - DAG(s) 'latest_only' retrieved from /home/airflow/.local/lib/python3.12/site-packages/airflow/example_dags/example_latest_only.py
[2025-03-17T14:27:50.295+0000] {logging_mixin.py:190} INFO - [2025-03-17T14:27:50.295+0000] {dag.py:3239} INFO - Sync 1 DAGs
[2025-03-17T14:27:50.306+0000] {logging_mixin.py:190} INFO - [2025-03-17T14:27:50.306+0000] {dag.py:4180} INFO - Setting next_dagrun for latest_only to 2025-03-17 08:00:00+00:00, run_after=2025-03-17 12:00:00+00:00
[2025-03-17T14:27:50.313+0000] {processor.py:208} INFO - Processing /home/airflow/.local/lib/python3.12/site-packages/airflow/example_dags/example_latest_only.py took 0.036 seconds
[2025-03-17T14:28:20.893+0000] {processor.py:186} INFO - Started process (PID=1004) to work on /home/airflow/.local/lib/python3.12/site-packages/airflow/example_dags/example_latest_only.py
[2025-03-17T14:28:20.894+0000] {processor.py:914} INFO - Processing file /home/airflow/.local/lib/python3.12/site-packages/airflow/example_dags/example_latest_only.py for tasks to queue
[2025-03-17T14:28:20.895+0000] {logging_mixin.py:190} INFO - [2025-03-17T14:28:20.895+0000] {dagbag.py:588} INFO - Filling up the DagBag from /home/airflow/.local/lib/python3.12/site-packages/airflow/example_dags/example_latest_only.py
[2025-03-17T14:28:20.898+0000] {processor.py:925} INFO - DAG(s) 'latest_only' retrieved from /home/airflow/.local/lib/python3.12/site-packages/airflow/example_dags/example_latest_only.py
[2025-03-17T14:28:20.908+0000] {logging_mixin.py:190} INFO - [2025-03-17T14:28:20.908+0000] {dag.py:3239} INFO - Sync 1 DAGs
[2025-03-17T14:28:20.921+0000] {logging_mixin.py:190} INFO - [2025-03-17T14:28:20.921+0000] {dag.py:4180} INFO - Setting next_dagrun for latest_only to 2025-03-17 08:00:00+00:00, run_after=2025-03-17 12:00:00+00:00
[2025-03-17T14:28:20.930+0000] {processor.py:208} INFO - Processing /home/airflow/.local/lib/python3.12/site-packages/airflow/example_dags/example_latest_only.py took 0.039 seconds
[2025-03-17T14:28:51.448+0000] {processor.py:186} INFO - Started process (PID=1300) to work on /home/airflow/.local/lib/python3.12/site-packages/airflow/example_dags/example_latest_only.py
[2025-03-17T14:28:51.449+0000] {processor.py:914} INFO - Processing file /home/airflow/.local/lib/python3.12/site-packages/airflow/example_dags/example_latest_only.py for tasks to queue
[2025-03-17T14:28:51.450+0000] {logging_mixin.py:190} INFO - [2025-03-17T14:28:51.450+0000] {dagbag.py:588} INFO - Filling up the DagBag from /home/airflow/.local/lib/python3.12/site-packages/airflow/example_dags/example_latest_only.py
[2025-03-17T14:28:51.455+0000] {processor.py:925} INFO - DAG(s) 'latest_only' retrieved from /home/airflow/.local/lib/python3.12/site-packages/airflow/example_dags/example_latest_only.py
[2025-03-17T14:28:51.465+0000] {logging_mixin.py:190} INFO - [2025-03-17T14:28:51.464+0000] {dag.py:3239} INFO - Sync 1 DAGs
[2025-03-17T14:28:51.476+0000] {logging_mixin.py:190} INFO - [2025-03-17T14:28:51.476+0000] {dag.py:4180} INFO - Setting next_dagrun for latest_only to 2025-03-17 08:00:00+00:00, run_after=2025-03-17 12:00:00+00:00
[2025-03-17T14:28:51.484+0000] {processor.py:208} INFO - Processing /home/airflow/.local/lib/python3.12/site-packages/airflow/example_dags/example_latest_only.py took 0.038 seconds
[2025-03-17T14:29:22.334+0000] {processor.py:186} INFO - Started process (PID=1596) to work on /home/airflow/.local/lib/python3.12/site-packages/airflow/example_dags/example_latest_only.py
[2025-03-17T14:29:22.334+0000] {processor.py:914} INFO - Processing file /home/airflow/.local/lib/python3.12/site-packages/airflow/example_dags/example_latest_only.py for tasks to queue
[2025-03-17T14:29:22.335+0000] {logging_mixin.py:190} INFO - [2025-03-17T14:29:22.335+0000] {dagbag.py:588} INFO - Filling up the DagBag from /home/airflow/.local/lib/python3.12/site-packages/airflow/example_dags/example_latest_only.py
[2025-03-17T14:29:22.338+0000] {processor.py:925} INFO - DAG(s) 'latest_only' retrieved from /home/airflow/.local/lib/python3.12/site-packages/airflow/example_dags/example_latest_only.py
[2025-03-17T14:29:22.348+0000] {logging_mixin.py:190} INFO - [2025-03-17T14:29:22.348+0000] {dag.py:3239} INFO - Sync 1 DAGs
[2025-03-17T14:29:22.359+0000] {logging_mixin.py:190} INFO - [2025-03-17T14:29:22.359+0000] {dag.py:4180} INFO - Setting next_dagrun for latest_only to 2025-03-17 08:00:00+00:00, run_after=2025-03-17 12:00:00+00:00
[2025-03-17T14:29:22.367+0000] {processor.py:208} INFO - Processing /home/airflow/.local/lib/python3.12/site-packages/airflow/example_dags/example_latest_only.py took 0.036 seconds
[2025-03-17T14:29:53.373+0000] {processor.py:186} INFO - Started process (PID=1894) to work on /home/airflow/.local/lib/python3.12/site-packages/airflow/example_dags/example_latest_only.py
[2025-03-17T14:29:53.373+0000] {processor.py:914} INFO - Processing file /home/airflow/.local/lib/python3.12/site-packages/airflow/example_dags/example_latest_only.py for tasks to queue
[2025-03-17T14:29:53.374+0000] {logging_mixin.py:190} INFO - [2025-03-17T14:29:53.374+0000] {dagbag.py:588} INFO - Filling up the DagBag from /home/airflow/.local/lib/python3.12/site-packages/airflow/example_dags/example_latest_only.py
[2025-03-17T14:29:53.378+0000] {processor.py:925} INFO - DAG(s) 'latest_only' retrieved from /home/airflow/.local/lib/python3.12/site-packages/airflow/example_dags/example_latest_only.py
[2025-03-17T14:29:53.390+0000] {logging_mixin.py:190} INFO - [2025-03-17T14:29:53.389+0000] {dag.py:3239} INFO - Sync 1 DAGs
[2025-03-17T14:29:53.401+0000] {logging_mixin.py:190} INFO - [2025-03-17T14:29:53.400+0000] {dag.py:4180} INFO - Setting next_dagrun for latest_only to 2025-03-17 08:00:00+00:00, run_after=2025-03-17 12:00:00+00:00
[2025-03-17T14:29:53.408+0000] {processor.py:208} INFO - Processing /home/airflow/.local/lib/python3.12/site-packages/airflow/example_dags/example_latest_only.py took 0.038 seconds
[2025-03-17T14:30:24.160+0000] {processor.py:186} INFO - Started process (PID=2188) to work on /home/airflow/.local/lib/python3.12/site-packages/airflow/example_dags/example_latest_only.py
[2025-03-17T14:30:24.160+0000] {processor.py:914} INFO - Processing file /home/airflow/.local/lib/python3.12/site-packages/airflow/example_dags/example_latest_only.py for tasks to queue
[2025-03-17T14:30:24.161+0000] {logging_mixin.py:190} INFO - [2025-03-17T14:30:24.161+0000] {dagbag.py:588} INFO - Filling up the DagBag from /home/airflow/.local/lib/python3.12/site-packages/airflow/example_dags/example_latest_only.py
[2025-03-17T14:30:24.165+0000] {processor.py:925} INFO - DAG(s) 'latest_only' retrieved from /home/airflow/.local/lib/python3.12/site-packages/airflow/example_dags/example_latest_only.py
[2025-03-17T14:30:24.175+0000] {logging_mixin.py:190} INFO - [2025-03-17T14:30:24.175+0000] {dag.py:3239} INFO - Sync 1 DAGs
[2025-03-17T14:30:24.187+0000] {logging_mixin.py:190} INFO - [2025-03-17T14:30:24.187+0000] {dag.py:4180} INFO - Setting next_dagrun for latest_only to 2025-03-17 08:00:00+00:00, run_after=2025-03-17 12:00:00+00:00
[2025-03-17T14:30:24.195+0000] {processor.py:208} INFO - Processing /home/airflow/.local/lib/python3.12/site-packages/airflow/example_dags/example_latest_only.py took 0.038 seconds
[2025-03-17T14:30:55.254+0000] {processor.py:186} INFO - Started process (PID=2486) to work on /home/airflow/.local/lib/python3.12/site-packages/airflow/example_dags/example_latest_only.py
[2025-03-17T14:30:55.254+0000] {processor.py:914} INFO - Processing file /home/airflow/.local/lib/python3.12/site-packages/airflow/example_dags/example_latest_only.py for tasks to queue
[2025-03-17T14:30:55.256+0000] {logging_mixin.py:190} INFO - [2025-03-17T14:30:55.255+0000] {dagbag.py:588} INFO - Filling up the DagBag from /home/airflow/.local/lib/python3.12/site-packages/airflow/example_dags/example_latest_only.py
[2025-03-17T14:30:55.259+0000] {processor.py:925} INFO - DAG(s) 'latest_only' retrieved from /home/airflow/.local/lib/python3.12/site-packages/airflow/example_dags/example_latest_only.py
[2025-03-17T14:30:55.269+0000] {logging_mixin.py:190} INFO - [2025-03-17T14:30:55.269+0000] {dag.py:3239} INFO - Sync 1 DAGs
[2025-03-17T14:30:55.280+0000] {logging_mixin.py:190} INFO - [2025-03-17T14:30:55.280+0000] {dag.py:4180} INFO - Setting next_dagrun for latest_only to 2025-03-17 08:00:00+00:00, run_after=2025-03-17 12:00:00+00:00
[2025-03-17T14:30:55.287+0000] {processor.py:208} INFO - Processing /home/airflow/.local/lib/python3.12/site-packages/airflow/example_dags/example_latest_only.py took 0.036 seconds
[2025-03-17T14:31:26.342+0000] {processor.py:186} INFO - Started process (PID=2782) to work on /home/airflow/.local/lib/python3.12/site-packages/airflow/example_dags/example_latest_only.py
[2025-03-17T14:31:26.343+0000] {processor.py:914} INFO - Processing file /home/airflow/.local/lib/python3.12/site-packages/airflow/example_dags/example_latest_only.py for tasks to queue
[2025-03-17T14:31:26.344+0000] {logging_mixin.py:190} INFO - [2025-03-17T14:31:26.344+0000] {dagbag.py:588} INFO - Filling up the DagBag from /home/airflow/.local/lib/python3.12/site-packages/airflow/example_dags/example_latest_only.py
[2025-03-17T14:31:26.348+0000] {processor.py:925} INFO - DAG(s) 'latest_only' retrieved from /home/airflow/.local/lib/python3.12/site-packages/airflow/example_dags/example_latest_only.py
[2025-03-17T14:31:26.358+0000] {logging_mixin.py:190} INFO - [2025-03-17T14:31:26.358+0000] {dag.py:3239} INFO - Sync 1 DAGs
[2025-03-17T14:31:26.368+0000] {logging_mixin.py:190} INFO - [2025-03-17T14:31:26.368+0000] {dag.py:4180} INFO - Setting next_dagrun for latest_only to 2025-03-17 08:00:00+00:00, run_after=2025-03-17 12:00:00+00:00
[2025-03-17T14:31:26.377+0000] {processor.py:208} INFO - Processing /home/airflow/.local/lib/python3.12/site-packages/airflow/example_dags/example_latest_only.py took 0.038 seconds
[2025-03-17T14:31:57.484+0000] {processor.py:186} INFO - Started process (PID=3078) to work on /home/airflow/.local/lib/python3.12/site-packages/airflow/example_dags/example_latest_only.py
[2025-03-17T14:31:57.485+0000] {processor.py:914} INFO - Processing file /home/airflow/.local/lib/python3.12/site-packages/airflow/example_dags/example_latest_only.py for tasks to queue
[2025-03-17T14:31:57.486+0000] {logging_mixin.py:190} INFO - [2025-03-17T14:31:57.485+0000] {dagbag.py:588} INFO - Filling up the DagBag from /home/airflow/.local/lib/python3.12/site-packages/airflow/example_dags/example_latest_only.py
[2025-03-17T14:31:57.489+0000] {processor.py:925} INFO - DAG(s) 'latest_only' retrieved from /home/airflow/.local/lib/python3.12/site-packages/airflow/example_dags/example_latest_only.py
[2025-03-17T14:31:57.499+0000] {logging_mixin.py:190} INFO - [2025-03-17T14:31:57.499+0000] {dag.py:3239} INFO - Sync 1 DAGs
[2025-03-17T14:31:57.511+0000] {logging_mixin.py:190} INFO - [2025-03-17T14:31:57.511+0000] {dag.py:4180} INFO - Setting next_dagrun for latest_only to 2025-03-17 08:00:00+00:00, run_after=2025-03-17 12:00:00+00:00
[2025-03-17T14:31:57.519+0000] {processor.py:208} INFO - Processing /home/airflow/.local/lib/python3.12/site-packages/airflow/example_dags/example_latest_only.py took 0.038 seconds
[2025-03-17T14:32:27.851+0000] {processor.py:186} INFO - Started process (PID=3372) to work on /home/airflow/.local/lib/python3.12/site-packages/airflow/example_dags/example_latest_only.py
[2025-03-17T14:32:27.852+0000] {processor.py:914} INFO - Processing file /home/airflow/.local/lib/python3.12/site-packages/airflow/example_dags/example_latest_only.py for tasks to queue
[2025-03-17T14:32:27.853+0000] {logging_mixin.py:190} INFO - [2025-03-17T14:32:27.853+0000] {dagbag.py:588} INFO - Filling up the DagBag from /home/airflow/.local/lib/python3.12/site-packages/airflow/example_dags/example_latest_only.py
[2025-03-17T14:32:27.857+0000] {processor.py:925} INFO - DAG(s) 'latest_only' retrieved from /home/airflow/.local/lib/python3.12/site-packages/airflow/example_dags/example_latest_only.py
[2025-03-17T14:32:27.868+0000] {logging_mixin.py:190} INFO - [2025-03-17T14:32:27.868+0000] {dag.py:3239} INFO - Sync 1 DAGs
[2025-03-17T14:32:27.880+0000] {logging_mixin.py:190} INFO - [2025-03-17T14:32:27.880+0000] {dag.py:4180} INFO - Setting next_dagrun for latest_only to 2025-03-17 08:00:00+00:00, run_after=2025-03-17 12:00:00+00:00
[2025-03-17T14:32:27.888+0000] {processor.py:208} INFO - Processing /home/airflow/.local/lib/python3.12/site-packages/airflow/example_dags/example_latest_only.py took 0.040 seconds
[2025-03-17T14:32:58.660+0000] {processor.py:186} INFO - Started process (PID=3670) to work on /home/airflow/.local/lib/python3.12/site-packages/airflow/example_dags/example_latest_only.py
[2025-03-17T14:32:58.660+0000] {processor.py:914} INFO - Processing file /home/airflow/.local/lib/python3.12/site-packages/airflow/example_dags/example_latest_only.py for tasks to queue
[2025-03-17T14:32:58.661+0000] {logging_mixin.py:190} INFO - [2025-03-17T14:32:58.661+0000] {dagbag.py:588} INFO - Filling up the DagBag from /home/airflow/.local/lib/python3.12/site-packages/airflow/example_dags/example_latest_only.py
[2025-03-17T14:32:58.665+0000] {processor.py:925} INFO - DAG(s) 'latest_only' retrieved from /home/airflow/.local/lib/python3.12/site-packages/airflow/example_dags/example_latest_only.py
[2025-03-17T14:32:58.675+0000] {logging_mixin.py:190} INFO - [2025-03-17T14:32:58.674+0000] {dag.py:3239} INFO - Sync 1 DAGs
[2025-03-17T14:32:58.686+0000] {logging_mixin.py:190} INFO - [2025-03-17T14:32:58.686+0000] {dag.py:4180} INFO - Setting next_dagrun for latest_only to 2025-03-17 08:00:00+00:00, run_after=2025-03-17 12:00:00+00:00
[2025-03-17T14:32:58.693+0000] {processor.py:208} INFO - Processing /home/airflow/.local/lib/python3.12/site-packages/airflow/example_dags/example_latest_only.py took 0.037 seconds
