[2025-03-17T13:55:42.493+0000] {processor.py:186} INFO - Started process (PID=389) to work on /home/airflow/.local/lib/python3.12/site-packages/airflow/example_dags/example_workday_timetable.py
[2025-03-17T13:55:42.493+0000] {processor.py:914} INFO - Processing file /home/airflow/.local/lib/python3.12/site-packages/airflow/example_dags/example_workday_timetable.py for tasks to queue
[2025-03-17T13:55:42.494+0000] {logging_mixin.py:190} INFO - [2025-03-17T13:55:42.494+0000] {dagbag.py:588} INFO - Filling up the DagBag from /home/airflow/.local/lib/python3.12/site-packages/airflow/example_dags/example_workday_timetable.py
[2025-03-17T13:55:42.498+0000] {processor.py:925} INFO - DAG(s) 'example_workday_timetable' retrieved from /home/airflow/.local/lib/python3.12/site-packages/airflow/example_dags/example_workday_timetable.py
[2025-03-17T13:55:42.549+0000] {logging_mixin.py:190} INFO - [2025-03-17T13:55:42.548+0000] {override.py:1912} INFO - Created Permission View: can delete on DAG:example_workday_timetable
[2025-03-17T13:55:42.553+0000] {logging_mixin.py:190} INFO - [2025-03-17T13:55:42.553+0000] {override.py:1912} INFO - Created Permission View: can edit on DAG:example_workday_timetable
[2025-03-17T13:55:42.556+0000] {logging_mixin.py:190} INFO - [2025-03-17T13:55:42.556+0000] {override.py:1912} INFO - Created Permission View: can read on DAG:example_workday_timetable
[2025-03-17T13:55:42.559+0000] {logging_mixin.py:190} INFO - [2025-03-17T13:55:42.559+0000] {override.py:1912} INFO - Created Permission View: menu access on DAG Run:example_workday_timetable
[2025-03-17T13:55:42.561+0000] {logging_mixin.py:190} INFO - [2025-03-17T13:55:42.561+0000] {override.py:1912} INFO - Created Permission View: can delete on DAG Run:example_workday_timetable
[2025-03-17T13:55:42.563+0000] {logging_mixin.py:190} INFO - [2025-03-17T13:55:42.563+0000] {override.py:1912} INFO - Created Permission View: can create on DAG Run:example_workday_timetable
[2025-03-17T13:55:42.566+0000] {logging_mixin.py:190} INFO - [2025-03-17T13:55:42.566+0000] {override.py:1912} INFO - Created Permission View: can read on DAG Run:example_workday_timetable
[2025-03-17T13:55:42.566+0000] {logging_mixin.py:190} INFO - [2025-03-17T13:55:42.566+0000] {dag.py:3239} INFO - Sync 1 DAGs
[2025-03-17T13:55:42.574+0000] {logging_mixin.py:190} INFO - [2025-03-17T13:55:42.574+0000] {dag.py:3262} INFO - Creating ORM DAG for example_workday_timetable
[2025-03-17T13:55:42.598+0000] {logging_mixin.py:190} INFO - [2025-03-17T13:55:42.597+0000] {dag.py:4180} INFO - Setting next_dagrun for example_workday_timetable to 2021-01-04 00:00:00+00:00, run_after=2021-01-05 00:00:00+00:00
[2025-03-17T13:55:42.606+0000] {processor.py:208} INFO - Processing /home/airflow/.local/lib/python3.12/site-packages/airflow/example_dags/example_workday_timetable.py took 0.116 seconds
[2025-03-17T13:56:13.387+0000] {processor.py:186} INFO - Started process (PID=678) to work on /home/airflow/.local/lib/python3.12/site-packages/airflow/example_dags/example_workday_timetable.py
[2025-03-17T13:56:13.388+0000] {processor.py:914} INFO - Processing file /home/airflow/.local/lib/python3.12/site-packages/airflow/example_dags/example_workday_timetable.py for tasks to queue
[2025-03-17T13:56:13.389+0000] {logging_mixin.py:190} INFO - [2025-03-17T13:56:13.389+0000] {dagbag.py:588} INFO - Filling up the DagBag from /home/airflow/.local/lib/python3.12/site-packages/airflow/example_dags/example_workday_timetable.py
[2025-03-17T13:56:13.392+0000] {processor.py:925} INFO - DAG(s) 'example_workday_timetable' retrieved from /home/airflow/.local/lib/python3.12/site-packages/airflow/example_dags/example_workday_timetable.py
[2025-03-17T13:56:13.402+0000] {logging_mixin.py:190} INFO - [2025-03-17T13:56:13.402+0000] {dag.py:3239} INFO - Sync 1 DAGs
[2025-03-17T13:56:13.431+0000] {logging_mixin.py:190} INFO - [2025-03-17T13:56:13.431+0000] {dag.py:4180} INFO - Setting next_dagrun for example_workday_timetable to 2021-01-04 00:00:00+00:00, run_after=2021-01-05 00:00:00+00:00
[2025-03-17T13:56:13.441+0000] {processor.py:208} INFO - Processing /home/airflow/.local/lib/python3.12/site-packages/airflow/example_dags/example_workday_timetable.py took 0.057 seconds
[2025-03-17T14:27:19.802+0000] {processor.py:186} INFO - Started process (PID=392) to work on /home/airflow/.local/lib/python3.12/site-packages/airflow/example_dags/example_workday_timetable.py
[2025-03-17T14:27:19.802+0000] {processor.py:914} INFO - Processing file /home/airflow/.local/lib/python3.12/site-packages/airflow/example_dags/example_workday_timetable.py for tasks to queue
[2025-03-17T14:27:19.803+0000] {logging_mixin.py:190} INFO - [2025-03-17T14:27:19.803+0000] {dagbag.py:588} INFO - Filling up the DagBag from /home/airflow/.local/lib/python3.12/site-packages/airflow/example_dags/example_workday_timetable.py
[2025-03-17T14:27:19.806+0000] {processor.py:925} INFO - DAG(s) 'example_workday_timetable' retrieved from /home/airflow/.local/lib/python3.12/site-packages/airflow/example_dags/example_workday_timetable.py
[2025-03-17T14:27:19.861+0000] {logging_mixin.py:190} INFO - [2025-03-17T14:27:19.861+0000] {dag.py:3239} INFO - Sync 1 DAGs
[2025-03-17T14:27:19.890+0000] {logging_mixin.py:190} INFO - [2025-03-17T14:27:19.890+0000] {dag.py:4180} INFO - Setting next_dagrun for example_workday_timetable to 2021-01-04 00:00:00+00:00, run_after=2021-01-05 00:00:00+00:00
[2025-03-17T14:27:19.898+0000] {processor.py:208} INFO - Processing /home/airflow/.local/lib/python3.12/site-packages/airflow/example_dags/example_workday_timetable.py took 0.099 seconds
[2025-03-17T14:27:50.079+0000] {processor.py:186} INFO - Started process (PID=690) to work on /home/airflow/.local/lib/python3.12/site-packages/airflow/example_dags/example_workday_timetable.py
[2025-03-17T14:27:50.080+0000] {processor.py:914} INFO - Processing file /home/airflow/.local/lib/python3.12/site-packages/airflow/example_dags/example_workday_timetable.py for tasks to queue
[2025-03-17T14:27:50.080+0000] {logging_mixin.py:190} INFO - [2025-03-17T14:27:50.080+0000] {dagbag.py:588} INFO - Filling up the DagBag from /home/airflow/.local/lib/python3.12/site-packages/airflow/example_dags/example_workday_timetable.py
[2025-03-17T14:27:50.083+0000] {processor.py:925} INFO - DAG(s) 'example_workday_timetable' retrieved from /home/airflow/.local/lib/python3.12/site-packages/airflow/example_dags/example_workday_timetable.py
[2025-03-17T14:27:50.093+0000] {logging_mixin.py:190} INFO - [2025-03-17T14:27:50.093+0000] {dag.py:3239} INFO - Sync 1 DAGs
[2025-03-17T14:27:50.121+0000] {logging_mixin.py:190} INFO - [2025-03-17T14:27:50.121+0000] {dag.py:4180} INFO - Setting next_dagrun for example_workday_timetable to 2021-01-04 00:00:00+00:00, run_after=2021-01-05 00:00:00+00:00
[2025-03-17T14:27:50.129+0000] {processor.py:208} INFO - Processing /home/airflow/.local/lib/python3.12/site-packages/airflow/example_dags/example_workday_timetable.py took 0.052 seconds
[2025-03-17T14:28:20.698+0000] {processor.py:186} INFO - Started process (PID=984) to work on /home/airflow/.local/lib/python3.12/site-packages/airflow/example_dags/example_workday_timetable.py
[2025-03-17T14:28:20.698+0000] {processor.py:914} INFO - Processing file /home/airflow/.local/lib/python3.12/site-packages/airflow/example_dags/example_workday_timetable.py for tasks to queue
[2025-03-17T14:28:20.699+0000] {logging_mixin.py:190} INFO - [2025-03-17T14:28:20.699+0000] {dagbag.py:588} INFO - Filling up the DagBag from /home/airflow/.local/lib/python3.12/site-packages/airflow/example_dags/example_workday_timetable.py
[2025-03-17T14:28:20.702+0000] {processor.py:925} INFO - DAG(s) 'example_workday_timetable' retrieved from /home/airflow/.local/lib/python3.12/site-packages/airflow/example_dags/example_workday_timetable.py
[2025-03-17T14:28:20.712+0000] {logging_mixin.py:190} INFO - [2025-03-17T14:28:20.712+0000] {dag.py:3239} INFO - Sync 1 DAGs
[2025-03-17T14:28:20.740+0000] {logging_mixin.py:190} INFO - [2025-03-17T14:28:20.740+0000] {dag.py:4180} INFO - Setting next_dagrun for example_workday_timetable to 2021-01-04 00:00:00+00:00, run_after=2021-01-05 00:00:00+00:00
[2025-03-17T14:28:20.752+0000] {processor.py:208} INFO - Processing /home/airflow/.local/lib/python3.12/site-packages/airflow/example_dags/example_workday_timetable.py took 0.057 seconds
[2025-03-17T14:28:51.317+0000] {processor.py:186} INFO - Started process (PID=1282) to work on /home/airflow/.local/lib/python3.12/site-packages/airflow/example_dags/example_workday_timetable.py
[2025-03-17T14:28:51.317+0000] {processor.py:914} INFO - Processing file /home/airflow/.local/lib/python3.12/site-packages/airflow/example_dags/example_workday_timetable.py for tasks to queue
[2025-03-17T14:28:51.318+0000] {logging_mixin.py:190} INFO - [2025-03-17T14:28:51.318+0000] {dagbag.py:588} INFO - Filling up the DagBag from /home/airflow/.local/lib/python3.12/site-packages/airflow/example_dags/example_workday_timetable.py
[2025-03-17T14:28:51.321+0000] {processor.py:925} INFO - DAG(s) 'example_workday_timetable' retrieved from /home/airflow/.local/lib/python3.12/site-packages/airflow/example_dags/example_workday_timetable.py
[2025-03-17T14:28:51.331+0000] {logging_mixin.py:190} INFO - [2025-03-17T14:28:51.331+0000] {dag.py:3239} INFO - Sync 1 DAGs
[2025-03-17T14:28:51.359+0000] {logging_mixin.py:190} INFO - [2025-03-17T14:28:51.359+0000] {dag.py:4180} INFO - Setting next_dagrun for example_workday_timetable to 2021-01-04 00:00:00+00:00, run_after=2021-01-05 00:00:00+00:00
[2025-03-17T14:28:51.367+0000] {processor.py:208} INFO - Processing /home/airflow/.local/lib/python3.12/site-packages/airflow/example_dags/example_workday_timetable.py took 0.053 seconds
[2025-03-17T14:29:22.198+0000] {processor.py:186} INFO - Started process (PID=1578) to work on /home/airflow/.local/lib/python3.12/site-packages/airflow/example_dags/example_workday_timetable.py
[2025-03-17T14:29:22.199+0000] {processor.py:914} INFO - Processing file /home/airflow/.local/lib/python3.12/site-packages/airflow/example_dags/example_workday_timetable.py for tasks to queue
[2025-03-17T14:29:22.200+0000] {logging_mixin.py:190} INFO - [2025-03-17T14:29:22.199+0000] {dagbag.py:588} INFO - Filling up the DagBag from /home/airflow/.local/lib/python3.12/site-packages/airflow/example_dags/example_workday_timetable.py
[2025-03-17T14:29:22.203+0000] {processor.py:925} INFO - DAG(s) 'example_workday_timetable' retrieved from /home/airflow/.local/lib/python3.12/site-packages/airflow/example_dags/example_workday_timetable.py
[2025-03-17T14:29:22.212+0000] {logging_mixin.py:190} INFO - [2025-03-17T14:29:22.212+0000] {dag.py:3239} INFO - Sync 1 DAGs
[2025-03-17T14:29:22.239+0000] {logging_mixin.py:190} INFO - [2025-03-17T14:29:22.239+0000] {dag.py:4180} INFO - Setting next_dagrun for example_workday_timetable to 2021-01-04 00:00:00+00:00, run_after=2021-01-05 00:00:00+00:00
[2025-03-17T14:29:22.249+0000] {processor.py:208} INFO - Processing /home/airflow/.local/lib/python3.12/site-packages/airflow/example_dags/example_workday_timetable.py took 0.054 seconds
[2025-03-17T14:29:53.175+0000] {processor.py:186} INFO - Started process (PID=1874) to work on /home/airflow/.local/lib/python3.12/site-packages/airflow/example_dags/example_workday_timetable.py
[2025-03-17T14:29:53.176+0000] {processor.py:914} INFO - Processing file /home/airflow/.local/lib/python3.12/site-packages/airflow/example_dags/example_workday_timetable.py for tasks to queue
[2025-03-17T14:29:53.177+0000] {logging_mixin.py:190} INFO - [2025-03-17T14:29:53.177+0000] {dagbag.py:588} INFO - Filling up the DagBag from /home/airflow/.local/lib/python3.12/site-packages/airflow/example_dags/example_workday_timetable.py
[2025-03-17T14:29:53.180+0000] {processor.py:925} INFO - DAG(s) 'example_workday_timetable' retrieved from /home/airflow/.local/lib/python3.12/site-packages/airflow/example_dags/example_workday_timetable.py
[2025-03-17T14:29:53.189+0000] {logging_mixin.py:190} INFO - [2025-03-17T14:29:53.189+0000] {dag.py:3239} INFO - Sync 1 DAGs
[2025-03-17T14:29:53.218+0000] {logging_mixin.py:190} INFO - [2025-03-17T14:29:53.218+0000] {dag.py:4180} INFO - Setting next_dagrun for example_workday_timetable to 2021-01-04 00:00:00+00:00, run_after=2021-01-05 00:00:00+00:00
[2025-03-17T14:29:53.225+0000] {processor.py:208} INFO - Processing /home/airflow/.local/lib/python3.12/site-packages/airflow/example_dags/example_workday_timetable.py took 0.053 seconds
[2025-03-17T14:30:24.020+0000] {processor.py:186} INFO - Started process (PID=2168) to work on /home/airflow/.local/lib/python3.12/site-packages/airflow/example_dags/example_workday_timetable.py
[2025-03-17T14:30:24.021+0000] {processor.py:914} INFO - Processing file /home/airflow/.local/lib/python3.12/site-packages/airflow/example_dags/example_workday_timetable.py for tasks to queue
[2025-03-17T14:30:24.022+0000] {logging_mixin.py:190} INFO - [2025-03-17T14:30:24.022+0000] {dagbag.py:588} INFO - Filling up the DagBag from /home/airflow/.local/lib/python3.12/site-packages/airflow/example_dags/example_workday_timetable.py
[2025-03-17T14:30:24.025+0000] {processor.py:925} INFO - DAG(s) 'example_workday_timetable' retrieved from /home/airflow/.local/lib/python3.12/site-packages/airflow/example_dags/example_workday_timetable.py
[2025-03-17T14:30:24.036+0000] {logging_mixin.py:190} INFO - [2025-03-17T14:30:24.036+0000] {dag.py:3239} INFO - Sync 1 DAGs
[2025-03-17T14:30:24.068+0000] {logging_mixin.py:190} INFO - [2025-03-17T14:30:24.068+0000] {dag.py:4180} INFO - Setting next_dagrun for example_workday_timetable to 2021-01-04 00:00:00+00:00, run_after=2021-01-05 00:00:00+00:00
[2025-03-17T14:30:24.078+0000] {processor.py:208} INFO - Processing /home/airflow/.local/lib/python3.12/site-packages/airflow/example_dags/example_workday_timetable.py took 0.061 seconds
[2025-03-17T14:30:55.057+0000] {processor.py:186} INFO - Started process (PID=2466) to work on /home/airflow/.local/lib/python3.12/site-packages/airflow/example_dags/example_workday_timetable.py
[2025-03-17T14:30:55.057+0000] {processor.py:914} INFO - Processing file /home/airflow/.local/lib/python3.12/site-packages/airflow/example_dags/example_workday_timetable.py for tasks to queue
[2025-03-17T14:30:55.058+0000] {logging_mixin.py:190} INFO - [2025-03-17T14:30:55.058+0000] {dagbag.py:588} INFO - Filling up the DagBag from /home/airflow/.local/lib/python3.12/site-packages/airflow/example_dags/example_workday_timetable.py
[2025-03-17T14:30:55.061+0000] {processor.py:925} INFO - DAG(s) 'example_workday_timetable' retrieved from /home/airflow/.local/lib/python3.12/site-packages/airflow/example_dags/example_workday_timetable.py
[2025-03-17T14:30:55.071+0000] {logging_mixin.py:190} INFO - [2025-03-17T14:30:55.071+0000] {dag.py:3239} INFO - Sync 1 DAGs
[2025-03-17T14:30:55.102+0000] {logging_mixin.py:190} INFO - [2025-03-17T14:30:55.102+0000] {dag.py:4180} INFO - Setting next_dagrun for example_workday_timetable to 2021-01-04 00:00:00+00:00, run_after=2021-01-05 00:00:00+00:00
[2025-03-17T14:30:55.110+0000] {processor.py:208} INFO - Processing /home/airflow/.local/lib/python3.12/site-packages/airflow/example_dags/example_workday_timetable.py took 0.056 seconds
[2025-03-17T14:31:26.146+0000] {processor.py:186} INFO - Started process (PID=2762) to work on /home/airflow/.local/lib/python3.12/site-packages/airflow/example_dags/example_workday_timetable.py
[2025-03-17T14:31:26.147+0000] {processor.py:914} INFO - Processing file /home/airflow/.local/lib/python3.12/site-packages/airflow/example_dags/example_workday_timetable.py for tasks to queue
[2025-03-17T14:31:26.147+0000] {logging_mixin.py:190} INFO - [2025-03-17T14:31:26.147+0000] {dagbag.py:588} INFO - Filling up the DagBag from /home/airflow/.local/lib/python3.12/site-packages/airflow/example_dags/example_workday_timetable.py
[2025-03-17T14:31:26.151+0000] {processor.py:925} INFO - DAG(s) 'example_workday_timetable' retrieved from /home/airflow/.local/lib/python3.12/site-packages/airflow/example_dags/example_workday_timetable.py
[2025-03-17T14:31:26.161+0000] {logging_mixin.py:190} INFO - [2025-03-17T14:31:26.161+0000] {dag.py:3239} INFO - Sync 1 DAGs
[2025-03-17T14:31:26.188+0000] {logging_mixin.py:190} INFO - [2025-03-17T14:31:26.188+0000] {dag.py:4180} INFO - Setting next_dagrun for example_workday_timetable to 2021-01-04 00:00:00+00:00, run_after=2021-01-05 00:00:00+00:00
[2025-03-17T14:31:26.196+0000] {processor.py:208} INFO - Processing /home/airflow/.local/lib/python3.12/site-packages/airflow/example_dags/example_workday_timetable.py took 0.052 seconds
[2025-03-17T14:31:57.285+0000] {processor.py:186} INFO - Started process (PID=3058) to work on /home/airflow/.local/lib/python3.12/site-packages/airflow/example_dags/example_workday_timetable.py
[2025-03-17T14:31:57.285+0000] {processor.py:914} INFO - Processing file /home/airflow/.local/lib/python3.12/site-packages/airflow/example_dags/example_workday_timetable.py for tasks to queue
[2025-03-17T14:31:57.286+0000] {logging_mixin.py:190} INFO - [2025-03-17T14:31:57.286+0000] {dagbag.py:588} INFO - Filling up the DagBag from /home/airflow/.local/lib/python3.12/site-packages/airflow/example_dags/example_workday_timetable.py
[2025-03-17T14:31:57.289+0000] {processor.py:925} INFO - DAG(s) 'example_workday_timetable' retrieved from /home/airflow/.local/lib/python3.12/site-packages/airflow/example_dags/example_workday_timetable.py
[2025-03-17T14:31:57.299+0000] {logging_mixin.py:190} INFO - [2025-03-17T14:31:57.299+0000] {dag.py:3239} INFO - Sync 1 DAGs
[2025-03-17T14:31:57.328+0000] {logging_mixin.py:190} INFO - [2025-03-17T14:31:57.327+0000] {dag.py:4180} INFO - Setting next_dagrun for example_workday_timetable to 2021-01-04 00:00:00+00:00, run_after=2021-01-05 00:00:00+00:00
[2025-03-17T14:31:57.336+0000] {processor.py:208} INFO - Processing /home/airflow/.local/lib/python3.12/site-packages/airflow/example_dags/example_workday_timetable.py took 0.054 seconds
[2025-03-17T14:32:27.700+0000] {processor.py:186} INFO - Started process (PID=3354) to work on /home/airflow/.local/lib/python3.12/site-packages/airflow/example_dags/example_workday_timetable.py
[2025-03-17T14:32:27.701+0000] {processor.py:914} INFO - Processing file /home/airflow/.local/lib/python3.12/site-packages/airflow/example_dags/example_workday_timetable.py for tasks to queue
[2025-03-17T14:32:27.702+0000] {logging_mixin.py:190} INFO - [2025-03-17T14:32:27.701+0000] {dagbag.py:588} INFO - Filling up the DagBag from /home/airflow/.local/lib/python3.12/site-packages/airflow/example_dags/example_workday_timetable.py
[2025-03-17T14:32:27.704+0000] {processor.py:925} INFO - DAG(s) 'example_workday_timetable' retrieved from /home/airflow/.local/lib/python3.12/site-packages/airflow/example_dags/example_workday_timetable.py
[2025-03-17T14:32:27.716+0000] {logging_mixin.py:190} INFO - [2025-03-17T14:32:27.716+0000] {dag.py:3239} INFO - Sync 1 DAGs
[2025-03-17T14:32:27.745+0000] {logging_mixin.py:190} INFO - [2025-03-17T14:32:27.744+0000] {dag.py:4180} INFO - Setting next_dagrun for example_workday_timetable to 2021-01-04 00:00:00+00:00, run_after=2021-01-05 00:00:00+00:00
[2025-03-17T14:32:27.753+0000] {processor.py:208} INFO - Processing /home/airflow/.local/lib/python3.12/site-packages/airflow/example_dags/example_workday_timetable.py took 0.055 seconds
[2025-03-17T14:32:58.533+0000] {processor.py:186} INFO - Started process (PID=3650) to work on /home/airflow/.local/lib/python3.12/site-packages/airflow/example_dags/example_workday_timetable.py
[2025-03-17T14:32:58.533+0000] {processor.py:914} INFO - Processing file /home/airflow/.local/lib/python3.12/site-packages/airflow/example_dags/example_workday_timetable.py for tasks to queue
[2025-03-17T14:32:58.535+0000] {logging_mixin.py:190} INFO - [2025-03-17T14:32:58.535+0000] {dagbag.py:588} INFO - Filling up the DagBag from /home/airflow/.local/lib/python3.12/site-packages/airflow/example_dags/example_workday_timetable.py
[2025-03-17T14:32:58.538+0000] {processor.py:925} INFO - DAG(s) 'example_workday_timetable' retrieved from /home/airflow/.local/lib/python3.12/site-packages/airflow/example_dags/example_workday_timetable.py
[2025-03-17T14:32:58.548+0000] {logging_mixin.py:190} INFO - [2025-03-17T14:32:58.548+0000] {dag.py:3239} INFO - Sync 1 DAGs
[2025-03-17T14:32:58.576+0000] {logging_mixin.py:190} INFO - [2025-03-17T14:32:58.576+0000] {dag.py:4180} INFO - Setting next_dagrun for example_workday_timetable to 2021-01-04 00:00:00+00:00, run_after=2021-01-05 00:00:00+00:00
[2025-03-17T14:32:58.585+0000] {processor.py:208} INFO - Processing /home/airflow/.local/lib/python3.12/site-packages/airflow/example_dags/example_workday_timetable.py took 0.055 seconds
