[2025-03-17T13:55:42.755+0000] {processor.py:186} INFO - Started process (PID=412) to work on /home/airflow/.local/lib/python3.12/site-packages/airflow/example_dags/example_trigger_target_dag.py
[2025-03-17T13:55:42.755+0000] {processor.py:914} INFO - Processing file /home/airflow/.local/lib/python3.12/site-packages/airflow/example_dags/example_trigger_target_dag.py for tasks to queue
[2025-03-17T13:55:42.756+0000] {logging_mixin.py:190} INFO - [2025-03-17T13:55:42.756+0000] {dagbag.py:588} INFO - Filling up the DagBag from /home/airflow/.local/lib/python3.12/site-packages/airflow/example_dags/example_trigger_target_dag.py
[2025-03-17T13:55:42.761+0000] {processor.py:925} INFO - DAG(s) 'example_trigger_target_dag' retrieved from /home/airflow/.local/lib/python3.12/site-packages/airflow/example_dags/example_trigger_target_dag.py
[2025-03-17T13:55:42.813+0000] {logging_mixin.py:190} INFO - [2025-03-17T13:55:42.812+0000] {override.py:1912} INFO - Created Permission View: can delete on DAG:example_trigger_target_dag
[2025-03-17T13:55:42.817+0000] {logging_mixin.py:190} INFO - [2025-03-17T13:55:42.817+0000] {override.py:1912} INFO - Created Permission View: can edit on DAG:example_trigger_target_dag
[2025-03-17T13:55:42.820+0000] {logging_mixin.py:190} INFO - [2025-03-17T13:55:42.820+0000] {override.py:1912} INFO - Created Permission View: can read on DAG:example_trigger_target_dag
[2025-03-17T13:55:42.823+0000] {logging_mixin.py:190} INFO - [2025-03-17T13:55:42.823+0000] {override.py:1912} INFO - Created Permission View: menu access on DAG Run:example_trigger_target_dag
[2025-03-17T13:55:42.826+0000] {logging_mixin.py:190} INFO - [2025-03-17T13:55:42.826+0000] {override.py:1912} INFO - Created Permission View: can delete on DAG Run:example_trigger_target_dag
[2025-03-17T13:55:42.829+0000] {logging_mixin.py:190} INFO - [2025-03-17T13:55:42.828+0000] {override.py:1912} INFO - Created Permission View: can create on DAG Run:example_trigger_target_dag
[2025-03-17T13:55:42.831+0000] {logging_mixin.py:190} INFO - [2025-03-17T13:55:42.830+0000] {override.py:1912} INFO - Created Permission View: can read on DAG Run:example_trigger_target_dag
[2025-03-17T13:55:42.831+0000] {logging_mixin.py:190} INFO - [2025-03-17T13:55:42.831+0000] {dag.py:3239} INFO - Sync 1 DAGs
[2025-03-17T13:55:42.837+0000] {logging_mixin.py:190} INFO - [2025-03-17T13:55:42.837+0000] {dag.py:3262} INFO - Creating ORM DAG for example_trigger_target_dag
[2025-03-17T13:55:42.837+0000] {logging_mixin.py:190} INFO - [2025-03-17T13:55:42.837+0000] {dag.py:4180} INFO - Setting next_dagrun for example_trigger_target_dag to None, run_after=None
[2025-03-17T13:55:42.844+0000] {processor.py:208} INFO - Processing /home/airflow/.local/lib/python3.12/site-packages/airflow/example_dags/example_trigger_target_dag.py took 0.092 seconds
[2025-03-17T13:56:13.603+0000] {processor.py:186} INFO - Started process (PID=703) to work on /home/airflow/.local/lib/python3.12/site-packages/airflow/example_dags/example_trigger_target_dag.py
[2025-03-17T13:56:13.603+0000] {processor.py:914} INFO - Processing file /home/airflow/.local/lib/python3.12/site-packages/airflow/example_dags/example_trigger_target_dag.py for tasks to queue
[2025-03-17T13:56:13.604+0000] {logging_mixin.py:190} INFO - [2025-03-17T13:56:13.604+0000] {dagbag.py:588} INFO - Filling up the DagBag from /home/airflow/.local/lib/python3.12/site-packages/airflow/example_dags/example_trigger_target_dag.py
[2025-03-17T13:56:13.608+0000] {processor.py:925} INFO - DAG(s) 'example_trigger_target_dag' retrieved from /home/airflow/.local/lib/python3.12/site-packages/airflow/example_dags/example_trigger_target_dag.py
[2025-03-17T13:56:13.619+0000] {logging_mixin.py:190} INFO - [2025-03-17T13:56:13.618+0000] {dag.py:3239} INFO - Sync 1 DAGs
[2025-03-17T13:56:13.625+0000] {logging_mixin.py:190} INFO - [2025-03-17T13:56:13.625+0000] {dag.py:4180} INFO - Setting next_dagrun for example_trigger_target_dag to None, run_after=None
[2025-03-17T13:56:13.633+0000] {processor.py:208} INFO - Processing /home/airflow/.local/lib/python3.12/site-packages/airflow/example_dags/example_trigger_target_dag.py took 0.033 seconds
[2025-03-17T14:27:20.054+0000] {processor.py:186} INFO - Started process (PID=417) to work on /home/airflow/.local/lib/python3.12/site-packages/airflow/example_dags/example_trigger_target_dag.py
[2025-03-17T14:27:20.054+0000] {processor.py:914} INFO - Processing file /home/airflow/.local/lib/python3.12/site-packages/airflow/example_dags/example_trigger_target_dag.py for tasks to queue
[2025-03-17T14:27:20.056+0000] {logging_mixin.py:190} INFO - [2025-03-17T14:27:20.056+0000] {dagbag.py:588} INFO - Filling up the DagBag from /home/airflow/.local/lib/python3.12/site-packages/airflow/example_dags/example_trigger_target_dag.py
[2025-03-17T14:27:20.060+0000] {processor.py:925} INFO - DAG(s) 'example_trigger_target_dag' retrieved from /home/airflow/.local/lib/python3.12/site-packages/airflow/example_dags/example_trigger_target_dag.py
[2025-03-17T14:27:20.114+0000] {logging_mixin.py:190} INFO - [2025-03-17T14:27:20.113+0000] {dag.py:3239} INFO - Sync 1 DAGs
[2025-03-17T14:27:20.120+0000] {logging_mixin.py:190} INFO - [2025-03-17T14:27:20.120+0000] {dag.py:4180} INFO - Setting next_dagrun for example_trigger_target_dag to None, run_after=None
[2025-03-17T14:27:20.129+0000] {processor.py:208} INFO - Processing /home/airflow/.local/lib/python3.12/site-packages/airflow/example_dags/example_trigger_target_dag.py took 0.079 seconds
[2025-03-17T14:27:50.286+0000] {processor.py:186} INFO - Started process (PID=713) to work on /home/airflow/.local/lib/python3.12/site-packages/airflow/example_dags/example_trigger_target_dag.py
[2025-03-17T14:27:50.286+0000] {processor.py:914} INFO - Processing file /home/airflow/.local/lib/python3.12/site-packages/airflow/example_dags/example_trigger_target_dag.py for tasks to queue
[2025-03-17T14:27:50.287+0000] {logging_mixin.py:190} INFO - [2025-03-17T14:27:50.287+0000] {dagbag.py:588} INFO - Filling up the DagBag from /home/airflow/.local/lib/python3.12/site-packages/airflow/example_dags/example_trigger_target_dag.py
[2025-03-17T14:27:50.291+0000] {processor.py:925} INFO - DAG(s) 'example_trigger_target_dag' retrieved from /home/airflow/.local/lib/python3.12/site-packages/airflow/example_dags/example_trigger_target_dag.py
[2025-03-17T14:27:50.300+0000] {logging_mixin.py:190} INFO - [2025-03-17T14:27:50.300+0000] {dag.py:3239} INFO - Sync 1 DAGs
[2025-03-17T14:27:50.307+0000] {logging_mixin.py:190} INFO - [2025-03-17T14:27:50.306+0000] {dag.py:4180} INFO - Setting next_dagrun for example_trigger_target_dag to None, run_after=None
[2025-03-17T14:27:50.314+0000] {processor.py:208} INFO - Processing /home/airflow/.local/lib/python3.12/site-packages/airflow/example_dags/example_trigger_target_dag.py took 0.031 seconds
[2025-03-17T14:28:20.944+0000] {processor.py:186} INFO - Started process (PID=1011) to work on /home/airflow/.local/lib/python3.12/site-packages/airflow/example_dags/example_trigger_target_dag.py
[2025-03-17T14:28:20.945+0000] {processor.py:914} INFO - Processing file /home/airflow/.local/lib/python3.12/site-packages/airflow/example_dags/example_trigger_target_dag.py for tasks to queue
[2025-03-17T14:28:20.946+0000] {logging_mixin.py:190} INFO - [2025-03-17T14:28:20.945+0000] {dagbag.py:588} INFO - Filling up the DagBag from /home/airflow/.local/lib/python3.12/site-packages/airflow/example_dags/example_trigger_target_dag.py
[2025-03-17T14:28:20.950+0000] {processor.py:925} INFO - DAG(s) 'example_trigger_target_dag' retrieved from /home/airflow/.local/lib/python3.12/site-packages/airflow/example_dags/example_trigger_target_dag.py
[2025-03-17T14:28:20.959+0000] {logging_mixin.py:190} INFO - [2025-03-17T14:28:20.959+0000] {dag.py:3239} INFO - Sync 1 DAGs
[2025-03-17T14:28:20.966+0000] {logging_mixin.py:190} INFO - [2025-03-17T14:28:20.966+0000] {dag.py:4180} INFO - Setting next_dagrun for example_trigger_target_dag to None, run_after=None
[2025-03-17T14:28:20.973+0000] {processor.py:208} INFO - Processing /home/airflow/.local/lib/python3.12/site-packages/airflow/example_dags/example_trigger_target_dag.py took 0.032 seconds
[2025-03-17T14:28:51.467+0000] {processor.py:186} INFO - Started process (PID=1305) to work on /home/airflow/.local/lib/python3.12/site-packages/airflow/example_dags/example_trigger_target_dag.py
[2025-03-17T14:28:51.467+0000] {processor.py:914} INFO - Processing file /home/airflow/.local/lib/python3.12/site-packages/airflow/example_dags/example_trigger_target_dag.py for tasks to queue
[2025-03-17T14:28:51.468+0000] {logging_mixin.py:190} INFO - [2025-03-17T14:28:51.468+0000] {dagbag.py:588} INFO - Filling up the DagBag from /home/airflow/.local/lib/python3.12/site-packages/airflow/example_dags/example_trigger_target_dag.py
[2025-03-17T14:28:51.472+0000] {processor.py:925} INFO - DAG(s) 'example_trigger_target_dag' retrieved from /home/airflow/.local/lib/python3.12/site-packages/airflow/example_dags/example_trigger_target_dag.py
[2025-03-17T14:28:51.482+0000] {logging_mixin.py:190} INFO - [2025-03-17T14:28:51.482+0000] {dag.py:3239} INFO - Sync 1 DAGs
[2025-03-17T14:28:51.489+0000] {logging_mixin.py:190} INFO - [2025-03-17T14:28:51.489+0000] {dag.py:4180} INFO - Setting next_dagrun for example_trigger_target_dag to None, run_after=None
[2025-03-17T14:28:51.497+0000] {processor.py:208} INFO - Processing /home/airflow/.local/lib/python3.12/site-packages/airflow/example_dags/example_trigger_target_dag.py took 0.033 seconds
[2025-03-17T14:29:22.386+0000] {processor.py:186} INFO - Started process (PID=1603) to work on /home/airflow/.local/lib/python3.12/site-packages/airflow/example_dags/example_trigger_target_dag.py
[2025-03-17T14:29:22.387+0000] {processor.py:914} INFO - Processing file /home/airflow/.local/lib/python3.12/site-packages/airflow/example_dags/example_trigger_target_dag.py for tasks to queue
[2025-03-17T14:29:22.388+0000] {logging_mixin.py:190} INFO - [2025-03-17T14:29:22.388+0000] {dagbag.py:588} INFO - Filling up the DagBag from /home/airflow/.local/lib/python3.12/site-packages/airflow/example_dags/example_trigger_target_dag.py
[2025-03-17T14:29:22.392+0000] {processor.py:925} INFO - DAG(s) 'example_trigger_target_dag' retrieved from /home/airflow/.local/lib/python3.12/site-packages/airflow/example_dags/example_trigger_target_dag.py
[2025-03-17T14:29:22.402+0000] {logging_mixin.py:190} INFO - [2025-03-17T14:29:22.402+0000] {dag.py:3239} INFO - Sync 1 DAGs
[2025-03-17T14:29:22.409+0000] {logging_mixin.py:190} INFO - [2025-03-17T14:29:22.409+0000] {dag.py:4180} INFO - Setting next_dagrun for example_trigger_target_dag to None, run_after=None
[2025-03-17T14:29:22.418+0000] {processor.py:208} INFO - Processing /home/airflow/.local/lib/python3.12/site-packages/airflow/example_dags/example_trigger_target_dag.py took 0.035 seconds
[2025-03-17T14:29:53.377+0000] {processor.py:186} INFO - Started process (PID=1897) to work on /home/airflow/.local/lib/python3.12/site-packages/airflow/example_dags/example_trigger_target_dag.py
[2025-03-17T14:29:53.377+0000] {processor.py:914} INFO - Processing file /home/airflow/.local/lib/python3.12/site-packages/airflow/example_dags/example_trigger_target_dag.py for tasks to queue
[2025-03-17T14:29:53.378+0000] {logging_mixin.py:190} INFO - [2025-03-17T14:29:53.378+0000] {dagbag.py:588} INFO - Filling up the DagBag from /home/airflow/.local/lib/python3.12/site-packages/airflow/example_dags/example_trigger_target_dag.py
[2025-03-17T14:29:53.383+0000] {processor.py:925} INFO - DAG(s) 'example_trigger_target_dag' retrieved from /home/airflow/.local/lib/python3.12/site-packages/airflow/example_dags/example_trigger_target_dag.py
[2025-03-17T14:29:53.393+0000] {logging_mixin.py:190} INFO - [2025-03-17T14:29:53.393+0000] {dag.py:3239} INFO - Sync 1 DAGs
[2025-03-17T14:29:53.400+0000] {logging_mixin.py:190} INFO - [2025-03-17T14:29:53.400+0000] {dag.py:4180} INFO - Setting next_dagrun for example_trigger_target_dag to None, run_after=None
[2025-03-17T14:29:53.408+0000] {processor.py:208} INFO - Processing /home/airflow/.local/lib/python3.12/site-packages/airflow/example_dags/example_trigger_target_dag.py took 0.034 seconds
[2025-03-17T14:30:24.181+0000] {processor.py:186} INFO - Started process (PID=2193) to work on /home/airflow/.local/lib/python3.12/site-packages/airflow/example_dags/example_trigger_target_dag.py
[2025-03-17T14:30:24.182+0000] {processor.py:914} INFO - Processing file /home/airflow/.local/lib/python3.12/site-packages/airflow/example_dags/example_trigger_target_dag.py for tasks to queue
[2025-03-17T14:30:24.183+0000] {logging_mixin.py:190} INFO - [2025-03-17T14:30:24.182+0000] {dagbag.py:588} INFO - Filling up the DagBag from /home/airflow/.local/lib/python3.12/site-packages/airflow/example_dags/example_trigger_target_dag.py
[2025-03-17T14:30:24.187+0000] {processor.py:925} INFO - DAG(s) 'example_trigger_target_dag' retrieved from /home/airflow/.local/lib/python3.12/site-packages/airflow/example_dags/example_trigger_target_dag.py
[2025-03-17T14:30:24.197+0000] {logging_mixin.py:190} INFO - [2025-03-17T14:30:24.196+0000] {dag.py:3239} INFO - Sync 1 DAGs
[2025-03-17T14:30:24.205+0000] {logging_mixin.py:190} INFO - [2025-03-17T14:30:24.204+0000] {dag.py:4180} INFO - Setting next_dagrun for example_trigger_target_dag to None, run_after=None
[2025-03-17T14:30:24.213+0000] {processor.py:208} INFO - Processing /home/airflow/.local/lib/python3.12/site-packages/airflow/example_dags/example_trigger_target_dag.py took 0.035 seconds
[2025-03-17T14:30:55.259+0000] {processor.py:186} INFO - Started process (PID=2489) to work on /home/airflow/.local/lib/python3.12/site-packages/airflow/example_dags/example_trigger_target_dag.py
[2025-03-17T14:30:55.260+0000] {processor.py:914} INFO - Processing file /home/airflow/.local/lib/python3.12/site-packages/airflow/example_dags/example_trigger_target_dag.py for tasks to queue
[2025-03-17T14:30:55.261+0000] {logging_mixin.py:190} INFO - [2025-03-17T14:30:55.261+0000] {dagbag.py:588} INFO - Filling up the DagBag from /home/airflow/.local/lib/python3.12/site-packages/airflow/example_dags/example_trigger_target_dag.py
[2025-03-17T14:30:55.264+0000] {processor.py:925} INFO - DAG(s) 'example_trigger_target_dag' retrieved from /home/airflow/.local/lib/python3.12/site-packages/airflow/example_dags/example_trigger_target_dag.py
[2025-03-17T14:30:55.274+0000] {logging_mixin.py:190} INFO - [2025-03-17T14:30:55.273+0000] {dag.py:3239} INFO - Sync 1 DAGs
[2025-03-17T14:30:55.280+0000] {logging_mixin.py:190} INFO - [2025-03-17T14:30:55.280+0000] {dag.py:4180} INFO - Setting next_dagrun for example_trigger_target_dag to None, run_after=None
[2025-03-17T14:30:55.288+0000] {processor.py:208} INFO - Processing /home/airflow/.local/lib/python3.12/site-packages/airflow/example_dags/example_trigger_target_dag.py took 0.032 seconds
[2025-03-17T14:31:26.347+0000] {processor.py:186} INFO - Started process (PID=2785) to work on /home/airflow/.local/lib/python3.12/site-packages/airflow/example_dags/example_trigger_target_dag.py
[2025-03-17T14:31:26.348+0000] {processor.py:914} INFO - Processing file /home/airflow/.local/lib/python3.12/site-packages/airflow/example_dags/example_trigger_target_dag.py for tasks to queue
[2025-03-17T14:31:26.349+0000] {logging_mixin.py:190} INFO - [2025-03-17T14:31:26.348+0000] {dagbag.py:588} INFO - Filling up the DagBag from /home/airflow/.local/lib/python3.12/site-packages/airflow/example_dags/example_trigger_target_dag.py
[2025-03-17T14:31:26.352+0000] {processor.py:925} INFO - DAG(s) 'example_trigger_target_dag' retrieved from /home/airflow/.local/lib/python3.12/site-packages/airflow/example_dags/example_trigger_target_dag.py
[2025-03-17T14:31:26.362+0000] {logging_mixin.py:190} INFO - [2025-03-17T14:31:26.362+0000] {dag.py:3239} INFO - Sync 1 DAGs
[2025-03-17T14:31:26.369+0000] {logging_mixin.py:190} INFO - [2025-03-17T14:31:26.369+0000] {dag.py:4180} INFO - Setting next_dagrun for example_trigger_target_dag to None, run_after=None
[2025-03-17T14:31:26.378+0000] {processor.py:208} INFO - Processing /home/airflow/.local/lib/python3.12/site-packages/airflow/example_dags/example_trigger_target_dag.py took 0.033 seconds
[2025-03-17T14:31:57.496+0000] {processor.py:186} INFO - Started process (PID=3081) to work on /home/airflow/.local/lib/python3.12/site-packages/airflow/example_dags/example_trigger_target_dag.py
[2025-03-17T14:31:57.496+0000] {processor.py:914} INFO - Processing file /home/airflow/.local/lib/python3.12/site-packages/airflow/example_dags/example_trigger_target_dag.py for tasks to queue
[2025-03-17T14:31:57.497+0000] {logging_mixin.py:190} INFO - [2025-03-17T14:31:57.497+0000] {dagbag.py:588} INFO - Filling up the DagBag from /home/airflow/.local/lib/python3.12/site-packages/airflow/example_dags/example_trigger_target_dag.py
[2025-03-17T14:31:57.501+0000] {processor.py:925} INFO - DAG(s) 'example_trigger_target_dag' retrieved from /home/airflow/.local/lib/python3.12/site-packages/airflow/example_dags/example_trigger_target_dag.py
[2025-03-17T14:31:57.511+0000] {logging_mixin.py:190} INFO - [2025-03-17T14:31:57.511+0000] {dag.py:3239} INFO - Sync 1 DAGs
[2025-03-17T14:31:57.519+0000] {logging_mixin.py:190} INFO - [2025-03-17T14:31:57.518+0000] {dag.py:4180} INFO - Setting next_dagrun for example_trigger_target_dag to None, run_after=None
[2025-03-17T14:31:57.526+0000] {processor.py:208} INFO - Processing /home/airflow/.local/lib/python3.12/site-packages/airflow/example_dags/example_trigger_target_dag.py took 0.033 seconds
[2025-03-17T14:32:27.908+0000] {processor.py:186} INFO - Started process (PID=3379) to work on /home/airflow/.local/lib/python3.12/site-packages/airflow/example_dags/example_trigger_target_dag.py
[2025-03-17T14:32:27.909+0000] {processor.py:914} INFO - Processing file /home/airflow/.local/lib/python3.12/site-packages/airflow/example_dags/example_trigger_target_dag.py for tasks to queue
[2025-03-17T14:32:27.910+0000] {logging_mixin.py:190} INFO - [2025-03-17T14:32:27.910+0000] {dagbag.py:588} INFO - Filling up the DagBag from /home/airflow/.local/lib/python3.12/site-packages/airflow/example_dags/example_trigger_target_dag.py
[2025-03-17T14:32:27.914+0000] {processor.py:925} INFO - DAG(s) 'example_trigger_target_dag' retrieved from /home/airflow/.local/lib/python3.12/site-packages/airflow/example_dags/example_trigger_target_dag.py
[2025-03-17T14:32:27.926+0000] {logging_mixin.py:190} INFO - [2025-03-17T14:32:27.925+0000] {dag.py:3239} INFO - Sync 1 DAGs
[2025-03-17T14:32:27.932+0000] {logging_mixin.py:190} INFO - [2025-03-17T14:32:27.932+0000] {dag.py:4180} INFO - Setting next_dagrun for example_trigger_target_dag to None, run_after=None
[2025-03-17T14:32:27.940+0000] {processor.py:208} INFO - Processing /home/airflow/.local/lib/python3.12/site-packages/airflow/example_dags/example_trigger_target_dag.py took 0.034 seconds
[2025-03-17T14:32:58.674+0000] {processor.py:186} INFO - Started process (PID=3673) to work on /home/airflow/.local/lib/python3.12/site-packages/airflow/example_dags/example_trigger_target_dag.py
[2025-03-17T14:32:58.675+0000] {processor.py:914} INFO - Processing file /home/airflow/.local/lib/python3.12/site-packages/airflow/example_dags/example_trigger_target_dag.py for tasks to queue
[2025-03-17T14:32:58.675+0000] {logging_mixin.py:190} INFO - [2025-03-17T14:32:58.675+0000] {dagbag.py:588} INFO - Filling up the DagBag from /home/airflow/.local/lib/python3.12/site-packages/airflow/example_dags/example_trigger_target_dag.py
[2025-03-17T14:32:58.679+0000] {processor.py:925} INFO - DAG(s) 'example_trigger_target_dag' retrieved from /home/airflow/.local/lib/python3.12/site-packages/airflow/example_dags/example_trigger_target_dag.py
[2025-03-17T14:32:58.689+0000] {logging_mixin.py:190} INFO - [2025-03-17T14:32:58.689+0000] {dag.py:3239} INFO - Sync 1 DAGs
[2025-03-17T14:32:58.696+0000] {logging_mixin.py:190} INFO - [2025-03-17T14:32:58.696+0000] {dag.py:4180} INFO - Setting next_dagrun for example_trigger_target_dag to None, run_after=None
[2025-03-17T14:32:58.704+0000] {processor.py:208} INFO - Processing /home/airflow/.local/lib/python3.12/site-packages/airflow/example_dags/example_trigger_target_dag.py took 0.033 seconds
