[2025-03-17T13:55:38.656+0000] {processor.py:186} INFO - Started process (PID=186) to work on /home/airflow/.local/lib/python3.12/site-packages/airflow/example_dags/example_branch_labels.py
[2025-03-17T13:55:38.657+0000] {processor.py:914} INFO - Processing file /home/airflow/.local/lib/python3.12/site-packages/airflow/example_dags/example_branch_labels.py for tasks to queue
[2025-03-17T13:55:38.657+0000] {logging_mixin.py:190} INFO - [2025-03-17T13:55:38.657+0000] {dagbag.py:588} INFO - Filling up the DagBag from /home/airflow/.local/lib/python3.12/site-packages/airflow/example_dags/example_branch_labels.py
[2025-03-17T13:55:38.667+0000] {processor.py:925} INFO - DAG(s) 'example_branch_labels' retrieved from /home/airflow/.local/lib/python3.12/site-packages/airflow/example_dags/example_branch_labels.py
[2025-03-17T13:55:38.796+0000] {logging_mixin.py:190} INFO - [2025-03-17T13:55:38.796+0000] {override.py:1912} INFO - Created Permission View: can delete on DAG:example_branch_labels
[2025-03-17T13:55:38.800+0000] {logging_mixin.py:190} INFO - [2025-03-17T13:55:38.800+0000] {override.py:1912} INFO - Created Permission View: can edit on DAG:example_branch_labels
[2025-03-17T13:55:38.802+0000] {logging_mixin.py:190} INFO - [2025-03-17T13:55:38.802+0000] {override.py:1912} INFO - Created Permission View: can read on DAG:example_branch_labels
[2025-03-17T13:55:38.805+0000] {logging_mixin.py:190} INFO - [2025-03-17T13:55:38.804+0000] {override.py:1912} INFO - Created Permission View: menu access on DAG Run:example_branch_labels
[2025-03-17T13:55:38.807+0000] {logging_mixin.py:190} INFO - [2025-03-17T13:55:38.807+0000] {override.py:1912} INFO - Created Permission View: can delete on DAG Run:example_branch_labels
[2025-03-17T13:55:38.809+0000] {logging_mixin.py:190} INFO - [2025-03-17T13:55:38.809+0000] {override.py:1912} INFO - Created Permission View: can create on DAG Run:example_branch_labels
[2025-03-17T13:55:38.811+0000] {logging_mixin.py:190} INFO - [2025-03-17T13:55:38.811+0000] {override.py:1912} INFO - Created Permission View: can read on DAG Run:example_branch_labels
[2025-03-17T13:55:38.811+0000] {logging_mixin.py:190} INFO - [2025-03-17T13:55:38.811+0000] {dag.py:3239} INFO - Sync 1 DAGs
[2025-03-17T13:55:38.817+0000] {logging_mixin.py:190} INFO - [2025-03-17T13:55:38.817+0000] {dag.py:3262} INFO - Creating ORM DAG for example_branch_labels
[2025-03-17T13:55:38.822+0000] {logging_mixin.py:190} INFO - [2025-03-17T13:55:38.822+0000] {dag.py:4180} INFO - Setting next_dagrun for example_branch_labels to 2025-03-16 00:00:00+00:00, run_after=2025-03-17 00:00:00+00:00
[2025-03-17T13:55:38.827+0000] {processor.py:208} INFO - Processing /home/airflow/.local/lib/python3.12/site-packages/airflow/example_dags/example_branch_labels.py took 0.174 seconds
[2025-03-17T13:56:09.679+0000] {processor.py:186} INFO - Started process (PID=483) to work on /home/airflow/.local/lib/python3.12/site-packages/airflow/example_dags/example_branch_labels.py
[2025-03-17T13:56:09.679+0000] {processor.py:914} INFO - Processing file /home/airflow/.local/lib/python3.12/site-packages/airflow/example_dags/example_branch_labels.py for tasks to queue
[2025-03-17T13:56:09.680+0000] {logging_mixin.py:190} INFO - [2025-03-17T13:56:09.680+0000] {dagbag.py:588} INFO - Filling up the DagBag from /home/airflow/.local/lib/python3.12/site-packages/airflow/example_dags/example_branch_labels.py
[2025-03-17T13:56:09.685+0000] {processor.py:925} INFO - DAG(s) 'example_branch_labels' retrieved from /home/airflow/.local/lib/python3.12/site-packages/airflow/example_dags/example_branch_labels.py
[2025-03-17T13:56:09.694+0000] {logging_mixin.py:190} INFO - [2025-03-17T13:56:09.694+0000] {dag.py:3239} INFO - Sync 1 DAGs
[2025-03-17T13:56:09.706+0000] {logging_mixin.py:190} INFO - [2025-03-17T13:56:09.706+0000] {dag.py:4180} INFO - Setting next_dagrun for example_branch_labels to 2025-03-16 00:00:00+00:00, run_after=2025-03-17 00:00:00+00:00
[2025-03-17T13:56:09.714+0000] {processor.py:208} INFO - Processing /home/airflow/.local/lib/python3.12/site-packages/airflow/example_dags/example_branch_labels.py took 0.039 seconds
[2025-03-17T14:27:16.446+0000] {processor.py:186} INFO - Started process (PID=191) to work on /home/airflow/.local/lib/python3.12/site-packages/airflow/example_dags/example_branch_labels.py
[2025-03-17T14:27:16.446+0000] {processor.py:914} INFO - Processing file /home/airflow/.local/lib/python3.12/site-packages/airflow/example_dags/example_branch_labels.py for tasks to queue
[2025-03-17T14:27:16.447+0000] {logging_mixin.py:190} INFO - [2025-03-17T14:27:16.447+0000] {dagbag.py:588} INFO - Filling up the DagBag from /home/airflow/.local/lib/python3.12/site-packages/airflow/example_dags/example_branch_labels.py
[2025-03-17T14:27:16.452+0000] {processor.py:925} INFO - DAG(s) 'example_branch_labels' retrieved from /home/airflow/.local/lib/python3.12/site-packages/airflow/example_dags/example_branch_labels.py
[2025-03-17T14:27:16.531+0000] {logging_mixin.py:190} INFO - [2025-03-17T14:27:16.530+0000] {dag.py:3239} INFO - Sync 1 DAGs
[2025-03-17T14:27:16.540+0000] {logging_mixin.py:190} INFO - [2025-03-17T14:27:16.540+0000] {dag.py:4180} INFO - Setting next_dagrun for example_branch_labels to 2025-03-16 00:00:00+00:00, run_after=2025-03-17 00:00:00+00:00
[2025-03-17T14:27:16.548+0000] {processor.py:208} INFO - Processing /home/airflow/.local/lib/python3.12/site-packages/airflow/example_dags/example_branch_labels.py took 0.105 seconds
[2025-03-17T14:27:46.977+0000] {processor.py:186} INFO - Started process (PID=489) to work on /home/airflow/.local/lib/python3.12/site-packages/airflow/example_dags/example_branch_labels.py
[2025-03-17T14:27:46.977+0000] {processor.py:914} INFO - Processing file /home/airflow/.local/lib/python3.12/site-packages/airflow/example_dags/example_branch_labels.py for tasks to queue
[2025-03-17T14:27:46.978+0000] {logging_mixin.py:190} INFO - [2025-03-17T14:27:46.978+0000] {dagbag.py:588} INFO - Filling up the DagBag from /home/airflow/.local/lib/python3.12/site-packages/airflow/example_dags/example_branch_labels.py
[2025-03-17T14:27:46.983+0000] {processor.py:925} INFO - DAG(s) 'example_branch_labels' retrieved from /home/airflow/.local/lib/python3.12/site-packages/airflow/example_dags/example_branch_labels.py
[2025-03-17T14:27:46.994+0000] {logging_mixin.py:190} INFO - [2025-03-17T14:27:46.993+0000] {dag.py:3239} INFO - Sync 1 DAGs
[2025-03-17T14:27:47.004+0000] {logging_mixin.py:190} INFO - [2025-03-17T14:27:47.004+0000] {dag.py:4180} INFO - Setting next_dagrun for example_branch_labels to 2025-03-16 00:00:00+00:00, run_after=2025-03-17 00:00:00+00:00
[2025-03-17T14:27:47.012+0000] {processor.py:208} INFO - Processing /home/airflow/.local/lib/python3.12/site-packages/airflow/example_dags/example_branch_labels.py took 0.038 seconds
[2025-03-17T14:28:17.040+0000] {processor.py:186} INFO - Started process (PID=785) to work on /home/airflow/.local/lib/python3.12/site-packages/airflow/example_dags/example_branch_labels.py
[2025-03-17T14:28:17.041+0000] {processor.py:914} INFO - Processing file /home/airflow/.local/lib/python3.12/site-packages/airflow/example_dags/example_branch_labels.py for tasks to queue
[2025-03-17T14:28:17.042+0000] {logging_mixin.py:190} INFO - [2025-03-17T14:28:17.041+0000] {dagbag.py:588} INFO - Filling up the DagBag from /home/airflow/.local/lib/python3.12/site-packages/airflow/example_dags/example_branch_labels.py
[2025-03-17T14:28:17.047+0000] {processor.py:925} INFO - DAG(s) 'example_branch_labels' retrieved from /home/airflow/.local/lib/python3.12/site-packages/airflow/example_dags/example_branch_labels.py
[2025-03-17T14:28:17.058+0000] {logging_mixin.py:190} INFO - [2025-03-17T14:28:17.058+0000] {dag.py:3239} INFO - Sync 1 DAGs
[2025-03-17T14:28:17.069+0000] {logging_mixin.py:190} INFO - [2025-03-17T14:28:17.069+0000] {dag.py:4180} INFO - Setting next_dagrun for example_branch_labels to 2025-03-16 00:00:00+00:00, run_after=2025-03-17 00:00:00+00:00
[2025-03-17T14:28:17.075+0000] {processor.py:208} INFO - Processing /home/airflow/.local/lib/python3.12/site-packages/airflow/example_dags/example_branch_labels.py took 0.039 seconds
[2025-03-17T14:28:47.533+0000] {processor.py:186} INFO - Started process (PID=1087) to work on /home/airflow/.local/lib/python3.12/site-packages/airflow/example_dags/example_branch_labels.py
[2025-03-17T14:28:47.534+0000] {processor.py:914} INFO - Processing file /home/airflow/.local/lib/python3.12/site-packages/airflow/example_dags/example_branch_labels.py for tasks to queue
[2025-03-17T14:28:47.535+0000] {logging_mixin.py:190} INFO - [2025-03-17T14:28:47.535+0000] {dagbag.py:588} INFO - Filling up the DagBag from /home/airflow/.local/lib/python3.12/site-packages/airflow/example_dags/example_branch_labels.py
[2025-03-17T14:28:47.540+0000] {processor.py:925} INFO - DAG(s) 'example_branch_labels' retrieved from /home/airflow/.local/lib/python3.12/site-packages/airflow/example_dags/example_branch_labels.py
[2025-03-17T14:28:47.551+0000] {logging_mixin.py:190} INFO - [2025-03-17T14:28:47.551+0000] {dag.py:3239} INFO - Sync 1 DAGs
[2025-03-17T14:28:47.565+0000] {logging_mixin.py:190} INFO - [2025-03-17T14:28:47.565+0000] {dag.py:4180} INFO - Setting next_dagrun for example_branch_labels to 2025-03-16 00:00:00+00:00, run_after=2025-03-17 00:00:00+00:00
[2025-03-17T14:28:47.573+0000] {processor.py:208} INFO - Processing /home/airflow/.local/lib/python3.12/site-packages/airflow/example_dags/example_branch_labels.py took 0.044 seconds
[2025-03-17T14:29:18.121+0000] {processor.py:186} INFO - Started process (PID=1383) to work on /home/airflow/.local/lib/python3.12/site-packages/airflow/example_dags/example_branch_labels.py
[2025-03-17T14:29:18.122+0000] {processor.py:914} INFO - Processing file /home/airflow/.local/lib/python3.12/site-packages/airflow/example_dags/example_branch_labels.py for tasks to queue
[2025-03-17T14:29:18.123+0000] {logging_mixin.py:190} INFO - [2025-03-17T14:29:18.123+0000] {dagbag.py:588} INFO - Filling up the DagBag from /home/airflow/.local/lib/python3.12/site-packages/airflow/example_dags/example_branch_labels.py
[2025-03-17T14:29:18.128+0000] {processor.py:925} INFO - DAG(s) 'example_branch_labels' retrieved from /home/airflow/.local/lib/python3.12/site-packages/airflow/example_dags/example_branch_labels.py
[2025-03-17T14:29:18.138+0000] {logging_mixin.py:190} INFO - [2025-03-17T14:29:18.138+0000] {dag.py:3239} INFO - Sync 1 DAGs
[2025-03-17T14:29:18.149+0000] {logging_mixin.py:190} INFO - [2025-03-17T14:29:18.149+0000] {dag.py:4180} INFO - Setting next_dagrun for example_branch_labels to 2025-03-16 00:00:00+00:00, run_after=2025-03-17 00:00:00+00:00
[2025-03-17T14:29:18.156+0000] {processor.py:208} INFO - Processing /home/airflow/.local/lib/python3.12/site-packages/airflow/example_dags/example_branch_labels.py took 0.038 seconds
[2025-03-17T14:29:49.039+0000] {processor.py:186} INFO - Started process (PID=1679) to work on /home/airflow/.local/lib/python3.12/site-packages/airflow/example_dags/example_branch_labels.py
[2025-03-17T14:29:49.039+0000] {processor.py:914} INFO - Processing file /home/airflow/.local/lib/python3.12/site-packages/airflow/example_dags/example_branch_labels.py for tasks to queue
[2025-03-17T14:29:49.040+0000] {logging_mixin.py:190} INFO - [2025-03-17T14:29:49.040+0000] {dagbag.py:588} INFO - Filling up the DagBag from /home/airflow/.local/lib/python3.12/site-packages/airflow/example_dags/example_branch_labels.py
[2025-03-17T14:29:49.046+0000] {processor.py:925} INFO - DAG(s) 'example_branch_labels' retrieved from /home/airflow/.local/lib/python3.12/site-packages/airflow/example_dags/example_branch_labels.py
[2025-03-17T14:29:49.057+0000] {logging_mixin.py:190} INFO - [2025-03-17T14:29:49.057+0000] {dag.py:3239} INFO - Sync 1 DAGs
[2025-03-17T14:29:49.069+0000] {logging_mixin.py:190} INFO - [2025-03-17T14:29:49.069+0000] {dag.py:4180} INFO - Setting next_dagrun for example_branch_labels to 2025-03-16 00:00:00+00:00, run_after=2025-03-17 00:00:00+00:00
[2025-03-17T14:29:49.076+0000] {processor.py:208} INFO - Processing /home/airflow/.local/lib/python3.12/site-packages/airflow/example_dags/example_branch_labels.py took 0.040 seconds
[2025-03-17T14:30:20.044+0000] {processor.py:186} INFO - Started process (PID=1975) to work on /home/airflow/.local/lib/python3.12/site-packages/airflow/example_dags/example_branch_labels.py
[2025-03-17T14:30:20.045+0000] {processor.py:914} INFO - Processing file /home/airflow/.local/lib/python3.12/site-packages/airflow/example_dags/example_branch_labels.py for tasks to queue
[2025-03-17T14:30:20.046+0000] {logging_mixin.py:190} INFO - [2025-03-17T14:30:20.046+0000] {dagbag.py:588} INFO - Filling up the DagBag from /home/airflow/.local/lib/python3.12/site-packages/airflow/example_dags/example_branch_labels.py
[2025-03-17T14:30:20.051+0000] {processor.py:925} INFO - DAG(s) 'example_branch_labels' retrieved from /home/airflow/.local/lib/python3.12/site-packages/airflow/example_dags/example_branch_labels.py
[2025-03-17T14:30:20.061+0000] {logging_mixin.py:190} INFO - [2025-03-17T14:30:20.061+0000] {dag.py:3239} INFO - Sync 1 DAGs
[2025-03-17T14:30:20.073+0000] {logging_mixin.py:190} INFO - [2025-03-17T14:30:20.072+0000] {dag.py:4180} INFO - Setting next_dagrun for example_branch_labels to 2025-03-16 00:00:00+00:00, run_after=2025-03-17 00:00:00+00:00
[2025-03-17T14:30:20.080+0000] {processor.py:208} INFO - Processing /home/airflow/.local/lib/python3.12/site-packages/airflow/example_dags/example_branch_labels.py took 0.039 seconds
[2025-03-17T14:30:50.837+0000] {processor.py:186} INFO - Started process (PID=2271) to work on /home/airflow/.local/lib/python3.12/site-packages/airflow/example_dags/example_branch_labels.py
[2025-03-17T14:30:50.837+0000] {processor.py:914} INFO - Processing file /home/airflow/.local/lib/python3.12/site-packages/airflow/example_dags/example_branch_labels.py for tasks to queue
[2025-03-17T14:30:50.839+0000] {logging_mixin.py:190} INFO - [2025-03-17T14:30:50.839+0000] {dagbag.py:588} INFO - Filling up the DagBag from /home/airflow/.local/lib/python3.12/site-packages/airflow/example_dags/example_branch_labels.py
[2025-03-17T14:30:50.844+0000] {processor.py:925} INFO - DAG(s) 'example_branch_labels' retrieved from /home/airflow/.local/lib/python3.12/site-packages/airflow/example_dags/example_branch_labels.py
[2025-03-17T14:30:50.855+0000] {logging_mixin.py:190} INFO - [2025-03-17T14:30:50.855+0000] {dag.py:3239} INFO - Sync 1 DAGs
[2025-03-17T14:30:50.866+0000] {logging_mixin.py:190} INFO - [2025-03-17T14:30:50.866+0000] {dag.py:4180} INFO - Setting next_dagrun for example_branch_labels to 2025-03-16 00:00:00+00:00, run_after=2025-03-17 00:00:00+00:00
[2025-03-17T14:30:50.875+0000] {processor.py:208} INFO - Processing /home/airflow/.local/lib/python3.12/site-packages/airflow/example_dags/example_branch_labels.py took 0.041 seconds
[2025-03-17T14:31:20.950+0000] {processor.py:186} INFO - Started process (PID=2567) to work on /home/airflow/.local/lib/python3.12/site-packages/airflow/example_dags/example_branch_labels.py
[2025-03-17T14:31:20.950+0000] {processor.py:914} INFO - Processing file /home/airflow/.local/lib/python3.12/site-packages/airflow/example_dags/example_branch_labels.py for tasks to queue
[2025-03-17T14:31:20.951+0000] {logging_mixin.py:190} INFO - [2025-03-17T14:31:20.951+0000] {dagbag.py:588} INFO - Filling up the DagBag from /home/airflow/.local/lib/python3.12/site-packages/airflow/example_dags/example_branch_labels.py
[2025-03-17T14:31:20.957+0000] {processor.py:925} INFO - DAG(s) 'example_branch_labels' retrieved from /home/airflow/.local/lib/python3.12/site-packages/airflow/example_dags/example_branch_labels.py
[2025-03-17T14:31:20.969+0000] {logging_mixin.py:190} INFO - [2025-03-17T14:31:20.969+0000] {dag.py:3239} INFO - Sync 1 DAGs
[2025-03-17T14:31:20.980+0000] {logging_mixin.py:190} INFO - [2025-03-17T14:31:20.980+0000] {dag.py:4180} INFO - Setting next_dagrun for example_branch_labels to 2025-03-16 00:00:00+00:00, run_after=2025-03-17 00:00:00+00:00
[2025-03-17T14:31:20.988+0000] {processor.py:208} INFO - Processing /home/airflow/.local/lib/python3.12/site-packages/airflow/example_dags/example_branch_labels.py took 0.042 seconds
[2025-03-17T14:31:51.011+0000] {processor.py:186} INFO - Started process (PID=2861) to work on /home/airflow/.local/lib/python3.12/site-packages/airflow/example_dags/example_branch_labels.py
[2025-03-17T14:31:51.012+0000] {processor.py:914} INFO - Processing file /home/airflow/.local/lib/python3.12/site-packages/airflow/example_dags/example_branch_labels.py for tasks to queue
[2025-03-17T14:31:51.013+0000] {logging_mixin.py:190} INFO - [2025-03-17T14:31:51.013+0000] {dagbag.py:588} INFO - Filling up the DagBag from /home/airflow/.local/lib/python3.12/site-packages/airflow/example_dags/example_branch_labels.py
[2025-03-17T14:31:51.018+0000] {processor.py:925} INFO - DAG(s) 'example_branch_labels' retrieved from /home/airflow/.local/lib/python3.12/site-packages/airflow/example_dags/example_branch_labels.py
[2025-03-17T14:31:51.028+0000] {logging_mixin.py:190} INFO - [2025-03-17T14:31:51.028+0000] {dag.py:3239} INFO - Sync 1 DAGs
[2025-03-17T14:31:51.039+0000] {logging_mixin.py:190} INFO - [2025-03-17T14:31:51.039+0000] {dag.py:4180} INFO - Setting next_dagrun for example_branch_labels to 2025-03-16 00:00:00+00:00, run_after=2025-03-17 00:00:00+00:00
[2025-03-17T14:31:51.046+0000] {processor.py:208} INFO - Processing /home/airflow/.local/lib/python3.12/site-packages/airflow/example_dags/example_branch_labels.py took 0.037 seconds
[2025-03-17T14:32:21.131+0000] {processor.py:186} INFO - Started process (PID=3159) to work on /home/airflow/.local/lib/python3.12/site-packages/airflow/example_dags/example_branch_labels.py
[2025-03-17T14:32:21.131+0000] {processor.py:914} INFO - Processing file /home/airflow/.local/lib/python3.12/site-packages/airflow/example_dags/example_branch_labels.py for tasks to queue
[2025-03-17T14:32:21.132+0000] {logging_mixin.py:190} INFO - [2025-03-17T14:32:21.132+0000] {dagbag.py:588} INFO - Filling up the DagBag from /home/airflow/.local/lib/python3.12/site-packages/airflow/example_dags/example_branch_labels.py
[2025-03-17T14:32:21.137+0000] {processor.py:925} INFO - DAG(s) 'example_branch_labels' retrieved from /home/airflow/.local/lib/python3.12/site-packages/airflow/example_dags/example_branch_labels.py
[2025-03-17T14:32:21.148+0000] {logging_mixin.py:190} INFO - [2025-03-17T14:32:21.147+0000] {dag.py:3239} INFO - Sync 1 DAGs
[2025-03-17T14:32:21.158+0000] {logging_mixin.py:190} INFO - [2025-03-17T14:32:21.158+0000] {dag.py:4180} INFO - Setting next_dagrun for example_branch_labels to 2025-03-16 00:00:00+00:00, run_after=2025-03-17 00:00:00+00:00
[2025-03-17T14:32:21.164+0000] {processor.py:208} INFO - Processing /home/airflow/.local/lib/python3.12/site-packages/airflow/example_dags/example_branch_labels.py took 0.037 seconds
[2025-03-17T14:32:51.523+0000] {processor.py:186} INFO - Started process (PID=3455) to work on /home/airflow/.local/lib/python3.12/site-packages/airflow/example_dags/example_branch_labels.py
[2025-03-17T14:32:51.523+0000] {processor.py:914} INFO - Processing file /home/airflow/.local/lib/python3.12/site-packages/airflow/example_dags/example_branch_labels.py for tasks to queue
[2025-03-17T14:32:51.524+0000] {logging_mixin.py:190} INFO - [2025-03-17T14:32:51.524+0000] {dagbag.py:588} INFO - Filling up the DagBag from /home/airflow/.local/lib/python3.12/site-packages/airflow/example_dags/example_branch_labels.py
[2025-03-17T14:32:51.530+0000] {processor.py:925} INFO - DAG(s) 'example_branch_labels' retrieved from /home/airflow/.local/lib/python3.12/site-packages/airflow/example_dags/example_branch_labels.py
[2025-03-17T14:32:51.542+0000] {logging_mixin.py:190} INFO - [2025-03-17T14:32:51.542+0000] {dag.py:3239} INFO - Sync 1 DAGs
[2025-03-17T14:32:51.555+0000] {logging_mixin.py:190} INFO - [2025-03-17T14:32:51.555+0000] {dag.py:4180} INFO - Setting next_dagrun for example_branch_labels to 2025-03-16 00:00:00+00:00, run_after=2025-03-17 00:00:00+00:00
[2025-03-17T14:32:51.563+0000] {processor.py:208} INFO - Processing /home/airflow/.local/lib/python3.12/site-packages/airflow/example_dags/example_branch_labels.py took 0.043 seconds
