[2025-03-17T13:55:41.047+0000] {processor.py:186} INFO - Started process (PID=327) to work on /home/airflow/.local/lib/python3.12/site-packages/airflow/example_dags/example_sla_dag.py
[2025-03-17T13:55:41.048+0000] {processor.py:914} INFO - Processing file /home/airflow/.local/lib/python3.12/site-packages/airflow/example_dags/example_sla_dag.py for tasks to queue
[2025-03-17T13:55:41.049+0000] {logging_mixin.py:190} INFO - [2025-03-17T13:55:41.048+0000] {dagbag.py:588} INFO - Filling up the DagBag from /home/airflow/.local/lib/python3.12/site-packages/airflow/example_dags/example_sla_dag.py
[2025-03-17T13:55:41.055+0000] {processor.py:925} INFO - DAG(s) 'example_sla_dag' retrieved from /home/airflow/.local/lib/python3.12/site-packages/airflow/example_dags/example_sla_dag.py
[2025-03-17T13:55:41.106+0000] {logging_mixin.py:190} INFO - [2025-03-17T13:55:41.106+0000] {override.py:1912} INFO - Created Permission View: can delete on DAG:example_sla_dag
[2025-03-17T13:55:41.110+0000] {logging_mixin.py:190} INFO - [2025-03-17T13:55:41.110+0000] {override.py:1912} INFO - Created Permission View: can edit on DAG:example_sla_dag
[2025-03-17T13:55:41.112+0000] {logging_mixin.py:190} INFO - [2025-03-17T13:55:41.112+0000] {override.py:1912} INFO - Created Permission View: can read on DAG:example_sla_dag
[2025-03-17T13:55:41.115+0000] {logging_mixin.py:190} INFO - [2025-03-17T13:55:41.114+0000] {override.py:1912} INFO - Created Permission View: menu access on DAG Run:example_sla_dag
[2025-03-17T13:55:41.117+0000] {logging_mixin.py:190} INFO - [2025-03-17T13:55:41.117+0000] {override.py:1912} INFO - Created Permission View: can delete on DAG Run:example_sla_dag
[2025-03-17T13:55:41.119+0000] {logging_mixin.py:190} INFO - [2025-03-17T13:55:41.119+0000] {override.py:1912} INFO - Created Permission View: can create on DAG Run:example_sla_dag
[2025-03-17T13:55:41.121+0000] {logging_mixin.py:190} INFO - [2025-03-17T13:55:41.121+0000] {override.py:1912} INFO - Created Permission View: can read on DAG Run:example_sla_dag
[2025-03-17T13:55:41.121+0000] {logging_mixin.py:190} INFO - [2025-03-17T13:55:41.121+0000] {dag.py:3239} INFO - Sync 1 DAGs
[2025-03-17T13:55:41.127+0000] {logging_mixin.py:190} INFO - [2025-03-17T13:55:41.127+0000] {dag.py:3262} INFO - Creating ORM DAG for example_sla_dag
[2025-03-17T13:55:41.133+0000] {logging_mixin.py:190} INFO - [2025-03-17T13:55:41.133+0000] {dag.py:4180} INFO - Setting next_dagrun for example_sla_dag to 2025-03-17 13:52:00+00:00, run_after=2025-03-17 13:54:00+00:00
[2025-03-17T13:55:41.139+0000] {processor.py:208} INFO - Processing /home/airflow/.local/lib/python3.12/site-packages/airflow/example_dags/example_sla_dag.py took 0.095 seconds
[2025-03-17T13:56:11.653+0000] {processor.py:186} INFO - Started process (PID=618) to work on /home/airflow/.local/lib/python3.12/site-packages/airflow/example_dags/example_sla_dag.py
[2025-03-17T13:56:11.654+0000] {processor.py:914} INFO - Processing file /home/airflow/.local/lib/python3.12/site-packages/airflow/example_dags/example_sla_dag.py for tasks to queue
[2025-03-17T13:56:11.655+0000] {logging_mixin.py:190} INFO - [2025-03-17T13:56:11.655+0000] {dagbag.py:588} INFO - Filling up the DagBag from /home/airflow/.local/lib/python3.12/site-packages/airflow/example_dags/example_sla_dag.py
[2025-03-17T13:56:11.660+0000] {processor.py:925} INFO - DAG(s) 'example_sla_dag' retrieved from /home/airflow/.local/lib/python3.12/site-packages/airflow/example_dags/example_sla_dag.py
[2025-03-17T13:56:11.669+0000] {logging_mixin.py:190} INFO - [2025-03-17T13:56:11.669+0000] {dag.py:3239} INFO - Sync 1 DAGs
[2025-03-17T13:56:11.681+0000] {logging_mixin.py:190} INFO - [2025-03-17T13:56:11.681+0000] {dag.py:4180} INFO - Setting next_dagrun for example_sla_dag to 2025-03-17 13:54:00+00:00, run_after=2025-03-17 13:56:00+00:00
[2025-03-17T13:56:11.688+0000] {processor.py:208} INFO - Processing /home/airflow/.local/lib/python3.12/site-packages/airflow/example_dags/example_sla_dag.py took 0.038 seconds
[2025-03-17T14:27:18.643+0000] {processor.py:186} INFO - Started process (PID=334) to work on /home/airflow/.local/lib/python3.12/site-packages/airflow/example_dags/example_sla_dag.py
[2025-03-17T14:27:18.644+0000] {processor.py:914} INFO - Processing file /home/airflow/.local/lib/python3.12/site-packages/airflow/example_dags/example_sla_dag.py for tasks to queue
[2025-03-17T14:27:18.645+0000] {logging_mixin.py:190} INFO - [2025-03-17T14:27:18.645+0000] {dagbag.py:588} INFO - Filling up the DagBag from /home/airflow/.local/lib/python3.12/site-packages/airflow/example_dags/example_sla_dag.py
[2025-03-17T14:27:18.651+0000] {processor.py:925} INFO - DAG(s) 'example_sla_dag' retrieved from /home/airflow/.local/lib/python3.12/site-packages/airflow/example_dags/example_sla_dag.py
[2025-03-17T14:27:18.707+0000] {logging_mixin.py:190} INFO - [2025-03-17T14:27:18.707+0000] {dag.py:3239} INFO - Sync 1 DAGs
[2025-03-17T14:27:18.718+0000] {logging_mixin.py:190} INFO - [2025-03-17T14:27:18.718+0000] {dag.py:4180} INFO - Setting next_dagrun for example_sla_dag to 2025-03-17 14:24:00+00:00, run_after=2025-03-17 14:26:00+00:00
[2025-03-17T14:27:18.727+0000] {processor.py:208} INFO - Processing /home/airflow/.local/lib/python3.12/site-packages/airflow/example_dags/example_sla_dag.py took 0.086 seconds
[2025-03-17T14:27:49.079+0000] {processor.py:186} INFO - Started process (PID=630) to work on /home/airflow/.local/lib/python3.12/site-packages/airflow/example_dags/example_sla_dag.py
[2025-03-17T14:27:49.079+0000] {processor.py:914} INFO - Processing file /home/airflow/.local/lib/python3.12/site-packages/airflow/example_dags/example_sla_dag.py for tasks to queue
[2025-03-17T14:27:49.080+0000] {logging_mixin.py:190} INFO - [2025-03-17T14:27:49.080+0000] {dagbag.py:588} INFO - Filling up the DagBag from /home/airflow/.local/lib/python3.12/site-packages/airflow/example_dags/example_sla_dag.py
[2025-03-17T14:27:49.085+0000] {processor.py:925} INFO - DAG(s) 'example_sla_dag' retrieved from /home/airflow/.local/lib/python3.12/site-packages/airflow/example_dags/example_sla_dag.py
[2025-03-17T14:27:49.095+0000] {logging_mixin.py:190} INFO - [2025-03-17T14:27:49.095+0000] {dag.py:3239} INFO - Sync 1 DAGs
[2025-03-17T14:27:49.107+0000] {logging_mixin.py:190} INFO - [2025-03-17T14:27:49.107+0000] {dag.py:4180} INFO - Setting next_dagrun for example_sla_dag to 2025-03-17 14:24:00+00:00, run_after=2025-03-17 14:26:00+00:00
[2025-03-17T14:27:49.115+0000] {processor.py:208} INFO - Processing /home/airflow/.local/lib/python3.12/site-packages/airflow/example_dags/example_sla_dag.py took 0.039 seconds
[2025-03-17T14:28:19.977+0000] {processor.py:186} INFO - Started process (PID=924) to work on /home/airflow/.local/lib/python3.12/site-packages/airflow/example_dags/example_sla_dag.py
[2025-03-17T14:28:19.977+0000] {processor.py:914} INFO - Processing file /home/airflow/.local/lib/python3.12/site-packages/airflow/example_dags/example_sla_dag.py for tasks to queue
[2025-03-17T14:28:19.978+0000] {logging_mixin.py:190} INFO - [2025-03-17T14:28:19.978+0000] {dagbag.py:588} INFO - Filling up the DagBag from /home/airflow/.local/lib/python3.12/site-packages/airflow/example_dags/example_sla_dag.py
[2025-03-17T14:28:19.984+0000] {processor.py:925} INFO - DAG(s) 'example_sla_dag' retrieved from /home/airflow/.local/lib/python3.12/site-packages/airflow/example_dags/example_sla_dag.py
[2025-03-17T14:28:19.993+0000] {logging_mixin.py:190} INFO - [2025-03-17T14:28:19.993+0000] {dag.py:3239} INFO - Sync 1 DAGs
[2025-03-17T14:28:20.005+0000] {logging_mixin.py:190} INFO - [2025-03-17T14:28:20.005+0000] {dag.py:4180} INFO - Setting next_dagrun for example_sla_dag to 2025-03-17 14:26:00+00:00, run_after=2025-03-17 14:28:00+00:00
[2025-03-17T14:28:20.012+0000] {processor.py:208} INFO - Processing /home/airflow/.local/lib/python3.12/site-packages/airflow/example_dags/example_sla_dag.py took 0.038 seconds
[2025-03-17T14:28:50.501+0000] {processor.py:186} INFO - Started process (PID=1220) to work on /home/airflow/.local/lib/python3.12/site-packages/airflow/example_dags/example_sla_dag.py
[2025-03-17T14:28:50.502+0000] {processor.py:914} INFO - Processing file /home/airflow/.local/lib/python3.12/site-packages/airflow/example_dags/example_sla_dag.py for tasks to queue
[2025-03-17T14:28:50.503+0000] {logging_mixin.py:190} INFO - [2025-03-17T14:28:50.503+0000] {dagbag.py:588} INFO - Filling up the DagBag from /home/airflow/.local/lib/python3.12/site-packages/airflow/example_dags/example_sla_dag.py
[2025-03-17T14:28:50.508+0000] {processor.py:925} INFO - DAG(s) 'example_sla_dag' retrieved from /home/airflow/.local/lib/python3.12/site-packages/airflow/example_dags/example_sla_dag.py
[2025-03-17T14:28:50.517+0000] {logging_mixin.py:190} INFO - [2025-03-17T14:28:50.517+0000] {dag.py:3239} INFO - Sync 1 DAGs
[2025-03-17T14:28:50.529+0000] {logging_mixin.py:190} INFO - [2025-03-17T14:28:50.529+0000] {dag.py:4180} INFO - Setting next_dagrun for example_sla_dag to 2025-03-17 14:26:00+00:00, run_after=2025-03-17 14:28:00+00:00
[2025-03-17T14:28:50.536+0000] {processor.py:208} INFO - Processing /home/airflow/.local/lib/python3.12/site-packages/airflow/example_dags/example_sla_dag.py took 0.038 seconds
[2025-03-17T14:29:21.178+0000] {processor.py:186} INFO - Started process (PID=1518) to work on /home/airflow/.local/lib/python3.12/site-packages/airflow/example_dags/example_sla_dag.py
[2025-03-17T14:29:21.179+0000] {processor.py:914} INFO - Processing file /home/airflow/.local/lib/python3.12/site-packages/airflow/example_dags/example_sla_dag.py for tasks to queue
[2025-03-17T14:29:21.180+0000] {logging_mixin.py:190} INFO - [2025-03-17T14:29:21.180+0000] {dagbag.py:588} INFO - Filling up the DagBag from /home/airflow/.local/lib/python3.12/site-packages/airflow/example_dags/example_sla_dag.py
[2025-03-17T14:29:21.186+0000] {processor.py:925} INFO - DAG(s) 'example_sla_dag' retrieved from /home/airflow/.local/lib/python3.12/site-packages/airflow/example_dags/example_sla_dag.py
[2025-03-17T14:29:21.196+0000] {logging_mixin.py:190} INFO - [2025-03-17T14:29:21.196+0000] {dag.py:3239} INFO - Sync 1 DAGs
[2025-03-17T14:29:21.209+0000] {logging_mixin.py:190} INFO - [2025-03-17T14:29:21.209+0000] {dag.py:4180} INFO - Setting next_dagrun for example_sla_dag to 2025-03-17 14:26:00+00:00, run_after=2025-03-17 14:28:00+00:00
[2025-03-17T14:29:21.217+0000] {processor.py:208} INFO - Processing /home/airflow/.local/lib/python3.12/site-packages/airflow/example_dags/example_sla_dag.py took 0.041 seconds
[2025-03-17T14:29:52.090+0000] {processor.py:186} INFO - Started process (PID=1814) to work on /home/airflow/.local/lib/python3.12/site-packages/airflow/example_dags/example_sla_dag.py
[2025-03-17T14:29:52.091+0000] {processor.py:914} INFO - Processing file /home/airflow/.local/lib/python3.12/site-packages/airflow/example_dags/example_sla_dag.py for tasks to queue
[2025-03-17T14:29:52.092+0000] {logging_mixin.py:190} INFO - [2025-03-17T14:29:52.092+0000] {dagbag.py:588} INFO - Filling up the DagBag from /home/airflow/.local/lib/python3.12/site-packages/airflow/example_dags/example_sla_dag.py
[2025-03-17T14:29:52.098+0000] {processor.py:925} INFO - DAG(s) 'example_sla_dag' retrieved from /home/airflow/.local/lib/python3.12/site-packages/airflow/example_dags/example_sla_dag.py
[2025-03-17T14:29:52.110+0000] {logging_mixin.py:190} INFO - [2025-03-17T14:29:52.110+0000] {dag.py:3239} INFO - Sync 1 DAGs
[2025-03-17T14:29:52.121+0000] {logging_mixin.py:190} INFO - [2025-03-17T14:29:52.121+0000] {dag.py:4180} INFO - Setting next_dagrun for example_sla_dag to 2025-03-17 14:26:00+00:00, run_after=2025-03-17 14:28:00+00:00
[2025-03-17T14:29:52.128+0000] {processor.py:208} INFO - Processing /home/airflow/.local/lib/python3.12/site-packages/airflow/example_dags/example_sla_dag.py took 0.041 seconds
[2025-03-17T14:30:23.167+0000] {processor.py:186} INFO - Started process (PID=2110) to work on /home/airflow/.local/lib/python3.12/site-packages/airflow/example_dags/example_sla_dag.py
[2025-03-17T14:30:23.167+0000] {processor.py:914} INFO - Processing file /home/airflow/.local/lib/python3.12/site-packages/airflow/example_dags/example_sla_dag.py for tasks to queue
[2025-03-17T14:30:23.168+0000] {logging_mixin.py:190} INFO - [2025-03-17T14:30:23.168+0000] {dagbag.py:588} INFO - Filling up the DagBag from /home/airflow/.local/lib/python3.12/site-packages/airflow/example_dags/example_sla_dag.py
[2025-03-17T14:30:23.174+0000] {processor.py:925} INFO - DAG(s) 'example_sla_dag' retrieved from /home/airflow/.local/lib/python3.12/site-packages/airflow/example_dags/example_sla_dag.py
[2025-03-17T14:30:23.184+0000] {logging_mixin.py:190} INFO - [2025-03-17T14:30:23.184+0000] {dag.py:3239} INFO - Sync 1 DAGs
[2025-03-17T14:30:23.197+0000] {logging_mixin.py:190} INFO - [2025-03-17T14:30:23.197+0000] {dag.py:4180} INFO - Setting next_dagrun for example_sla_dag to 2025-03-17 14:28:00+00:00, run_after=2025-03-17 14:30:00+00:00
[2025-03-17T14:30:23.205+0000] {processor.py:208} INFO - Processing /home/airflow/.local/lib/python3.12/site-packages/airflow/example_dags/example_sla_dag.py took 0.041 seconds
[2025-03-17T14:30:53.950+0000] {processor.py:186} INFO - Started process (PID=2406) to work on /home/airflow/.local/lib/python3.12/site-packages/airflow/example_dags/example_sla_dag.py
[2025-03-17T14:30:53.951+0000] {processor.py:914} INFO - Processing file /home/airflow/.local/lib/python3.12/site-packages/airflow/example_dags/example_sla_dag.py for tasks to queue
[2025-03-17T14:30:53.952+0000] {logging_mixin.py:190} INFO - [2025-03-17T14:30:53.952+0000] {dagbag.py:588} INFO - Filling up the DagBag from /home/airflow/.local/lib/python3.12/site-packages/airflow/example_dags/example_sla_dag.py
[2025-03-17T14:30:53.956+0000] {processor.py:925} INFO - DAG(s) 'example_sla_dag' retrieved from /home/airflow/.local/lib/python3.12/site-packages/airflow/example_dags/example_sla_dag.py
[2025-03-17T14:30:53.968+0000] {logging_mixin.py:190} INFO - [2025-03-17T14:30:53.968+0000] {dag.py:3239} INFO - Sync 1 DAGs
[2025-03-17T14:30:53.983+0000] {logging_mixin.py:190} INFO - [2025-03-17T14:30:53.982+0000] {dag.py:4180} INFO - Setting next_dagrun for example_sla_dag to 2025-03-17 14:28:00+00:00, run_after=2025-03-17 14:30:00+00:00
[2025-03-17T14:30:53.989+0000] {processor.py:208} INFO - Processing /home/airflow/.local/lib/python3.12/site-packages/airflow/example_dags/example_sla_dag.py took 0.042 seconds
[2025-03-17T14:31:24.091+0000] {processor.py:186} INFO - Started process (PID=2700) to work on /home/airflow/.local/lib/python3.12/site-packages/airflow/example_dags/example_sla_dag.py
[2025-03-17T14:31:24.091+0000] {processor.py:914} INFO - Processing file /home/airflow/.local/lib/python3.12/site-packages/airflow/example_dags/example_sla_dag.py for tasks to queue
[2025-03-17T14:31:24.092+0000] {logging_mixin.py:190} INFO - [2025-03-17T14:31:24.092+0000] {dagbag.py:588} INFO - Filling up the DagBag from /home/airflow/.local/lib/python3.12/site-packages/airflow/example_dags/example_sla_dag.py
[2025-03-17T14:31:24.097+0000] {processor.py:925} INFO - DAG(s) 'example_sla_dag' retrieved from /home/airflow/.local/lib/python3.12/site-packages/airflow/example_dags/example_sla_dag.py
[2025-03-17T14:31:24.107+0000] {logging_mixin.py:190} INFO - [2025-03-17T14:31:24.107+0000] {dag.py:3239} INFO - Sync 1 DAGs
[2025-03-17T14:31:24.119+0000] {logging_mixin.py:190} INFO - [2025-03-17T14:31:24.119+0000] {dag.py:4180} INFO - Setting next_dagrun for example_sla_dag to 2025-03-17 14:28:00+00:00, run_after=2025-03-17 14:30:00+00:00
[2025-03-17T14:31:24.126+0000] {processor.py:208} INFO - Processing /home/airflow/.local/lib/python3.12/site-packages/airflow/example_dags/example_sla_dag.py took 0.039 seconds
[2025-03-17T14:31:54.212+0000] {processor.py:186} INFO - Started process (PID=2996) to work on /home/airflow/.local/lib/python3.12/site-packages/airflow/example_dags/example_sla_dag.py
[2025-03-17T14:31:54.212+0000] {processor.py:914} INFO - Processing file /home/airflow/.local/lib/python3.12/site-packages/airflow/example_dags/example_sla_dag.py for tasks to queue
[2025-03-17T14:31:54.213+0000] {logging_mixin.py:190} INFO - [2025-03-17T14:31:54.213+0000] {dagbag.py:588} INFO - Filling up the DagBag from /home/airflow/.local/lib/python3.12/site-packages/airflow/example_dags/example_sla_dag.py
[2025-03-17T14:31:54.219+0000] {processor.py:925} INFO - DAG(s) 'example_sla_dag' retrieved from /home/airflow/.local/lib/python3.12/site-packages/airflow/example_dags/example_sla_dag.py
[2025-03-17T14:31:54.229+0000] {logging_mixin.py:190} INFO - [2025-03-17T14:31:54.229+0000] {dag.py:3239} INFO - Sync 1 DAGs
[2025-03-17T14:31:54.240+0000] {logging_mixin.py:190} INFO - [2025-03-17T14:31:54.240+0000] {dag.py:4180} INFO - Setting next_dagrun for example_sla_dag to 2025-03-17 14:28:00+00:00, run_after=2025-03-17 14:30:00+00:00
[2025-03-17T14:31:54.248+0000] {processor.py:208} INFO - Processing /home/airflow/.local/lib/python3.12/site-packages/airflow/example_dags/example_sla_dag.py took 0.039 seconds
[2025-03-17T14:32:24.281+0000] {processor.py:186} INFO - Started process (PID=3289) to work on /home/airflow/.local/lib/python3.12/site-packages/airflow/example_dags/example_sla_dag.py
[2025-03-17T14:32:24.282+0000] {processor.py:914} INFO - Processing file /home/airflow/.local/lib/python3.12/site-packages/airflow/example_dags/example_sla_dag.py for tasks to queue
[2025-03-17T14:32:24.283+0000] {logging_mixin.py:190} INFO - [2025-03-17T14:32:24.283+0000] {dagbag.py:588} INFO - Filling up the DagBag from /home/airflow/.local/lib/python3.12/site-packages/airflow/example_dags/example_sla_dag.py
[2025-03-17T14:32:24.288+0000] {processor.py:925} INFO - DAG(s) 'example_sla_dag' retrieved from /home/airflow/.local/lib/python3.12/site-packages/airflow/example_dags/example_sla_dag.py
[2025-03-17T14:32:24.297+0000] {logging_mixin.py:190} INFO - [2025-03-17T14:32:24.297+0000] {dag.py:3239} INFO - Sync 1 DAGs
[2025-03-17T14:32:24.311+0000] {logging_mixin.py:190} INFO - [2025-03-17T14:32:24.311+0000] {dag.py:4180} INFO - Setting next_dagrun for example_sla_dag to 2025-03-17 14:30:00+00:00, run_after=2025-03-17 14:32:00+00:00
[2025-03-17T14:32:24.318+0000] {processor.py:208} INFO - Processing /home/airflow/.local/lib/python3.12/site-packages/airflow/example_dags/example_sla_dag.py took 0.040 seconds
[2025-03-17T14:32:54.428+0000] {processor.py:186} INFO - Started process (PID=3585) to work on /home/airflow/.local/lib/python3.12/site-packages/airflow/example_dags/example_sla_dag.py
[2025-03-17T14:32:54.428+0000] {processor.py:914} INFO - Processing file /home/airflow/.local/lib/python3.12/site-packages/airflow/example_dags/example_sla_dag.py for tasks to queue
[2025-03-17T14:32:54.429+0000] {logging_mixin.py:190} INFO - [2025-03-17T14:32:54.429+0000] {dagbag.py:588} INFO - Filling up the DagBag from /home/airflow/.local/lib/python3.12/site-packages/airflow/example_dags/example_sla_dag.py
[2025-03-17T14:32:54.434+0000] {processor.py:925} INFO - DAG(s) 'example_sla_dag' retrieved from /home/airflow/.local/lib/python3.12/site-packages/airflow/example_dags/example_sla_dag.py
[2025-03-17T14:32:54.444+0000] {logging_mixin.py:190} INFO - [2025-03-17T14:32:54.444+0000] {dag.py:3239} INFO - Sync 1 DAGs
[2025-03-17T14:32:54.456+0000] {logging_mixin.py:190} INFO - [2025-03-17T14:32:54.456+0000] {dag.py:4180} INFO - Setting next_dagrun for example_sla_dag to 2025-03-17 14:30:00+00:00, run_after=2025-03-17 14:32:00+00:00
[2025-03-17T14:32:54.463+0000] {processor.py:208} INFO - Processing /home/airflow/.local/lib/python3.12/site-packages/airflow/example_dags/example_sla_dag.py took 0.038 seconds
