[2025-03-17T13:55:41.637+0000] {processor.py:186} INFO - Started process (PID=342) to work on /home/airflow/.local/lib/python3.12/site-packages/airflow/example_dags/example_datasets.py
[2025-03-17T13:55:41.637+0000] {processor.py:914} INFO - Processing file /home/airflow/.local/lib/python3.12/site-packages/airflow/example_dags/example_datasets.py for tasks to queue
[2025-03-17T13:55:41.638+0000] {logging_mixin.py:190} INFO - [2025-03-17T13:55:41.638+0000] {dagbag.py:588} INFO - Filling up the DagBag from /home/airflow/.local/lib/python3.12/site-packages/airflow/example_dags/example_datasets.py
[2025-03-17T13:55:41.827+0000] {processor.py:925} INFO - DAG(s) 'dataset_consumes_unknown_never_scheduled', 'dataset_consumes_1_and_2', 'consume_1_or_both_2_and_3_with_dataset_expressions', 'conditional_dataset_and_time_based_timetable', 'dataset_consumes_1', 'dataset_produces_1', 'dataset_produces_2', 'consume_1_or_2_with_dataset_expressions', 'consume_1_and_2_with_dataset_expressions', 'dataset_consumes_1_never_scheduled' retrieved from /home/airflow/.local/lib/python3.12/site-packages/airflow/example_dags/example_datasets.py
[2025-03-17T13:55:41.999+0000] {logging_mixin.py:190} INFO - [2025-03-17T13:55:41.999+0000] {override.py:1912} INFO - Created Permission View: can delete on DAG:dataset_consumes_unknown_never_scheduled
[2025-03-17T13:55:42.004+0000] {logging_mixin.py:190} INFO - [2025-03-17T13:55:42.004+0000] {override.py:1912} INFO - Created Permission View: can edit on DAG:dataset_consumes_unknown_never_scheduled
[2025-03-17T13:55:42.007+0000] {logging_mixin.py:190} INFO - [2025-03-17T13:55:42.007+0000] {override.py:1912} INFO - Created Permission View: can read on DAG:dataset_consumes_unknown_never_scheduled
[2025-03-17T13:55:42.010+0000] {logging_mixin.py:190} INFO - [2025-03-17T13:55:42.009+0000] {override.py:1912} INFO - Created Permission View: menu access on DAG Run:dataset_consumes_unknown_never_scheduled
[2025-03-17T13:55:42.012+0000] {logging_mixin.py:190} INFO - [2025-03-17T13:55:42.012+0000] {override.py:1912} INFO - Created Permission View: can delete on DAG Run:dataset_consumes_unknown_never_scheduled
[2025-03-17T13:55:42.015+0000] {logging_mixin.py:190} INFO - [2025-03-17T13:55:42.015+0000] {override.py:1912} INFO - Created Permission View: can create on DAG Run:dataset_consumes_unknown_never_scheduled
[2025-03-17T13:55:42.017+0000] {logging_mixin.py:190} INFO - [2025-03-17T13:55:42.017+0000] {override.py:1912} INFO - Created Permission View: can read on DAG Run:dataset_consumes_unknown_never_scheduled
[2025-03-17T13:55:42.022+0000] {logging_mixin.py:190} INFO - [2025-03-17T13:55:42.022+0000] {override.py:1912} INFO - Created Permission View: can delete on DAG:dataset_consumes_1_and_2
[2025-03-17T13:55:42.025+0000] {logging_mixin.py:190} INFO - [2025-03-17T13:55:42.025+0000] {override.py:1912} INFO - Created Permission View: can edit on DAG:dataset_consumes_1_and_2
[2025-03-17T13:55:42.029+0000] {logging_mixin.py:190} INFO - [2025-03-17T13:55:42.029+0000] {override.py:1912} INFO - Created Permission View: can read on DAG:dataset_consumes_1_and_2
[2025-03-17T13:55:42.032+0000] {logging_mixin.py:190} INFO - [2025-03-17T13:55:42.032+0000] {override.py:1912} INFO - Created Permission View: menu access on DAG Run:dataset_consumes_1_and_2
[2025-03-17T13:55:42.034+0000] {logging_mixin.py:190} INFO - [2025-03-17T13:55:42.034+0000] {override.py:1912} INFO - Created Permission View: can delete on DAG Run:dataset_consumes_1_and_2
[2025-03-17T13:55:42.036+0000] {logging_mixin.py:190} INFO - [2025-03-17T13:55:42.036+0000] {override.py:1912} INFO - Created Permission View: can create on DAG Run:dataset_consumes_1_and_2
[2025-03-17T13:55:42.039+0000] {logging_mixin.py:190} INFO - [2025-03-17T13:55:42.039+0000] {override.py:1912} INFO - Created Permission View: can read on DAG Run:dataset_consumes_1_and_2
[2025-03-17T13:55:42.044+0000] {logging_mixin.py:190} INFO - [2025-03-17T13:55:42.044+0000] {override.py:1912} INFO - Created Permission View: can delete on DAG:consume_1_or_both_2_and_3_with_dataset_expressions
[2025-03-17T13:55:42.047+0000] {logging_mixin.py:190} INFO - [2025-03-17T13:55:42.047+0000] {override.py:1912} INFO - Created Permission View: can edit on DAG:consume_1_or_both_2_and_3_with_dataset_expressions
[2025-03-17T13:55:42.050+0000] {logging_mixin.py:190} INFO - [2025-03-17T13:55:42.050+0000] {override.py:1912} INFO - Created Permission View: can read on DAG:consume_1_or_both_2_and_3_with_dataset_expressions
[2025-03-17T13:55:42.052+0000] {logging_mixin.py:190} INFO - [2025-03-17T13:55:42.052+0000] {override.py:1912} INFO - Created Permission View: menu access on DAG Run:consume_1_or_both_2_and_3_with_dataset_expressions
[2025-03-17T13:55:42.055+0000] {logging_mixin.py:190} INFO - [2025-03-17T13:55:42.055+0000] {override.py:1912} INFO - Created Permission View: can delete on DAG Run:consume_1_or_both_2_and_3_with_dataset_expressions
[2025-03-17T13:55:42.058+0000] {logging_mixin.py:190} INFO - [2025-03-17T13:55:42.058+0000] {override.py:1912} INFO - Created Permission View: can create on DAG Run:consume_1_or_both_2_and_3_with_dataset_expressions
[2025-03-17T13:55:42.060+0000] {logging_mixin.py:190} INFO - [2025-03-17T13:55:42.060+0000] {override.py:1912} INFO - Created Permission View: can read on DAG Run:consume_1_or_both_2_and_3_with_dataset_expressions
[2025-03-17T13:55:42.066+0000] {logging_mixin.py:190} INFO - [2025-03-17T13:55:42.065+0000] {override.py:1912} INFO - Created Permission View: can delete on DAG:conditional_dataset_and_time_based_timetable
[2025-03-17T13:55:42.068+0000] {logging_mixin.py:190} INFO - [2025-03-17T13:55:42.068+0000] {override.py:1912} INFO - Created Permission View: can edit on DAG:conditional_dataset_and_time_based_timetable
[2025-03-17T13:55:42.071+0000] {logging_mixin.py:190} INFO - [2025-03-17T13:55:42.071+0000] {override.py:1912} INFO - Created Permission View: can read on DAG:conditional_dataset_and_time_based_timetable
[2025-03-17T13:55:42.073+0000] {logging_mixin.py:190} INFO - [2025-03-17T13:55:42.073+0000] {override.py:1912} INFO - Created Permission View: menu access on DAG Run:conditional_dataset_and_time_based_timetable
[2025-03-17T13:55:42.075+0000] {logging_mixin.py:190} INFO - [2025-03-17T13:55:42.075+0000] {override.py:1912} INFO - Created Permission View: can delete on DAG Run:conditional_dataset_and_time_based_timetable
[2025-03-17T13:55:42.077+0000] {logging_mixin.py:190} INFO - [2025-03-17T13:55:42.077+0000] {override.py:1912} INFO - Created Permission View: can create on DAG Run:conditional_dataset_and_time_based_timetable
[2025-03-17T13:55:42.080+0000] {logging_mixin.py:190} INFO - [2025-03-17T13:55:42.080+0000] {override.py:1912} INFO - Created Permission View: can read on DAG Run:conditional_dataset_and_time_based_timetable
[2025-03-17T13:55:42.084+0000] {logging_mixin.py:190} INFO - [2025-03-17T13:55:42.084+0000] {override.py:1912} INFO - Created Permission View: can delete on DAG:dataset_consumes_1
[2025-03-17T13:55:42.087+0000] {logging_mixin.py:190} INFO - [2025-03-17T13:55:42.087+0000] {override.py:1912} INFO - Created Permission View: can edit on DAG:dataset_consumes_1
[2025-03-17T13:55:42.089+0000] {logging_mixin.py:190} INFO - [2025-03-17T13:55:42.089+0000] {override.py:1912} INFO - Created Permission View: can read on DAG:dataset_consumes_1
[2025-03-17T13:55:42.092+0000] {logging_mixin.py:190} INFO - [2025-03-17T13:55:42.091+0000] {override.py:1912} INFO - Created Permission View: menu access on DAG Run:dataset_consumes_1
[2025-03-17T13:55:42.094+0000] {logging_mixin.py:190} INFO - [2025-03-17T13:55:42.094+0000] {override.py:1912} INFO - Created Permission View: can delete on DAG Run:dataset_consumes_1
[2025-03-17T13:55:42.098+0000] {logging_mixin.py:190} INFO - [2025-03-17T13:55:42.097+0000] {override.py:1912} INFO - Created Permission View: can create on DAG Run:dataset_consumes_1
[2025-03-17T13:55:42.100+0000] {logging_mixin.py:190} INFO - [2025-03-17T13:55:42.100+0000] {override.py:1912} INFO - Created Permission View: can read on DAG Run:dataset_consumes_1
[2025-03-17T13:55:42.105+0000] {logging_mixin.py:190} INFO - [2025-03-17T13:55:42.105+0000] {override.py:1912} INFO - Created Permission View: can delete on DAG:dataset_produces_1
[2025-03-17T13:55:42.108+0000] {logging_mixin.py:190} INFO - [2025-03-17T13:55:42.108+0000] {override.py:1912} INFO - Created Permission View: can edit on DAG:dataset_produces_1
[2025-03-17T13:55:42.111+0000] {logging_mixin.py:190} INFO - [2025-03-17T13:55:42.111+0000] {override.py:1912} INFO - Created Permission View: can read on DAG:dataset_produces_1
[2025-03-17T13:55:42.114+0000] {logging_mixin.py:190} INFO - [2025-03-17T13:55:42.113+0000] {override.py:1912} INFO - Created Permission View: menu access on DAG Run:dataset_produces_1
[2025-03-17T13:55:42.117+0000] {logging_mixin.py:190} INFO - [2025-03-17T13:55:42.117+0000] {override.py:1912} INFO - Created Permission View: can delete on DAG Run:dataset_produces_1
[2025-03-17T13:55:42.120+0000] {logging_mixin.py:190} INFO - [2025-03-17T13:55:42.119+0000] {override.py:1912} INFO - Created Permission View: can create on DAG Run:dataset_produces_1
[2025-03-17T13:55:42.123+0000] {logging_mixin.py:190} INFO - [2025-03-17T13:55:42.122+0000] {override.py:1912} INFO - Created Permission View: can read on DAG Run:dataset_produces_1
[2025-03-17T13:55:42.127+0000] {logging_mixin.py:190} INFO - [2025-03-17T13:55:42.127+0000] {override.py:1912} INFO - Created Permission View: can delete on DAG:dataset_produces_2
[2025-03-17T13:55:42.130+0000] {logging_mixin.py:190} INFO - [2025-03-17T13:55:42.130+0000] {override.py:1912} INFO - Created Permission View: can edit on DAG:dataset_produces_2
[2025-03-17T13:55:42.133+0000] {logging_mixin.py:190} INFO - [2025-03-17T13:55:42.132+0000] {override.py:1912} INFO - Created Permission View: can read on DAG:dataset_produces_2
[2025-03-17T13:55:42.135+0000] {logging_mixin.py:190} INFO - [2025-03-17T13:55:42.135+0000] {override.py:1912} INFO - Created Permission View: menu access on DAG Run:dataset_produces_2
[2025-03-17T13:55:42.138+0000] {logging_mixin.py:190} INFO - [2025-03-17T13:55:42.137+0000] {override.py:1912} INFO - Created Permission View: can delete on DAG Run:dataset_produces_2
[2025-03-17T13:55:42.140+0000] {logging_mixin.py:190} INFO - [2025-03-17T13:55:42.140+0000] {override.py:1912} INFO - Created Permission View: can create on DAG Run:dataset_produces_2
[2025-03-17T13:55:42.142+0000] {logging_mixin.py:190} INFO - [2025-03-17T13:55:42.142+0000] {override.py:1912} INFO - Created Permission View: can read on DAG Run:dataset_produces_2
[2025-03-17T13:55:42.147+0000] {logging_mixin.py:190} INFO - [2025-03-17T13:55:42.147+0000] {override.py:1912} INFO - Created Permission View: can delete on DAG:consume_1_or_2_with_dataset_expressions
[2025-03-17T13:55:42.149+0000] {logging_mixin.py:190} INFO - [2025-03-17T13:55:42.149+0000] {override.py:1912} INFO - Created Permission View: can edit on DAG:consume_1_or_2_with_dataset_expressions
[2025-03-17T13:55:42.152+0000] {logging_mixin.py:190} INFO - [2025-03-17T13:55:42.152+0000] {override.py:1912} INFO - Created Permission View: can read on DAG:consume_1_or_2_with_dataset_expressions
[2025-03-17T13:55:42.154+0000] {logging_mixin.py:190} INFO - [2025-03-17T13:55:42.154+0000] {override.py:1912} INFO - Created Permission View: menu access on DAG Run:consume_1_or_2_with_dataset_expressions
[2025-03-17T13:55:42.156+0000] {logging_mixin.py:190} INFO - [2025-03-17T13:55:42.156+0000] {override.py:1912} INFO - Created Permission View: can delete on DAG Run:consume_1_or_2_with_dataset_expressions
[2025-03-17T13:55:42.159+0000] {logging_mixin.py:190} INFO - [2025-03-17T13:55:42.158+0000] {override.py:1912} INFO - Created Permission View: can create on DAG Run:consume_1_or_2_with_dataset_expressions
[2025-03-17T13:55:42.161+0000] {logging_mixin.py:190} INFO - [2025-03-17T13:55:42.161+0000] {override.py:1912} INFO - Created Permission View: can read on DAG Run:consume_1_or_2_with_dataset_expressions
[2025-03-17T13:55:42.165+0000] {logging_mixin.py:190} INFO - [2025-03-17T13:55:42.165+0000] {override.py:1912} INFO - Created Permission View: can delete on DAG:consume_1_and_2_with_dataset_expressions
[2025-03-17T13:55:42.168+0000] {logging_mixin.py:190} INFO - [2025-03-17T13:55:42.168+0000] {override.py:1912} INFO - Created Permission View: can edit on DAG:consume_1_and_2_with_dataset_expressions
[2025-03-17T13:55:42.171+0000] {logging_mixin.py:190} INFO - [2025-03-17T13:55:42.170+0000] {override.py:1912} INFO - Created Permission View: can read on DAG:consume_1_and_2_with_dataset_expressions
[2025-03-17T13:55:42.173+0000] {logging_mixin.py:190} INFO - [2025-03-17T13:55:42.173+0000] {override.py:1912} INFO - Created Permission View: menu access on DAG Run:consume_1_and_2_with_dataset_expressions
[2025-03-17T13:55:42.175+0000] {logging_mixin.py:190} INFO - [2025-03-17T13:55:42.175+0000] {override.py:1912} INFO - Created Permission View: can delete on DAG Run:consume_1_and_2_with_dataset_expressions
[2025-03-17T13:55:42.178+0000] {logging_mixin.py:190} INFO - [2025-03-17T13:55:42.178+0000] {override.py:1912} INFO - Created Permission View: can create on DAG Run:consume_1_and_2_with_dataset_expressions
[2025-03-17T13:55:42.180+0000] {logging_mixin.py:190} INFO - [2025-03-17T13:55:42.180+0000] {override.py:1912} INFO - Created Permission View: can read on DAG Run:consume_1_and_2_with_dataset_expressions
[2025-03-17T13:55:42.184+0000] {logging_mixin.py:190} INFO - [2025-03-17T13:55:42.184+0000] {override.py:1912} INFO - Created Permission View: can delete on DAG:dataset_consumes_1_never_scheduled
[2025-03-17T13:55:42.187+0000] {logging_mixin.py:190} INFO - [2025-03-17T13:55:42.187+0000] {override.py:1912} INFO - Created Permission View: can edit on DAG:dataset_consumes_1_never_scheduled
[2025-03-17T13:55:42.189+0000] {logging_mixin.py:190} INFO - [2025-03-17T13:55:42.189+0000] {override.py:1912} INFO - Created Permission View: can read on DAG:dataset_consumes_1_never_scheduled
[2025-03-17T13:55:42.191+0000] {logging_mixin.py:190} INFO - [2025-03-17T13:55:42.191+0000] {override.py:1912} INFO - Created Permission View: menu access on DAG Run:dataset_consumes_1_never_scheduled
[2025-03-17T13:55:42.193+0000] {logging_mixin.py:190} INFO - [2025-03-17T13:55:42.193+0000] {override.py:1912} INFO - Created Permission View: can delete on DAG Run:dataset_consumes_1_never_scheduled
[2025-03-17T13:55:42.196+0000] {logging_mixin.py:190} INFO - [2025-03-17T13:55:42.196+0000] {override.py:1912} INFO - Created Permission View: can create on DAG Run:dataset_consumes_1_never_scheduled
[2025-03-17T13:55:42.198+0000] {logging_mixin.py:190} INFO - [2025-03-17T13:55:42.198+0000] {override.py:1912} INFO - Created Permission View: can read on DAG Run:dataset_consumes_1_never_scheduled
[2025-03-17T13:55:42.198+0000] {logging_mixin.py:190} INFO - [2025-03-17T13:55:42.198+0000] {dag.py:3239} INFO - Sync 10 DAGs
[2025-03-17T13:55:42.206+0000] {logging_mixin.py:190} INFO - [2025-03-17T13:55:42.206+0000] {dag.py:3262} INFO - Creating ORM DAG for dataset_consumes_1_never_scheduled
[2025-03-17T13:55:42.207+0000] {logging_mixin.py:190} INFO - [2025-03-17T13:55:42.206+0000] {dag.py:3262} INFO - Creating ORM DAG for dataset_consumes_1_and_2
[2025-03-17T13:55:42.207+0000] {logging_mixin.py:190} INFO - [2025-03-17T13:55:42.207+0000] {dag.py:3262} INFO - Creating ORM DAG for conditional_dataset_and_time_based_timetable
[2025-03-17T13:55:42.207+0000] {logging_mixin.py:190} INFO - [2025-03-17T13:55:42.207+0000] {dag.py:3262} INFO - Creating ORM DAG for consume_1_or_2_with_dataset_expressions
[2025-03-17T13:55:42.207+0000] {logging_mixin.py:190} INFO - [2025-03-17T13:55:42.207+0000] {dag.py:3262} INFO - Creating ORM DAG for dataset_produces_1
[2025-03-17T13:55:42.207+0000] {logging_mixin.py:190} INFO - [2025-03-17T13:55:42.207+0000] {dag.py:3262} INFO - Creating ORM DAG for dataset_consumes_1
[2025-03-17T13:55:42.208+0000] {logging_mixin.py:190} INFO - [2025-03-17T13:55:42.208+0000] {dag.py:3262} INFO - Creating ORM DAG for dataset_consumes_unknown_never_scheduled
[2025-03-17T13:55:42.208+0000] {logging_mixin.py:190} INFO - [2025-03-17T13:55:42.208+0000] {dag.py:3262} INFO - Creating ORM DAG for dataset_produces_2
[2025-03-17T13:55:42.208+0000] {logging_mixin.py:190} INFO - [2025-03-17T13:55:42.208+0000] {dag.py:3262} INFO - Creating ORM DAG for consume_1_or_both_2_and_3_with_dataset_expressions
[2025-03-17T13:55:42.208+0000] {logging_mixin.py:190} INFO - [2025-03-17T13:55:42.208+0000] {dag.py:3262} INFO - Creating ORM DAG for consume_1_and_2_with_dataset_expressions
[2025-03-17T13:55:42.214+0000] {logging_mixin.py:190} INFO - [2025-03-17T13:55:42.214+0000] {dag.py:4180} INFO - Setting next_dagrun for conditional_dataset_and_time_based_timetable to 2025-03-12 01:00:00+00:00, run_after=2025-03-12 01:00:00+00:00
[2025-03-17T13:55:42.214+0000] {logging_mixin.py:190} INFO - [2025-03-17T13:55:42.214+0000] {dag.py:4180} INFO - Setting next_dagrun for consume_1_and_2_with_dataset_expressions to None, run_after=None
[2025-03-17T13:55:42.215+0000] {logging_mixin.py:190} INFO - [2025-03-17T13:55:42.215+0000] {dag.py:4180} INFO - Setting next_dagrun for consume_1_or_2_with_dataset_expressions to None, run_after=None
[2025-03-17T13:55:42.215+0000] {logging_mixin.py:190} INFO - [2025-03-17T13:55:42.215+0000] {dag.py:4180} INFO - Setting next_dagrun for consume_1_or_both_2_and_3_with_dataset_expressions to None, run_after=None
[2025-03-17T13:55:42.215+0000] {logging_mixin.py:190} INFO - [2025-03-17T13:55:42.215+0000] {dag.py:4180} INFO - Setting next_dagrun for dataset_consumes_1 to None, run_after=None
[2025-03-17T13:55:42.215+0000] {logging_mixin.py:190} INFO - [2025-03-17T13:55:42.215+0000] {dag.py:4180} INFO - Setting next_dagrun for dataset_consumes_1_and_2 to None, run_after=None
[2025-03-17T13:55:42.216+0000] {logging_mixin.py:190} INFO - [2025-03-17T13:55:42.216+0000] {dag.py:4180} INFO - Setting next_dagrun for dataset_consumes_1_never_scheduled to None, run_after=None
[2025-03-17T13:55:42.216+0000] {logging_mixin.py:190} INFO - [2025-03-17T13:55:42.216+0000] {dag.py:4180} INFO - Setting next_dagrun for dataset_consumes_unknown_never_scheduled to None, run_after=None
[2025-03-17T13:55:42.217+0000] {logging_mixin.py:190} INFO - [2025-03-17T13:55:42.217+0000] {dag.py:4180} INFO - Setting next_dagrun for dataset_produces_1 to 2025-03-16 00:00:00+00:00, run_after=2025-03-17 00:00:00+00:00
[2025-03-17T13:55:42.217+0000] {logging_mixin.py:190} INFO - [2025-03-17T13:55:42.217+0000] {dag.py:4180} INFO - Setting next_dagrun for dataset_produces_2 to None, run_after=None
[2025-03-17T13:55:42.236+0000] {processor.py:208} INFO - Processing /home/airflow/.local/lib/python3.12/site-packages/airflow/example_dags/example_datasets.py took 0.602 seconds
[2025-03-17T13:56:13.148+0000] {processor.py:186} INFO - Started process (PID=655) to work on /home/airflow/.local/lib/python3.12/site-packages/airflow/example_dags/example_datasets.py
[2025-03-17T13:56:13.149+0000] {processor.py:914} INFO - Processing file /home/airflow/.local/lib/python3.12/site-packages/airflow/example_dags/example_datasets.py for tasks to queue
[2025-03-17T13:56:13.151+0000] {logging_mixin.py:190} INFO - [2025-03-17T13:56:13.150+0000] {dagbag.py:588} INFO - Filling up the DagBag from /home/airflow/.local/lib/python3.12/site-packages/airflow/example_dags/example_datasets.py
[2025-03-17T13:56:13.341+0000] {processor.py:925} INFO - DAG(s) 'dataset_produces_2', 'dataset_consumes_1', 'consume_1_or_both_2_and_3_with_dataset_expressions', 'dataset_consumes_1_and_2', 'consume_1_and_2_with_dataset_expressions', 'dataset_consumes_1_never_scheduled', 'dataset_produces_1', 'conditional_dataset_and_time_based_timetable', 'consume_1_or_2_with_dataset_expressions', 'dataset_consumes_unknown_never_scheduled' retrieved from /home/airflow/.local/lib/python3.12/site-packages/airflow/example_dags/example_datasets.py
[2025-03-17T13:56:13.361+0000] {logging_mixin.py:190} INFO - [2025-03-17T13:56:13.361+0000] {dag.py:3239} INFO - Sync 10 DAGs
[2025-03-17T13:56:13.375+0000] {logging_mixin.py:190} INFO - [2025-03-17T13:56:13.375+0000] {dag.py:4180} INFO - Setting next_dagrun for conditional_dataset_and_time_based_timetable to 2025-03-12 01:00:00+00:00, run_after=2025-03-12 01:00:00+00:00
[2025-03-17T13:56:13.377+0000] {logging_mixin.py:190} INFO - [2025-03-17T13:56:13.377+0000] {dag.py:4180} INFO - Setting next_dagrun for consume_1_and_2_with_dataset_expressions to None, run_after=None
[2025-03-17T13:56:13.378+0000] {logging_mixin.py:190} INFO - [2025-03-17T13:56:13.378+0000] {dag.py:4180} INFO - Setting next_dagrun for consume_1_or_2_with_dataset_expressions to None, run_after=None
[2025-03-17T13:56:13.378+0000] {logging_mixin.py:190} INFO - [2025-03-17T13:56:13.378+0000] {dag.py:4180} INFO - Setting next_dagrun for consume_1_or_both_2_and_3_with_dataset_expressions to None, run_after=None
[2025-03-17T13:56:13.379+0000] {logging_mixin.py:190} INFO - [2025-03-17T13:56:13.379+0000] {dag.py:4180} INFO - Setting next_dagrun for dataset_consumes_1 to None, run_after=None
[2025-03-17T13:56:13.379+0000] {logging_mixin.py:190} INFO - [2025-03-17T13:56:13.379+0000] {dag.py:4180} INFO - Setting next_dagrun for dataset_consumes_1_and_2 to None, run_after=None
[2025-03-17T13:56:13.380+0000] {logging_mixin.py:190} INFO - [2025-03-17T13:56:13.380+0000] {dag.py:4180} INFO - Setting next_dagrun for dataset_consumes_1_never_scheduled to None, run_after=None
[2025-03-17T13:56:13.380+0000] {logging_mixin.py:190} INFO - [2025-03-17T13:56:13.380+0000] {dag.py:4180} INFO - Setting next_dagrun for dataset_consumes_unknown_never_scheduled to None, run_after=None
[2025-03-17T13:56:13.381+0000] {logging_mixin.py:190} INFO - [2025-03-17T13:56:13.381+0000] {dag.py:4180} INFO - Setting next_dagrun for dataset_produces_1 to 2025-03-16 00:00:00+00:00, run_after=2025-03-17 00:00:00+00:00
[2025-03-17T13:56:13.381+0000] {logging_mixin.py:190} INFO - [2025-03-17T13:56:13.381+0000] {dag.py:4180} INFO - Setting next_dagrun for dataset_produces_2 to None, run_after=None
[2025-03-17T13:56:13.511+0000] {processor.py:208} INFO - Processing /home/airflow/.local/lib/python3.12/site-packages/airflow/example_dags/example_datasets.py took 0.366 seconds
[2025-03-17T14:27:19.102+0000] {processor.py:186} INFO - Started process (PID=347) to work on /home/airflow/.local/lib/python3.12/site-packages/airflow/example_dags/example_datasets.py
[2025-03-17T14:27:19.102+0000] {processor.py:914} INFO - Processing file /home/airflow/.local/lib/python3.12/site-packages/airflow/example_dags/example_datasets.py for tasks to queue
[2025-03-17T14:27:19.103+0000] {logging_mixin.py:190} INFO - [2025-03-17T14:27:19.103+0000] {dagbag.py:588} INFO - Filling up the DagBag from /home/airflow/.local/lib/python3.12/site-packages/airflow/example_dags/example_datasets.py
[2025-03-17T14:27:19.295+0000] {processor.py:925} INFO - DAG(s) 'dataset_consumes_1_never_scheduled', 'conditional_dataset_and_time_based_timetable', 'consume_1_or_2_with_dataset_expressions', 'dataset_consumes_1', 'dataset_consumes_unknown_never_scheduled', 'dataset_produces_2', 'dataset_produces_1', 'dataset_consumes_1_and_2', 'consume_1_or_both_2_and_3_with_dataset_expressions', 'consume_1_and_2_with_dataset_expressions' retrieved from /home/airflow/.local/lib/python3.12/site-packages/airflow/example_dags/example_datasets.py
[2025-03-17T14:27:19.549+0000] {logging_mixin.py:190} INFO - [2025-03-17T14:27:19.549+0000] {dag.py:3239} INFO - Sync 10 DAGs
[2025-03-17T14:27:19.561+0000] {logging_mixin.py:190} INFO - [2025-03-17T14:27:19.561+0000] {dag.py:4180} INFO - Setting next_dagrun for conditional_dataset_and_time_based_timetable to 2025-03-12 01:00:00+00:00, run_after=2025-03-12 01:00:00+00:00
[2025-03-17T14:27:19.562+0000] {logging_mixin.py:190} INFO - [2025-03-17T14:27:19.562+0000] {dag.py:4180} INFO - Setting next_dagrun for consume_1_and_2_with_dataset_expressions to None, run_after=None
[2025-03-17T14:27:19.563+0000] {logging_mixin.py:190} INFO - [2025-03-17T14:27:19.563+0000] {dag.py:4180} INFO - Setting next_dagrun for consume_1_or_2_with_dataset_expressions to None, run_after=None
[2025-03-17T14:27:19.563+0000] {logging_mixin.py:190} INFO - [2025-03-17T14:27:19.563+0000] {dag.py:4180} INFO - Setting next_dagrun for consume_1_or_both_2_and_3_with_dataset_expressions to None, run_after=None
[2025-03-17T14:27:19.564+0000] {logging_mixin.py:190} INFO - [2025-03-17T14:27:19.564+0000] {dag.py:4180} INFO - Setting next_dagrun for dataset_consumes_1 to None, run_after=None
[2025-03-17T14:27:19.564+0000] {logging_mixin.py:190} INFO - [2025-03-17T14:27:19.564+0000] {dag.py:4180} INFO - Setting next_dagrun for dataset_consumes_1_and_2 to None, run_after=None
[2025-03-17T14:27:19.565+0000] {logging_mixin.py:190} INFO - [2025-03-17T14:27:19.565+0000] {dag.py:4180} INFO - Setting next_dagrun for dataset_consumes_1_never_scheduled to None, run_after=None
[2025-03-17T14:27:19.565+0000] {logging_mixin.py:190} INFO - [2025-03-17T14:27:19.565+0000] {dag.py:4180} INFO - Setting next_dagrun for dataset_consumes_unknown_never_scheduled to None, run_after=None
[2025-03-17T14:27:19.566+0000] {logging_mixin.py:190} INFO - [2025-03-17T14:27:19.566+0000] {dag.py:4180} INFO - Setting next_dagrun for dataset_produces_1 to 2025-03-16 00:00:00+00:00, run_after=2025-03-17 00:00:00+00:00
[2025-03-17T14:27:19.567+0000] {logging_mixin.py:190} INFO - [2025-03-17T14:27:19.567+0000] {dag.py:4180} INFO - Setting next_dagrun for dataset_produces_2 to None, run_after=None
[2025-03-17T14:27:19.583+0000] {processor.py:208} INFO - Processing /home/airflow/.local/lib/python3.12/site-packages/airflow/example_dags/example_datasets.py took 0.484 seconds
[2025-03-17T14:27:49.651+0000] {processor.py:186} INFO - Started process (PID=658) to work on /home/airflow/.local/lib/python3.12/site-packages/airflow/example_dags/example_datasets.py
[2025-03-17T14:27:49.651+0000] {processor.py:914} INFO - Processing file /home/airflow/.local/lib/python3.12/site-packages/airflow/example_dags/example_datasets.py for tasks to queue
[2025-03-17T14:27:49.652+0000] {logging_mixin.py:190} INFO - [2025-03-17T14:27:49.652+0000] {dagbag.py:588} INFO - Filling up the DagBag from /home/airflow/.local/lib/python3.12/site-packages/airflow/example_dags/example_datasets.py
[2025-03-17T14:27:49.834+0000] {processor.py:925} INFO - DAG(s) 'dataset_produces_2', 'dataset_consumes_1_never_scheduled', 'consume_1_or_both_2_and_3_with_dataset_expressions', 'consume_1_or_2_with_dataset_expressions', 'dataset_consumes_unknown_never_scheduled', 'consume_1_and_2_with_dataset_expressions', 'dataset_produces_1', 'dataset_consumes_1', 'dataset_consumes_1_and_2', 'conditional_dataset_and_time_based_timetable' retrieved from /home/airflow/.local/lib/python3.12/site-packages/airflow/example_dags/example_datasets.py
[2025-03-17T14:27:49.856+0000] {logging_mixin.py:190} INFO - [2025-03-17T14:27:49.856+0000] {dag.py:3239} INFO - Sync 10 DAGs
[2025-03-17T14:27:49.871+0000] {logging_mixin.py:190} INFO - [2025-03-17T14:27:49.871+0000] {dag.py:4180} INFO - Setting next_dagrun for conditional_dataset_and_time_based_timetable to 2025-03-12 01:00:00+00:00, run_after=2025-03-12 01:00:00+00:00
[2025-03-17T14:27:49.873+0000] {logging_mixin.py:190} INFO - [2025-03-17T14:27:49.873+0000] {dag.py:4180} INFO - Setting next_dagrun for consume_1_and_2_with_dataset_expressions to None, run_after=None
[2025-03-17T14:27:49.873+0000] {logging_mixin.py:190} INFO - [2025-03-17T14:27:49.873+0000] {dag.py:4180} INFO - Setting next_dagrun for consume_1_or_2_with_dataset_expressions to None, run_after=None
[2025-03-17T14:27:49.874+0000] {logging_mixin.py:190} INFO - [2025-03-17T14:27:49.874+0000] {dag.py:4180} INFO - Setting next_dagrun for consume_1_or_both_2_and_3_with_dataset_expressions to None, run_after=None
[2025-03-17T14:27:49.874+0000] {logging_mixin.py:190} INFO - [2025-03-17T14:27:49.874+0000] {dag.py:4180} INFO - Setting next_dagrun for dataset_consumes_1 to None, run_after=None
[2025-03-17T14:27:49.875+0000] {logging_mixin.py:190} INFO - [2025-03-17T14:27:49.875+0000] {dag.py:4180} INFO - Setting next_dagrun for dataset_consumes_1_and_2 to None, run_after=None
[2025-03-17T14:27:49.875+0000] {logging_mixin.py:190} INFO - [2025-03-17T14:27:49.875+0000] {dag.py:4180} INFO - Setting next_dagrun for dataset_consumes_1_never_scheduled to None, run_after=None
[2025-03-17T14:27:49.875+0000] {logging_mixin.py:190} INFO - [2025-03-17T14:27:49.875+0000] {dag.py:4180} INFO - Setting next_dagrun for dataset_consumes_unknown_never_scheduled to None, run_after=None
[2025-03-17T14:27:49.876+0000] {logging_mixin.py:190} INFO - [2025-03-17T14:27:49.876+0000] {dag.py:4180} INFO - Setting next_dagrun for dataset_produces_1 to 2025-03-16 00:00:00+00:00, run_after=2025-03-17 00:00:00+00:00
[2025-03-17T14:27:49.877+0000] {logging_mixin.py:190} INFO - [2025-03-17T14:27:49.877+0000] {dag.py:4180} INFO - Setting next_dagrun for dataset_produces_2 to None, run_after=None
[2025-03-17T14:27:50.009+0000] {processor.py:208} INFO - Processing /home/airflow/.local/lib/python3.12/site-packages/airflow/example_dags/example_datasets.py took 0.360 seconds
[2025-03-17T14:28:20.493+0000] {processor.py:186} INFO - Started process (PID=964) to work on /home/airflow/.local/lib/python3.12/site-packages/airflow/example_dags/example_datasets.py
[2025-03-17T14:28:20.494+0000] {processor.py:914} INFO - Processing file /home/airflow/.local/lib/python3.12/site-packages/airflow/example_dags/example_datasets.py for tasks to queue
[2025-03-17T14:28:20.494+0000] {logging_mixin.py:190} INFO - [2025-03-17T14:28:20.494+0000] {dagbag.py:588} INFO - Filling up the DagBag from /home/airflow/.local/lib/python3.12/site-packages/airflow/example_dags/example_datasets.py
[2025-03-17T14:28:20.681+0000] {processor.py:925} INFO - DAG(s) 'dataset_consumes_unknown_never_scheduled', 'dataset_consumes_1', 'dataset_produces_2', 'consume_1_or_both_2_and_3_with_dataset_expressions', 'dataset_consumes_1_never_scheduled', 'consume_1_and_2_with_dataset_expressions', 'dataset_produces_1', 'dataset_consumes_1_and_2', 'consume_1_or_2_with_dataset_expressions', 'conditional_dataset_and_time_based_timetable' retrieved from /home/airflow/.local/lib/python3.12/site-packages/airflow/example_dags/example_datasets.py
[2025-03-17T14:28:20.819+0000] {logging_mixin.py:190} INFO - [2025-03-17T14:28:20.819+0000] {dag.py:3239} INFO - Sync 10 DAGs
[2025-03-17T14:28:20.831+0000] {logging_mixin.py:190} INFO - [2025-03-17T14:28:20.831+0000] {dag.py:4180} INFO - Setting next_dagrun for conditional_dataset_and_time_based_timetable to 2025-03-12 01:00:00+00:00, run_after=2025-03-12 01:00:00+00:00
[2025-03-17T14:28:20.833+0000] {logging_mixin.py:190} INFO - [2025-03-17T14:28:20.833+0000] {dag.py:4180} INFO - Setting next_dagrun for consume_1_and_2_with_dataset_expressions to None, run_after=None
[2025-03-17T14:28:20.833+0000] {logging_mixin.py:190} INFO - [2025-03-17T14:28:20.833+0000] {dag.py:4180} INFO - Setting next_dagrun for consume_1_or_2_with_dataset_expressions to None, run_after=None
[2025-03-17T14:28:20.834+0000] {logging_mixin.py:190} INFO - [2025-03-17T14:28:20.834+0000] {dag.py:4180} INFO - Setting next_dagrun for consume_1_or_both_2_and_3_with_dataset_expressions to None, run_after=None
[2025-03-17T14:28:20.834+0000] {logging_mixin.py:190} INFO - [2025-03-17T14:28:20.834+0000] {dag.py:4180} INFO - Setting next_dagrun for dataset_consumes_1 to None, run_after=None
[2025-03-17T14:28:20.835+0000] {logging_mixin.py:190} INFO - [2025-03-17T14:28:20.835+0000] {dag.py:4180} INFO - Setting next_dagrun for dataset_consumes_1_and_2 to None, run_after=None
[2025-03-17T14:28:20.835+0000] {logging_mixin.py:190} INFO - [2025-03-17T14:28:20.835+0000] {dag.py:4180} INFO - Setting next_dagrun for dataset_consumes_1_never_scheduled to None, run_after=None
[2025-03-17T14:28:20.836+0000] {logging_mixin.py:190} INFO - [2025-03-17T14:28:20.836+0000] {dag.py:4180} INFO - Setting next_dagrun for dataset_consumes_unknown_never_scheduled to None, run_after=None
[2025-03-17T14:28:20.837+0000] {logging_mixin.py:190} INFO - [2025-03-17T14:28:20.837+0000] {dag.py:4180} INFO - Setting next_dagrun for dataset_produces_1 to 2025-03-16 00:00:00+00:00, run_after=2025-03-17 00:00:00+00:00
[2025-03-17T14:28:20.837+0000] {logging_mixin.py:190} INFO - [2025-03-17T14:28:20.837+0000] {dag.py:4180} INFO - Setting next_dagrun for dataset_produces_2 to None, run_after=None
[2025-03-17T14:28:20.850+0000] {processor.py:208} INFO - Processing /home/airflow/.local/lib/python3.12/site-packages/airflow/example_dags/example_datasets.py took 0.360 seconds
[2025-03-17T14:28:50.953+0000] {processor.py:186} INFO - Started process (PID=1245) to work on /home/airflow/.local/lib/python3.12/site-packages/airflow/example_dags/example_datasets.py
[2025-03-17T14:28:50.954+0000] {processor.py:914} INFO - Processing file /home/airflow/.local/lib/python3.12/site-packages/airflow/example_dags/example_datasets.py for tasks to queue
[2025-03-17T14:28:50.955+0000] {logging_mixin.py:190} INFO - [2025-03-17T14:28:50.954+0000] {dagbag.py:588} INFO - Filling up the DagBag from /home/airflow/.local/lib/python3.12/site-packages/airflow/example_dags/example_datasets.py
[2025-03-17T14:28:51.139+0000] {processor.py:925} INFO - DAG(s) 'consume_1_or_both_2_and_3_with_dataset_expressions', 'dataset_consumes_unknown_never_scheduled', 'dataset_consumes_1_and_2', 'dataset_produces_1', 'consume_1_and_2_with_dataset_expressions', 'dataset_produces_2', 'conditional_dataset_and_time_based_timetable', 'consume_1_or_2_with_dataset_expressions', 'dataset_consumes_1_never_scheduled', 'dataset_consumes_1' retrieved from /home/airflow/.local/lib/python3.12/site-packages/airflow/example_dags/example_datasets.py
[2025-03-17T14:28:51.159+0000] {logging_mixin.py:190} INFO - [2025-03-17T14:28:51.159+0000] {dag.py:3239} INFO - Sync 10 DAGs
[2025-03-17T14:28:51.289+0000] {logging_mixin.py:190} INFO - [2025-03-17T14:28:51.289+0000] {dag.py:4180} INFO - Setting next_dagrun for conditional_dataset_and_time_based_timetable to 2025-03-12 01:00:00+00:00, run_after=2025-03-12 01:00:00+00:00
[2025-03-17T14:28:51.291+0000] {logging_mixin.py:190} INFO - [2025-03-17T14:28:51.291+0000] {dag.py:4180} INFO - Setting next_dagrun for consume_1_and_2_with_dataset_expressions to None, run_after=None
[2025-03-17T14:28:51.291+0000] {logging_mixin.py:190} INFO - [2025-03-17T14:28:51.291+0000] {dag.py:4180} INFO - Setting next_dagrun for consume_1_or_2_with_dataset_expressions to None, run_after=None
[2025-03-17T14:28:51.292+0000] {logging_mixin.py:190} INFO - [2025-03-17T14:28:51.292+0000] {dag.py:4180} INFO - Setting next_dagrun for consume_1_or_both_2_and_3_with_dataset_expressions to None, run_after=None
[2025-03-17T14:28:51.292+0000] {logging_mixin.py:190} INFO - [2025-03-17T14:28:51.292+0000] {dag.py:4180} INFO - Setting next_dagrun for dataset_consumes_1 to None, run_after=None
[2025-03-17T14:28:51.293+0000] {logging_mixin.py:190} INFO - [2025-03-17T14:28:51.293+0000] {dag.py:4180} INFO - Setting next_dagrun for dataset_consumes_1_and_2 to None, run_after=None
[2025-03-17T14:28:51.293+0000] {logging_mixin.py:190} INFO - [2025-03-17T14:28:51.293+0000] {dag.py:4180} INFO - Setting next_dagrun for dataset_consumes_1_never_scheduled to None, run_after=None
[2025-03-17T14:28:51.294+0000] {logging_mixin.py:190} INFO - [2025-03-17T14:28:51.294+0000] {dag.py:4180} INFO - Setting next_dagrun for dataset_consumes_unknown_never_scheduled to None, run_after=None
[2025-03-17T14:28:51.295+0000] {logging_mixin.py:190} INFO - [2025-03-17T14:28:51.295+0000] {dag.py:4180} INFO - Setting next_dagrun for dataset_produces_1 to 2025-03-16 00:00:00+00:00, run_after=2025-03-17 00:00:00+00:00
[2025-03-17T14:28:51.295+0000] {logging_mixin.py:190} INFO - [2025-03-17T14:28:51.295+0000] {dag.py:4180} INFO - Setting next_dagrun for dataset_produces_2 to None, run_after=None
[2025-03-17T14:28:51.308+0000] {processor.py:208} INFO - Processing /home/airflow/.local/lib/python3.12/site-packages/airflow/example_dags/example_datasets.py took 0.359 seconds
[2025-03-17T14:29:21.714+0000] {processor.py:186} INFO - Started process (PID=1553) to work on /home/airflow/.local/lib/python3.12/site-packages/airflow/example_dags/example_datasets.py
[2025-03-17T14:29:21.715+0000] {processor.py:914} INFO - Processing file /home/airflow/.local/lib/python3.12/site-packages/airflow/example_dags/example_datasets.py for tasks to queue
[2025-03-17T14:29:21.716+0000] {logging_mixin.py:190} INFO - [2025-03-17T14:29:21.716+0000] {dagbag.py:588} INFO - Filling up the DagBag from /home/airflow/.local/lib/python3.12/site-packages/airflow/example_dags/example_datasets.py
[2025-03-17T14:29:21.892+0000] {processor.py:925} INFO - DAG(s) 'dataset_produces_2', 'dataset_produces_1', 'dataset_consumes_1_and_2', 'consume_1_or_2_with_dataset_expressions', 'dataset_consumes_1', 'dataset_consumes_unknown_never_scheduled', 'conditional_dataset_and_time_based_timetable', 'consume_1_or_both_2_and_3_with_dataset_expressions', 'dataset_consumes_1_never_scheduled', 'consume_1_and_2_with_dataset_expressions' retrieved from /home/airflow/.local/lib/python3.12/site-packages/airflow/example_dags/example_datasets.py
[2025-03-17T14:29:21.912+0000] {logging_mixin.py:190} INFO - [2025-03-17T14:29:21.912+0000] {dag.py:3239} INFO - Sync 10 DAGs
[2025-03-17T14:29:22.043+0000] {logging_mixin.py:190} INFO - [2025-03-17T14:29:22.042+0000] {dag.py:4180} INFO - Setting next_dagrun for conditional_dataset_and_time_based_timetable to 2025-03-12 01:00:00+00:00, run_after=2025-03-12 01:00:00+00:00
[2025-03-17T14:29:22.044+0000] {logging_mixin.py:190} INFO - [2025-03-17T14:29:22.044+0000] {dag.py:4180} INFO - Setting next_dagrun for consume_1_and_2_with_dataset_expressions to None, run_after=None
[2025-03-17T14:29:22.045+0000] {logging_mixin.py:190} INFO - [2025-03-17T14:29:22.045+0000] {dag.py:4180} INFO - Setting next_dagrun for consume_1_or_2_with_dataset_expressions to None, run_after=None
[2025-03-17T14:29:22.046+0000] {logging_mixin.py:190} INFO - [2025-03-17T14:29:22.045+0000] {dag.py:4180} INFO - Setting next_dagrun for consume_1_or_both_2_and_3_with_dataset_expressions to None, run_after=None
[2025-03-17T14:29:22.046+0000] {logging_mixin.py:190} INFO - [2025-03-17T14:29:22.046+0000] {dag.py:4180} INFO - Setting next_dagrun for dataset_consumes_1 to None, run_after=None
[2025-03-17T14:29:22.047+0000] {logging_mixin.py:190} INFO - [2025-03-17T14:29:22.046+0000] {dag.py:4180} INFO - Setting next_dagrun for dataset_consumes_1_and_2 to None, run_after=None
[2025-03-17T14:29:22.047+0000] {logging_mixin.py:190} INFO - [2025-03-17T14:29:22.047+0000] {dag.py:4180} INFO - Setting next_dagrun for dataset_consumes_1_never_scheduled to None, run_after=None
[2025-03-17T14:29:22.047+0000] {logging_mixin.py:190} INFO - [2025-03-17T14:29:22.047+0000] {dag.py:4180} INFO - Setting next_dagrun for dataset_consumes_unknown_never_scheduled to None, run_after=None
[2025-03-17T14:29:22.048+0000] {logging_mixin.py:190} INFO - [2025-03-17T14:29:22.048+0000] {dag.py:4180} INFO - Setting next_dagrun for dataset_produces_1 to 2025-03-16 00:00:00+00:00, run_after=2025-03-17 00:00:00+00:00
[2025-03-17T14:29:22.049+0000] {logging_mixin.py:190} INFO - [2025-03-17T14:29:22.049+0000] {dag.py:4180} INFO - Setting next_dagrun for dataset_produces_2 to None, run_after=None
[2025-03-17T14:29:22.062+0000] {processor.py:208} INFO - Processing /home/airflow/.local/lib/python3.12/site-packages/airflow/example_dags/example_datasets.py took 0.352 seconds
[2025-03-17T14:29:52.513+0000] {processor.py:186} INFO - Started process (PID=1829) to work on /home/airflow/.local/lib/python3.12/site-packages/airflow/example_dags/example_datasets.py
[2025-03-17T14:29:52.513+0000] {processor.py:914} INFO - Processing file /home/airflow/.local/lib/python3.12/site-packages/airflow/example_dags/example_datasets.py for tasks to queue
[2025-03-17T14:29:52.514+0000] {logging_mixin.py:190} INFO - [2025-03-17T14:29:52.514+0000] {dagbag.py:588} INFO - Filling up the DagBag from /home/airflow/.local/lib/python3.12/site-packages/airflow/example_dags/example_datasets.py
[2025-03-17T14:29:52.797+0000] {processor.py:925} INFO - DAG(s) 'consume_1_or_2_with_dataset_expressions', 'dataset_produces_2', 'dataset_consumes_1_never_scheduled', 'consume_1_and_2_with_dataset_expressions', 'dataset_consumes_unknown_never_scheduled', 'dataset_consumes_1', 'dataset_consumes_1_and_2', 'conditional_dataset_and_time_based_timetable', 'dataset_produces_1', 'consume_1_or_both_2_and_3_with_dataset_expressions' retrieved from /home/airflow/.local/lib/python3.12/site-packages/airflow/example_dags/example_datasets.py
[2025-03-17T14:29:52.817+0000] {logging_mixin.py:190} INFO - [2025-03-17T14:29:52.817+0000] {dag.py:3239} INFO - Sync 10 DAGs
[2025-03-17T14:29:52.831+0000] {logging_mixin.py:190} INFO - [2025-03-17T14:29:52.830+0000] {dag.py:4180} INFO - Setting next_dagrun for conditional_dataset_and_time_based_timetable to 2025-03-12 01:00:00+00:00, run_after=2025-03-12 01:00:00+00:00
[2025-03-17T14:29:52.833+0000] {logging_mixin.py:190} INFO - [2025-03-17T14:29:52.833+0000] {dag.py:4180} INFO - Setting next_dagrun for consume_1_and_2_with_dataset_expressions to None, run_after=None
[2025-03-17T14:29:52.833+0000] {logging_mixin.py:190} INFO - [2025-03-17T14:29:52.833+0000] {dag.py:4180} INFO - Setting next_dagrun for consume_1_or_2_with_dataset_expressions to None, run_after=None
[2025-03-17T14:29:52.834+0000] {logging_mixin.py:190} INFO - [2025-03-17T14:29:52.834+0000] {dag.py:4180} INFO - Setting next_dagrun for consume_1_or_both_2_and_3_with_dataset_expressions to None, run_after=None
[2025-03-17T14:29:52.834+0000] {logging_mixin.py:190} INFO - [2025-03-17T14:29:52.834+0000] {dag.py:4180} INFO - Setting next_dagrun for dataset_consumes_1 to None, run_after=None
[2025-03-17T14:29:52.835+0000] {logging_mixin.py:190} INFO - [2025-03-17T14:29:52.835+0000] {dag.py:4180} INFO - Setting next_dagrun for dataset_consumes_1_and_2 to None, run_after=None
[2025-03-17T14:29:52.835+0000] {logging_mixin.py:190} INFO - [2025-03-17T14:29:52.835+0000] {dag.py:4180} INFO - Setting next_dagrun for dataset_consumes_1_never_scheduled to None, run_after=None
[2025-03-17T14:29:52.835+0000] {logging_mixin.py:190} INFO - [2025-03-17T14:29:52.835+0000] {dag.py:4180} INFO - Setting next_dagrun for dataset_consumes_unknown_never_scheduled to None, run_after=None
[2025-03-17T14:29:52.837+0000] {logging_mixin.py:190} INFO - [2025-03-17T14:29:52.837+0000] {dag.py:4180} INFO - Setting next_dagrun for dataset_produces_1 to 2025-03-16 00:00:00+00:00, run_after=2025-03-17 00:00:00+00:00
[2025-03-17T14:29:52.838+0000] {logging_mixin.py:190} INFO - [2025-03-17T14:29:52.837+0000] {dag.py:4180} INFO - Setting next_dagrun for dataset_produces_2 to None, run_after=None
[2025-03-17T14:29:52.855+0000] {processor.py:208} INFO - Processing /home/airflow/.local/lib/python3.12/site-packages/airflow/example_dags/example_datasets.py took 0.345 seconds
[2025-03-17T14:30:23.602+0000] {processor.py:186} INFO - Started process (PID=2125) to work on /home/airflow/.local/lib/python3.12/site-packages/airflow/example_dags/example_datasets.py
[2025-03-17T14:30:23.603+0000] {processor.py:914} INFO - Processing file /home/airflow/.local/lib/python3.12/site-packages/airflow/example_dags/example_datasets.py for tasks to queue
[2025-03-17T14:30:23.604+0000] {logging_mixin.py:190} INFO - [2025-03-17T14:30:23.604+0000] {dagbag.py:588} INFO - Filling up the DagBag from /home/airflow/.local/lib/python3.12/site-packages/airflow/example_dags/example_datasets.py
[2025-03-17T14:30:23.904+0000] {processor.py:925} INFO - DAG(s) 'consume_1_or_2_with_dataset_expressions', 'dataset_produces_2', 'conditional_dataset_and_time_based_timetable', 'dataset_consumes_unknown_never_scheduled', 'consume_1_or_both_2_and_3_with_dataset_expressions', 'consume_1_and_2_with_dataset_expressions', 'dataset_produces_1', 'dataset_consumes_1', 'dataset_consumes_1_never_scheduled', 'dataset_consumes_1_and_2' retrieved from /home/airflow/.local/lib/python3.12/site-packages/airflow/example_dags/example_datasets.py
[2025-03-17T14:30:23.924+0000] {logging_mixin.py:190} INFO - [2025-03-17T14:30:23.924+0000] {dag.py:3239} INFO - Sync 10 DAGs
[2025-03-17T14:30:23.937+0000] {logging_mixin.py:190} INFO - [2025-03-17T14:30:23.937+0000] {dag.py:4180} INFO - Setting next_dagrun for conditional_dataset_and_time_based_timetable to 2025-03-12 01:00:00+00:00, run_after=2025-03-12 01:00:00+00:00
[2025-03-17T14:30:23.939+0000] {logging_mixin.py:190} INFO - [2025-03-17T14:30:23.939+0000] {dag.py:4180} INFO - Setting next_dagrun for consume_1_and_2_with_dataset_expressions to None, run_after=None
[2025-03-17T14:30:23.939+0000] {logging_mixin.py:190} INFO - [2025-03-17T14:30:23.939+0000] {dag.py:4180} INFO - Setting next_dagrun for consume_1_or_2_with_dataset_expressions to None, run_after=None
[2025-03-17T14:30:23.940+0000] {logging_mixin.py:190} INFO - [2025-03-17T14:30:23.940+0000] {dag.py:4180} INFO - Setting next_dagrun for consume_1_or_both_2_and_3_with_dataset_expressions to None, run_after=None
[2025-03-17T14:30:23.940+0000] {logging_mixin.py:190} INFO - [2025-03-17T14:30:23.940+0000] {dag.py:4180} INFO - Setting next_dagrun for dataset_consumes_1 to None, run_after=None
[2025-03-17T14:30:23.941+0000] {logging_mixin.py:190} INFO - [2025-03-17T14:30:23.941+0000] {dag.py:4180} INFO - Setting next_dagrun for dataset_consumes_1_and_2 to None, run_after=None
[2025-03-17T14:30:23.942+0000] {logging_mixin.py:190} INFO - [2025-03-17T14:30:23.942+0000] {dag.py:4180} INFO - Setting next_dagrun for dataset_consumes_1_never_scheduled to None, run_after=None
[2025-03-17T14:30:23.942+0000] {logging_mixin.py:190} INFO - [2025-03-17T14:30:23.942+0000] {dag.py:4180} INFO - Setting next_dagrun for dataset_consumes_unknown_never_scheduled to None, run_after=None
[2025-03-17T14:30:23.943+0000] {logging_mixin.py:190} INFO - [2025-03-17T14:30:23.943+0000] {dag.py:4180} INFO - Setting next_dagrun for dataset_produces_1 to 2025-03-16 00:00:00+00:00, run_after=2025-03-17 00:00:00+00:00
[2025-03-17T14:30:23.944+0000] {logging_mixin.py:190} INFO - [2025-03-17T14:30:23.944+0000] {dag.py:4180} INFO - Setting next_dagrun for dataset_produces_2 to None, run_after=None
[2025-03-17T14:30:23.958+0000] {processor.py:208} INFO - Processing /home/airflow/.local/lib/python3.12/site-packages/airflow/example_dags/example_datasets.py took 0.358 seconds
[2025-03-17T14:30:54.380+0000] {processor.py:186} INFO - Started process (PID=2421) to work on /home/airflow/.local/lib/python3.12/site-packages/airflow/example_dags/example_datasets.py
[2025-03-17T14:30:54.381+0000] {processor.py:914} INFO - Processing file /home/airflow/.local/lib/python3.12/site-packages/airflow/example_dags/example_datasets.py for tasks to queue
[2025-03-17T14:30:54.382+0000] {logging_mixin.py:190} INFO - [2025-03-17T14:30:54.382+0000] {dagbag.py:588} INFO - Filling up the DagBag from /home/airflow/.local/lib/python3.12/site-packages/airflow/example_dags/example_datasets.py
[2025-03-17T14:30:54.692+0000] {processor.py:925} INFO - DAG(s) 'dataset_consumes_1', 'consume_1_and_2_with_dataset_expressions', 'dataset_consumes_unknown_never_scheduled', 'consume_1_or_both_2_and_3_with_dataset_expressions', 'dataset_produces_1', 'consume_1_or_2_with_dataset_expressions', 'dataset_consumes_1_and_2', 'dataset_consumes_1_never_scheduled', 'dataset_produces_2', 'conditional_dataset_and_time_based_timetable' retrieved from /home/airflow/.local/lib/python3.12/site-packages/airflow/example_dags/example_datasets.py
[2025-03-17T14:30:54.711+0000] {logging_mixin.py:190} INFO - [2025-03-17T14:30:54.711+0000] {dag.py:3239} INFO - Sync 10 DAGs
[2025-03-17T14:30:54.725+0000] {logging_mixin.py:190} INFO - [2025-03-17T14:30:54.725+0000] {dag.py:4180} INFO - Setting next_dagrun for conditional_dataset_and_time_based_timetable to 2025-03-12 01:00:00+00:00, run_after=2025-03-12 01:00:00+00:00
[2025-03-17T14:30:54.727+0000] {logging_mixin.py:190} INFO - [2025-03-17T14:30:54.727+0000] {dag.py:4180} INFO - Setting next_dagrun for consume_1_and_2_with_dataset_expressions to None, run_after=None
[2025-03-17T14:30:54.727+0000] {logging_mixin.py:190} INFO - [2025-03-17T14:30:54.727+0000] {dag.py:4180} INFO - Setting next_dagrun for consume_1_or_2_with_dataset_expressions to None, run_after=None
[2025-03-17T14:30:54.728+0000] {logging_mixin.py:190} INFO - [2025-03-17T14:30:54.728+0000] {dag.py:4180} INFO - Setting next_dagrun for consume_1_or_both_2_and_3_with_dataset_expressions to None, run_after=None
[2025-03-17T14:30:54.728+0000] {logging_mixin.py:190} INFO - [2025-03-17T14:30:54.728+0000] {dag.py:4180} INFO - Setting next_dagrun for dataset_consumes_1 to None, run_after=None
[2025-03-17T14:30:54.729+0000] {logging_mixin.py:190} INFO - [2025-03-17T14:30:54.729+0000] {dag.py:4180} INFO - Setting next_dagrun for dataset_consumes_1_and_2 to None, run_after=None
[2025-03-17T14:30:54.729+0000] {logging_mixin.py:190} INFO - [2025-03-17T14:30:54.729+0000] {dag.py:4180} INFO - Setting next_dagrun for dataset_consumes_1_never_scheduled to None, run_after=None
[2025-03-17T14:30:54.730+0000] {logging_mixin.py:190} INFO - [2025-03-17T14:30:54.730+0000] {dag.py:4180} INFO - Setting next_dagrun for dataset_consumes_unknown_never_scheduled to None, run_after=None
[2025-03-17T14:30:54.731+0000] {logging_mixin.py:190} INFO - [2025-03-17T14:30:54.731+0000] {dag.py:4180} INFO - Setting next_dagrun for dataset_produces_1 to 2025-03-16 00:00:00+00:00, run_after=2025-03-17 00:00:00+00:00
[2025-03-17T14:30:54.731+0000] {logging_mixin.py:190} INFO - [2025-03-17T14:30:54.731+0000] {dag.py:4180} INFO - Setting next_dagrun for dataset_produces_2 to None, run_after=None
[2025-03-17T14:30:54.748+0000] {processor.py:208} INFO - Processing /home/airflow/.local/lib/python3.12/site-packages/airflow/example_dags/example_datasets.py took 0.371 seconds
[2025-03-17T14:31:25.501+0000] {processor.py:186} INFO - Started process (PID=2717) to work on /home/airflow/.local/lib/python3.12/site-packages/airflow/example_dags/example_datasets.py
[2025-03-17T14:31:25.501+0000] {processor.py:914} INFO - Processing file /home/airflow/.local/lib/python3.12/site-packages/airflow/example_dags/example_datasets.py for tasks to queue
[2025-03-17T14:31:25.502+0000] {logging_mixin.py:190} INFO - [2025-03-17T14:31:25.502+0000] {dagbag.py:588} INFO - Filling up the DagBag from /home/airflow/.local/lib/python3.12/site-packages/airflow/example_dags/example_datasets.py
[2025-03-17T14:31:25.792+0000] {processor.py:925} INFO - DAG(s) 'dataset_produces_1', 'consume_1_or_2_with_dataset_expressions', 'dataset_consumes_1_never_scheduled', 'dataset_consumes_unknown_never_scheduled', 'dataset_produces_2', 'dataset_consumes_1_and_2', 'consume_1_or_both_2_and_3_with_dataset_expressions', 'conditional_dataset_and_time_based_timetable', 'dataset_consumes_1', 'consume_1_and_2_with_dataset_expressions' retrieved from /home/airflow/.local/lib/python3.12/site-packages/airflow/example_dags/example_datasets.py
[2025-03-17T14:31:25.811+0000] {logging_mixin.py:190} INFO - [2025-03-17T14:31:25.811+0000] {dag.py:3239} INFO - Sync 10 DAGs
[2025-03-17T14:31:25.825+0000] {logging_mixin.py:190} INFO - [2025-03-17T14:31:25.825+0000] {dag.py:4180} INFO - Setting next_dagrun for conditional_dataset_and_time_based_timetable to 2025-03-12 01:00:00+00:00, run_after=2025-03-12 01:00:00+00:00
[2025-03-17T14:31:25.826+0000] {logging_mixin.py:190} INFO - [2025-03-17T14:31:25.826+0000] {dag.py:4180} INFO - Setting next_dagrun for consume_1_and_2_with_dataset_expressions to None, run_after=None
[2025-03-17T14:31:25.827+0000] {logging_mixin.py:190} INFO - [2025-03-17T14:31:25.827+0000] {dag.py:4180} INFO - Setting next_dagrun for consume_1_or_2_with_dataset_expressions to None, run_after=None
[2025-03-17T14:31:25.827+0000] {logging_mixin.py:190} INFO - [2025-03-17T14:31:25.827+0000] {dag.py:4180} INFO - Setting next_dagrun for consume_1_or_both_2_and_3_with_dataset_expressions to None, run_after=None
[2025-03-17T14:31:25.828+0000] {logging_mixin.py:190} INFO - [2025-03-17T14:31:25.828+0000] {dag.py:4180} INFO - Setting next_dagrun for dataset_consumes_1 to None, run_after=None
[2025-03-17T14:31:25.828+0000] {logging_mixin.py:190} INFO - [2025-03-17T14:31:25.828+0000] {dag.py:4180} INFO - Setting next_dagrun for dataset_consumes_1_and_2 to None, run_after=None
[2025-03-17T14:31:25.829+0000] {logging_mixin.py:190} INFO - [2025-03-17T14:31:25.829+0000] {dag.py:4180} INFO - Setting next_dagrun for dataset_consumes_1_never_scheduled to None, run_after=None
[2025-03-17T14:31:25.829+0000] {logging_mixin.py:190} INFO - [2025-03-17T14:31:25.829+0000] {dag.py:4180} INFO - Setting next_dagrun for dataset_consumes_unknown_never_scheduled to None, run_after=None
[2025-03-17T14:31:25.830+0000] {logging_mixin.py:190} INFO - [2025-03-17T14:31:25.830+0000] {dag.py:4180} INFO - Setting next_dagrun for dataset_produces_1 to 2025-03-16 00:00:00+00:00, run_after=2025-03-17 00:00:00+00:00
[2025-03-17T14:31:25.830+0000] {logging_mixin.py:190} INFO - [2025-03-17T14:31:25.830+0000] {dag.py:4180} INFO - Setting next_dagrun for dataset_produces_2 to None, run_after=None
[2025-03-17T14:31:25.843+0000] {processor.py:208} INFO - Processing /home/airflow/.local/lib/python3.12/site-packages/airflow/example_dags/example_datasets.py took 0.345 seconds
[2025-03-17T14:31:56.637+0000] {processor.py:186} INFO - Started process (PID=3013) to work on /home/airflow/.local/lib/python3.12/site-packages/airflow/example_dags/example_datasets.py
[2025-03-17T14:31:56.638+0000] {processor.py:914} INFO - Processing file /home/airflow/.local/lib/python3.12/site-packages/airflow/example_dags/example_datasets.py for tasks to queue
[2025-03-17T14:31:56.639+0000] {logging_mixin.py:190} INFO - [2025-03-17T14:31:56.639+0000] {dagbag.py:588} INFO - Filling up the DagBag from /home/airflow/.local/lib/python3.12/site-packages/airflow/example_dags/example_datasets.py
[2025-03-17T14:31:56.923+0000] {processor.py:925} INFO - DAG(s) 'dataset_produces_1', 'dataset_consumes_1_and_2', 'consume_1_and_2_with_dataset_expressions', 'dataset_produces_2', 'dataset_consumes_1_never_scheduled', 'consume_1_or_both_2_and_3_with_dataset_expressions', 'dataset_consumes_unknown_never_scheduled', 'consume_1_or_2_with_dataset_expressions', 'dataset_consumes_1', 'conditional_dataset_and_time_based_timetable' retrieved from /home/airflow/.local/lib/python3.12/site-packages/airflow/example_dags/example_datasets.py
[2025-03-17T14:31:56.942+0000] {logging_mixin.py:190} INFO - [2025-03-17T14:31:56.942+0000] {dag.py:3239} INFO - Sync 10 DAGs
[2025-03-17T14:31:56.954+0000] {logging_mixin.py:190} INFO - [2025-03-17T14:31:56.954+0000] {dag.py:4180} INFO - Setting next_dagrun for conditional_dataset_and_time_based_timetable to 2025-03-12 01:00:00+00:00, run_after=2025-03-12 01:00:00+00:00
[2025-03-17T14:31:56.955+0000] {logging_mixin.py:190} INFO - [2025-03-17T14:31:56.955+0000] {dag.py:4180} INFO - Setting next_dagrun for consume_1_and_2_with_dataset_expressions to None, run_after=None
[2025-03-17T14:31:56.956+0000] {logging_mixin.py:190} INFO - [2025-03-17T14:31:56.956+0000] {dag.py:4180} INFO - Setting next_dagrun for consume_1_or_2_with_dataset_expressions to None, run_after=None
[2025-03-17T14:31:56.956+0000] {logging_mixin.py:190} INFO - [2025-03-17T14:31:56.956+0000] {dag.py:4180} INFO - Setting next_dagrun for consume_1_or_both_2_and_3_with_dataset_expressions to None, run_after=None
[2025-03-17T14:31:56.957+0000] {logging_mixin.py:190} INFO - [2025-03-17T14:31:56.957+0000] {dag.py:4180} INFO - Setting next_dagrun for dataset_consumes_1 to None, run_after=None
[2025-03-17T14:31:56.957+0000] {logging_mixin.py:190} INFO - [2025-03-17T14:31:56.957+0000] {dag.py:4180} INFO - Setting next_dagrun for dataset_consumes_1_and_2 to None, run_after=None
[2025-03-17T14:31:56.958+0000] {logging_mixin.py:190} INFO - [2025-03-17T14:31:56.958+0000] {dag.py:4180} INFO - Setting next_dagrun for dataset_consumes_1_never_scheduled to None, run_after=None
[2025-03-17T14:31:56.958+0000] {logging_mixin.py:190} INFO - [2025-03-17T14:31:56.958+0000] {dag.py:4180} INFO - Setting next_dagrun for dataset_consumes_unknown_never_scheduled to None, run_after=None
[2025-03-17T14:31:56.959+0000] {logging_mixin.py:190} INFO - [2025-03-17T14:31:56.959+0000] {dag.py:4180} INFO - Setting next_dagrun for dataset_produces_1 to 2025-03-16 00:00:00+00:00, run_after=2025-03-17 00:00:00+00:00
[2025-03-17T14:31:56.960+0000] {logging_mixin.py:190} INFO - [2025-03-17T14:31:56.960+0000] {dag.py:4180} INFO - Setting next_dagrun for dataset_produces_2 to None, run_after=None
[2025-03-17T14:31:56.973+0000] {processor.py:208} INFO - Processing /home/airflow/.local/lib/python3.12/site-packages/airflow/example_dags/example_datasets.py took 0.338 seconds
[2025-03-17T14:32:27.038+0000] {processor.py:186} INFO - Started process (PID=3309) to work on /home/airflow/.local/lib/python3.12/site-packages/airflow/example_dags/example_datasets.py
[2025-03-17T14:32:27.038+0000] {processor.py:914} INFO - Processing file /home/airflow/.local/lib/python3.12/site-packages/airflow/example_dags/example_datasets.py for tasks to queue
[2025-03-17T14:32:27.040+0000] {logging_mixin.py:190} INFO - [2025-03-17T14:32:27.040+0000] {dagbag.py:588} INFO - Filling up the DagBag from /home/airflow/.local/lib/python3.12/site-packages/airflow/example_dags/example_datasets.py
[2025-03-17T14:32:27.332+0000] {processor.py:925} INFO - DAG(s) 'dataset_consumes_1', 'conditional_dataset_and_time_based_timetable', 'dataset_produces_1', 'consume_1_or_2_with_dataset_expressions', 'dataset_consumes_unknown_never_scheduled', 'dataset_consumes_1_and_2', 'dataset_produces_2', 'consume_1_or_both_2_and_3_with_dataset_expressions', 'consume_1_and_2_with_dataset_expressions', 'dataset_consumes_1_never_scheduled' retrieved from /home/airflow/.local/lib/python3.12/site-packages/airflow/example_dags/example_datasets.py
[2025-03-17T14:32:27.350+0000] {logging_mixin.py:190} INFO - [2025-03-17T14:32:27.350+0000] {dag.py:3239} INFO - Sync 10 DAGs
[2025-03-17T14:32:27.362+0000] {logging_mixin.py:190} INFO - [2025-03-17T14:32:27.362+0000] {dag.py:4180} INFO - Setting next_dagrun for conditional_dataset_and_time_based_timetable to 2025-03-12 01:00:00+00:00, run_after=2025-03-12 01:00:00+00:00
[2025-03-17T14:32:27.363+0000] {logging_mixin.py:190} INFO - [2025-03-17T14:32:27.363+0000] {dag.py:4180} INFO - Setting next_dagrun for consume_1_and_2_with_dataset_expressions to None, run_after=None
[2025-03-17T14:32:27.364+0000] {logging_mixin.py:190} INFO - [2025-03-17T14:32:27.364+0000] {dag.py:4180} INFO - Setting next_dagrun for consume_1_or_2_with_dataset_expressions to None, run_after=None
[2025-03-17T14:32:27.365+0000] {logging_mixin.py:190} INFO - [2025-03-17T14:32:27.364+0000] {dag.py:4180} INFO - Setting next_dagrun for consume_1_or_both_2_and_3_with_dataset_expressions to None, run_after=None
[2025-03-17T14:32:27.365+0000] {logging_mixin.py:190} INFO - [2025-03-17T14:32:27.365+0000] {dag.py:4180} INFO - Setting next_dagrun for dataset_consumes_1 to None, run_after=None
[2025-03-17T14:32:27.365+0000] {logging_mixin.py:190} INFO - [2025-03-17T14:32:27.365+0000] {dag.py:4180} INFO - Setting next_dagrun for dataset_consumes_1_and_2 to None, run_after=None
[2025-03-17T14:32:27.366+0000] {logging_mixin.py:190} INFO - [2025-03-17T14:32:27.366+0000] {dag.py:4180} INFO - Setting next_dagrun for dataset_consumes_1_never_scheduled to None, run_after=None
[2025-03-17T14:32:27.366+0000] {logging_mixin.py:190} INFO - [2025-03-17T14:32:27.366+0000] {dag.py:4180} INFO - Setting next_dagrun for dataset_consumes_unknown_never_scheduled to None, run_after=None
[2025-03-17T14:32:27.367+0000] {logging_mixin.py:190} INFO - [2025-03-17T14:32:27.367+0000] {dag.py:4180} INFO - Setting next_dagrun for dataset_produces_1 to 2025-03-16 00:00:00+00:00, run_after=2025-03-17 00:00:00+00:00
[2025-03-17T14:32:27.368+0000] {logging_mixin.py:190} INFO - [2025-03-17T14:32:27.368+0000] {dag.py:4180} INFO - Setting next_dagrun for dataset_produces_2 to None, run_after=None
[2025-03-17T14:32:27.380+0000] {processor.py:208} INFO - Processing /home/airflow/.local/lib/python3.12/site-packages/airflow/example_dags/example_datasets.py took 0.345 seconds
[2025-03-17T14:32:57.872+0000] {processor.py:186} INFO - Started process (PID=3605) to work on /home/airflow/.local/lib/python3.12/site-packages/airflow/example_dags/example_datasets.py
[2025-03-17T14:32:57.873+0000] {processor.py:914} INFO - Processing file /home/airflow/.local/lib/python3.12/site-packages/airflow/example_dags/example_datasets.py for tasks to queue
[2025-03-17T14:32:57.874+0000] {logging_mixin.py:190} INFO - [2025-03-17T14:32:57.874+0000] {dagbag.py:588} INFO - Filling up the DagBag from /home/airflow/.local/lib/python3.12/site-packages/airflow/example_dags/example_datasets.py
[2025-03-17T14:32:58.172+0000] {processor.py:925} INFO - DAG(s) 'dataset_consumes_1_never_scheduled', 'conditional_dataset_and_time_based_timetable', 'dataset_consumes_unknown_never_scheduled', 'dataset_produces_2', 'consume_1_or_2_with_dataset_expressions', 'dataset_produces_1', 'consume_1_and_2_with_dataset_expressions', 'dataset_consumes_1_and_2', 'consume_1_or_both_2_and_3_with_dataset_expressions', 'dataset_consumes_1' retrieved from /home/airflow/.local/lib/python3.12/site-packages/airflow/example_dags/example_datasets.py
[2025-03-17T14:32:58.190+0000] {logging_mixin.py:190} INFO - [2025-03-17T14:32:58.190+0000] {dag.py:3239} INFO - Sync 10 DAGs
[2025-03-17T14:32:58.202+0000] {logging_mixin.py:190} INFO - [2025-03-17T14:32:58.202+0000] {dag.py:4180} INFO - Setting next_dagrun for conditional_dataset_and_time_based_timetable to 2025-03-12 01:00:00+00:00, run_after=2025-03-12 01:00:00+00:00
[2025-03-17T14:32:58.203+0000] {logging_mixin.py:190} INFO - [2025-03-17T14:32:58.203+0000] {dag.py:4180} INFO - Setting next_dagrun for consume_1_and_2_with_dataset_expressions to None, run_after=None
[2025-03-17T14:32:58.204+0000] {logging_mixin.py:190} INFO - [2025-03-17T14:32:58.204+0000] {dag.py:4180} INFO - Setting next_dagrun for consume_1_or_2_with_dataset_expressions to None, run_after=None
[2025-03-17T14:32:58.204+0000] {logging_mixin.py:190} INFO - [2025-03-17T14:32:58.204+0000] {dag.py:4180} INFO - Setting next_dagrun for consume_1_or_both_2_and_3_with_dataset_expressions to None, run_after=None
[2025-03-17T14:32:58.205+0000] {logging_mixin.py:190} INFO - [2025-03-17T14:32:58.205+0000] {dag.py:4180} INFO - Setting next_dagrun for dataset_consumes_1 to None, run_after=None
[2025-03-17T14:32:58.205+0000] {logging_mixin.py:190} INFO - [2025-03-17T14:32:58.205+0000] {dag.py:4180} INFO - Setting next_dagrun for dataset_consumes_1_and_2 to None, run_after=None
[2025-03-17T14:32:58.206+0000] {logging_mixin.py:190} INFO - [2025-03-17T14:32:58.206+0000] {dag.py:4180} INFO - Setting next_dagrun for dataset_consumes_1_never_scheduled to None, run_after=None
[2025-03-17T14:32:58.206+0000] {logging_mixin.py:190} INFO - [2025-03-17T14:32:58.206+0000] {dag.py:4180} INFO - Setting next_dagrun for dataset_consumes_unknown_never_scheduled to None, run_after=None
[2025-03-17T14:32:58.207+0000] {logging_mixin.py:190} INFO - [2025-03-17T14:32:58.207+0000] {dag.py:4180} INFO - Setting next_dagrun for dataset_produces_1 to 2025-03-16 00:00:00+00:00, run_after=2025-03-17 00:00:00+00:00
[2025-03-17T14:32:58.208+0000] {logging_mixin.py:190} INFO - [2025-03-17T14:32:58.207+0000] {dag.py:4180} INFO - Setting next_dagrun for dataset_produces_2 to None, run_after=None
[2025-03-17T14:32:58.221+0000] {processor.py:208} INFO - Processing /home/airflow/.local/lib/python3.12/site-packages/airflow/example_dags/example_datasets.py took 0.352 seconds
