[2025-03-17T13:55:41.128+0000] {processor.py:186} INFO - Started process (PID=332) to work on /home/airflow/.local/lib/python3.12/site-packages/airflow/example_dags/example_dataset_alias_with_no_taskflow.py
[2025-03-17T13:55:41.129+0000] {processor.py:914} INFO - Processing file /home/airflow/.local/lib/python3.12/site-packages/airflow/example_dags/example_dataset_alias_with_no_taskflow.py for tasks to queue
[2025-03-17T13:55:41.130+0000] {logging_mixin.py:190} INFO - [2025-03-17T13:55:41.129+0000] {dagbag.py:588} INFO - Filling up the DagBag from /home/airflow/.local/lib/python3.12/site-packages/airflow/example_dags/example_dataset_alias_with_no_taskflow.py
[2025-03-17T13:55:41.333+0000] {processor.py:925} INFO - DAG(s) 'dataset_alias_example_alias_consumer_with_no_taskflow', 'dataset_s3_bucket_producer_with_no_taskflow', 'dataset_s3_bucket_consumer_with_no_taskflow', 'dataset_alias_example_alias_producer_with_no_taskflow' retrieved from /home/airflow/.local/lib/python3.12/site-packages/airflow/example_dags/example_dataset_alias_with_no_taskflow.py
[2025-03-17T13:55:41.502+0000] {logging_mixin.py:190} INFO - [2025-03-17T13:55:41.502+0000] {override.py:1912} INFO - Created Permission View: can delete on DAG:dataset_alias_example_alias_consumer_with_no_taskflow
[2025-03-17T13:55:41.506+0000] {logging_mixin.py:190} INFO - [2025-03-17T13:55:41.506+0000] {override.py:1912} INFO - Created Permission View: can edit on DAG:dataset_alias_example_alias_consumer_with_no_taskflow
[2025-03-17T13:55:41.509+0000] {logging_mixin.py:190} INFO - [2025-03-17T13:55:41.508+0000] {override.py:1912} INFO - Created Permission View: can read on DAG:dataset_alias_example_alias_consumer_with_no_taskflow
[2025-03-17T13:55:41.512+0000] {logging_mixin.py:190} INFO - [2025-03-17T13:55:41.512+0000] {override.py:1912} INFO - Created Permission View: menu access on DAG Run:dataset_alias_example_alias_consumer_with_no_taskflow
[2025-03-17T13:55:41.514+0000] {logging_mixin.py:190} INFO - [2025-03-17T13:55:41.514+0000] {override.py:1912} INFO - Created Permission View: can delete on DAG Run:dataset_alias_example_alias_consumer_with_no_taskflow
[2025-03-17T13:55:41.517+0000] {logging_mixin.py:190} INFO - [2025-03-17T13:55:41.517+0000] {override.py:1912} INFO - Created Permission View: can create on DAG Run:dataset_alias_example_alias_consumer_with_no_taskflow
[2025-03-17T13:55:41.519+0000] {logging_mixin.py:190} INFO - [2025-03-17T13:55:41.519+0000] {override.py:1912} INFO - Created Permission View: can read on DAG Run:dataset_alias_example_alias_consumer_with_no_taskflow
[2025-03-17T13:55:41.525+0000] {logging_mixin.py:190} INFO - [2025-03-17T13:55:41.524+0000] {override.py:1912} INFO - Created Permission View: can delete on DAG:dataset_s3_bucket_producer_with_no_taskflow
[2025-03-17T13:55:41.527+0000] {logging_mixin.py:190} INFO - [2025-03-17T13:55:41.527+0000] {override.py:1912} INFO - Created Permission View: can edit on DAG:dataset_s3_bucket_producer_with_no_taskflow
[2025-03-17T13:55:41.529+0000] {logging_mixin.py:190} INFO - [2025-03-17T13:55:41.529+0000] {override.py:1912} INFO - Created Permission View: can read on DAG:dataset_s3_bucket_producer_with_no_taskflow
[2025-03-17T13:55:41.532+0000] {logging_mixin.py:190} INFO - [2025-03-17T13:55:41.532+0000] {override.py:1912} INFO - Created Permission View: menu access on DAG Run:dataset_s3_bucket_producer_with_no_taskflow
[2025-03-17T13:55:41.535+0000] {logging_mixin.py:190} INFO - [2025-03-17T13:55:41.535+0000] {override.py:1912} INFO - Created Permission View: can delete on DAG Run:dataset_s3_bucket_producer_with_no_taskflow
[2025-03-17T13:55:41.537+0000] {logging_mixin.py:190} INFO - [2025-03-17T13:55:41.537+0000] {override.py:1912} INFO - Created Permission View: can create on DAG Run:dataset_s3_bucket_producer_with_no_taskflow
[2025-03-17T13:55:41.539+0000] {logging_mixin.py:190} INFO - [2025-03-17T13:55:41.539+0000] {override.py:1912} INFO - Created Permission View: can read on DAG Run:dataset_s3_bucket_producer_with_no_taskflow
[2025-03-17T13:55:41.544+0000] {logging_mixin.py:190} INFO - [2025-03-17T13:55:41.544+0000] {override.py:1912} INFO - Created Permission View: can delete on DAG:dataset_s3_bucket_consumer_with_no_taskflow
[2025-03-17T13:55:41.546+0000] {logging_mixin.py:190} INFO - [2025-03-17T13:55:41.546+0000] {override.py:1912} INFO - Created Permission View: can edit on DAG:dataset_s3_bucket_consumer_with_no_taskflow
[2025-03-17T13:55:41.548+0000] {logging_mixin.py:190} INFO - [2025-03-17T13:55:41.548+0000] {override.py:1912} INFO - Created Permission View: can read on DAG:dataset_s3_bucket_consumer_with_no_taskflow
[2025-03-17T13:55:41.551+0000] {logging_mixin.py:190} INFO - [2025-03-17T13:55:41.550+0000] {override.py:1912} INFO - Created Permission View: menu access on DAG Run:dataset_s3_bucket_consumer_with_no_taskflow
[2025-03-17T13:55:41.553+0000] {logging_mixin.py:190} INFO - [2025-03-17T13:55:41.553+0000] {override.py:1912} INFO - Created Permission View: can delete on DAG Run:dataset_s3_bucket_consumer_with_no_taskflow
[2025-03-17T13:55:41.555+0000] {logging_mixin.py:190} INFO - [2025-03-17T13:55:41.555+0000] {override.py:1912} INFO - Created Permission View: can create on DAG Run:dataset_s3_bucket_consumer_with_no_taskflow
[2025-03-17T13:55:41.558+0000] {logging_mixin.py:190} INFO - [2025-03-17T13:55:41.558+0000] {override.py:1912} INFO - Created Permission View: can read on DAG Run:dataset_s3_bucket_consumer_with_no_taskflow
[2025-03-17T13:55:41.564+0000] {logging_mixin.py:190} INFO - [2025-03-17T13:55:41.563+0000] {override.py:1912} INFO - Created Permission View: can delete on DAG:dataset_alias_example_alias_producer_with_no_taskflow
[2025-03-17T13:55:41.566+0000] {logging_mixin.py:190} INFO - [2025-03-17T13:55:41.566+0000] {override.py:1912} INFO - Created Permission View: can edit on DAG:dataset_alias_example_alias_producer_with_no_taskflow
[2025-03-17T13:55:41.568+0000] {logging_mixin.py:190} INFO - [2025-03-17T13:55:41.568+0000] {override.py:1912} INFO - Created Permission View: can read on DAG:dataset_alias_example_alias_producer_with_no_taskflow
[2025-03-17T13:55:41.570+0000] {logging_mixin.py:190} INFO - [2025-03-17T13:55:41.570+0000] {override.py:1912} INFO - Created Permission View: menu access on DAG Run:dataset_alias_example_alias_producer_with_no_taskflow
[2025-03-17T13:55:41.573+0000] {logging_mixin.py:190} INFO - [2025-03-17T13:55:41.573+0000] {override.py:1912} INFO - Created Permission View: can delete on DAG Run:dataset_alias_example_alias_producer_with_no_taskflow
[2025-03-17T13:55:41.576+0000] {logging_mixin.py:190} INFO - [2025-03-17T13:55:41.576+0000] {override.py:1912} INFO - Created Permission View: can create on DAG Run:dataset_alias_example_alias_producer_with_no_taskflow
[2025-03-17T13:55:41.579+0000] {logging_mixin.py:190} INFO - [2025-03-17T13:55:41.578+0000] {override.py:1912} INFO - Created Permission View: can read on DAG Run:dataset_alias_example_alias_producer_with_no_taskflow
[2025-03-17T13:55:41.579+0000] {logging_mixin.py:190} INFO - [2025-03-17T13:55:41.579+0000] {dag.py:3239} INFO - Sync 4 DAGs
[2025-03-17T13:55:41.586+0000] {logging_mixin.py:190} INFO - [2025-03-17T13:55:41.586+0000] {dag.py:3262} INFO - Creating ORM DAG for dataset_s3_bucket_producer_with_no_taskflow
[2025-03-17T13:55:41.587+0000] {logging_mixin.py:190} INFO - [2025-03-17T13:55:41.587+0000] {dag.py:3262} INFO - Creating ORM DAG for dataset_alias_example_alias_producer_with_no_taskflow
[2025-03-17T13:55:41.587+0000] {logging_mixin.py:190} INFO - [2025-03-17T13:55:41.587+0000] {dag.py:3262} INFO - Creating ORM DAG for dataset_s3_bucket_consumer_with_no_taskflow
[2025-03-17T13:55:41.587+0000] {logging_mixin.py:190} INFO - [2025-03-17T13:55:41.587+0000] {dag.py:3262} INFO - Creating ORM DAG for dataset_alias_example_alias_consumer_with_no_taskflow
[2025-03-17T13:55:41.592+0000] {logging_mixin.py:190} INFO - [2025-03-17T13:55:41.592+0000] {dag.py:4180} INFO - Setting next_dagrun for dataset_alias_example_alias_consumer_with_no_taskflow to None, run_after=None
[2025-03-17T13:55:41.592+0000] {logging_mixin.py:190} INFO - [2025-03-17T13:55:41.592+0000] {dag.py:4180} INFO - Setting next_dagrun for dataset_alias_example_alias_producer_with_no_taskflow to None, run_after=None
[2025-03-17T13:55:41.593+0000] {logging_mixin.py:190} INFO - [2025-03-17T13:55:41.592+0000] {dag.py:4180} INFO - Setting next_dagrun for dataset_s3_bucket_consumer_with_no_taskflow to None, run_after=None
[2025-03-17T13:55:41.593+0000] {logging_mixin.py:190} INFO - [2025-03-17T13:55:41.593+0000] {dag.py:4180} INFO - Setting next_dagrun for dataset_s3_bucket_producer_with_no_taskflow to None, run_after=None
[2025-03-17T13:55:41.609+0000] {processor.py:208} INFO - Processing /home/airflow/.local/lib/python3.12/site-packages/airflow/example_dags/example_dataset_alias_with_no_taskflow.py took 0.483 seconds
[2025-03-17T13:56:11.670+0000] {processor.py:186} INFO - Started process (PID=623) to work on /home/airflow/.local/lib/python3.12/site-packages/airflow/example_dags/example_dataset_alias_with_no_taskflow.py
[2025-03-17T13:56:11.670+0000] {processor.py:914} INFO - Processing file /home/airflow/.local/lib/python3.12/site-packages/airflow/example_dags/example_dataset_alias_with_no_taskflow.py for tasks to queue
[2025-03-17T13:56:11.671+0000] {logging_mixin.py:190} INFO - [2025-03-17T13:56:11.671+0000] {dagbag.py:588} INFO - Filling up the DagBag from /home/airflow/.local/lib/python3.12/site-packages/airflow/example_dags/example_dataset_alias_with_no_taskflow.py
[2025-03-17T13:56:11.976+0000] {processor.py:925} INFO - DAG(s) 'dataset_alias_example_alias_consumer_with_no_taskflow', 'dataset_s3_bucket_producer_with_no_taskflow', 'dataset_s3_bucket_consumer_with_no_taskflow', 'dataset_alias_example_alias_producer_with_no_taskflow' retrieved from /home/airflow/.local/lib/python3.12/site-packages/airflow/example_dags/example_dataset_alias_with_no_taskflow.py
[2025-03-17T13:56:11.986+0000] {logging_mixin.py:190} INFO - [2025-03-17T13:56:11.986+0000] {dag.py:3239} INFO - Sync 4 DAGs
[2025-03-17T13:56:11.996+0000] {logging_mixin.py:190} INFO - [2025-03-17T13:56:11.996+0000] {dag.py:4180} INFO - Setting next_dagrun for dataset_alias_example_alias_consumer_with_no_taskflow to None, run_after=None
[2025-03-17T13:56:11.997+0000] {logging_mixin.py:190} INFO - [2025-03-17T13:56:11.997+0000] {dag.py:4180} INFO - Setting next_dagrun for dataset_alias_example_alias_producer_with_no_taskflow to None, run_after=None
[2025-03-17T13:56:11.997+0000] {logging_mixin.py:190} INFO - [2025-03-17T13:56:11.997+0000] {dag.py:4180} INFO - Setting next_dagrun for dataset_s3_bucket_consumer_with_no_taskflow to None, run_after=None
[2025-03-17T13:56:11.998+0000] {logging_mixin.py:190} INFO - [2025-03-17T13:56:11.998+0000] {dag.py:4180} INFO - Setting next_dagrun for dataset_s3_bucket_producer_with_no_taskflow to None, run_after=None
[2025-03-17T13:56:12.007+0000] {processor.py:208} INFO - Processing /home/airflow/.local/lib/python3.12/site-packages/airflow/example_dags/example_dataset_alias_with_no_taskflow.py took 0.340 seconds
[2025-03-17T14:27:18.650+0000] {processor.py:186} INFO - Started process (PID=337) to work on /home/airflow/.local/lib/python3.12/site-packages/airflow/example_dags/example_dataset_alias_with_no_taskflow.py
[2025-03-17T14:27:18.651+0000] {processor.py:914} INFO - Processing file /home/airflow/.local/lib/python3.12/site-packages/airflow/example_dags/example_dataset_alias_with_no_taskflow.py for tasks to queue
[2025-03-17T14:27:18.652+0000] {logging_mixin.py:190} INFO - [2025-03-17T14:27:18.652+0000] {dagbag.py:588} INFO - Filling up the DagBag from /home/airflow/.local/lib/python3.12/site-packages/airflow/example_dags/example_dataset_alias_with_no_taskflow.py
[2025-03-17T14:27:18.848+0000] {processor.py:925} INFO - DAG(s) 'dataset_alias_example_alias_consumer_with_no_taskflow', 'dataset_s3_bucket_producer_with_no_taskflow', 'dataset_s3_bucket_consumer_with_no_taskflow', 'dataset_alias_example_alias_producer_with_no_taskflow' retrieved from /home/airflow/.local/lib/python3.12/site-packages/airflow/example_dags/example_dataset_alias_with_no_taskflow.py
[2025-03-17T14:27:19.046+0000] {logging_mixin.py:190} INFO - [2025-03-17T14:27:19.046+0000] {dag.py:3239} INFO - Sync 4 DAGs
[2025-03-17T14:27:19.057+0000] {logging_mixin.py:190} INFO - [2025-03-17T14:27:19.057+0000] {dag.py:4180} INFO - Setting next_dagrun for dataset_alias_example_alias_consumer_with_no_taskflow to None, run_after=None
[2025-03-17T14:27:19.058+0000] {logging_mixin.py:190} INFO - [2025-03-17T14:27:19.058+0000] {dag.py:4180} INFO - Setting next_dagrun for dataset_alias_example_alias_producer_with_no_taskflow to None, run_after=None
[2025-03-17T14:27:19.059+0000] {logging_mixin.py:190} INFO - [2025-03-17T14:27:19.059+0000] {dag.py:4180} INFO - Setting next_dagrun for dataset_s3_bucket_consumer_with_no_taskflow to None, run_after=None
[2025-03-17T14:27:19.060+0000] {logging_mixin.py:190} INFO - [2025-03-17T14:27:19.059+0000] {dag.py:4180} INFO - Setting next_dagrun for dataset_s3_bucket_producer_with_no_taskflow to None, run_after=None
[2025-03-17T14:27:19.071+0000] {processor.py:208} INFO - Processing /home/airflow/.local/lib/python3.12/site-packages/airflow/example_dags/example_dataset_alias_with_no_taskflow.py took 0.424 seconds
[2025-03-17T14:27:49.136+0000] {processor.py:186} INFO - Started process (PID=635) to work on /home/airflow/.local/lib/python3.12/site-packages/airflow/example_dags/example_dataset_alias_with_no_taskflow.py
[2025-03-17T14:27:49.136+0000] {processor.py:914} INFO - Processing file /home/airflow/.local/lib/python3.12/site-packages/airflow/example_dags/example_dataset_alias_with_no_taskflow.py for tasks to queue
[2025-03-17T14:27:49.137+0000] {logging_mixin.py:190} INFO - [2025-03-17T14:27:49.137+0000] {dagbag.py:588} INFO - Filling up the DagBag from /home/airflow/.local/lib/python3.12/site-packages/airflow/example_dags/example_dataset_alias_with_no_taskflow.py
[2025-03-17T14:27:49.427+0000] {processor.py:925} INFO - DAG(s) 'dataset_alias_example_alias_producer_with_no_taskflow', 'dataset_s3_bucket_consumer_with_no_taskflow', 'dataset_s3_bucket_producer_with_no_taskflow', 'dataset_alias_example_alias_consumer_with_no_taskflow' retrieved from /home/airflow/.local/lib/python3.12/site-packages/airflow/example_dags/example_dataset_alias_with_no_taskflow.py
[2025-03-17T14:27:49.436+0000] {logging_mixin.py:190} INFO - [2025-03-17T14:27:49.436+0000] {dag.py:3239} INFO - Sync 4 DAGs
[2025-03-17T14:27:49.446+0000] {logging_mixin.py:190} INFO - [2025-03-17T14:27:49.446+0000] {dag.py:4180} INFO - Setting next_dagrun for dataset_alias_example_alias_consumer_with_no_taskflow to None, run_after=None
[2025-03-17T14:27:49.447+0000] {logging_mixin.py:190} INFO - [2025-03-17T14:27:49.447+0000] {dag.py:4180} INFO - Setting next_dagrun for dataset_alias_example_alias_producer_with_no_taskflow to None, run_after=None
[2025-03-17T14:27:49.448+0000] {logging_mixin.py:190} INFO - [2025-03-17T14:27:49.448+0000] {dag.py:4180} INFO - Setting next_dagrun for dataset_s3_bucket_consumer_with_no_taskflow to None, run_after=None
[2025-03-17T14:27:49.448+0000] {logging_mixin.py:190} INFO - [2025-03-17T14:27:49.448+0000] {dag.py:4180} INFO - Setting next_dagrun for dataset_s3_bucket_producer_with_no_taskflow to None, run_after=None
[2025-03-17T14:27:49.456+0000] {processor.py:208} INFO - Processing /home/airflow/.local/lib/python3.12/site-packages/airflow/example_dags/example_dataset_alias_with_no_taskflow.py took 0.324 seconds
[2025-03-17T14:28:20.006+0000] {processor.py:186} INFO - Started process (PID=929) to work on /home/airflow/.local/lib/python3.12/site-packages/airflow/example_dags/example_dataset_alias_with_no_taskflow.py
[2025-03-17T14:28:20.006+0000] {processor.py:914} INFO - Processing file /home/airflow/.local/lib/python3.12/site-packages/airflow/example_dags/example_dataset_alias_with_no_taskflow.py for tasks to queue
[2025-03-17T14:28:20.007+0000] {logging_mixin.py:190} INFO - [2025-03-17T14:28:20.007+0000] {dagbag.py:588} INFO - Filling up the DagBag from /home/airflow/.local/lib/python3.12/site-packages/airflow/example_dags/example_dataset_alias_with_no_taskflow.py
[2025-03-17T14:28:20.191+0000] {processor.py:925} INFO - DAG(s) 'dataset_alias_example_alias_consumer_with_no_taskflow', 'dataset_alias_example_alias_producer_with_no_taskflow', 'dataset_s3_bucket_consumer_with_no_taskflow', 'dataset_s3_bucket_producer_with_no_taskflow' retrieved from /home/airflow/.local/lib/python3.12/site-packages/airflow/example_dags/example_dataset_alias_with_no_taskflow.py
[2025-03-17T14:28:20.316+0000] {logging_mixin.py:190} INFO - [2025-03-17T14:28:20.316+0000] {dag.py:3239} INFO - Sync 4 DAGs
[2025-03-17T14:28:20.326+0000] {logging_mixin.py:190} INFO - [2025-03-17T14:28:20.325+0000] {dag.py:4180} INFO - Setting next_dagrun for dataset_alias_example_alias_consumer_with_no_taskflow to None, run_after=None
[2025-03-17T14:28:20.327+0000] {logging_mixin.py:190} INFO - [2025-03-17T14:28:20.326+0000] {dag.py:4180} INFO - Setting next_dagrun for dataset_alias_example_alias_producer_with_no_taskflow to None, run_after=None
[2025-03-17T14:28:20.327+0000] {logging_mixin.py:190} INFO - [2025-03-17T14:28:20.327+0000] {dag.py:4180} INFO - Setting next_dagrun for dataset_s3_bucket_consumer_with_no_taskflow to None, run_after=None
[2025-03-17T14:28:20.328+0000] {logging_mixin.py:190} INFO - [2025-03-17T14:28:20.327+0000] {dag.py:4180} INFO - Setting next_dagrun for dataset_s3_bucket_producer_with_no_taskflow to None, run_after=None
[2025-03-17T14:28:20.337+0000] {processor.py:208} INFO - Processing /home/airflow/.local/lib/python3.12/site-packages/airflow/example_dags/example_dataset_alias_with_no_taskflow.py took 0.334 seconds
[2025-03-17T14:28:50.536+0000] {processor.py:186} INFO - Started process (PID=1225) to work on /home/airflow/.local/lib/python3.12/site-packages/airflow/example_dags/example_dataset_alias_with_no_taskflow.py
[2025-03-17T14:28:50.536+0000] {processor.py:914} INFO - Processing file /home/airflow/.local/lib/python3.12/site-packages/airflow/example_dags/example_dataset_alias_with_no_taskflow.py for tasks to queue
[2025-03-17T14:28:50.537+0000] {logging_mixin.py:190} INFO - [2025-03-17T14:28:50.537+0000] {dagbag.py:588} INFO - Filling up the DagBag from /home/airflow/.local/lib/python3.12/site-packages/airflow/example_dags/example_dataset_alias_with_no_taskflow.py
[2025-03-17T14:28:50.724+0000] {processor.py:925} INFO - DAG(s) 'dataset_s3_bucket_producer_with_no_taskflow', 'dataset_s3_bucket_consumer_with_no_taskflow', 'dataset_alias_example_alias_consumer_with_no_taskflow', 'dataset_alias_example_alias_producer_with_no_taskflow' retrieved from /home/airflow/.local/lib/python3.12/site-packages/airflow/example_dags/example_dataset_alias_with_no_taskflow.py
[2025-03-17T14:28:50.734+0000] {logging_mixin.py:190} INFO - [2025-03-17T14:28:50.734+0000] {dag.py:3239} INFO - Sync 4 DAGs
[2025-03-17T14:28:50.861+0000] {logging_mixin.py:190} INFO - [2025-03-17T14:28:50.861+0000] {dag.py:4180} INFO - Setting next_dagrun for dataset_alias_example_alias_consumer_with_no_taskflow to None, run_after=None
[2025-03-17T14:28:50.862+0000] {logging_mixin.py:190} INFO - [2025-03-17T14:28:50.862+0000] {dag.py:4180} INFO - Setting next_dagrun for dataset_alias_example_alias_producer_with_no_taskflow to None, run_after=None
[2025-03-17T14:28:50.863+0000] {logging_mixin.py:190} INFO - [2025-03-17T14:28:50.863+0000] {dag.py:4180} INFO - Setting next_dagrun for dataset_s3_bucket_consumer_with_no_taskflow to None, run_after=None
[2025-03-17T14:28:50.863+0000] {logging_mixin.py:190} INFO - [2025-03-17T14:28:50.863+0000] {dag.py:4180} INFO - Setting next_dagrun for dataset_s3_bucket_producer_with_no_taskflow to None, run_after=None
[2025-03-17T14:28:50.872+0000] {processor.py:208} INFO - Processing /home/airflow/.local/lib/python3.12/site-packages/airflow/example_dags/example_dataset_alias_with_no_taskflow.py took 0.339 seconds
[2025-03-17T14:29:21.185+0000] {processor.py:186} INFO - Started process (PID=1521) to work on /home/airflow/.local/lib/python3.12/site-packages/airflow/example_dags/example_dataset_alias_with_no_taskflow.py
[2025-03-17T14:29:21.186+0000] {processor.py:914} INFO - Processing file /home/airflow/.local/lib/python3.12/site-packages/airflow/example_dags/example_dataset_alias_with_no_taskflow.py for tasks to queue
[2025-03-17T14:29:21.187+0000] {logging_mixin.py:190} INFO - [2025-03-17T14:29:21.187+0000] {dagbag.py:588} INFO - Filling up the DagBag from /home/airflow/.local/lib/python3.12/site-packages/airflow/example_dags/example_dataset_alias_with_no_taskflow.py
[2025-03-17T14:29:21.496+0000] {processor.py:925} INFO - DAG(s) 'dataset_s3_bucket_consumer_with_no_taskflow', 'dataset_alias_example_alias_consumer_with_no_taskflow', 'dataset_alias_example_alias_producer_with_no_taskflow', 'dataset_s3_bucket_producer_with_no_taskflow' retrieved from /home/airflow/.local/lib/python3.12/site-packages/airflow/example_dags/example_dataset_alias_with_no_taskflow.py
[2025-03-17T14:29:21.507+0000] {logging_mixin.py:190} INFO - [2025-03-17T14:29:21.507+0000] {dag.py:3239} INFO - Sync 4 DAGs
[2025-03-17T14:29:21.518+0000] {logging_mixin.py:190} INFO - [2025-03-17T14:29:21.518+0000] {dag.py:4180} INFO - Setting next_dagrun for dataset_alias_example_alias_consumer_with_no_taskflow to None, run_after=None
[2025-03-17T14:29:21.520+0000] {logging_mixin.py:190} INFO - [2025-03-17T14:29:21.519+0000] {dag.py:4180} INFO - Setting next_dagrun for dataset_alias_example_alias_producer_with_no_taskflow to None, run_after=None
[2025-03-17T14:29:21.521+0000] {logging_mixin.py:190} INFO - [2025-03-17T14:29:21.521+0000] {dag.py:4180} INFO - Setting next_dagrun for dataset_s3_bucket_consumer_with_no_taskflow to None, run_after=None
[2025-03-17T14:29:21.521+0000] {logging_mixin.py:190} INFO - [2025-03-17T14:29:21.521+0000] {dag.py:4180} INFO - Setting next_dagrun for dataset_s3_bucket_producer_with_no_taskflow to None, run_after=None
[2025-03-17T14:29:21.531+0000] {processor.py:208} INFO - Processing /home/airflow/.local/lib/python3.12/site-packages/airflow/example_dags/example_dataset_alias_with_no_taskflow.py took 0.349 seconds
[2025-03-17T14:29:52.148+0000] {processor.py:186} INFO - Started process (PID=1819) to work on /home/airflow/.local/lib/python3.12/site-packages/airflow/example_dags/example_dataset_alias_with_no_taskflow.py
[2025-03-17T14:29:52.149+0000] {processor.py:914} INFO - Processing file /home/airflow/.local/lib/python3.12/site-packages/airflow/example_dags/example_dataset_alias_with_no_taskflow.py for tasks to queue
[2025-03-17T14:29:52.150+0000] {logging_mixin.py:190} INFO - [2025-03-17T14:29:52.150+0000] {dagbag.py:588} INFO - Filling up the DagBag from /home/airflow/.local/lib/python3.12/site-packages/airflow/example_dags/example_dataset_alias_with_no_taskflow.py
[2025-03-17T14:29:52.455+0000] {processor.py:925} INFO - DAG(s) 'dataset_s3_bucket_consumer_with_no_taskflow', 'dataset_s3_bucket_producer_with_no_taskflow', 'dataset_alias_example_alias_consumer_with_no_taskflow', 'dataset_alias_example_alias_producer_with_no_taskflow' retrieved from /home/airflow/.local/lib/python3.12/site-packages/airflow/example_dags/example_dataset_alias_with_no_taskflow.py
[2025-03-17T14:29:52.464+0000] {logging_mixin.py:190} INFO - [2025-03-17T14:29:52.464+0000] {dag.py:3239} INFO - Sync 4 DAGs
[2025-03-17T14:29:52.474+0000] {logging_mixin.py:190} INFO - [2025-03-17T14:29:52.474+0000] {dag.py:4180} INFO - Setting next_dagrun for dataset_alias_example_alias_consumer_with_no_taskflow to None, run_after=None
[2025-03-17T14:29:52.475+0000] {logging_mixin.py:190} INFO - [2025-03-17T14:29:52.475+0000] {dag.py:4180} INFO - Setting next_dagrun for dataset_alias_example_alias_producer_with_no_taskflow to None, run_after=None
[2025-03-17T14:29:52.476+0000] {logging_mixin.py:190} INFO - [2025-03-17T14:29:52.476+0000] {dag.py:4180} INFO - Setting next_dagrun for dataset_s3_bucket_consumer_with_no_taskflow to None, run_after=None
[2025-03-17T14:29:52.476+0000] {logging_mixin.py:190} INFO - [2025-03-17T14:29:52.476+0000] {dag.py:4180} INFO - Setting next_dagrun for dataset_s3_bucket_producer_with_no_taskflow to None, run_after=None
[2025-03-17T14:29:52.486+0000] {processor.py:208} INFO - Processing /home/airflow/.local/lib/python3.12/site-packages/airflow/example_dags/example_dataset_alias_with_no_taskflow.py took 0.340 seconds
[2025-03-17T14:30:23.227+0000] {processor.py:186} INFO - Started process (PID=2115) to work on /home/airflow/.local/lib/python3.12/site-packages/airflow/example_dags/example_dataset_alias_with_no_taskflow.py
[2025-03-17T14:30:23.228+0000] {processor.py:914} INFO - Processing file /home/airflow/.local/lib/python3.12/site-packages/airflow/example_dags/example_dataset_alias_with_no_taskflow.py for tasks to queue
[2025-03-17T14:30:23.229+0000] {logging_mixin.py:190} INFO - [2025-03-17T14:30:23.229+0000] {dagbag.py:588} INFO - Filling up the DagBag from /home/airflow/.local/lib/python3.12/site-packages/airflow/example_dags/example_dataset_alias_with_no_taskflow.py
[2025-03-17T14:30:23.426+0000] {processor.py:925} INFO - DAG(s) 'dataset_s3_bucket_consumer_with_no_taskflow', 'dataset_alias_example_alias_consumer_with_no_taskflow', 'dataset_alias_example_alias_producer_with_no_taskflow', 'dataset_s3_bucket_producer_with_no_taskflow' retrieved from /home/airflow/.local/lib/python3.12/site-packages/airflow/example_dags/example_dataset_alias_with_no_taskflow.py
[2025-03-17T14:30:23.553+0000] {logging_mixin.py:190} INFO - [2025-03-17T14:30:23.553+0000] {dag.py:3239} INFO - Sync 4 DAGs
[2025-03-17T14:30:23.564+0000] {logging_mixin.py:190} INFO - [2025-03-17T14:30:23.564+0000] {dag.py:4180} INFO - Setting next_dagrun for dataset_alias_example_alias_consumer_with_no_taskflow to None, run_after=None
[2025-03-17T14:30:23.565+0000] {logging_mixin.py:190} INFO - [2025-03-17T14:30:23.565+0000] {dag.py:4180} INFO - Setting next_dagrun for dataset_alias_example_alias_producer_with_no_taskflow to None, run_after=None
[2025-03-17T14:30:23.566+0000] {logging_mixin.py:190} INFO - [2025-03-17T14:30:23.566+0000] {dag.py:4180} INFO - Setting next_dagrun for dataset_s3_bucket_consumer_with_no_taskflow to None, run_after=None
[2025-03-17T14:30:23.566+0000] {logging_mixin.py:190} INFO - [2025-03-17T14:30:23.566+0000] {dag.py:4180} INFO - Setting next_dagrun for dataset_s3_bucket_producer_with_no_taskflow to None, run_after=None
[2025-03-17T14:30:23.576+0000] {processor.py:208} INFO - Processing /home/airflow/.local/lib/python3.12/site-packages/airflow/example_dags/example_dataset_alias_with_no_taskflow.py took 0.351 seconds
[2025-03-17T14:30:54.009+0000] {processor.py:186} INFO - Started process (PID=2411) to work on /home/airflow/.local/lib/python3.12/site-packages/airflow/example_dags/example_dataset_alias_with_no_taskflow.py
[2025-03-17T14:30:54.010+0000] {processor.py:914} INFO - Processing file /home/airflow/.local/lib/python3.12/site-packages/airflow/example_dags/example_dataset_alias_with_no_taskflow.py for tasks to queue
[2025-03-17T14:30:54.011+0000] {logging_mixin.py:190} INFO - [2025-03-17T14:30:54.011+0000] {dagbag.py:588} INFO - Filling up the DagBag from /home/airflow/.local/lib/python3.12/site-packages/airflow/example_dags/example_dataset_alias_with_no_taskflow.py
[2025-03-17T14:30:54.317+0000] {processor.py:925} INFO - DAG(s) 'dataset_s3_bucket_consumer_with_no_taskflow', 'dataset_s3_bucket_producer_with_no_taskflow', 'dataset_alias_example_alias_producer_with_no_taskflow', 'dataset_alias_example_alias_consumer_with_no_taskflow' retrieved from /home/airflow/.local/lib/python3.12/site-packages/airflow/example_dags/example_dataset_alias_with_no_taskflow.py
[2025-03-17T14:30:54.326+0000] {logging_mixin.py:190} INFO - [2025-03-17T14:30:54.326+0000] {dag.py:3239} INFO - Sync 4 DAGs
[2025-03-17T14:30:54.340+0000] {logging_mixin.py:190} INFO - [2025-03-17T14:30:54.339+0000] {dag.py:4180} INFO - Setting next_dagrun for dataset_alias_example_alias_consumer_with_no_taskflow to None, run_after=None
[2025-03-17T14:30:54.341+0000] {logging_mixin.py:190} INFO - [2025-03-17T14:30:54.341+0000] {dag.py:4180} INFO - Setting next_dagrun for dataset_alias_example_alias_producer_with_no_taskflow to None, run_after=None
[2025-03-17T14:30:54.341+0000] {logging_mixin.py:190} INFO - [2025-03-17T14:30:54.341+0000] {dag.py:4180} INFO - Setting next_dagrun for dataset_s3_bucket_consumer_with_no_taskflow to None, run_after=None
[2025-03-17T14:30:54.342+0000] {logging_mixin.py:190} INFO - [2025-03-17T14:30:54.342+0000] {dag.py:4180} INFO - Setting next_dagrun for dataset_s3_bucket_producer_with_no_taskflow to None, run_after=None
[2025-03-17T14:30:54.353+0000] {processor.py:208} INFO - Processing /home/airflow/.local/lib/python3.12/site-packages/airflow/example_dags/example_dataset_alias_with_no_taskflow.py took 0.346 seconds
[2025-03-17T14:31:25.146+0000] {processor.py:186} INFO - Started process (PID=2707) to work on /home/airflow/.local/lib/python3.12/site-packages/airflow/example_dags/example_dataset_alias_with_no_taskflow.py
[2025-03-17T14:31:25.147+0000] {processor.py:914} INFO - Processing file /home/airflow/.local/lib/python3.12/site-packages/airflow/example_dags/example_dataset_alias_with_no_taskflow.py for tasks to queue
[2025-03-17T14:31:25.148+0000] {logging_mixin.py:190} INFO - [2025-03-17T14:31:25.148+0000] {dagbag.py:588} INFO - Filling up the DagBag from /home/airflow/.local/lib/python3.12/site-packages/airflow/example_dags/example_dataset_alias_with_no_taskflow.py
[2025-03-17T14:31:25.444+0000] {processor.py:925} INFO - DAG(s) 'dataset_alias_example_alias_producer_with_no_taskflow', 'dataset_s3_bucket_consumer_with_no_taskflow', 'dataset_alias_example_alias_consumer_with_no_taskflow', 'dataset_s3_bucket_producer_with_no_taskflow' retrieved from /home/airflow/.local/lib/python3.12/site-packages/airflow/example_dags/example_dataset_alias_with_no_taskflow.py
[2025-03-17T14:31:25.454+0000] {logging_mixin.py:190} INFO - [2025-03-17T14:31:25.453+0000] {dag.py:3239} INFO - Sync 4 DAGs
[2025-03-17T14:31:25.464+0000] {logging_mixin.py:190} INFO - [2025-03-17T14:31:25.464+0000] {dag.py:4180} INFO - Setting next_dagrun for dataset_alias_example_alias_consumer_with_no_taskflow to None, run_after=None
[2025-03-17T14:31:25.465+0000] {logging_mixin.py:190} INFO - [2025-03-17T14:31:25.465+0000] {dag.py:4180} INFO - Setting next_dagrun for dataset_alias_example_alias_producer_with_no_taskflow to None, run_after=None
[2025-03-17T14:31:25.466+0000] {logging_mixin.py:190} INFO - [2025-03-17T14:31:25.466+0000] {dag.py:4180} INFO - Setting next_dagrun for dataset_s3_bucket_consumer_with_no_taskflow to None, run_after=None
[2025-03-17T14:31:25.467+0000] {logging_mixin.py:190} INFO - [2025-03-17T14:31:25.467+0000] {dag.py:4180} INFO - Setting next_dagrun for dataset_s3_bucket_producer_with_no_taskflow to None, run_after=None
[2025-03-17T14:31:25.476+0000] {processor.py:208} INFO - Processing /home/airflow/.local/lib/python3.12/site-packages/airflow/example_dags/example_dataset_alias_with_no_taskflow.py took 0.335 seconds
[2025-03-17T14:31:56.280+0000] {processor.py:186} INFO - Started process (PID=3003) to work on /home/airflow/.local/lib/python3.12/site-packages/airflow/example_dags/example_dataset_alias_with_no_taskflow.py
[2025-03-17T14:31:56.281+0000] {processor.py:914} INFO - Processing file /home/airflow/.local/lib/python3.12/site-packages/airflow/example_dags/example_dataset_alias_with_no_taskflow.py for tasks to queue
[2025-03-17T14:31:56.283+0000] {logging_mixin.py:190} INFO - [2025-03-17T14:31:56.282+0000] {dagbag.py:588} INFO - Filling up the DagBag from /home/airflow/.local/lib/python3.12/site-packages/airflow/example_dags/example_dataset_alias_with_no_taskflow.py
[2025-03-17T14:31:56.583+0000] {processor.py:925} INFO - DAG(s) 'dataset_s3_bucket_producer_with_no_taskflow', 'dataset_alias_example_alias_consumer_with_no_taskflow', 'dataset_s3_bucket_consumer_with_no_taskflow', 'dataset_alias_example_alias_producer_with_no_taskflow' retrieved from /home/airflow/.local/lib/python3.12/site-packages/airflow/example_dags/example_dataset_alias_with_no_taskflow.py
[2025-03-17T14:31:56.593+0000] {logging_mixin.py:190} INFO - [2025-03-17T14:31:56.593+0000] {dag.py:3239} INFO - Sync 4 DAGs
[2025-03-17T14:31:56.602+0000] {logging_mixin.py:190} INFO - [2025-03-17T14:31:56.602+0000] {dag.py:4180} INFO - Setting next_dagrun for dataset_alias_example_alias_consumer_with_no_taskflow to None, run_after=None
[2025-03-17T14:31:56.604+0000] {logging_mixin.py:190} INFO - [2025-03-17T14:31:56.603+0000] {dag.py:4180} INFO - Setting next_dagrun for dataset_alias_example_alias_producer_with_no_taskflow to None, run_after=None
[2025-03-17T14:31:56.604+0000] {logging_mixin.py:190} INFO - [2025-03-17T14:31:56.604+0000] {dag.py:4180} INFO - Setting next_dagrun for dataset_s3_bucket_consumer_with_no_taskflow to None, run_after=None
[2025-03-17T14:31:56.604+0000] {logging_mixin.py:190} INFO - [2025-03-17T14:31:56.604+0000] {dag.py:4180} INFO - Setting next_dagrun for dataset_s3_bucket_producer_with_no_taskflow to None, run_after=None
[2025-03-17T14:31:56.613+0000] {processor.py:208} INFO - Processing /home/airflow/.local/lib/python3.12/site-packages/airflow/example_dags/example_dataset_alias_with_no_taskflow.py took 0.336 seconds
[2025-03-17T14:32:26.677+0000] {processor.py:186} INFO - Started process (PID=3299) to work on /home/airflow/.local/lib/python3.12/site-packages/airflow/example_dags/example_dataset_alias_with_no_taskflow.py
[2025-03-17T14:32:26.677+0000] {processor.py:914} INFO - Processing file /home/airflow/.local/lib/python3.12/site-packages/airflow/example_dags/example_dataset_alias_with_no_taskflow.py for tasks to queue
[2025-03-17T14:32:26.678+0000] {logging_mixin.py:190} INFO - [2025-03-17T14:32:26.678+0000] {dagbag.py:588} INFO - Filling up the DagBag from /home/airflow/.local/lib/python3.12/site-packages/airflow/example_dags/example_dataset_alias_with_no_taskflow.py
[2025-03-17T14:32:26.980+0000] {processor.py:925} INFO - DAG(s) 'dataset_s3_bucket_producer_with_no_taskflow', 'dataset_s3_bucket_consumer_with_no_taskflow', 'dataset_alias_example_alias_producer_with_no_taskflow', 'dataset_alias_example_alias_consumer_with_no_taskflow' retrieved from /home/airflow/.local/lib/python3.12/site-packages/airflow/example_dags/example_dataset_alias_with_no_taskflow.py
[2025-03-17T14:32:26.989+0000] {logging_mixin.py:190} INFO - [2025-03-17T14:32:26.989+0000] {dag.py:3239} INFO - Sync 4 DAGs
[2025-03-17T14:32:27.000+0000] {logging_mixin.py:190} INFO - [2025-03-17T14:32:27.000+0000] {dag.py:4180} INFO - Setting next_dagrun for dataset_alias_example_alias_consumer_with_no_taskflow to None, run_after=None
[2025-03-17T14:32:27.001+0000] {logging_mixin.py:190} INFO - [2025-03-17T14:32:27.001+0000] {dag.py:4180} INFO - Setting next_dagrun for dataset_alias_example_alias_producer_with_no_taskflow to None, run_after=None
[2025-03-17T14:32:27.001+0000] {logging_mixin.py:190} INFO - [2025-03-17T14:32:27.001+0000] {dag.py:4180} INFO - Setting next_dagrun for dataset_s3_bucket_consumer_with_no_taskflow to None, run_after=None
[2025-03-17T14:32:27.002+0000] {logging_mixin.py:190} INFO - [2025-03-17T14:32:27.002+0000] {dag.py:4180} INFO - Setting next_dagrun for dataset_s3_bucket_producer_with_no_taskflow to None, run_after=None
[2025-03-17T14:32:27.012+0000] {processor.py:208} INFO - Processing /home/airflow/.local/lib/python3.12/site-packages/airflow/example_dags/example_dataset_alias_with_no_taskflow.py took 0.339 seconds
[2025-03-17T14:32:57.505+0000] {processor.py:186} INFO - Started process (PID=3595) to work on /home/airflow/.local/lib/python3.12/site-packages/airflow/example_dags/example_dataset_alias_with_no_taskflow.py
[2025-03-17T14:32:57.506+0000] {processor.py:914} INFO - Processing file /home/airflow/.local/lib/python3.12/site-packages/airflow/example_dags/example_dataset_alias_with_no_taskflow.py for tasks to queue
[2025-03-17T14:32:57.507+0000] {logging_mixin.py:190} INFO - [2025-03-17T14:32:57.507+0000] {dagbag.py:588} INFO - Filling up the DagBag from /home/airflow/.local/lib/python3.12/site-packages/airflow/example_dags/example_dataset_alias_with_no_taskflow.py
[2025-03-17T14:32:57.815+0000] {processor.py:925} INFO - DAG(s) 'dataset_s3_bucket_consumer_with_no_taskflow', 'dataset_alias_example_alias_consumer_with_no_taskflow', 'dataset_alias_example_alias_producer_with_no_taskflow', 'dataset_s3_bucket_producer_with_no_taskflow' retrieved from /home/airflow/.local/lib/python3.12/site-packages/airflow/example_dags/example_dataset_alias_with_no_taskflow.py
[2025-03-17T14:32:57.823+0000] {logging_mixin.py:190} INFO - [2025-03-17T14:32:57.823+0000] {dag.py:3239} INFO - Sync 4 DAGs
[2025-03-17T14:32:57.836+0000] {logging_mixin.py:190} INFO - [2025-03-17T14:32:57.836+0000] {dag.py:4180} INFO - Setting next_dagrun for dataset_alias_example_alias_consumer_with_no_taskflow to None, run_after=None
[2025-03-17T14:32:57.837+0000] {logging_mixin.py:190} INFO - [2025-03-17T14:32:57.837+0000] {dag.py:4180} INFO - Setting next_dagrun for dataset_alias_example_alias_producer_with_no_taskflow to None, run_after=None
[2025-03-17T14:32:57.837+0000] {logging_mixin.py:190} INFO - [2025-03-17T14:32:57.837+0000] {dag.py:4180} INFO - Setting next_dagrun for dataset_s3_bucket_consumer_with_no_taskflow to None, run_after=None
[2025-03-17T14:32:57.838+0000] {logging_mixin.py:190} INFO - [2025-03-17T14:32:57.838+0000] {dag.py:4180} INFO - Setting next_dagrun for dataset_s3_bucket_producer_with_no_taskflow to None, run_after=None
[2025-03-17T14:32:57.847+0000] {processor.py:208} INFO - Processing /home/airflow/.local/lib/python3.12/site-packages/airflow/example_dags/example_dataset_alias_with_no_taskflow.py took 0.345 seconds
