[2025-03-17T13:55:40.534+0000] {processor.py:186} INFO - Started process (PID=292) to work on /home/airflow/.local/lib/python3.12/site-packages/airflow/example_dags/example_latest_only_with_trigger.py
[2025-03-17T13:55:40.535+0000] {processor.py:914} INFO - Processing file /home/airflow/.local/lib/python3.12/site-packages/airflow/example_dags/example_latest_only_with_trigger.py for tasks to queue
[2025-03-17T13:55:40.535+0000] {logging_mixin.py:190} INFO - [2025-03-17T13:55:40.535+0000] {dagbag.py:588} INFO - Filling up the DagBag from /home/airflow/.local/lib/python3.12/site-packages/airflow/example_dags/example_latest_only_with_trigger.py
[2025-03-17T13:55:40.540+0000] {processor.py:925} INFO - DAG(s) 'latest_only_with_trigger' retrieved from /home/airflow/.local/lib/python3.12/site-packages/airflow/example_dags/example_latest_only_with_trigger.py
[2025-03-17T13:55:40.590+0000] {logging_mixin.py:190} INFO - [2025-03-17T13:55:40.590+0000] {override.py:1912} INFO - Created Permission View: can delete on DAG:latest_only_with_trigger
[2025-03-17T13:55:40.595+0000] {logging_mixin.py:190} INFO - [2025-03-17T13:55:40.595+0000] {override.py:1912} INFO - Created Permission View: can edit on DAG:latest_only_with_trigger
[2025-03-17T13:55:40.597+0000] {logging_mixin.py:190} INFO - [2025-03-17T13:55:40.597+0000] {override.py:1912} INFO - Created Permission View: can read on DAG:latest_only_with_trigger
[2025-03-17T13:55:40.600+0000] {logging_mixin.py:190} INFO - [2025-03-17T13:55:40.599+0000] {override.py:1912} INFO - Created Permission View: menu access on DAG Run:latest_only_with_trigger
[2025-03-17T13:55:40.602+0000] {logging_mixin.py:190} INFO - [2025-03-17T13:55:40.602+0000] {override.py:1912} INFO - Created Permission View: can delete on DAG Run:latest_only_with_trigger
[2025-03-17T13:55:40.604+0000] {logging_mixin.py:190} INFO - [2025-03-17T13:55:40.604+0000] {override.py:1912} INFO - Created Permission View: can create on DAG Run:latest_only_with_trigger
[2025-03-17T13:55:40.606+0000] {logging_mixin.py:190} INFO - [2025-03-17T13:55:40.606+0000] {override.py:1912} INFO - Created Permission View: can read on DAG Run:latest_only_with_trigger
[2025-03-17T13:55:40.606+0000] {logging_mixin.py:190} INFO - [2025-03-17T13:55:40.606+0000] {dag.py:3239} INFO - Sync 1 DAGs
[2025-03-17T13:55:40.612+0000] {logging_mixin.py:190} INFO - [2025-03-17T13:55:40.612+0000] {dag.py:3262} INFO - Creating ORM DAG for latest_only_with_trigger
[2025-03-17T13:55:40.617+0000] {logging_mixin.py:190} INFO - [2025-03-17T13:55:40.617+0000] {dag.py:4180} INFO - Setting next_dagrun for latest_only_with_trigger to 2025-03-17 08:00:00+00:00, run_after=2025-03-17 12:00:00+00:00
[2025-03-17T13:55:40.627+0000] {processor.py:208} INFO - Processing /home/airflow/.local/lib/python3.12/site-packages/airflow/example_dags/example_latest_only_with_trigger.py took 0.095 seconds
[2025-03-17T13:56:11.384+0000] {processor.py:186} INFO - Started process (PID=583) to work on /home/airflow/.local/lib/python3.12/site-packages/airflow/example_dags/example_latest_only_with_trigger.py
[2025-03-17T13:56:11.384+0000] {processor.py:914} INFO - Processing file /home/airflow/.local/lib/python3.12/site-packages/airflow/example_dags/example_latest_only_with_trigger.py for tasks to queue
[2025-03-17T13:56:11.385+0000] {logging_mixin.py:190} INFO - [2025-03-17T13:56:11.385+0000] {dagbag.py:588} INFO - Filling up the DagBag from /home/airflow/.local/lib/python3.12/site-packages/airflow/example_dags/example_latest_only_with_trigger.py
[2025-03-17T13:56:11.389+0000] {processor.py:925} INFO - DAG(s) 'latest_only_with_trigger' retrieved from /home/airflow/.local/lib/python3.12/site-packages/airflow/example_dags/example_latest_only_with_trigger.py
[2025-03-17T13:56:11.399+0000] {logging_mixin.py:190} INFO - [2025-03-17T13:56:11.399+0000] {dag.py:3239} INFO - Sync 1 DAGs
[2025-03-17T13:56:11.410+0000] {logging_mixin.py:190} INFO - [2025-03-17T13:56:11.410+0000] {dag.py:4180} INFO - Setting next_dagrun for latest_only_with_trigger to 2025-03-17 08:00:00+00:00, run_after=2025-03-17 12:00:00+00:00
[2025-03-17T13:56:11.417+0000] {processor.py:208} INFO - Processing /home/airflow/.local/lib/python3.12/site-packages/airflow/example_dags/example_latest_only_with_trigger.py took 0.037 seconds
[2025-03-17T14:27:18.027+0000] {processor.py:186} INFO - Started process (PID=297) to work on /home/airflow/.local/lib/python3.12/site-packages/airflow/example_dags/example_latest_only_with_trigger.py
[2025-03-17T14:27:18.027+0000] {processor.py:914} INFO - Processing file /home/airflow/.local/lib/python3.12/site-packages/airflow/example_dags/example_latest_only_with_trigger.py for tasks to queue
[2025-03-17T14:27:18.028+0000] {logging_mixin.py:190} INFO - [2025-03-17T14:27:18.028+0000] {dagbag.py:588} INFO - Filling up the DagBag from /home/airflow/.local/lib/python3.12/site-packages/airflow/example_dags/example_latest_only_with_trigger.py
[2025-03-17T14:27:18.032+0000] {processor.py:925} INFO - DAG(s) 'latest_only_with_trigger' retrieved from /home/airflow/.local/lib/python3.12/site-packages/airflow/example_dags/example_latest_only_with_trigger.py
[2025-03-17T14:27:18.089+0000] {logging_mixin.py:190} INFO - [2025-03-17T14:27:18.088+0000] {dag.py:3239} INFO - Sync 1 DAGs
[2025-03-17T14:27:18.099+0000] {logging_mixin.py:190} INFO - [2025-03-17T14:27:18.099+0000] {dag.py:4180} INFO - Setting next_dagrun for latest_only_with_trigger to 2025-03-17 08:00:00+00:00, run_after=2025-03-17 12:00:00+00:00
[2025-03-17T14:27:18.108+0000] {processor.py:208} INFO - Processing /home/airflow/.local/lib/python3.12/site-packages/airflow/example_dags/example_latest_only_with_trigger.py took 0.084 seconds
[2025-03-17T14:27:48.801+0000] {processor.py:186} INFO - Started process (PID=595) to work on /home/airflow/.local/lib/python3.12/site-packages/airflow/example_dags/example_latest_only_with_trigger.py
[2025-03-17T14:27:48.801+0000] {processor.py:914} INFO - Processing file /home/airflow/.local/lib/python3.12/site-packages/airflow/example_dags/example_latest_only_with_trigger.py for tasks to queue
[2025-03-17T14:27:48.802+0000] {logging_mixin.py:190} INFO - [2025-03-17T14:27:48.802+0000] {dagbag.py:588} INFO - Filling up the DagBag from /home/airflow/.local/lib/python3.12/site-packages/airflow/example_dags/example_latest_only_with_trigger.py
[2025-03-17T14:27:48.806+0000] {processor.py:925} INFO - DAG(s) 'latest_only_with_trigger' retrieved from /home/airflow/.local/lib/python3.12/site-packages/airflow/example_dags/example_latest_only_with_trigger.py
[2025-03-17T14:27:48.818+0000] {logging_mixin.py:190} INFO - [2025-03-17T14:27:48.818+0000] {dag.py:3239} INFO - Sync 1 DAGs
[2025-03-17T14:27:48.828+0000] {logging_mixin.py:190} INFO - [2025-03-17T14:27:48.828+0000] {dag.py:4180} INFO - Setting next_dagrun for latest_only_with_trigger to 2025-03-17 08:00:00+00:00, run_after=2025-03-17 12:00:00+00:00
[2025-03-17T14:27:48.836+0000] {processor.py:208} INFO - Processing /home/airflow/.local/lib/python3.12/site-packages/airflow/example_dags/example_latest_only_with_trigger.py took 0.038 seconds
[2025-03-17T14:28:19.791+0000] {processor.py:186} INFO - Started process (PID=891) to work on /home/airflow/.local/lib/python3.12/site-packages/airflow/example_dags/example_latest_only_with_trigger.py
[2025-03-17T14:28:19.792+0000] {processor.py:914} INFO - Processing file /home/airflow/.local/lib/python3.12/site-packages/airflow/example_dags/example_latest_only_with_trigger.py for tasks to queue
[2025-03-17T14:28:19.793+0000] {logging_mixin.py:190} INFO - [2025-03-17T14:28:19.793+0000] {dagbag.py:588} INFO - Filling up the DagBag from /home/airflow/.local/lib/python3.12/site-packages/airflow/example_dags/example_latest_only_with_trigger.py
[2025-03-17T14:28:19.796+0000] {processor.py:925} INFO - DAG(s) 'latest_only_with_trigger' retrieved from /home/airflow/.local/lib/python3.12/site-packages/airflow/example_dags/example_latest_only_with_trigger.py
[2025-03-17T14:28:19.806+0000] {logging_mixin.py:190} INFO - [2025-03-17T14:28:19.806+0000] {dag.py:3239} INFO - Sync 1 DAGs
[2025-03-17T14:28:19.819+0000] {logging_mixin.py:190} INFO - [2025-03-17T14:28:19.819+0000] {dag.py:4180} INFO - Setting next_dagrun for latest_only_with_trigger to 2025-03-17 08:00:00+00:00, run_after=2025-03-17 12:00:00+00:00
[2025-03-17T14:28:19.826+0000] {processor.py:208} INFO - Processing /home/airflow/.local/lib/python3.12/site-packages/airflow/example_dags/example_latest_only_with_trigger.py took 0.038 seconds
[2025-03-17T14:28:50.321+0000] {processor.py:186} INFO - Started process (PID=1187) to work on /home/airflow/.local/lib/python3.12/site-packages/airflow/example_dags/example_latest_only_with_trigger.py
[2025-03-17T14:28:50.322+0000] {processor.py:914} INFO - Processing file /home/airflow/.local/lib/python3.12/site-packages/airflow/example_dags/example_latest_only_with_trigger.py for tasks to queue
[2025-03-17T14:28:50.323+0000] {logging_mixin.py:190} INFO - [2025-03-17T14:28:50.323+0000] {dagbag.py:588} INFO - Filling up the DagBag from /home/airflow/.local/lib/python3.12/site-packages/airflow/example_dags/example_latest_only_with_trigger.py
[2025-03-17T14:28:50.326+0000] {processor.py:925} INFO - DAG(s) 'latest_only_with_trigger' retrieved from /home/airflow/.local/lib/python3.12/site-packages/airflow/example_dags/example_latest_only_with_trigger.py
[2025-03-17T14:28:50.336+0000] {logging_mixin.py:190} INFO - [2025-03-17T14:28:50.336+0000] {dag.py:3239} INFO - Sync 1 DAGs
[2025-03-17T14:28:50.346+0000] {logging_mixin.py:190} INFO - [2025-03-17T14:28:50.346+0000] {dag.py:4180} INFO - Setting next_dagrun for latest_only_with_trigger to 2025-03-17 08:00:00+00:00, run_after=2025-03-17 12:00:00+00:00
[2025-03-17T14:28:50.353+0000] {processor.py:208} INFO - Processing /home/airflow/.local/lib/python3.12/site-packages/airflow/example_dags/example_latest_only_with_trigger.py took 0.034 seconds
[2025-03-17T14:29:20.892+0000] {processor.py:186} INFO - Started process (PID=1483) to work on /home/airflow/.local/lib/python3.12/site-packages/airflow/example_dags/example_latest_only_with_trigger.py
[2025-03-17T14:29:20.893+0000] {processor.py:914} INFO - Processing file /home/airflow/.local/lib/python3.12/site-packages/airflow/example_dags/example_latest_only_with_trigger.py for tasks to queue
[2025-03-17T14:29:20.894+0000] {logging_mixin.py:190} INFO - [2025-03-17T14:29:20.894+0000] {dagbag.py:588} INFO - Filling up the DagBag from /home/airflow/.local/lib/python3.12/site-packages/airflow/example_dags/example_latest_only_with_trigger.py
[2025-03-17T14:29:20.898+0000] {processor.py:925} INFO - DAG(s) 'latest_only_with_trigger' retrieved from /home/airflow/.local/lib/python3.12/site-packages/airflow/example_dags/example_latest_only_with_trigger.py
[2025-03-17T14:29:20.908+0000] {logging_mixin.py:190} INFO - [2025-03-17T14:29:20.908+0000] {dag.py:3239} INFO - Sync 1 DAGs
[2025-03-17T14:29:20.920+0000] {logging_mixin.py:190} INFO - [2025-03-17T14:29:20.919+0000] {dag.py:4180} INFO - Setting next_dagrun for latest_only_with_trigger to 2025-03-17 08:00:00+00:00, run_after=2025-03-17 12:00:00+00:00
[2025-03-17T14:29:20.927+0000] {processor.py:208} INFO - Processing /home/airflow/.local/lib/python3.12/site-packages/airflow/example_dags/example_latest_only_with_trigger.py took 0.038 seconds
[2025-03-17T14:29:51.816+0000] {processor.py:186} INFO - Started process (PID=1779) to work on /home/airflow/.local/lib/python3.12/site-packages/airflow/example_dags/example_latest_only_with_trigger.py
[2025-03-17T14:29:51.816+0000] {processor.py:914} INFO - Processing file /home/airflow/.local/lib/python3.12/site-packages/airflow/example_dags/example_latest_only_with_trigger.py for tasks to queue
[2025-03-17T14:29:51.817+0000] {logging_mixin.py:190} INFO - [2025-03-17T14:29:51.817+0000] {dagbag.py:588} INFO - Filling up the DagBag from /home/airflow/.local/lib/python3.12/site-packages/airflow/example_dags/example_latest_only_with_trigger.py
[2025-03-17T14:29:51.821+0000] {processor.py:925} INFO - DAG(s) 'latest_only_with_trigger' retrieved from /home/airflow/.local/lib/python3.12/site-packages/airflow/example_dags/example_latest_only_with_trigger.py
[2025-03-17T14:29:51.832+0000] {logging_mixin.py:190} INFO - [2025-03-17T14:29:51.832+0000] {dag.py:3239} INFO - Sync 1 DAGs
[2025-03-17T14:29:51.843+0000] {logging_mixin.py:190} INFO - [2025-03-17T14:29:51.843+0000] {dag.py:4180} INFO - Setting next_dagrun for latest_only_with_trigger to 2025-03-17 08:00:00+00:00, run_after=2025-03-17 12:00:00+00:00
[2025-03-17T14:29:51.850+0000] {processor.py:208} INFO - Processing /home/airflow/.local/lib/python3.12/site-packages/airflow/example_dags/example_latest_only_with_trigger.py took 0.037 seconds
[2025-03-17T14:30:22.879+0000] {processor.py:186} INFO - Started process (PID=2075) to work on /home/airflow/.local/lib/python3.12/site-packages/airflow/example_dags/example_latest_only_with_trigger.py
[2025-03-17T14:30:22.879+0000] {processor.py:914} INFO - Processing file /home/airflow/.local/lib/python3.12/site-packages/airflow/example_dags/example_latest_only_with_trigger.py for tasks to queue
[2025-03-17T14:30:22.880+0000] {logging_mixin.py:190} INFO - [2025-03-17T14:30:22.880+0000] {dagbag.py:588} INFO - Filling up the DagBag from /home/airflow/.local/lib/python3.12/site-packages/airflow/example_dags/example_latest_only_with_trigger.py
[2025-03-17T14:30:22.884+0000] {processor.py:925} INFO - DAG(s) 'latest_only_with_trigger' retrieved from /home/airflow/.local/lib/python3.12/site-packages/airflow/example_dags/example_latest_only_with_trigger.py
[2025-03-17T14:30:22.895+0000] {logging_mixin.py:190} INFO - [2025-03-17T14:30:22.895+0000] {dag.py:3239} INFO - Sync 1 DAGs
[2025-03-17T14:30:22.906+0000] {logging_mixin.py:190} INFO - [2025-03-17T14:30:22.906+0000] {dag.py:4180} INFO - Setting next_dagrun for latest_only_with_trigger to 2025-03-17 08:00:00+00:00, run_after=2025-03-17 12:00:00+00:00
[2025-03-17T14:30:22.913+0000] {processor.py:208} INFO - Processing /home/airflow/.local/lib/python3.12/site-packages/airflow/example_dags/example_latest_only_with_trigger.py took 0.037 seconds
[2025-03-17T14:30:53.660+0000] {processor.py:186} INFO - Started process (PID=2371) to work on /home/airflow/.local/lib/python3.12/site-packages/airflow/example_dags/example_latest_only_with_trigger.py
[2025-03-17T14:30:53.660+0000] {processor.py:914} INFO - Processing file /home/airflow/.local/lib/python3.12/site-packages/airflow/example_dags/example_latest_only_with_trigger.py for tasks to queue
[2025-03-17T14:30:53.662+0000] {logging_mixin.py:190} INFO - [2025-03-17T14:30:53.661+0000] {dagbag.py:588} INFO - Filling up the DagBag from /home/airflow/.local/lib/python3.12/site-packages/airflow/example_dags/example_latest_only_with_trigger.py
[2025-03-17T14:30:53.667+0000] {processor.py:925} INFO - DAG(s) 'latest_only_with_trigger' retrieved from /home/airflow/.local/lib/python3.12/site-packages/airflow/example_dags/example_latest_only_with_trigger.py
[2025-03-17T14:30:53.679+0000] {logging_mixin.py:190} INFO - [2025-03-17T14:30:53.679+0000] {dag.py:3239} INFO - Sync 1 DAGs
[2025-03-17T14:30:53.691+0000] {logging_mixin.py:190} INFO - [2025-03-17T14:30:53.691+0000] {dag.py:4180} INFO - Setting next_dagrun for latest_only_with_trigger to 2025-03-17 08:00:00+00:00, run_after=2025-03-17 12:00:00+00:00
[2025-03-17T14:30:53.698+0000] {processor.py:208} INFO - Processing /home/airflow/.local/lib/python3.12/site-packages/airflow/example_dags/example_latest_only_with_trigger.py took 0.041 seconds
[2025-03-17T14:31:23.749+0000] {processor.py:186} INFO - Started process (PID=2665) to work on /home/airflow/.local/lib/python3.12/site-packages/airflow/example_dags/example_latest_only_with_trigger.py
[2025-03-17T14:31:23.750+0000] {processor.py:914} INFO - Processing file /home/airflow/.local/lib/python3.12/site-packages/airflow/example_dags/example_latest_only_with_trigger.py for tasks to queue
[2025-03-17T14:31:23.751+0000] {logging_mixin.py:190} INFO - [2025-03-17T14:31:23.751+0000] {dagbag.py:588} INFO - Filling up the DagBag from /home/airflow/.local/lib/python3.12/site-packages/airflow/example_dags/example_latest_only_with_trigger.py
[2025-03-17T14:31:23.754+0000] {processor.py:925} INFO - DAG(s) 'latest_only_with_trigger' retrieved from /home/airflow/.local/lib/python3.12/site-packages/airflow/example_dags/example_latest_only_with_trigger.py
[2025-03-17T14:31:23.765+0000] {logging_mixin.py:190} INFO - [2025-03-17T14:31:23.765+0000] {dag.py:3239} INFO - Sync 1 DAGs
[2025-03-17T14:31:23.775+0000] {logging_mixin.py:190} INFO - [2025-03-17T14:31:23.775+0000] {dag.py:4180} INFO - Setting next_dagrun for latest_only_with_trigger to 2025-03-17 08:00:00+00:00, run_after=2025-03-17 12:00:00+00:00
[2025-03-17T14:31:23.783+0000] {processor.py:208} INFO - Processing /home/airflow/.local/lib/python3.12/site-packages/airflow/example_dags/example_latest_only_with_trigger.py took 0.037 seconds
[2025-03-17T14:31:53.815+0000] {processor.py:186} INFO - Started process (PID=2958) to work on /home/airflow/.local/lib/python3.12/site-packages/airflow/example_dags/example_latest_only_with_trigger.py
[2025-03-17T14:31:53.815+0000] {processor.py:914} INFO - Processing file /home/airflow/.local/lib/python3.12/site-packages/airflow/example_dags/example_latest_only_with_trigger.py for tasks to queue
[2025-03-17T14:31:53.816+0000] {logging_mixin.py:190} INFO - [2025-03-17T14:31:53.816+0000] {dagbag.py:588} INFO - Filling up the DagBag from /home/airflow/.local/lib/python3.12/site-packages/airflow/example_dags/example_latest_only_with_trigger.py
[2025-03-17T14:31:53.820+0000] {processor.py:925} INFO - DAG(s) 'latest_only_with_trigger' retrieved from /home/airflow/.local/lib/python3.12/site-packages/airflow/example_dags/example_latest_only_with_trigger.py
[2025-03-17T14:31:53.831+0000] {logging_mixin.py:190} INFO - [2025-03-17T14:31:53.831+0000] {dag.py:3239} INFO - Sync 1 DAGs
[2025-03-17T14:31:53.843+0000] {logging_mixin.py:190} INFO - [2025-03-17T14:31:53.842+0000] {dag.py:4180} INFO - Setting next_dagrun for latest_only_with_trigger to 2025-03-17 08:00:00+00:00, run_after=2025-03-17 12:00:00+00:00
[2025-03-17T14:31:53.850+0000] {processor.py:208} INFO - Processing /home/airflow/.local/lib/python3.12/site-packages/airflow/example_dags/example_latest_only_with_trigger.py took 0.038 seconds
[2025-03-17T14:32:23.885+0000] {processor.py:186} INFO - Started process (PID=3254) to work on /home/airflow/.local/lib/python3.12/site-packages/airflow/example_dags/example_latest_only_with_trigger.py
[2025-03-17T14:32:23.885+0000] {processor.py:914} INFO - Processing file /home/airflow/.local/lib/python3.12/site-packages/airflow/example_dags/example_latest_only_with_trigger.py for tasks to queue
[2025-03-17T14:32:23.886+0000] {logging_mixin.py:190} INFO - [2025-03-17T14:32:23.886+0000] {dagbag.py:588} INFO - Filling up the DagBag from /home/airflow/.local/lib/python3.12/site-packages/airflow/example_dags/example_latest_only_with_trigger.py
[2025-03-17T14:32:23.890+0000] {processor.py:925} INFO - DAG(s) 'latest_only_with_trigger' retrieved from /home/airflow/.local/lib/python3.12/site-packages/airflow/example_dags/example_latest_only_with_trigger.py
[2025-03-17T14:32:23.903+0000] {logging_mixin.py:190} INFO - [2025-03-17T14:32:23.902+0000] {dag.py:3239} INFO - Sync 1 DAGs
[2025-03-17T14:32:23.915+0000] {logging_mixin.py:190} INFO - [2025-03-17T14:32:23.914+0000] {dag.py:4180} INFO - Setting next_dagrun for latest_only_with_trigger to 2025-03-17 08:00:00+00:00, run_after=2025-03-17 12:00:00+00:00
[2025-03-17T14:32:23.922+0000] {processor.py:208} INFO - Processing /home/airflow/.local/lib/python3.12/site-packages/airflow/example_dags/example_latest_only_with_trigger.py took 0.040 seconds
[2025-03-17T14:32:54.147+0000] {processor.py:186} INFO - Started process (PID=3550) to work on /home/airflow/.local/lib/python3.12/site-packages/airflow/example_dags/example_latest_only_with_trigger.py
[2025-03-17T14:32:54.147+0000] {processor.py:914} INFO - Processing file /home/airflow/.local/lib/python3.12/site-packages/airflow/example_dags/example_latest_only_with_trigger.py for tasks to queue
[2025-03-17T14:32:54.148+0000] {logging_mixin.py:190} INFO - [2025-03-17T14:32:54.148+0000] {dagbag.py:588} INFO - Filling up the DagBag from /home/airflow/.local/lib/python3.12/site-packages/airflow/example_dags/example_latest_only_with_trigger.py
[2025-03-17T14:32:54.153+0000] {processor.py:925} INFO - DAG(s) 'latest_only_with_trigger' retrieved from /home/airflow/.local/lib/python3.12/site-packages/airflow/example_dags/example_latest_only_with_trigger.py
[2025-03-17T14:32:54.163+0000] {logging_mixin.py:190} INFO - [2025-03-17T14:32:54.163+0000] {dag.py:3239} INFO - Sync 1 DAGs
[2025-03-17T14:32:54.173+0000] {logging_mixin.py:190} INFO - [2025-03-17T14:32:54.173+0000] {dag.py:4180} INFO - Setting next_dagrun for latest_only_with_trigger to 2025-03-17 08:00:00+00:00, run_after=2025-03-17 12:00:00+00:00
[2025-03-17T14:32:54.180+0000] {processor.py:208} INFO - Processing /home/airflow/.local/lib/python3.12/site-packages/airflow/example_dags/example_latest_only_with_trigger.py took 0.036 seconds
