[2025-03-17T13:55:41.998+0000] {processor.py:186} INFO - Started process (PID=362) to work on /home/airflow/.local/lib/python3.12/site-packages/airflow/example_dags/example_setup_teardown.py
[2025-03-17T13:55:41.999+0000] {processor.py:914} INFO - Processing file /home/airflow/.local/lib/python3.12/site-packages/airflow/example_dags/example_setup_teardown.py for tasks to queue
[2025-03-17T13:55:42.000+0000] {logging_mixin.py:190} INFO - [2025-03-17T13:55:42.000+0000] {dagbag.py:588} INFO - Filling up the DagBag from /home/airflow/.local/lib/python3.12/site-packages/airflow/example_dags/example_setup_teardown.py
[2025-03-17T13:55:42.005+0000] {processor.py:925} INFO - DAG(s) 'example_setup_teardown' retrieved from /home/airflow/.local/lib/python3.12/site-packages/airflow/example_dags/example_setup_teardown.py
[2025-03-17T13:55:42.058+0000] {logging_mixin.py:190} INFO - [2025-03-17T13:55:42.058+0000] {override.py:1912} INFO - Created Permission View: can delete on DAG:example_setup_teardown
[2025-03-17T13:55:42.062+0000] {logging_mixin.py:190} INFO - [2025-03-17T13:55:42.062+0000] {override.py:1912} INFO - Created Permission View: can edit on DAG:example_setup_teardown
[2025-03-17T13:55:42.064+0000] {logging_mixin.py:190} INFO - [2025-03-17T13:55:42.064+0000] {override.py:1912} INFO - Created Permission View: can read on DAG:example_setup_teardown
[2025-03-17T13:55:42.067+0000] {logging_mixin.py:190} INFO - [2025-03-17T13:55:42.066+0000] {override.py:1912} INFO - Created Permission View: menu access on DAG Run:example_setup_teardown
[2025-03-17T13:55:42.069+0000] {logging_mixin.py:190} INFO - [2025-03-17T13:55:42.069+0000] {override.py:1912} INFO - Created Permission View: can delete on DAG Run:example_setup_teardown
[2025-03-17T13:55:42.072+0000] {logging_mixin.py:190} INFO - [2025-03-17T13:55:42.071+0000] {override.py:1912} INFO - Created Permission View: can create on DAG Run:example_setup_teardown
[2025-03-17T13:55:42.074+0000] {logging_mixin.py:190} INFO - [2025-03-17T13:55:42.074+0000] {override.py:1912} INFO - Created Permission View: can read on DAG Run:example_setup_teardown
[2025-03-17T13:55:42.074+0000] {logging_mixin.py:190} INFO - [2025-03-17T13:55:42.074+0000] {dag.py:3239} INFO - Sync 1 DAGs
[2025-03-17T13:55:42.081+0000] {logging_mixin.py:190} INFO - [2025-03-17T13:55:42.081+0000] {dag.py:3262} INFO - Creating ORM DAG for example_setup_teardown
[2025-03-17T13:55:42.081+0000] {logging_mixin.py:190} INFO - [2025-03-17T13:55:42.081+0000] {dag.py:4180} INFO - Setting next_dagrun for example_setup_teardown to None, run_after=None
[2025-03-17T13:55:42.088+0000] {processor.py:208} INFO - Processing /home/airflow/.local/lib/python3.12/site-packages/airflow/example_dags/example_setup_teardown.py took 0.093 seconds
[2025-03-17T13:56:12.128+0000] {processor.py:186} INFO - Started process (PID=650) to work on /home/airflow/.local/lib/python3.12/site-packages/airflow/example_dags/example_setup_teardown.py
[2025-03-17T13:56:12.129+0000] {processor.py:914} INFO - Processing file /home/airflow/.local/lib/python3.12/site-packages/airflow/example_dags/example_setup_teardown.py for tasks to queue
[2025-03-17T13:56:12.129+0000] {logging_mixin.py:190} INFO - [2025-03-17T13:56:12.129+0000] {dagbag.py:588} INFO - Filling up the DagBag from /home/airflow/.local/lib/python3.12/site-packages/airflow/example_dags/example_setup_teardown.py
[2025-03-17T13:56:12.134+0000] {processor.py:925} INFO - DAG(s) 'example_setup_teardown' retrieved from /home/airflow/.local/lib/python3.12/site-packages/airflow/example_dags/example_setup_teardown.py
[2025-03-17T13:56:12.143+0000] {logging_mixin.py:190} INFO - [2025-03-17T13:56:12.143+0000] {dag.py:3239} INFO - Sync 1 DAGs
[2025-03-17T13:56:12.150+0000] {logging_mixin.py:190} INFO - [2025-03-17T13:56:12.150+0000] {dag.py:4180} INFO - Setting next_dagrun for example_setup_teardown to None, run_after=None
[2025-03-17T13:56:12.157+0000] {processor.py:208} INFO - Processing /home/airflow/.local/lib/python3.12/site-packages/airflow/example_dags/example_setup_teardown.py took 0.032 seconds
[2025-03-17T14:27:19.497+0000] {processor.py:186} INFO - Started process (PID=367) to work on /home/airflow/.local/lib/python3.12/site-packages/airflow/example_dags/example_setup_teardown.py
[2025-03-17T14:27:19.498+0000] {processor.py:914} INFO - Processing file /home/airflow/.local/lib/python3.12/site-packages/airflow/example_dags/example_setup_teardown.py for tasks to queue
[2025-03-17T14:27:19.499+0000] {logging_mixin.py:190} INFO - [2025-03-17T14:27:19.499+0000] {dagbag.py:588} INFO - Filling up the DagBag from /home/airflow/.local/lib/python3.12/site-packages/airflow/example_dags/example_setup_teardown.py
[2025-03-17T14:27:19.504+0000] {processor.py:925} INFO - DAG(s) 'example_setup_teardown' retrieved from /home/airflow/.local/lib/python3.12/site-packages/airflow/example_dags/example_setup_teardown.py
[2025-03-17T14:27:19.560+0000] {logging_mixin.py:190} INFO - [2025-03-17T14:27:19.559+0000] {dag.py:3239} INFO - Sync 1 DAGs
[2025-03-17T14:27:19.567+0000] {logging_mixin.py:190} INFO - [2025-03-17T14:27:19.567+0000] {dag.py:4180} INFO - Setting next_dagrun for example_setup_teardown to None, run_after=None
[2025-03-17T14:27:19.575+0000] {processor.py:208} INFO - Processing /home/airflow/.local/lib/python3.12/site-packages/airflow/example_dags/example_setup_teardown.py took 0.081 seconds
[2025-03-17T14:27:49.851+0000] {processor.py:186} INFO - Started process (PID=663) to work on /home/airflow/.local/lib/python3.12/site-packages/airflow/example_dags/example_setup_teardown.py
[2025-03-17T14:27:49.852+0000] {processor.py:914} INFO - Processing file /home/airflow/.local/lib/python3.12/site-packages/airflow/example_dags/example_setup_teardown.py for tasks to queue
[2025-03-17T14:27:49.853+0000] {logging_mixin.py:190} INFO - [2025-03-17T14:27:49.852+0000] {dagbag.py:588} INFO - Filling up the DagBag from /home/airflow/.local/lib/python3.12/site-packages/airflow/example_dags/example_setup_teardown.py
[2025-03-17T14:27:49.856+0000] {processor.py:925} INFO - DAG(s) 'example_setup_teardown' retrieved from /home/airflow/.local/lib/python3.12/site-packages/airflow/example_dags/example_setup_teardown.py
[2025-03-17T14:27:49.867+0000] {logging_mixin.py:190} INFO - [2025-03-17T14:27:49.867+0000] {dag.py:3239} INFO - Sync 1 DAGs
[2025-03-17T14:27:49.874+0000] {logging_mixin.py:190} INFO - [2025-03-17T14:27:49.874+0000] {dag.py:4180} INFO - Setting next_dagrun for example_setup_teardown to None, run_after=None
[2025-03-17T14:27:49.882+0000] {processor.py:208} INFO - Processing /home/airflow/.local/lib/python3.12/site-packages/airflow/example_dags/example_setup_teardown.py took 0.034 seconds
[2025-03-17T14:28:20.440+0000] {processor.py:186} INFO - Started process (PID=954) to work on /home/airflow/.local/lib/python3.12/site-packages/airflow/example_dags/example_setup_teardown.py
[2025-03-17T14:28:20.441+0000] {processor.py:914} INFO - Processing file /home/airflow/.local/lib/python3.12/site-packages/airflow/example_dags/example_setup_teardown.py for tasks to queue
[2025-03-17T14:28:20.442+0000] {logging_mixin.py:190} INFO - [2025-03-17T14:28:20.442+0000] {dagbag.py:588} INFO - Filling up the DagBag from /home/airflow/.local/lib/python3.12/site-packages/airflow/example_dags/example_setup_teardown.py
[2025-03-17T14:28:20.446+0000] {processor.py:925} INFO - DAG(s) 'example_setup_teardown' retrieved from /home/airflow/.local/lib/python3.12/site-packages/airflow/example_dags/example_setup_teardown.py
[2025-03-17T14:28:20.456+0000] {logging_mixin.py:190} INFO - [2025-03-17T14:28:20.456+0000] {dag.py:3239} INFO - Sync 1 DAGs
[2025-03-17T14:28:20.463+0000] {logging_mixin.py:190} INFO - [2025-03-17T14:28:20.463+0000] {dag.py:4180} INFO - Setting next_dagrun for example_setup_teardown to None, run_after=None
[2025-03-17T14:28:20.470+0000] {processor.py:208} INFO - Processing /home/airflow/.local/lib/python3.12/site-packages/airflow/example_dags/example_setup_teardown.py took 0.033 seconds
[2025-03-17T14:28:51.034+0000] {processor.py:186} INFO - Started process (PID=1255) to work on /home/airflow/.local/lib/python3.12/site-packages/airflow/example_dags/example_setup_teardown.py
[2025-03-17T14:28:51.035+0000] {processor.py:914} INFO - Processing file /home/airflow/.local/lib/python3.12/site-packages/airflow/example_dags/example_setup_teardown.py for tasks to queue
[2025-03-17T14:28:51.035+0000] {logging_mixin.py:190} INFO - [2025-03-17T14:28:51.035+0000] {dagbag.py:588} INFO - Filling up the DagBag from /home/airflow/.local/lib/python3.12/site-packages/airflow/example_dags/example_setup_teardown.py
[2025-03-17T14:28:51.040+0000] {processor.py:925} INFO - DAG(s) 'example_setup_teardown' retrieved from /home/airflow/.local/lib/python3.12/site-packages/airflow/example_dags/example_setup_teardown.py
[2025-03-17T14:28:51.050+0000] {logging_mixin.py:190} INFO - [2025-03-17T14:28:51.050+0000] {dag.py:3239} INFO - Sync 1 DAGs
[2025-03-17T14:28:51.057+0000] {logging_mixin.py:190} INFO - [2025-03-17T14:28:51.057+0000] {dag.py:4180} INFO - Setting next_dagrun for example_setup_teardown to None, run_after=None
[2025-03-17T14:28:51.064+0000] {processor.py:208} INFO - Processing /home/airflow/.local/lib/python3.12/site-packages/airflow/example_dags/example_setup_teardown.py took 0.033 seconds
[2025-03-17T14:29:21.661+0000] {processor.py:186} INFO - Started process (PID=1546) to work on /home/airflow/.local/lib/python3.12/site-packages/airflow/example_dags/example_setup_teardown.py
[2025-03-17T14:29:21.662+0000] {processor.py:914} INFO - Processing file /home/airflow/.local/lib/python3.12/site-packages/airflow/example_dags/example_setup_teardown.py for tasks to queue
[2025-03-17T14:29:21.663+0000] {logging_mixin.py:190} INFO - [2025-03-17T14:29:21.663+0000] {dagbag.py:588} INFO - Filling up the DagBag from /home/airflow/.local/lib/python3.12/site-packages/airflow/example_dags/example_setup_teardown.py
[2025-03-17T14:29:21.667+0000] {processor.py:925} INFO - DAG(s) 'example_setup_teardown' retrieved from /home/airflow/.local/lib/python3.12/site-packages/airflow/example_dags/example_setup_teardown.py
[2025-03-17T14:29:21.678+0000] {logging_mixin.py:190} INFO - [2025-03-17T14:29:21.678+0000] {dag.py:3239} INFO - Sync 1 DAGs
[2025-03-17T14:29:21.685+0000] {logging_mixin.py:190} INFO - [2025-03-17T14:29:21.685+0000] {dag.py:4180} INFO - Setting next_dagrun for example_setup_teardown to None, run_after=None
[2025-03-17T14:29:21.692+0000] {processor.py:208} INFO - Processing /home/airflow/.local/lib/python3.12/site-packages/airflow/example_dags/example_setup_teardown.py took 0.035 seconds
[2025-03-17T14:29:52.992+0000] {processor.py:186} INFO - Started process (PID=1849) to work on /home/airflow/.local/lib/python3.12/site-packages/airflow/example_dags/example_setup_teardown.py
[2025-03-17T14:29:52.992+0000] {processor.py:914} INFO - Processing file /home/airflow/.local/lib/python3.12/site-packages/airflow/example_dags/example_setup_teardown.py for tasks to queue
[2025-03-17T14:29:52.993+0000] {logging_mixin.py:190} INFO - [2025-03-17T14:29:52.993+0000] {dagbag.py:588} INFO - Filling up the DagBag from /home/airflow/.local/lib/python3.12/site-packages/airflow/example_dags/example_setup_teardown.py
[2025-03-17T14:29:52.998+0000] {processor.py:925} INFO - DAG(s) 'example_setup_teardown' retrieved from /home/airflow/.local/lib/python3.12/site-packages/airflow/example_dags/example_setup_teardown.py
[2025-03-17T14:29:53.009+0000] {logging_mixin.py:190} INFO - [2025-03-17T14:29:53.009+0000] {dag.py:3239} INFO - Sync 1 DAGs
[2025-03-17T14:29:53.016+0000] {logging_mixin.py:190} INFO - [2025-03-17T14:29:53.016+0000] {dag.py:4180} INFO - Setting next_dagrun for example_setup_teardown to None, run_after=None
[2025-03-17T14:29:53.026+0000] {processor.py:208} INFO - Processing /home/airflow/.local/lib/python3.12/site-packages/airflow/example_dags/example_setup_teardown.py took 0.037 seconds
[2025-03-17T14:30:23.782+0000] {processor.py:186} INFO - Started process (PID=2143) to work on /home/airflow/.local/lib/python3.12/site-packages/airflow/example_dags/example_setup_teardown.py
[2025-03-17T14:30:23.782+0000] {processor.py:914} INFO - Processing file /home/airflow/.local/lib/python3.12/site-packages/airflow/example_dags/example_setup_teardown.py for tasks to queue
[2025-03-17T14:30:23.783+0000] {logging_mixin.py:190} INFO - [2025-03-17T14:30:23.783+0000] {dagbag.py:588} INFO - Filling up the DagBag from /home/airflow/.local/lib/python3.12/site-packages/airflow/example_dags/example_setup_teardown.py
[2025-03-17T14:30:23.787+0000] {processor.py:925} INFO - DAG(s) 'example_setup_teardown' retrieved from /home/airflow/.local/lib/python3.12/site-packages/airflow/example_dags/example_setup_teardown.py
[2025-03-17T14:30:23.799+0000] {logging_mixin.py:190} INFO - [2025-03-17T14:30:23.799+0000] {dag.py:3239} INFO - Sync 1 DAGs
[2025-03-17T14:30:23.806+0000] {logging_mixin.py:190} INFO - [2025-03-17T14:30:23.806+0000] {dag.py:4180} INFO - Setting next_dagrun for example_setup_teardown to None, run_after=None
[2025-03-17T14:30:23.814+0000] {processor.py:208} INFO - Processing /home/airflow/.local/lib/python3.12/site-packages/airflow/example_dags/example_setup_teardown.py took 0.035 seconds
[2025-03-17T14:30:54.878+0000] {processor.py:186} INFO - Started process (PID=2441) to work on /home/airflow/.local/lib/python3.12/site-packages/airflow/example_dags/example_setup_teardown.py
[2025-03-17T14:30:54.879+0000] {processor.py:914} INFO - Processing file /home/airflow/.local/lib/python3.12/site-packages/airflow/example_dags/example_setup_teardown.py for tasks to queue
[2025-03-17T14:30:54.879+0000] {logging_mixin.py:190} INFO - [2025-03-17T14:30:54.879+0000] {dagbag.py:588} INFO - Filling up the DagBag from /home/airflow/.local/lib/python3.12/site-packages/airflow/example_dags/example_setup_teardown.py
[2025-03-17T14:30:54.884+0000] {processor.py:925} INFO - DAG(s) 'example_setup_teardown' retrieved from /home/airflow/.local/lib/python3.12/site-packages/airflow/example_dags/example_setup_teardown.py
[2025-03-17T14:30:54.895+0000] {logging_mixin.py:190} INFO - [2025-03-17T14:30:54.895+0000] {dag.py:3239} INFO - Sync 1 DAGs
[2025-03-17T14:30:54.902+0000] {logging_mixin.py:190} INFO - [2025-03-17T14:30:54.902+0000] {dag.py:4180} INFO - Setting next_dagrun for example_setup_teardown to None, run_after=None
[2025-03-17T14:30:54.909+0000] {processor.py:208} INFO - Processing /home/airflow/.local/lib/python3.12/site-packages/airflow/example_dags/example_setup_teardown.py took 0.034 seconds
[2025-03-17T14:31:25.976+0000] {processor.py:186} INFO - Started process (PID=2737) to work on /home/airflow/.local/lib/python3.12/site-packages/airflow/example_dags/example_setup_teardown.py
[2025-03-17T14:31:25.977+0000] {processor.py:914} INFO - Processing file /home/airflow/.local/lib/python3.12/site-packages/airflow/example_dags/example_setup_teardown.py for tasks to queue
[2025-03-17T14:31:25.978+0000] {logging_mixin.py:190} INFO - [2025-03-17T14:31:25.978+0000] {dagbag.py:588} INFO - Filling up the DagBag from /home/airflow/.local/lib/python3.12/site-packages/airflow/example_dags/example_setup_teardown.py
[2025-03-17T14:31:25.982+0000] {processor.py:925} INFO - DAG(s) 'example_setup_teardown' retrieved from /home/airflow/.local/lib/python3.12/site-packages/airflow/example_dags/example_setup_teardown.py
[2025-03-17T14:31:25.993+0000] {logging_mixin.py:190} INFO - [2025-03-17T14:31:25.993+0000] {dag.py:3239} INFO - Sync 1 DAGs
[2025-03-17T14:31:26.000+0000] {logging_mixin.py:190} INFO - [2025-03-17T14:31:26.000+0000] {dag.py:4180} INFO - Setting next_dagrun for example_setup_teardown to None, run_after=None
[2025-03-17T14:31:26.007+0000] {processor.py:208} INFO - Processing /home/airflow/.local/lib/python3.12/site-packages/airflow/example_dags/example_setup_teardown.py took 0.034 seconds
[2025-03-17T14:31:57.108+0000] {processor.py:186} INFO - Started process (PID=3033) to work on /home/airflow/.local/lib/python3.12/site-packages/airflow/example_dags/example_setup_teardown.py
[2025-03-17T14:31:57.109+0000] {processor.py:914} INFO - Processing file /home/airflow/.local/lib/python3.12/site-packages/airflow/example_dags/example_setup_teardown.py for tasks to queue
[2025-03-17T14:31:57.110+0000] {logging_mixin.py:190} INFO - [2025-03-17T14:31:57.110+0000] {dagbag.py:588} INFO - Filling up the DagBag from /home/airflow/.local/lib/python3.12/site-packages/airflow/example_dags/example_setup_teardown.py
[2025-03-17T14:31:57.114+0000] {processor.py:925} INFO - DAG(s) 'example_setup_teardown' retrieved from /home/airflow/.local/lib/python3.12/site-packages/airflow/example_dags/example_setup_teardown.py
[2025-03-17T14:31:57.125+0000] {logging_mixin.py:190} INFO - [2025-03-17T14:31:57.125+0000] {dag.py:3239} INFO - Sync 1 DAGs
[2025-03-17T14:31:57.133+0000] {logging_mixin.py:190} INFO - [2025-03-17T14:31:57.132+0000] {dag.py:4180} INFO - Setting next_dagrun for example_setup_teardown to None, run_after=None
[2025-03-17T14:31:57.141+0000] {processor.py:208} INFO - Processing /home/airflow/.local/lib/python3.12/site-packages/airflow/example_dags/example_setup_teardown.py took 0.035 seconds
[2025-03-17T14:32:27.519+0000] {processor.py:186} INFO - Started process (PID=3329) to work on /home/airflow/.local/lib/python3.12/site-packages/airflow/example_dags/example_setup_teardown.py
[2025-03-17T14:32:27.519+0000] {processor.py:914} INFO - Processing file /home/airflow/.local/lib/python3.12/site-packages/airflow/example_dags/example_setup_teardown.py for tasks to queue
[2025-03-17T14:32:27.521+0000] {logging_mixin.py:190} INFO - [2025-03-17T14:32:27.521+0000] {dagbag.py:588} INFO - Filling up the DagBag from /home/airflow/.local/lib/python3.12/site-packages/airflow/example_dags/example_setup_teardown.py
[2025-03-17T14:32:27.527+0000] {processor.py:925} INFO - DAG(s) 'example_setup_teardown' retrieved from /home/airflow/.local/lib/python3.12/site-packages/airflow/example_dags/example_setup_teardown.py
[2025-03-17T14:32:27.538+0000] {logging_mixin.py:190} INFO - [2025-03-17T14:32:27.538+0000] {dag.py:3239} INFO - Sync 1 DAGs
[2025-03-17T14:32:27.545+0000] {logging_mixin.py:190} INFO - [2025-03-17T14:32:27.545+0000] {dag.py:4180} INFO - Setting next_dagrun for example_setup_teardown to None, run_after=None
[2025-03-17T14:32:27.552+0000] {processor.py:208} INFO - Processing /home/airflow/.local/lib/python3.12/site-packages/airflow/example_dags/example_setup_teardown.py took 0.037 seconds
[2025-03-17T14:32:58.363+0000] {processor.py:186} INFO - Started process (PID=3625) to work on /home/airflow/.local/lib/python3.12/site-packages/airflow/example_dags/example_setup_teardown.py
[2025-03-17T14:32:58.363+0000] {processor.py:914} INFO - Processing file /home/airflow/.local/lib/python3.12/site-packages/airflow/example_dags/example_setup_teardown.py for tasks to queue
[2025-03-17T14:32:58.364+0000] {logging_mixin.py:190} INFO - [2025-03-17T14:32:58.364+0000] {dagbag.py:588} INFO - Filling up the DagBag from /home/airflow/.local/lib/python3.12/site-packages/airflow/example_dags/example_setup_teardown.py
[2025-03-17T14:32:58.368+0000] {processor.py:925} INFO - DAG(s) 'example_setup_teardown' retrieved from /home/airflow/.local/lib/python3.12/site-packages/airflow/example_dags/example_setup_teardown.py
[2025-03-17T14:32:58.380+0000] {logging_mixin.py:190} INFO - [2025-03-17T14:32:58.380+0000] {dag.py:3239} INFO - Sync 1 DAGs
[2025-03-17T14:32:58.387+0000] {logging_mixin.py:190} INFO - [2025-03-17T14:32:58.387+0000] {dag.py:4180} INFO - Setting next_dagrun for example_setup_teardown to None, run_after=None
[2025-03-17T14:32:58.395+0000] {processor.py:208} INFO - Processing /home/airflow/.local/lib/python3.12/site-packages/airflow/example_dags/example_setup_teardown.py took 0.036 seconds
