[2025-03-17T13:55:42.262+0000] {processor.py:186} INFO - Started process (PID=377) to work on /home/airflow/.local/lib/python3.12/site-packages/airflow/example_dags/example_complex.py
[2025-03-17T13:55:42.263+0000] {processor.py:914} INFO - Processing file /home/airflow/.local/lib/python3.12/site-packages/airflow/example_dags/example_complex.py for tasks to queue
[2025-03-17T13:55:42.264+0000] {logging_mixin.py:190} INFO - [2025-03-17T13:55:42.263+0000] {dagbag.py:588} INFO - Filling up the DagBag from /home/airflow/.local/lib/python3.12/site-packages/airflow/example_dags/example_complex.py
[2025-03-17T13:55:42.270+0000] {processor.py:925} INFO - DAG(s) 'example_complex' retrieved from /home/airflow/.local/lib/python3.12/site-packages/airflow/example_dags/example_complex.py
[2025-03-17T13:55:42.331+0000] {logging_mixin.py:190} INFO - [2025-03-17T13:55:42.330+0000] {override.py:1912} INFO - Created Permission View: can delete on DAG:example_complex
[2025-03-17T13:55:42.335+0000] {logging_mixin.py:190} INFO - [2025-03-17T13:55:42.335+0000] {override.py:1912} INFO - Created Permission View: can edit on DAG:example_complex
[2025-03-17T13:55:42.339+0000] {logging_mixin.py:190} INFO - [2025-03-17T13:55:42.338+0000] {override.py:1912} INFO - Created Permission View: can read on DAG:example_complex
[2025-03-17T13:55:42.341+0000] {logging_mixin.py:190} INFO - [2025-03-17T13:55:42.341+0000] {override.py:1912} INFO - Created Permission View: menu access on DAG Run:example_complex
[2025-03-17T13:55:42.343+0000] {logging_mixin.py:190} INFO - [2025-03-17T13:55:42.343+0000] {override.py:1912} INFO - Created Permission View: can delete on DAG Run:example_complex
[2025-03-17T13:55:42.345+0000] {logging_mixin.py:190} INFO - [2025-03-17T13:55:42.345+0000] {override.py:1912} INFO - Created Permission View: can create on DAG Run:example_complex
[2025-03-17T13:55:42.348+0000] {logging_mixin.py:190} INFO - [2025-03-17T13:55:42.347+0000] {override.py:1912} INFO - Created Permission View: can read on DAG Run:example_complex
[2025-03-17T13:55:42.348+0000] {logging_mixin.py:190} INFO - [2025-03-17T13:55:42.348+0000] {dag.py:3239} INFO - Sync 1 DAGs
[2025-03-17T13:55:42.354+0000] {logging_mixin.py:190} INFO - [2025-03-17T13:55:42.354+0000] {dag.py:3262} INFO - Creating ORM DAG for example_complex
[2025-03-17T13:55:42.354+0000] {logging_mixin.py:190} INFO - [2025-03-17T13:55:42.354+0000] {dag.py:4180} INFO - Setting next_dagrun for example_complex to None, run_after=None
[2025-03-17T13:55:42.361+0000] {processor.py:208} INFO - Processing /home/airflow/.local/lib/python3.12/site-packages/airflow/example_dags/example_complex.py took 0.102 seconds
[2025-03-17T13:56:13.276+0000] {processor.py:186} INFO - Started process (PID=668) to work on /home/airflow/.local/lib/python3.12/site-packages/airflow/example_dags/example_complex.py
[2025-03-17T13:56:13.277+0000] {processor.py:914} INFO - Processing file /home/airflow/.local/lib/python3.12/site-packages/airflow/example_dags/example_complex.py for tasks to queue
[2025-03-17T13:56:13.278+0000] {logging_mixin.py:190} INFO - [2025-03-17T13:56:13.277+0000] {dagbag.py:588} INFO - Filling up the DagBag from /home/airflow/.local/lib/python3.12/site-packages/airflow/example_dags/example_complex.py
[2025-03-17T13:56:13.284+0000] {processor.py:925} INFO - DAG(s) 'example_complex' retrieved from /home/airflow/.local/lib/python3.12/site-packages/airflow/example_dags/example_complex.py
[2025-03-17T13:56:13.300+0000] {logging_mixin.py:190} INFO - [2025-03-17T13:56:13.300+0000] {dag.py:3239} INFO - Sync 1 DAGs
[2025-03-17T13:56:13.307+0000] {logging_mixin.py:190} INFO - [2025-03-17T13:56:13.307+0000] {dag.py:4180} INFO - Setting next_dagrun for example_complex to None, run_after=None
[2025-03-17T13:56:13.315+0000] {processor.py:208} INFO - Processing /home/airflow/.local/lib/python3.12/site-packages/airflow/example_dags/example_complex.py took 0.043 seconds
[2025-03-17T14:27:19.694+0000] {processor.py:186} INFO - Started process (PID=382) to work on /home/airflow/.local/lib/python3.12/site-packages/airflow/example_dags/example_complex.py
[2025-03-17T14:27:19.695+0000] {processor.py:914} INFO - Processing file /home/airflow/.local/lib/python3.12/site-packages/airflow/example_dags/example_complex.py for tasks to queue
[2025-03-17T14:27:19.696+0000] {logging_mixin.py:190} INFO - [2025-03-17T14:27:19.696+0000] {dagbag.py:588} INFO - Filling up the DagBag from /home/airflow/.local/lib/python3.12/site-packages/airflow/example_dags/example_complex.py
[2025-03-17T14:27:19.704+0000] {processor.py:925} INFO - DAG(s) 'example_complex' retrieved from /home/airflow/.local/lib/python3.12/site-packages/airflow/example_dags/example_complex.py
[2025-03-17T14:27:19.764+0000] {logging_mixin.py:190} INFO - [2025-03-17T14:27:19.764+0000] {dag.py:3239} INFO - Sync 1 DAGs
[2025-03-17T14:27:19.771+0000] {logging_mixin.py:190} INFO - [2025-03-17T14:27:19.771+0000] {dag.py:4180} INFO - Setting next_dagrun for example_complex to None, run_after=None
[2025-03-17T14:27:19.780+0000] {processor.py:208} INFO - Processing /home/airflow/.local/lib/python3.12/site-packages/airflow/example_dags/example_complex.py took 0.089 seconds
[2025-03-17T14:27:50.022+0000] {processor.py:186} INFO - Started process (PID=680) to work on /home/airflow/.local/lib/python3.12/site-packages/airflow/example_dags/example_complex.py
[2025-03-17T14:27:50.022+0000] {processor.py:914} INFO - Processing file /home/airflow/.local/lib/python3.12/site-packages/airflow/example_dags/example_complex.py for tasks to queue
[2025-03-17T14:27:50.023+0000] {logging_mixin.py:190} INFO - [2025-03-17T14:27:50.023+0000] {dagbag.py:588} INFO - Filling up the DagBag from /home/airflow/.local/lib/python3.12/site-packages/airflow/example_dags/example_complex.py
[2025-03-17T14:27:50.029+0000] {processor.py:925} INFO - DAG(s) 'example_complex' retrieved from /home/airflow/.local/lib/python3.12/site-packages/airflow/example_dags/example_complex.py
[2025-03-17T14:27:50.043+0000] {logging_mixin.py:190} INFO - [2025-03-17T14:27:50.043+0000] {dag.py:3239} INFO - Sync 1 DAGs
[2025-03-17T14:27:50.050+0000] {logging_mixin.py:190} INFO - [2025-03-17T14:27:50.050+0000] {dag.py:4180} INFO - Setting next_dagrun for example_complex to None, run_after=None
[2025-03-17T14:27:50.059+0000] {processor.py:208} INFO - Processing /home/airflow/.local/lib/python3.12/site-packages/airflow/example_dags/example_complex.py took 0.040 seconds
[2025-03-17T14:28:20.587+0000] {processor.py:186} INFO - Started process (PID=974) to work on /home/airflow/.local/lib/python3.12/site-packages/airflow/example_dags/example_complex.py
[2025-03-17T14:28:20.588+0000] {processor.py:914} INFO - Processing file /home/airflow/.local/lib/python3.12/site-packages/airflow/example_dags/example_complex.py for tasks to queue
[2025-03-17T14:28:20.589+0000] {logging_mixin.py:190} INFO - [2025-03-17T14:28:20.588+0000] {dagbag.py:588} INFO - Filling up the DagBag from /home/airflow/.local/lib/python3.12/site-packages/airflow/example_dags/example_complex.py
[2025-03-17T14:28:20.594+0000] {processor.py:925} INFO - DAG(s) 'example_complex' retrieved from /home/airflow/.local/lib/python3.12/site-packages/airflow/example_dags/example_complex.py
[2025-03-17T14:28:20.609+0000] {logging_mixin.py:190} INFO - [2025-03-17T14:28:20.609+0000] {dag.py:3239} INFO - Sync 1 DAGs
[2025-03-17T14:28:20.617+0000] {logging_mixin.py:190} INFO - [2025-03-17T14:28:20.617+0000] {dag.py:4180} INFO - Setting next_dagrun for example_complex to None, run_after=None
[2025-03-17T14:28:20.624+0000] {processor.py:208} INFO - Processing /home/airflow/.local/lib/python3.12/site-packages/airflow/example_dags/example_complex.py took 0.040 seconds
[2025-03-17T14:28:51.206+0000] {processor.py:186} INFO - Started process (PID=1270) to work on /home/airflow/.local/lib/python3.12/site-packages/airflow/example_dags/example_complex.py
[2025-03-17T14:28:51.206+0000] {processor.py:914} INFO - Processing file /home/airflow/.local/lib/python3.12/site-packages/airflow/example_dags/example_complex.py for tasks to queue
[2025-03-17T14:28:51.207+0000] {logging_mixin.py:190} INFO - [2025-03-17T14:28:51.207+0000] {dagbag.py:588} INFO - Filling up the DagBag from /home/airflow/.local/lib/python3.12/site-packages/airflow/example_dags/example_complex.py
[2025-03-17T14:28:51.213+0000] {processor.py:925} INFO - DAG(s) 'example_complex' retrieved from /home/airflow/.local/lib/python3.12/site-packages/airflow/example_dags/example_complex.py
[2025-03-17T14:28:51.229+0000] {logging_mixin.py:190} INFO - [2025-03-17T14:28:51.229+0000] {dag.py:3239} INFO - Sync 1 DAGs
[2025-03-17T14:28:51.236+0000] {logging_mixin.py:190} INFO - [2025-03-17T14:28:51.236+0000] {dag.py:4180} INFO - Setting next_dagrun for example_complex to None, run_after=None
[2025-03-17T14:28:51.244+0000] {processor.py:208} INFO - Processing /home/airflow/.local/lib/python3.12/site-packages/airflow/example_dags/example_complex.py took 0.041 seconds
[2025-03-17T14:29:22.139+0000] {processor.py:186} INFO - Started process (PID=1566) to work on /home/airflow/.local/lib/python3.12/site-packages/airflow/example_dags/example_complex.py
[2025-03-17T14:29:22.140+0000] {processor.py:914} INFO - Processing file /home/airflow/.local/lib/python3.12/site-packages/airflow/example_dags/example_complex.py for tasks to queue
[2025-03-17T14:29:22.141+0000] {logging_mixin.py:190} INFO - [2025-03-17T14:29:22.141+0000] {dagbag.py:588} INFO - Filling up the DagBag from /home/airflow/.local/lib/python3.12/site-packages/airflow/example_dags/example_complex.py
[2025-03-17T14:29:22.147+0000] {processor.py:925} INFO - DAG(s) 'example_complex' retrieved from /home/airflow/.local/lib/python3.12/site-packages/airflow/example_dags/example_complex.py
[2025-03-17T14:29:22.162+0000] {logging_mixin.py:190} INFO - [2025-03-17T14:29:22.162+0000] {dag.py:3239} INFO - Sync 1 DAGs
[2025-03-17T14:29:22.170+0000] {logging_mixin.py:190} INFO - [2025-03-17T14:29:22.169+0000] {dag.py:4180} INFO - Setting next_dagrun for example_complex to None, run_after=None
[2025-03-17T14:29:22.178+0000] {processor.py:208} INFO - Processing /home/airflow/.local/lib/python3.12/site-packages/airflow/example_dags/example_complex.py took 0.042 seconds
[2025-03-17T14:29:53.114+0000] {processor.py:186} INFO - Started process (PID=1864) to work on /home/airflow/.local/lib/python3.12/site-packages/airflow/example_dags/example_complex.py
[2025-03-17T14:29:53.114+0000] {processor.py:914} INFO - Processing file /home/airflow/.local/lib/python3.12/site-packages/airflow/example_dags/example_complex.py for tasks to queue
[2025-03-17T14:29:53.115+0000] {logging_mixin.py:190} INFO - [2025-03-17T14:29:53.115+0000] {dagbag.py:588} INFO - Filling up the DagBag from /home/airflow/.local/lib/python3.12/site-packages/airflow/example_dags/example_complex.py
[2025-03-17T14:29:53.123+0000] {processor.py:925} INFO - DAG(s) 'example_complex' retrieved from /home/airflow/.local/lib/python3.12/site-packages/airflow/example_dags/example_complex.py
[2025-03-17T14:29:53.140+0000] {logging_mixin.py:190} INFO - [2025-03-17T14:29:53.140+0000] {dag.py:3239} INFO - Sync 1 DAGs
[2025-03-17T14:29:53.147+0000] {logging_mixin.py:190} INFO - [2025-03-17T14:29:53.147+0000] {dag.py:4180} INFO - Setting next_dagrun for example_complex to None, run_after=None
[2025-03-17T14:29:53.156+0000] {processor.py:208} INFO - Processing /home/airflow/.local/lib/python3.12/site-packages/airflow/example_dags/example_complex.py took 0.045 seconds
[2025-03-17T14:30:23.959+0000] {processor.py:186} INFO - Started process (PID=2158) to work on /home/airflow/.local/lib/python3.12/site-packages/airflow/example_dags/example_complex.py
[2025-03-17T14:30:23.959+0000] {processor.py:914} INFO - Processing file /home/airflow/.local/lib/python3.12/site-packages/airflow/example_dags/example_complex.py for tasks to queue
[2025-03-17T14:30:23.960+0000] {logging_mixin.py:190} INFO - [2025-03-17T14:30:23.960+0000] {dagbag.py:588} INFO - Filling up the DagBag from /home/airflow/.local/lib/python3.12/site-packages/airflow/example_dags/example_complex.py
[2025-03-17T14:30:23.967+0000] {processor.py:925} INFO - DAG(s) 'example_complex' retrieved from /home/airflow/.local/lib/python3.12/site-packages/airflow/example_dags/example_complex.py
[2025-03-17T14:30:23.981+0000] {logging_mixin.py:190} INFO - [2025-03-17T14:30:23.981+0000] {dag.py:3239} INFO - Sync 1 DAGs
[2025-03-17T14:30:23.989+0000] {logging_mixin.py:190} INFO - [2025-03-17T14:30:23.989+0000] {dag.py:4180} INFO - Setting next_dagrun for example_complex to None, run_after=None
[2025-03-17T14:30:23.997+0000] {processor.py:208} INFO - Processing /home/airflow/.local/lib/python3.12/site-packages/airflow/example_dags/example_complex.py took 0.041 seconds
[2025-03-17T14:30:54.999+0000] {processor.py:186} INFO - Started process (PID=2456) to work on /home/airflow/.local/lib/python3.12/site-packages/airflow/example_dags/example_complex.py
[2025-03-17T14:30:55.000+0000] {processor.py:914} INFO - Processing file /home/airflow/.local/lib/python3.12/site-packages/airflow/example_dags/example_complex.py for tasks to queue
[2025-03-17T14:30:55.001+0000] {logging_mixin.py:190} INFO - [2025-03-17T14:30:55.001+0000] {dagbag.py:588} INFO - Filling up the DagBag from /home/airflow/.local/lib/python3.12/site-packages/airflow/example_dags/example_complex.py
[2025-03-17T14:30:55.007+0000] {processor.py:925} INFO - DAG(s) 'example_complex' retrieved from /home/airflow/.local/lib/python3.12/site-packages/airflow/example_dags/example_complex.py
[2025-03-17T14:30:55.021+0000] {logging_mixin.py:190} INFO - [2025-03-17T14:30:55.021+0000] {dag.py:3239} INFO - Sync 1 DAGs
[2025-03-17T14:30:55.028+0000] {logging_mixin.py:190} INFO - [2025-03-17T14:30:55.028+0000] {dag.py:4180} INFO - Setting next_dagrun for example_complex to None, run_after=None
[2025-03-17T14:30:55.037+0000] {processor.py:208} INFO - Processing /home/airflow/.local/lib/python3.12/site-packages/airflow/example_dags/example_complex.py took 0.040 seconds
[2025-03-17T14:31:26.089+0000] {processor.py:186} INFO - Started process (PID=2752) to work on /home/airflow/.local/lib/python3.12/site-packages/airflow/example_dags/example_complex.py
[2025-03-17T14:31:26.090+0000] {processor.py:914} INFO - Processing file /home/airflow/.local/lib/python3.12/site-packages/airflow/example_dags/example_complex.py for tasks to queue
[2025-03-17T14:31:26.091+0000] {logging_mixin.py:190} INFO - [2025-03-17T14:31:26.091+0000] {dagbag.py:588} INFO - Filling up the DagBag from /home/airflow/.local/lib/python3.12/site-packages/airflow/example_dags/example_complex.py
[2025-03-17T14:31:26.096+0000] {processor.py:925} INFO - DAG(s) 'example_complex' retrieved from /home/airflow/.local/lib/python3.12/site-packages/airflow/example_dags/example_complex.py
[2025-03-17T14:31:26.111+0000] {logging_mixin.py:190} INFO - [2025-03-17T14:31:26.111+0000] {dag.py:3239} INFO - Sync 1 DAGs
[2025-03-17T14:31:26.118+0000] {logging_mixin.py:190} INFO - [2025-03-17T14:31:26.118+0000] {dag.py:4180} INFO - Setting next_dagrun for example_complex to None, run_after=None
[2025-03-17T14:31:26.125+0000] {processor.py:208} INFO - Processing /home/airflow/.local/lib/python3.12/site-packages/airflow/example_dags/example_complex.py took 0.040 seconds
[2025-03-17T14:31:57.225+0000] {processor.py:186} INFO - Started process (PID=3048) to work on /home/airflow/.local/lib/python3.12/site-packages/airflow/example_dags/example_complex.py
[2025-03-17T14:31:57.226+0000] {processor.py:914} INFO - Processing file /home/airflow/.local/lib/python3.12/site-packages/airflow/example_dags/example_complex.py for tasks to queue
[2025-03-17T14:31:57.227+0000] {logging_mixin.py:190} INFO - [2025-03-17T14:31:57.227+0000] {dagbag.py:588} INFO - Filling up the DagBag from /home/airflow/.local/lib/python3.12/site-packages/airflow/example_dags/example_complex.py
[2025-03-17T14:31:57.233+0000] {processor.py:925} INFO - DAG(s) 'example_complex' retrieved from /home/airflow/.local/lib/python3.12/site-packages/airflow/example_dags/example_complex.py
[2025-03-17T14:31:57.250+0000] {logging_mixin.py:190} INFO - [2025-03-17T14:31:57.250+0000] {dag.py:3239} INFO - Sync 1 DAGs
[2025-03-17T14:31:57.257+0000] {logging_mixin.py:190} INFO - [2025-03-17T14:31:57.257+0000] {dag.py:4180} INFO - Setting next_dagrun for example_complex to None, run_after=None
[2025-03-17T14:31:57.264+0000] {processor.py:208} INFO - Processing /home/airflow/.local/lib/python3.12/site-packages/airflow/example_dags/example_complex.py took 0.043 seconds
[2025-03-17T14:32:27.639+0000] {processor.py:186} INFO - Started process (PID=3344) to work on /home/airflow/.local/lib/python3.12/site-packages/airflow/example_dags/example_complex.py
[2025-03-17T14:32:27.640+0000] {processor.py:914} INFO - Processing file /home/airflow/.local/lib/python3.12/site-packages/airflow/example_dags/example_complex.py for tasks to queue
[2025-03-17T14:32:27.641+0000] {logging_mixin.py:190} INFO - [2025-03-17T14:32:27.641+0000] {dagbag.py:588} INFO - Filling up the DagBag from /home/airflow/.local/lib/python3.12/site-packages/airflow/example_dags/example_complex.py
[2025-03-17T14:32:27.646+0000] {processor.py:925} INFO - DAG(s) 'example_complex' retrieved from /home/airflow/.local/lib/python3.12/site-packages/airflow/example_dags/example_complex.py
[2025-03-17T14:32:27.661+0000] {logging_mixin.py:190} INFO - [2025-03-17T14:32:27.661+0000] {dag.py:3239} INFO - Sync 1 DAGs
[2025-03-17T14:32:27.668+0000] {logging_mixin.py:190} INFO - [2025-03-17T14:32:27.668+0000] {dag.py:4180} INFO - Setting next_dagrun for example_complex to None, run_after=None
[2025-03-17T14:32:27.681+0000] {processor.py:208} INFO - Processing /home/airflow/.local/lib/python3.12/site-packages/airflow/example_dags/example_complex.py took 0.045 seconds
[2025-03-17T14:32:58.426+0000] {processor.py:186} INFO - Started process (PID=3638) to work on /home/airflow/.local/lib/python3.12/site-packages/airflow/example_dags/example_complex.py
[2025-03-17T14:32:58.426+0000] {processor.py:914} INFO - Processing file /home/airflow/.local/lib/python3.12/site-packages/airflow/example_dags/example_complex.py for tasks to queue
[2025-03-17T14:32:58.427+0000] {logging_mixin.py:190} INFO - [2025-03-17T14:32:58.427+0000] {dagbag.py:588} INFO - Filling up the DagBag from /home/airflow/.local/lib/python3.12/site-packages/airflow/example_dags/example_complex.py
[2025-03-17T14:32:58.433+0000] {processor.py:925} INFO - DAG(s) 'example_complex' retrieved from /home/airflow/.local/lib/python3.12/site-packages/airflow/example_dags/example_complex.py
[2025-03-17T14:32:58.450+0000] {logging_mixin.py:190} INFO - [2025-03-17T14:32:58.450+0000] {dag.py:3239} INFO - Sync 1 DAGs
[2025-03-17T14:32:58.457+0000] {logging_mixin.py:190} INFO - [2025-03-17T14:32:58.457+0000] {dag.py:4180} INFO - Setting next_dagrun for example_complex to None, run_after=None
[2025-03-17T14:32:58.465+0000] {processor.py:208} INFO - Processing /home/airflow/.local/lib/python3.12/site-packages/airflow/example_dags/example_complex.py took 0.043 seconds
