[2025-03-17T13:55:40.290+0000] {processor.py:186} INFO - Started process (PID=282) to work on /home/airflow/.local/lib/python3.12/site-packages/airflow/example_dags/example_branch_operator.py
[2025-03-17T13:55:40.290+0000] {processor.py:914} INFO - Processing file /home/airflow/.local/lib/python3.12/site-packages/airflow/example_dags/example_branch_operator.py for tasks to queue
[2025-03-17T13:55:40.292+0000] {logging_mixin.py:190} INFO - [2025-03-17T13:55:40.291+0000] {dagbag.py:588} INFO - Filling up the DagBag from /home/airflow/.local/lib/python3.12/site-packages/airflow/example_dags/example_branch_operator.py
[2025-03-17T13:55:40.303+0000] {processor.py:925} INFO - DAG(s) 'example_branch_operator' retrieved from /home/airflow/.local/lib/python3.12/site-packages/airflow/example_dags/example_branch_operator.py
[2025-03-17T13:55:40.359+0000] {logging_mixin.py:190} INFO - [2025-03-17T13:55:40.359+0000] {override.py:1912} INFO - Created Permission View: can delete on DAG:example_branch_operator
[2025-03-17T13:55:40.363+0000] {logging_mixin.py:190} INFO - [2025-03-17T13:55:40.363+0000] {override.py:1912} INFO - Created Permission View: can edit on DAG:example_branch_operator
[2025-03-17T13:55:40.366+0000] {logging_mixin.py:190} INFO - [2025-03-17T13:55:40.365+0000] {override.py:1912} INFO - Created Permission View: can read on DAG:example_branch_operator
[2025-03-17T13:55:40.368+0000] {logging_mixin.py:190} INFO - [2025-03-17T13:55:40.368+0000] {override.py:1912} INFO - Created Permission View: menu access on DAG Run:example_branch_operator
[2025-03-17T13:55:40.370+0000] {logging_mixin.py:190} INFO - [2025-03-17T13:55:40.370+0000] {override.py:1912} INFO - Created Permission View: can delete on DAG Run:example_branch_operator
[2025-03-17T13:55:40.372+0000] {logging_mixin.py:190} INFO - [2025-03-17T13:55:40.372+0000] {override.py:1912} INFO - Created Permission View: can create on DAG Run:example_branch_operator
[2025-03-17T13:55:40.375+0000] {logging_mixin.py:190} INFO - [2025-03-17T13:55:40.374+0000] {override.py:1912} INFO - Created Permission View: can read on DAG Run:example_branch_operator
[2025-03-17T13:55:40.375+0000] {logging_mixin.py:190} INFO - [2025-03-17T13:55:40.375+0000] {dag.py:3239} INFO - Sync 1 DAGs
[2025-03-17T13:55:40.382+0000] {logging_mixin.py:190} INFO - [2025-03-17T13:55:40.381+0000] {dag.py:3262} INFO - Creating ORM DAG for example_branch_operator
[2025-03-17T13:55:40.388+0000] {logging_mixin.py:190} INFO - [2025-03-17T13:55:40.387+0000] {dag.py:4180} INFO - Setting next_dagrun for example_branch_operator to 2025-03-16 00:00:00+00:00, run_after=2025-03-17 00:00:00+00:00
[2025-03-17T13:55:40.395+0000] {processor.py:208} INFO - Processing /home/airflow/.local/lib/python3.12/site-packages/airflow/example_dags/example_branch_operator.py took 0.109 seconds
[2025-03-17T13:56:11.265+0000] {processor.py:186} INFO - Started process (PID=573) to work on /home/airflow/.local/lib/python3.12/site-packages/airflow/example_dags/example_branch_operator.py
[2025-03-17T13:56:11.266+0000] {processor.py:914} INFO - Processing file /home/airflow/.local/lib/python3.12/site-packages/airflow/example_dags/example_branch_operator.py for tasks to queue
[2025-03-17T13:56:11.267+0000] {logging_mixin.py:190} INFO - [2025-03-17T13:56:11.267+0000] {dagbag.py:588} INFO - Filling up the DagBag from /home/airflow/.local/lib/python3.12/site-packages/airflow/example_dags/example_branch_operator.py
[2025-03-17T13:56:11.276+0000] {processor.py:925} INFO - DAG(s) 'example_branch_operator' retrieved from /home/airflow/.local/lib/python3.12/site-packages/airflow/example_dags/example_branch_operator.py
[2025-03-17T13:56:11.290+0000] {logging_mixin.py:190} INFO - [2025-03-17T13:56:11.290+0000] {dag.py:3239} INFO - Sync 1 DAGs
[2025-03-17T13:56:11.302+0000] {logging_mixin.py:190} INFO - [2025-03-17T13:56:11.301+0000] {dag.py:4180} INFO - Setting next_dagrun for example_branch_operator to 2025-03-16 00:00:00+00:00, run_after=2025-03-17 00:00:00+00:00
[2025-03-17T13:56:11.309+0000] {processor.py:208} INFO - Processing /home/airflow/.local/lib/python3.12/site-packages/airflow/example_dags/example_branch_operator.py took 0.046 seconds
[2025-03-17T14:27:17.808+0000] {processor.py:186} INFO - Started process (PID=287) to work on /home/airflow/.local/lib/python3.12/site-packages/airflow/example_dags/example_branch_operator.py
[2025-03-17T14:27:17.809+0000] {processor.py:914} INFO - Processing file /home/airflow/.local/lib/python3.12/site-packages/airflow/example_dags/example_branch_operator.py for tasks to queue
[2025-03-17T14:27:17.810+0000] {logging_mixin.py:190} INFO - [2025-03-17T14:27:17.810+0000] {dagbag.py:588} INFO - Filling up the DagBag from /home/airflow/.local/lib/python3.12/site-packages/airflow/example_dags/example_branch_operator.py
[2025-03-17T14:27:17.819+0000] {processor.py:925} INFO - DAG(s) 'example_branch_operator' retrieved from /home/airflow/.local/lib/python3.12/site-packages/airflow/example_dags/example_branch_operator.py
[2025-03-17T14:27:17.879+0000] {logging_mixin.py:190} INFO - [2025-03-17T14:27:17.879+0000] {dag.py:3239} INFO - Sync 1 DAGs
[2025-03-17T14:27:17.892+0000] {logging_mixin.py:190} INFO - [2025-03-17T14:27:17.892+0000] {dag.py:4180} INFO - Setting next_dagrun for example_branch_operator to 2025-03-16 00:00:00+00:00, run_after=2025-03-17 00:00:00+00:00
[2025-03-17T14:27:17.900+0000] {processor.py:208} INFO - Processing /home/airflow/.local/lib/python3.12/site-packages/airflow/example_dags/example_branch_operator.py took 0.094 seconds
[2025-03-17T14:27:48.675+0000] {processor.py:186} INFO - Started process (PID=583) to work on /home/airflow/.local/lib/python3.12/site-packages/airflow/example_dags/example_branch_operator.py
[2025-03-17T14:27:48.675+0000] {processor.py:914} INFO - Processing file /home/airflow/.local/lib/python3.12/site-packages/airflow/example_dags/example_branch_operator.py for tasks to queue
[2025-03-17T14:27:48.676+0000] {logging_mixin.py:190} INFO - [2025-03-17T14:27:48.676+0000] {dagbag.py:588} INFO - Filling up the DagBag from /home/airflow/.local/lib/python3.12/site-packages/airflow/example_dags/example_branch_operator.py
[2025-03-17T14:27:48.685+0000] {processor.py:925} INFO - DAG(s) 'example_branch_operator' retrieved from /home/airflow/.local/lib/python3.12/site-packages/airflow/example_dags/example_branch_operator.py
[2025-03-17T14:27:48.700+0000] {logging_mixin.py:190} INFO - [2025-03-17T14:27:48.700+0000] {dag.py:3239} INFO - Sync 1 DAGs
[2025-03-17T14:27:48.713+0000] {logging_mixin.py:190} INFO - [2025-03-17T14:27:48.713+0000] {dag.py:4180} INFO - Setting next_dagrun for example_branch_operator to 2025-03-16 00:00:00+00:00, run_after=2025-03-17 00:00:00+00:00
[2025-03-17T14:27:48.722+0000] {processor.py:208} INFO - Processing /home/airflow/.local/lib/python3.12/site-packages/airflow/example_dags/example_branch_operator.py took 0.050 seconds
[2025-03-17T14:28:19.676+0000] {processor.py:186} INFO - Started process (PID=879) to work on /home/airflow/.local/lib/python3.12/site-packages/airflow/example_dags/example_branch_operator.py
[2025-03-17T14:28:19.676+0000] {processor.py:914} INFO - Processing file /home/airflow/.local/lib/python3.12/site-packages/airflow/example_dags/example_branch_operator.py for tasks to queue
[2025-03-17T14:28:19.677+0000] {logging_mixin.py:190} INFO - [2025-03-17T14:28:19.677+0000] {dagbag.py:588} INFO - Filling up the DagBag from /home/airflow/.local/lib/python3.12/site-packages/airflow/example_dags/example_branch_operator.py
[2025-03-17T14:28:19.686+0000] {processor.py:925} INFO - DAG(s) 'example_branch_operator' retrieved from /home/airflow/.local/lib/python3.12/site-packages/airflow/example_dags/example_branch_operator.py
[2025-03-17T14:28:19.701+0000] {logging_mixin.py:190} INFO - [2025-03-17T14:28:19.701+0000] {dag.py:3239} INFO - Sync 1 DAGs
[2025-03-17T14:28:19.713+0000] {logging_mixin.py:190} INFO - [2025-03-17T14:28:19.713+0000] {dag.py:4180} INFO - Setting next_dagrun for example_branch_operator to 2025-03-16 00:00:00+00:00, run_after=2025-03-17 00:00:00+00:00
[2025-03-17T14:28:19.720+0000] {processor.py:208} INFO - Processing /home/airflow/.local/lib/python3.12/site-packages/airflow/example_dags/example_branch_operator.py took 0.047 seconds
[2025-03-17T14:28:50.199+0000] {processor.py:186} INFO - Started process (PID=1175) to work on /home/airflow/.local/lib/python3.12/site-packages/airflow/example_dags/example_branch_operator.py
[2025-03-17T14:28:50.199+0000] {processor.py:914} INFO - Processing file /home/airflow/.local/lib/python3.12/site-packages/airflow/example_dags/example_branch_operator.py for tasks to queue
[2025-03-17T14:28:50.200+0000] {logging_mixin.py:190} INFO - [2025-03-17T14:28:50.200+0000] {dagbag.py:588} INFO - Filling up the DagBag from /home/airflow/.local/lib/python3.12/site-packages/airflow/example_dags/example_branch_operator.py
[2025-03-17T14:28:50.209+0000] {processor.py:925} INFO - DAG(s) 'example_branch_operator' retrieved from /home/airflow/.local/lib/python3.12/site-packages/airflow/example_dags/example_branch_operator.py
[2025-03-17T14:28:50.224+0000] {logging_mixin.py:190} INFO - [2025-03-17T14:28:50.224+0000] {dag.py:3239} INFO - Sync 1 DAGs
[2025-03-17T14:28:50.237+0000] {logging_mixin.py:190} INFO - [2025-03-17T14:28:50.237+0000] {dag.py:4180} INFO - Setting next_dagrun for example_branch_operator to 2025-03-16 00:00:00+00:00, run_after=2025-03-17 00:00:00+00:00
[2025-03-17T14:28:50.245+0000] {processor.py:208} INFO - Processing /home/airflow/.local/lib/python3.12/site-packages/airflow/example_dags/example_branch_operator.py took 0.049 seconds
[2025-03-17T14:29:20.771+0000] {processor.py:186} INFO - Started process (PID=1471) to work on /home/airflow/.local/lib/python3.12/site-packages/airflow/example_dags/example_branch_operator.py
[2025-03-17T14:29:20.772+0000] {processor.py:914} INFO - Processing file /home/airflow/.local/lib/python3.12/site-packages/airflow/example_dags/example_branch_operator.py for tasks to queue
[2025-03-17T14:29:20.773+0000] {logging_mixin.py:190} INFO - [2025-03-17T14:29:20.773+0000] {dagbag.py:588} INFO - Filling up the DagBag from /home/airflow/.local/lib/python3.12/site-packages/airflow/example_dags/example_branch_operator.py
[2025-03-17T14:29:20.783+0000] {processor.py:925} INFO - DAG(s) 'example_branch_operator' retrieved from /home/airflow/.local/lib/python3.12/site-packages/airflow/example_dags/example_branch_operator.py
[2025-03-17T14:29:20.799+0000] {logging_mixin.py:190} INFO - [2025-03-17T14:29:20.799+0000] {dag.py:3239} INFO - Sync 1 DAGs
[2025-03-17T14:29:20.813+0000] {logging_mixin.py:190} INFO - [2025-03-17T14:29:20.813+0000] {dag.py:4180} INFO - Setting next_dagrun for example_branch_operator to 2025-03-16 00:00:00+00:00, run_after=2025-03-17 00:00:00+00:00
[2025-03-17T14:29:20.821+0000] {processor.py:208} INFO - Processing /home/airflow/.local/lib/python3.12/site-packages/airflow/example_dags/example_branch_operator.py took 0.053 seconds
[2025-03-17T14:29:51.697+0000] {processor.py:186} INFO - Started process (PID=1767) to work on /home/airflow/.local/lib/python3.12/site-packages/airflow/example_dags/example_branch_operator.py
[2025-03-17T14:29:51.697+0000] {processor.py:914} INFO - Processing file /home/airflow/.local/lib/python3.12/site-packages/airflow/example_dags/example_branch_operator.py for tasks to queue
[2025-03-17T14:29:51.698+0000] {logging_mixin.py:190} INFO - [2025-03-17T14:29:51.698+0000] {dagbag.py:588} INFO - Filling up the DagBag from /home/airflow/.local/lib/python3.12/site-packages/airflow/example_dags/example_branch_operator.py
[2025-03-17T14:29:51.708+0000] {processor.py:925} INFO - DAG(s) 'example_branch_operator' retrieved from /home/airflow/.local/lib/python3.12/site-packages/airflow/example_dags/example_branch_operator.py
[2025-03-17T14:29:51.722+0000] {logging_mixin.py:190} INFO - [2025-03-17T14:29:51.722+0000] {dag.py:3239} INFO - Sync 1 DAGs
[2025-03-17T14:29:51.734+0000] {logging_mixin.py:190} INFO - [2025-03-17T14:29:51.734+0000] {dag.py:4180} INFO - Setting next_dagrun for example_branch_operator to 2025-03-16 00:00:00+00:00, run_after=2025-03-17 00:00:00+00:00
[2025-03-17T14:29:51.743+0000] {processor.py:208} INFO - Processing /home/airflow/.local/lib/python3.12/site-packages/airflow/example_dags/example_branch_operator.py took 0.049 seconds
[2025-03-17T14:30:22.758+0000] {processor.py:186} INFO - Started process (PID=2063) to work on /home/airflow/.local/lib/python3.12/site-packages/airflow/example_dags/example_branch_operator.py
[2025-03-17T14:30:22.758+0000] {processor.py:914} INFO - Processing file /home/airflow/.local/lib/python3.12/site-packages/airflow/example_dags/example_branch_operator.py for tasks to queue
[2025-03-17T14:30:22.759+0000] {logging_mixin.py:190} INFO - [2025-03-17T14:30:22.759+0000] {dagbag.py:588} INFO - Filling up the DagBag from /home/airflow/.local/lib/python3.12/site-packages/airflow/example_dags/example_branch_operator.py
[2025-03-17T14:30:22.768+0000] {processor.py:925} INFO - DAG(s) 'example_branch_operator' retrieved from /home/airflow/.local/lib/python3.12/site-packages/airflow/example_dags/example_branch_operator.py
[2025-03-17T14:30:22.783+0000] {logging_mixin.py:190} INFO - [2025-03-17T14:30:22.783+0000] {dag.py:3239} INFO - Sync 1 DAGs
[2025-03-17T14:30:22.795+0000] {logging_mixin.py:190} INFO - [2025-03-17T14:30:22.795+0000] {dag.py:4180} INFO - Setting next_dagrun for example_branch_operator to 2025-03-16 00:00:00+00:00, run_after=2025-03-17 00:00:00+00:00
[2025-03-17T14:30:22.803+0000] {processor.py:208} INFO - Processing /home/airflow/.local/lib/python3.12/site-packages/airflow/example_dags/example_branch_operator.py took 0.048 seconds
[2025-03-17T14:30:53.547+0000] {processor.py:186} INFO - Started process (PID=2359) to work on /home/airflow/.local/lib/python3.12/site-packages/airflow/example_dags/example_branch_operator.py
[2025-03-17T14:30:53.548+0000] {processor.py:914} INFO - Processing file /home/airflow/.local/lib/python3.12/site-packages/airflow/example_dags/example_branch_operator.py for tasks to queue
[2025-03-17T14:30:53.548+0000] {logging_mixin.py:190} INFO - [2025-03-17T14:30:53.548+0000] {dagbag.py:588} INFO - Filling up the DagBag from /home/airflow/.local/lib/python3.12/site-packages/airflow/example_dags/example_branch_operator.py
[2025-03-17T14:30:53.557+0000] {processor.py:925} INFO - DAG(s) 'example_branch_operator' retrieved from /home/airflow/.local/lib/python3.12/site-packages/airflow/example_dags/example_branch_operator.py
[2025-03-17T14:30:53.571+0000] {logging_mixin.py:190} INFO - [2025-03-17T14:30:53.571+0000] {dag.py:3239} INFO - Sync 1 DAGs
[2025-03-17T14:30:53.583+0000] {logging_mixin.py:190} INFO - [2025-03-17T14:30:53.583+0000] {dag.py:4180} INFO - Setting next_dagrun for example_branch_operator to 2025-03-16 00:00:00+00:00, run_after=2025-03-17 00:00:00+00:00
[2025-03-17T14:30:53.591+0000] {processor.py:208} INFO - Processing /home/airflow/.local/lib/python3.12/site-packages/airflow/example_dags/example_branch_operator.py took 0.047 seconds
[2025-03-17T14:31:23.616+0000] {processor.py:186} INFO - Started process (PID=2652) to work on /home/airflow/.local/lib/python3.12/site-packages/airflow/example_dags/example_branch_operator.py
[2025-03-17T14:31:23.617+0000] {processor.py:914} INFO - Processing file /home/airflow/.local/lib/python3.12/site-packages/airflow/example_dags/example_branch_operator.py for tasks to queue
[2025-03-17T14:31:23.618+0000] {logging_mixin.py:190} INFO - [2025-03-17T14:31:23.618+0000] {dagbag.py:588} INFO - Filling up the DagBag from /home/airflow/.local/lib/python3.12/site-packages/airflow/example_dags/example_branch_operator.py
[2025-03-17T14:31:23.627+0000] {processor.py:925} INFO - DAG(s) 'example_branch_operator' retrieved from /home/airflow/.local/lib/python3.12/site-packages/airflow/example_dags/example_branch_operator.py
[2025-03-17T14:31:23.643+0000] {logging_mixin.py:190} INFO - [2025-03-17T14:31:23.643+0000] {dag.py:3239} INFO - Sync 1 DAGs
[2025-03-17T14:31:23.655+0000] {logging_mixin.py:190} INFO - [2025-03-17T14:31:23.655+0000] {dag.py:4180} INFO - Setting next_dagrun for example_branch_operator to 2025-03-16 00:00:00+00:00, run_after=2025-03-17 00:00:00+00:00
[2025-03-17T14:31:23.662+0000] {processor.py:208} INFO - Processing /home/airflow/.local/lib/python3.12/site-packages/airflow/example_dags/example_branch_operator.py took 0.049 seconds
[2025-03-17T14:31:53.694+0000] {processor.py:186} INFO - Started process (PID=2948) to work on /home/airflow/.local/lib/python3.12/site-packages/airflow/example_dags/example_branch_operator.py
[2025-03-17T14:31:53.695+0000] {processor.py:914} INFO - Processing file /home/airflow/.local/lib/python3.12/site-packages/airflow/example_dags/example_branch_operator.py for tasks to queue
[2025-03-17T14:31:53.696+0000] {logging_mixin.py:190} INFO - [2025-03-17T14:31:53.696+0000] {dagbag.py:588} INFO - Filling up the DagBag from /home/airflow/.local/lib/python3.12/site-packages/airflow/example_dags/example_branch_operator.py
[2025-03-17T14:31:53.704+0000] {processor.py:925} INFO - DAG(s) 'example_branch_operator' retrieved from /home/airflow/.local/lib/python3.12/site-packages/airflow/example_dags/example_branch_operator.py
[2025-03-17T14:31:53.717+0000] {logging_mixin.py:190} INFO - [2025-03-17T14:31:53.717+0000] {dag.py:3239} INFO - Sync 1 DAGs
[2025-03-17T14:31:53.729+0000] {logging_mixin.py:190} INFO - [2025-03-17T14:31:53.729+0000] {dag.py:4180} INFO - Setting next_dagrun for example_branch_operator to 2025-03-16 00:00:00+00:00, run_after=2025-03-17 00:00:00+00:00
[2025-03-17T14:31:53.736+0000] {processor.py:208} INFO - Processing /home/airflow/.local/lib/python3.12/site-packages/airflow/example_dags/example_branch_operator.py took 0.045 seconds
[2025-03-17T14:32:23.767+0000] {processor.py:186} INFO - Started process (PID=3244) to work on /home/airflow/.local/lib/python3.12/site-packages/airflow/example_dags/example_branch_operator.py
[2025-03-17T14:32:23.767+0000] {processor.py:914} INFO - Processing file /home/airflow/.local/lib/python3.12/site-packages/airflow/example_dags/example_branch_operator.py for tasks to queue
[2025-03-17T14:32:23.769+0000] {logging_mixin.py:190} INFO - [2025-03-17T14:32:23.768+0000] {dagbag.py:588} INFO - Filling up the DagBag from /home/airflow/.local/lib/python3.12/site-packages/airflow/example_dags/example_branch_operator.py
[2025-03-17T14:32:23.778+0000] {processor.py:925} INFO - DAG(s) 'example_branch_operator' retrieved from /home/airflow/.local/lib/python3.12/site-packages/airflow/example_dags/example_branch_operator.py
[2025-03-17T14:32:23.792+0000] {logging_mixin.py:190} INFO - [2025-03-17T14:32:23.792+0000] {dag.py:3239} INFO - Sync 1 DAGs
[2025-03-17T14:32:23.804+0000] {logging_mixin.py:190} INFO - [2025-03-17T14:32:23.803+0000] {dag.py:4180} INFO - Setting next_dagrun for example_branch_operator to 2025-03-16 00:00:00+00:00, run_after=2025-03-17 00:00:00+00:00
[2025-03-17T14:32:23.811+0000] {processor.py:208} INFO - Processing /home/airflow/.local/lib/python3.12/site-packages/airflow/example_dags/example_branch_operator.py took 0.048 seconds
[2025-03-17T14:32:54.084+0000] {processor.py:186} INFO - Started process (PID=3540) to work on /home/airflow/.local/lib/python3.12/site-packages/airflow/example_dags/example_branch_operator.py
[2025-03-17T14:32:54.084+0000] {processor.py:914} INFO - Processing file /home/airflow/.local/lib/python3.12/site-packages/airflow/example_dags/example_branch_operator.py for tasks to queue
[2025-03-17T14:32:54.085+0000] {logging_mixin.py:190} INFO - [2025-03-17T14:32:54.085+0000] {dagbag.py:588} INFO - Filling up the DagBag from /home/airflow/.local/lib/python3.12/site-packages/airflow/example_dags/example_branch_operator.py
[2025-03-17T14:32:54.094+0000] {processor.py:925} INFO - DAG(s) 'example_branch_operator' retrieved from /home/airflow/.local/lib/python3.12/site-packages/airflow/example_dags/example_branch_operator.py
[2025-03-17T14:32:54.108+0000] {logging_mixin.py:190} INFO - [2025-03-17T14:32:54.108+0000] {dag.py:3239} INFO - Sync 1 DAGs
[2025-03-17T14:32:54.120+0000] {logging_mixin.py:190} INFO - [2025-03-17T14:32:54.120+0000] {dag.py:4180} INFO - Setting next_dagrun for example_branch_operator to 2025-03-16 00:00:00+00:00, run_after=2025-03-17 00:00:00+00:00
[2025-03-17T14:32:54.127+0000] {processor.py:208} INFO - Processing /home/airflow/.local/lib/python3.12/site-packages/airflow/example_dags/example_branch_operator.py took 0.046 seconds
