[2025-03-17T13:55:38.966+0000] {processor.py:186} INFO - Started process (PID=198) to work on /home/airflow/.local/lib/python3.12/site-packages/airflow/example_dags/example_external_task_marker_dag.py
[2025-03-17T13:55:38.966+0000] {processor.py:914} INFO - Processing file /home/airflow/.local/lib/python3.12/site-packages/airflow/example_dags/example_external_task_marker_dag.py for tasks to queue
[2025-03-17T13:55:38.967+0000] {logging_mixin.py:190} INFO - [2025-03-17T13:55:38.967+0000] {dagbag.py:588} INFO - Filling up the DagBag from /home/airflow/.local/lib/python3.12/site-packages/airflow/example_dags/example_external_task_marker_dag.py
[2025-03-17T13:55:38.973+0000] {processor.py:925} INFO - DAG(s) 'example_external_task_marker_child', 'example_external_task_marker_parent' retrieved from /home/airflow/.local/lib/python3.12/site-packages/airflow/example_dags/example_external_task_marker_dag.py
[2025-03-17T13:55:39.027+0000] {logging_mixin.py:190} INFO - [2025-03-17T13:55:39.026+0000] {override.py:1912} INFO - Created Permission View: can delete on DAG:example_external_task_marker_child
[2025-03-17T13:55:39.030+0000] {logging_mixin.py:190} INFO - [2025-03-17T13:55:39.030+0000] {override.py:1912} INFO - Created Permission View: can edit on DAG:example_external_task_marker_child
[2025-03-17T13:55:39.033+0000] {logging_mixin.py:190} INFO - [2025-03-17T13:55:39.033+0000] {override.py:1912} INFO - Created Permission View: can read on DAG:example_external_task_marker_child
[2025-03-17T13:55:39.035+0000] {logging_mixin.py:190} INFO - [2025-03-17T13:55:39.035+0000] {override.py:1912} INFO - Created Permission View: menu access on DAG Run:example_external_task_marker_child
[2025-03-17T13:55:39.038+0000] {logging_mixin.py:190} INFO - [2025-03-17T13:55:39.038+0000] {override.py:1912} INFO - Created Permission View: can delete on DAG Run:example_external_task_marker_child
[2025-03-17T13:55:39.041+0000] {logging_mixin.py:190} INFO - [2025-03-17T13:55:39.040+0000] {override.py:1912} INFO - Created Permission View: can create on DAG Run:example_external_task_marker_child
[2025-03-17T13:55:39.043+0000] {logging_mixin.py:190} INFO - [2025-03-17T13:55:39.043+0000] {override.py:1912} INFO - Created Permission View: can read on DAG Run:example_external_task_marker_child
[2025-03-17T13:55:39.049+0000] {logging_mixin.py:190} INFO - [2025-03-17T13:55:39.048+0000] {override.py:1912} INFO - Created Permission View: can delete on DAG:example_external_task_marker_parent
[2025-03-17T13:55:39.051+0000] {logging_mixin.py:190} INFO - [2025-03-17T13:55:39.051+0000] {override.py:1912} INFO - Created Permission View: can edit on DAG:example_external_task_marker_parent
[2025-03-17T13:55:39.053+0000] {logging_mixin.py:190} INFO - [2025-03-17T13:55:39.053+0000] {override.py:1912} INFO - Created Permission View: can read on DAG:example_external_task_marker_parent
[2025-03-17T13:55:39.056+0000] {logging_mixin.py:190} INFO - [2025-03-17T13:55:39.056+0000] {override.py:1912} INFO - Created Permission View: menu access on DAG Run:example_external_task_marker_parent
[2025-03-17T13:55:39.059+0000] {logging_mixin.py:190} INFO - [2025-03-17T13:55:39.058+0000] {override.py:1912} INFO - Created Permission View: can delete on DAG Run:example_external_task_marker_parent
[2025-03-17T13:55:39.061+0000] {logging_mixin.py:190} INFO - [2025-03-17T13:55:39.061+0000] {override.py:1912} INFO - Created Permission View: can create on DAG Run:example_external_task_marker_parent
[2025-03-17T13:55:39.063+0000] {logging_mixin.py:190} INFO - [2025-03-17T13:55:39.063+0000] {override.py:1912} INFO - Created Permission View: can read on DAG Run:example_external_task_marker_parent
[2025-03-17T13:55:39.063+0000] {logging_mixin.py:190} INFO - [2025-03-17T13:55:39.063+0000] {dag.py:3239} INFO - Sync 2 DAGs
[2025-03-17T13:55:39.069+0000] {logging_mixin.py:190} INFO - [2025-03-17T13:55:39.069+0000] {dag.py:3262} INFO - Creating ORM DAG for example_external_task_marker_parent
[2025-03-17T13:55:39.069+0000] {logging_mixin.py:190} INFO - [2025-03-17T13:55:39.069+0000] {dag.py:3262} INFO - Creating ORM DAG for example_external_task_marker_child
[2025-03-17T13:55:39.070+0000] {logging_mixin.py:190} INFO - [2025-03-17T13:55:39.070+0000] {dag.py:4180} INFO - Setting next_dagrun for example_external_task_marker_child to None, run_after=None
[2025-03-17T13:55:39.070+0000] {logging_mixin.py:190} INFO - [2025-03-17T13:55:39.070+0000] {dag.py:4180} INFO - Setting next_dagrun for example_external_task_marker_parent to None, run_after=None
[2025-03-17T13:55:39.080+0000] {processor.py:208} INFO - Processing /home/airflow/.local/lib/python3.12/site-packages/airflow/example_dags/example_external_task_marker_dag.py took 0.117 seconds
[2025-03-17T13:56:09.783+0000] {processor.py:186} INFO - Started process (PID=495) to work on /home/airflow/.local/lib/python3.12/site-packages/airflow/example_dags/example_external_task_marker_dag.py
[2025-03-17T13:56:09.784+0000] {processor.py:914} INFO - Processing file /home/airflow/.local/lib/python3.12/site-packages/airflow/example_dags/example_external_task_marker_dag.py for tasks to queue
[2025-03-17T13:56:09.785+0000] {logging_mixin.py:190} INFO - [2025-03-17T13:56:09.785+0000] {dagbag.py:588} INFO - Filling up the DagBag from /home/airflow/.local/lib/python3.12/site-packages/airflow/example_dags/example_external_task_marker_dag.py
[2025-03-17T13:56:09.789+0000] {processor.py:925} INFO - DAG(s) 'example_external_task_marker_child', 'example_external_task_marker_parent' retrieved from /home/airflow/.local/lib/python3.12/site-packages/airflow/example_dags/example_external_task_marker_dag.py
[2025-03-17T13:56:09.801+0000] {logging_mixin.py:190} INFO - [2025-03-17T13:56:09.801+0000] {dag.py:3239} INFO - Sync 2 DAGs
[2025-03-17T13:56:09.809+0000] {logging_mixin.py:190} INFO - [2025-03-17T13:56:09.809+0000] {dag.py:4180} INFO - Setting next_dagrun for example_external_task_marker_child to None, run_after=None
[2025-03-17T13:56:09.811+0000] {logging_mixin.py:190} INFO - [2025-03-17T13:56:09.811+0000] {dag.py:4180} INFO - Setting next_dagrun for example_external_task_marker_parent to None, run_after=None
[2025-03-17T13:56:09.819+0000] {processor.py:208} INFO - Processing /home/airflow/.local/lib/python3.12/site-packages/airflow/example_dags/example_external_task_marker_dag.py took 0.038 seconds
[2025-03-17T14:27:16.670+0000] {processor.py:186} INFO - Started process (PID=203) to work on /home/airflow/.local/lib/python3.12/site-packages/airflow/example_dags/example_external_task_marker_dag.py
[2025-03-17T14:27:16.671+0000] {processor.py:914} INFO - Processing file /home/airflow/.local/lib/python3.12/site-packages/airflow/example_dags/example_external_task_marker_dag.py for tasks to queue
[2025-03-17T14:27:16.672+0000] {logging_mixin.py:190} INFO - [2025-03-17T14:27:16.672+0000] {dagbag.py:588} INFO - Filling up the DagBag from /home/airflow/.local/lib/python3.12/site-packages/airflow/example_dags/example_external_task_marker_dag.py
[2025-03-17T14:27:16.677+0000] {processor.py:925} INFO - DAG(s) 'example_external_task_marker_parent', 'example_external_task_marker_child' retrieved from /home/airflow/.local/lib/python3.12/site-packages/airflow/example_dags/example_external_task_marker_dag.py
[2025-03-17T14:27:16.739+0000] {logging_mixin.py:190} INFO - [2025-03-17T14:27:16.738+0000] {dag.py:3239} INFO - Sync 2 DAGs
[2025-03-17T14:27:16.744+0000] {logging_mixin.py:190} INFO - [2025-03-17T14:27:16.744+0000] {dag.py:4180} INFO - Setting next_dagrun for example_external_task_marker_child to None, run_after=None
[2025-03-17T14:27:16.746+0000] {logging_mixin.py:190} INFO - [2025-03-17T14:27:16.746+0000] {dag.py:4180} INFO - Setting next_dagrun for example_external_task_marker_parent to None, run_after=None
[2025-03-17T14:27:16.754+0000] {processor.py:208} INFO - Processing /home/airflow/.local/lib/python3.12/site-packages/airflow/example_dags/example_external_task_marker_dag.py took 0.087 seconds
[2025-03-17T14:27:47.038+0000] {processor.py:186} INFO - Started process (PID=497) to work on /home/airflow/.local/lib/python3.12/site-packages/airflow/example_dags/example_external_task_marker_dag.py
[2025-03-17T14:27:47.038+0000] {processor.py:914} INFO - Processing file /home/airflow/.local/lib/python3.12/site-packages/airflow/example_dags/example_external_task_marker_dag.py for tasks to queue
[2025-03-17T14:27:47.039+0000] {logging_mixin.py:190} INFO - [2025-03-17T14:27:47.039+0000] {dagbag.py:588} INFO - Filling up the DagBag from /home/airflow/.local/lib/python3.12/site-packages/airflow/example_dags/example_external_task_marker_dag.py
[2025-03-17T14:27:47.043+0000] {processor.py:925} INFO - DAG(s) 'example_external_task_marker_parent', 'example_external_task_marker_child' retrieved from /home/airflow/.local/lib/python3.12/site-packages/airflow/example_dags/example_external_task_marker_dag.py
[2025-03-17T14:27:47.054+0000] {logging_mixin.py:190} INFO - [2025-03-17T14:27:47.054+0000] {dag.py:3239} INFO - Sync 2 DAGs
[2025-03-17T14:27:47.060+0000] {logging_mixin.py:190} INFO - [2025-03-17T14:27:47.060+0000] {dag.py:4180} INFO - Setting next_dagrun for example_external_task_marker_child to None, run_after=None
[2025-03-17T14:27:47.062+0000] {logging_mixin.py:190} INFO - [2025-03-17T14:27:47.062+0000] {dag.py:4180} INFO - Setting next_dagrun for example_external_task_marker_parent to None, run_after=None
[2025-03-17T14:27:47.070+0000] {processor.py:208} INFO - Processing /home/airflow/.local/lib/python3.12/site-packages/airflow/example_dags/example_external_task_marker_dag.py took 0.035 seconds
[2025-03-17T14:28:17.096+0000] {processor.py:186} INFO - Started process (PID=790) to work on /home/airflow/.local/lib/python3.12/site-packages/airflow/example_dags/example_external_task_marker_dag.py
[2025-03-17T14:28:17.096+0000] {processor.py:914} INFO - Processing file /home/airflow/.local/lib/python3.12/site-packages/airflow/example_dags/example_external_task_marker_dag.py for tasks to queue
[2025-03-17T14:28:17.097+0000] {logging_mixin.py:190} INFO - [2025-03-17T14:28:17.097+0000] {dagbag.py:588} INFO - Filling up the DagBag from /home/airflow/.local/lib/python3.12/site-packages/airflow/example_dags/example_external_task_marker_dag.py
[2025-03-17T14:28:17.101+0000] {processor.py:925} INFO - DAG(s) 'example_external_task_marker_child', 'example_external_task_marker_parent' retrieved from /home/airflow/.local/lib/python3.12/site-packages/airflow/example_dags/example_external_task_marker_dag.py
[2025-03-17T14:28:17.112+0000] {logging_mixin.py:190} INFO - [2025-03-17T14:28:17.112+0000] {dag.py:3239} INFO - Sync 2 DAGs
[2025-03-17T14:28:17.119+0000] {logging_mixin.py:190} INFO - [2025-03-17T14:28:17.119+0000] {dag.py:4180} INFO - Setting next_dagrun for example_external_task_marker_child to None, run_after=None
[2025-03-17T14:28:17.121+0000] {logging_mixin.py:190} INFO - [2025-03-17T14:28:17.121+0000] {dag.py:4180} INFO - Setting next_dagrun for example_external_task_marker_parent to None, run_after=None
[2025-03-17T14:28:17.127+0000] {processor.py:208} INFO - Processing /home/airflow/.local/lib/python3.12/site-packages/airflow/example_dags/example_external_task_marker_dag.py took 0.035 seconds
[2025-03-17T14:28:47.600+0000] {processor.py:186} INFO - Started process (PID=1095) to work on /home/airflow/.local/lib/python3.12/site-packages/airflow/example_dags/example_external_task_marker_dag.py
[2025-03-17T14:28:47.601+0000] {processor.py:914} INFO - Processing file /home/airflow/.local/lib/python3.12/site-packages/airflow/example_dags/example_external_task_marker_dag.py for tasks to queue
[2025-03-17T14:28:47.602+0000] {logging_mixin.py:190} INFO - [2025-03-17T14:28:47.602+0000] {dagbag.py:588} INFO - Filling up the DagBag from /home/airflow/.local/lib/python3.12/site-packages/airflow/example_dags/example_external_task_marker_dag.py
[2025-03-17T14:28:47.606+0000] {processor.py:925} INFO - DAG(s) 'example_external_task_marker_child', 'example_external_task_marker_parent' retrieved from /home/airflow/.local/lib/python3.12/site-packages/airflow/example_dags/example_external_task_marker_dag.py
[2025-03-17T14:28:47.620+0000] {logging_mixin.py:190} INFO - [2025-03-17T14:28:47.619+0000] {dag.py:3239} INFO - Sync 2 DAGs
[2025-03-17T14:28:47.627+0000] {logging_mixin.py:190} INFO - [2025-03-17T14:28:47.627+0000] {dag.py:4180} INFO - Setting next_dagrun for example_external_task_marker_child to None, run_after=None
[2025-03-17T14:28:47.628+0000] {logging_mixin.py:190} INFO - [2025-03-17T14:28:47.628+0000] {dag.py:4180} INFO - Setting next_dagrun for example_external_task_marker_parent to None, run_after=None
[2025-03-17T14:28:47.635+0000] {processor.py:208} INFO - Processing /home/airflow/.local/lib/python3.12/site-packages/airflow/example_dags/example_external_task_marker_dag.py took 0.039 seconds
[2025-03-17T14:29:18.182+0000] {processor.py:186} INFO - Started process (PID=1391) to work on /home/airflow/.local/lib/python3.12/site-packages/airflow/example_dags/example_external_task_marker_dag.py
[2025-03-17T14:29:18.182+0000] {processor.py:914} INFO - Processing file /home/airflow/.local/lib/python3.12/site-packages/airflow/example_dags/example_external_task_marker_dag.py for tasks to queue
[2025-03-17T14:29:18.183+0000] {logging_mixin.py:190} INFO - [2025-03-17T14:29:18.183+0000] {dagbag.py:588} INFO - Filling up the DagBag from /home/airflow/.local/lib/python3.12/site-packages/airflow/example_dags/example_external_task_marker_dag.py
[2025-03-17T14:29:18.187+0000] {processor.py:925} INFO - DAG(s) 'example_external_task_marker_parent', 'example_external_task_marker_child' retrieved from /home/airflow/.local/lib/python3.12/site-packages/airflow/example_dags/example_external_task_marker_dag.py
[2025-03-17T14:29:18.198+0000] {logging_mixin.py:190} INFO - [2025-03-17T14:29:18.198+0000] {dag.py:3239} INFO - Sync 2 DAGs
[2025-03-17T14:29:18.207+0000] {logging_mixin.py:190} INFO - [2025-03-17T14:29:18.207+0000] {dag.py:4180} INFO - Setting next_dagrun for example_external_task_marker_child to None, run_after=None
[2025-03-17T14:29:18.209+0000] {logging_mixin.py:190} INFO - [2025-03-17T14:29:18.209+0000] {dag.py:4180} INFO - Setting next_dagrun for example_external_task_marker_parent to None, run_after=None
[2025-03-17T14:29:18.215+0000] {processor.py:208} INFO - Processing /home/airflow/.local/lib/python3.12/site-packages/airflow/example_dags/example_external_task_marker_dag.py took 0.036 seconds
[2025-03-17T14:29:49.102+0000] {processor.py:186} INFO - Started process (PID=1687) to work on /home/airflow/.local/lib/python3.12/site-packages/airflow/example_dags/example_external_task_marker_dag.py
[2025-03-17T14:29:49.102+0000] {processor.py:914} INFO - Processing file /home/airflow/.local/lib/python3.12/site-packages/airflow/example_dags/example_external_task_marker_dag.py for tasks to queue
[2025-03-17T14:29:49.103+0000] {logging_mixin.py:190} INFO - [2025-03-17T14:29:49.103+0000] {dagbag.py:588} INFO - Filling up the DagBag from /home/airflow/.local/lib/python3.12/site-packages/airflow/example_dags/example_external_task_marker_dag.py
[2025-03-17T14:29:49.108+0000] {processor.py:925} INFO - DAG(s) 'example_external_task_marker_parent', 'example_external_task_marker_child' retrieved from /home/airflow/.local/lib/python3.12/site-packages/airflow/example_dags/example_external_task_marker_dag.py
[2025-03-17T14:29:49.122+0000] {logging_mixin.py:190} INFO - [2025-03-17T14:29:49.122+0000] {dag.py:3239} INFO - Sync 2 DAGs
[2025-03-17T14:29:49.130+0000] {logging_mixin.py:190} INFO - [2025-03-17T14:29:49.130+0000] {dag.py:4180} INFO - Setting next_dagrun for example_external_task_marker_child to None, run_after=None
[2025-03-17T14:29:49.132+0000] {logging_mixin.py:190} INFO - [2025-03-17T14:29:49.132+0000] {dag.py:4180} INFO - Setting next_dagrun for example_external_task_marker_parent to None, run_after=None
[2025-03-17T14:29:49.139+0000] {processor.py:208} INFO - Processing /home/airflow/.local/lib/python3.12/site-packages/airflow/example_dags/example_external_task_marker_dag.py took 0.040 seconds
[2025-03-17T14:30:20.106+0000] {processor.py:186} INFO - Started process (PID=1983) to work on /home/airflow/.local/lib/python3.12/site-packages/airflow/example_dags/example_external_task_marker_dag.py
[2025-03-17T14:30:20.106+0000] {processor.py:914} INFO - Processing file /home/airflow/.local/lib/python3.12/site-packages/airflow/example_dags/example_external_task_marker_dag.py for tasks to queue
[2025-03-17T14:30:20.107+0000] {logging_mixin.py:190} INFO - [2025-03-17T14:30:20.107+0000] {dagbag.py:588} INFO - Filling up the DagBag from /home/airflow/.local/lib/python3.12/site-packages/airflow/example_dags/example_external_task_marker_dag.py
[2025-03-17T14:30:20.111+0000] {processor.py:925} INFO - DAG(s) 'example_external_task_marker_child', 'example_external_task_marker_parent' retrieved from /home/airflow/.local/lib/python3.12/site-packages/airflow/example_dags/example_external_task_marker_dag.py
[2025-03-17T14:30:20.124+0000] {logging_mixin.py:190} INFO - [2025-03-17T14:30:20.124+0000] {dag.py:3239} INFO - Sync 2 DAGs
[2025-03-17T14:30:20.131+0000] {logging_mixin.py:190} INFO - [2025-03-17T14:30:20.131+0000] {dag.py:4180} INFO - Setting next_dagrun for example_external_task_marker_child to None, run_after=None
[2025-03-17T14:30:20.133+0000] {logging_mixin.py:190} INFO - [2025-03-17T14:30:20.133+0000] {dag.py:4180} INFO - Setting next_dagrun for example_external_task_marker_parent to None, run_after=None
[2025-03-17T14:30:20.140+0000] {processor.py:208} INFO - Processing /home/airflow/.local/lib/python3.12/site-packages/airflow/example_dags/example_external_task_marker_dag.py took 0.037 seconds
[2025-03-17T14:30:50.903+0000] {processor.py:186} INFO - Started process (PID=2279) to work on /home/airflow/.local/lib/python3.12/site-packages/airflow/example_dags/example_external_task_marker_dag.py
[2025-03-17T14:30:50.903+0000] {processor.py:914} INFO - Processing file /home/airflow/.local/lib/python3.12/site-packages/airflow/example_dags/example_external_task_marker_dag.py for tasks to queue
[2025-03-17T14:30:50.904+0000] {logging_mixin.py:190} INFO - [2025-03-17T14:30:50.904+0000] {dagbag.py:588} INFO - Filling up the DagBag from /home/airflow/.local/lib/python3.12/site-packages/airflow/example_dags/example_external_task_marker_dag.py
[2025-03-17T14:30:50.908+0000] {processor.py:925} INFO - DAG(s) 'example_external_task_marker_parent', 'example_external_task_marker_child' retrieved from /home/airflow/.local/lib/python3.12/site-packages/airflow/example_dags/example_external_task_marker_dag.py
[2025-03-17T14:30:50.921+0000] {logging_mixin.py:190} INFO - [2025-03-17T14:30:50.921+0000] {dag.py:3239} INFO - Sync 2 DAGs
[2025-03-17T14:30:50.929+0000] {logging_mixin.py:190} INFO - [2025-03-17T14:30:50.929+0000] {dag.py:4180} INFO - Setting next_dagrun for example_external_task_marker_child to None, run_after=None
[2025-03-17T14:30:50.931+0000] {logging_mixin.py:190} INFO - [2025-03-17T14:30:50.930+0000] {dag.py:4180} INFO - Setting next_dagrun for example_external_task_marker_parent to None, run_after=None
[2025-03-17T14:30:50.938+0000] {processor.py:208} INFO - Processing /home/airflow/.local/lib/python3.12/site-packages/airflow/example_dags/example_external_task_marker_dag.py took 0.038 seconds
[2025-03-17T14:31:21.015+0000] {processor.py:186} INFO - Started process (PID=2575) to work on /home/airflow/.local/lib/python3.12/site-packages/airflow/example_dags/example_external_task_marker_dag.py
[2025-03-17T14:31:21.015+0000] {processor.py:914} INFO - Processing file /home/airflow/.local/lib/python3.12/site-packages/airflow/example_dags/example_external_task_marker_dag.py for tasks to queue
[2025-03-17T14:31:21.016+0000] {logging_mixin.py:190} INFO - [2025-03-17T14:31:21.016+0000] {dagbag.py:588} INFO - Filling up the DagBag from /home/airflow/.local/lib/python3.12/site-packages/airflow/example_dags/example_external_task_marker_dag.py
[2025-03-17T14:31:21.020+0000] {processor.py:925} INFO - DAG(s) 'example_external_task_marker_parent', 'example_external_task_marker_child' retrieved from /home/airflow/.local/lib/python3.12/site-packages/airflow/example_dags/example_external_task_marker_dag.py
[2025-03-17T14:31:21.031+0000] {logging_mixin.py:190} INFO - [2025-03-17T14:31:21.031+0000] {dag.py:3239} INFO - Sync 2 DAGs
[2025-03-17T14:31:21.038+0000] {logging_mixin.py:190} INFO - [2025-03-17T14:31:21.038+0000] {dag.py:4180} INFO - Setting next_dagrun for example_external_task_marker_child to None, run_after=None
[2025-03-17T14:31:21.039+0000] {logging_mixin.py:190} INFO - [2025-03-17T14:31:21.039+0000] {dag.py:4180} INFO - Setting next_dagrun for example_external_task_marker_parent to None, run_after=None
[2025-03-17T14:31:21.046+0000] {processor.py:208} INFO - Processing /home/airflow/.local/lib/python3.12/site-packages/airflow/example_dags/example_external_task_marker_dag.py took 0.035 seconds
[2025-03-17T14:31:51.123+0000] {processor.py:186} INFO - Started process (PID=2873) to work on /home/airflow/.local/lib/python3.12/site-packages/airflow/example_dags/example_external_task_marker_dag.py
[2025-03-17T14:31:51.123+0000] {processor.py:914} INFO - Processing file /home/airflow/.local/lib/python3.12/site-packages/airflow/example_dags/example_external_task_marker_dag.py for tasks to queue
[2025-03-17T14:31:51.124+0000] {logging_mixin.py:190} INFO - [2025-03-17T14:31:51.124+0000] {dagbag.py:588} INFO - Filling up the DagBag from /home/airflow/.local/lib/python3.12/site-packages/airflow/example_dags/example_external_task_marker_dag.py
[2025-03-17T14:31:51.129+0000] {processor.py:925} INFO - DAG(s) 'example_external_task_marker_child', 'example_external_task_marker_parent' retrieved from /home/airflow/.local/lib/python3.12/site-packages/airflow/example_dags/example_external_task_marker_dag.py
[2025-03-17T14:31:51.140+0000] {logging_mixin.py:190} INFO - [2025-03-17T14:31:51.140+0000] {dag.py:3239} INFO - Sync 2 DAGs
[2025-03-17T14:31:51.149+0000] {logging_mixin.py:190} INFO - [2025-03-17T14:31:51.148+0000] {dag.py:4180} INFO - Setting next_dagrun for example_external_task_marker_child to None, run_after=None
[2025-03-17T14:31:51.152+0000] {logging_mixin.py:190} INFO - [2025-03-17T14:31:51.151+0000] {dag.py:4180} INFO - Setting next_dagrun for example_external_task_marker_parent to None, run_after=None
[2025-03-17T14:31:51.159+0000] {processor.py:208} INFO - Processing /home/airflow/.local/lib/python3.12/site-packages/airflow/example_dags/example_external_task_marker_dag.py took 0.039 seconds
[2025-03-17T14:32:21.189+0000] {processor.py:186} INFO - Started process (PID=3167) to work on /home/airflow/.local/lib/python3.12/site-packages/airflow/example_dags/example_external_task_marker_dag.py
[2025-03-17T14:32:21.190+0000] {processor.py:914} INFO - Processing file /home/airflow/.local/lib/python3.12/site-packages/airflow/example_dags/example_external_task_marker_dag.py for tasks to queue
[2025-03-17T14:32:21.191+0000] {logging_mixin.py:190} INFO - [2025-03-17T14:32:21.191+0000] {dagbag.py:588} INFO - Filling up the DagBag from /home/airflow/.local/lib/python3.12/site-packages/airflow/example_dags/example_external_task_marker_dag.py
[2025-03-17T14:32:21.196+0000] {processor.py:925} INFO - DAG(s) 'example_external_task_marker_child', 'example_external_task_marker_parent' retrieved from /home/airflow/.local/lib/python3.12/site-packages/airflow/example_dags/example_external_task_marker_dag.py
[2025-03-17T14:32:21.207+0000] {logging_mixin.py:190} INFO - [2025-03-17T14:32:21.207+0000] {dag.py:3239} INFO - Sync 2 DAGs
[2025-03-17T14:32:21.214+0000] {logging_mixin.py:190} INFO - [2025-03-17T14:32:21.214+0000] {dag.py:4180} INFO - Setting next_dagrun for example_external_task_marker_child to None, run_after=None
[2025-03-17T14:32:21.216+0000] {logging_mixin.py:190} INFO - [2025-03-17T14:32:21.216+0000] {dag.py:4180} INFO - Setting next_dagrun for example_external_task_marker_parent to None, run_after=None
[2025-03-17T14:32:21.222+0000] {processor.py:208} INFO - Processing /home/airflow/.local/lib/python3.12/site-packages/airflow/example_dags/example_external_task_marker_dag.py took 0.036 seconds
[2025-03-17T14:32:51.597+0000] {processor.py:186} INFO - Started process (PID=3463) to work on /home/airflow/.local/lib/python3.12/site-packages/airflow/example_dags/example_external_task_marker_dag.py
[2025-03-17T14:32:51.597+0000] {processor.py:914} INFO - Processing file /home/airflow/.local/lib/python3.12/site-packages/airflow/example_dags/example_external_task_marker_dag.py for tasks to queue
[2025-03-17T14:32:51.598+0000] {logging_mixin.py:190} INFO - [2025-03-17T14:32:51.598+0000] {dagbag.py:588} INFO - Filling up the DagBag from /home/airflow/.local/lib/python3.12/site-packages/airflow/example_dags/example_external_task_marker_dag.py
[2025-03-17T14:32:51.602+0000] {processor.py:925} INFO - DAG(s) 'example_external_task_marker_child', 'example_external_task_marker_parent' retrieved from /home/airflow/.local/lib/python3.12/site-packages/airflow/example_dags/example_external_task_marker_dag.py
[2025-03-17T14:32:51.614+0000] {logging_mixin.py:190} INFO - [2025-03-17T14:32:51.614+0000] {dag.py:3239} INFO - Sync 2 DAGs
[2025-03-17T14:32:51.622+0000] {logging_mixin.py:190} INFO - [2025-03-17T14:32:51.622+0000] {dag.py:4180} INFO - Setting next_dagrun for example_external_task_marker_child to None, run_after=None
[2025-03-17T14:32:51.624+0000] {logging_mixin.py:190} INFO - [2025-03-17T14:32:51.624+0000] {dag.py:4180} INFO - Setting next_dagrun for example_external_task_marker_parent to None, run_after=None
[2025-03-17T14:32:51.632+0000] {processor.py:208} INFO - Processing /home/airflow/.local/lib/python3.12/site-packages/airflow/example_dags/example_external_task_marker_dag.py took 0.038 seconds
