[2025-03-17T13:55:40.885+0000] {processor.py:186} INFO - Started process (PID=312) to work on /home/airflow/.local/lib/python3.12/site-packages/airflow/example_dags/example_branch_python_dop_operator_3.py
[2025-03-17T13:55:40.885+0000] {processor.py:914} INFO - Processing file /home/airflow/.local/lib/python3.12/site-packages/airflow/example_dags/example_branch_python_dop_operator_3.py for tasks to queue
[2025-03-17T13:55:40.887+0000] {logging_mixin.py:190} INFO - [2025-03-17T13:55:40.887+0000] {dagbag.py:588} INFO - Filling up the DagBag from /home/airflow/.local/lib/python3.12/site-packages/airflow/example_dags/example_branch_python_dop_operator_3.py
[2025-03-17T13:55:40.893+0000] {processor.py:925} INFO - DAG(s) 'example_branch_dop_operator_v3' retrieved from /home/airflow/.local/lib/python3.12/site-packages/airflow/example_dags/example_branch_python_dop_operator_3.py
[2025-03-17T13:55:40.946+0000] {logging_mixin.py:190} INFO - [2025-03-17T13:55:40.946+0000] {override.py:1912} INFO - Created Permission View: can delete on DAG:example_branch_dop_operator_v3
[2025-03-17T13:55:40.952+0000] {logging_mixin.py:190} INFO - [2025-03-17T13:55:40.951+0000] {override.py:1912} INFO - Created Permission View: can edit on DAG:example_branch_dop_operator_v3
[2025-03-17T13:55:40.955+0000] {logging_mixin.py:190} INFO - [2025-03-17T13:55:40.954+0000] {override.py:1912} INFO - Created Permission View: can read on DAG:example_branch_dop_operator_v3
[2025-03-17T13:55:40.958+0000] {logging_mixin.py:190} INFO - [2025-03-17T13:55:40.958+0000] {override.py:1912} INFO - Created Permission View: menu access on DAG Run:example_branch_dop_operator_v3
[2025-03-17T13:55:40.961+0000] {logging_mixin.py:190} INFO - [2025-03-17T13:55:40.961+0000] {override.py:1912} INFO - Created Permission View: can delete on DAG Run:example_branch_dop_operator_v3
[2025-03-17T13:55:40.964+0000] {logging_mixin.py:190} INFO - [2025-03-17T13:55:40.963+0000] {override.py:1912} INFO - Created Permission View: can create on DAG Run:example_branch_dop_operator_v3
[2025-03-17T13:55:40.966+0000] {logging_mixin.py:190} INFO - [2025-03-17T13:55:40.966+0000] {override.py:1912} INFO - Created Permission View: can read on DAG Run:example_branch_dop_operator_v3
[2025-03-17T13:55:40.966+0000] {logging_mixin.py:190} INFO - [2025-03-17T13:55:40.966+0000] {dag.py:3239} INFO - Sync 1 DAGs
[2025-03-17T13:55:40.973+0000] {logging_mixin.py:190} INFO - [2025-03-17T13:55:40.973+0000] {dag.py:3262} INFO - Creating ORM DAG for example_branch_dop_operator_v3
[2025-03-17T13:55:40.980+0000] {logging_mixin.py:190} INFO - [2025-03-17T13:55:40.980+0000] {dag.py:4180} INFO - Setting next_dagrun for example_branch_dop_operator_v3 to 2025-03-17 13:54:00+00:00, run_after=2025-03-17 13:55:00+00:00
[2025-03-17T13:55:40.987+0000] {processor.py:208} INFO - Processing /home/airflow/.local/lib/python3.12/site-packages/airflow/example_dags/example_branch_python_dop_operator_3.py took 0.105 seconds
[2025-03-17T13:56:11.564+0000] {processor.py:186} INFO - Started process (PID=603) to work on /home/airflow/.local/lib/python3.12/site-packages/airflow/example_dags/example_branch_python_dop_operator_3.py
[2025-03-17T13:56:11.564+0000] {processor.py:914} INFO - Processing file /home/airflow/.local/lib/python3.12/site-packages/airflow/example_dags/example_branch_python_dop_operator_3.py for tasks to queue
[2025-03-17T13:56:11.565+0000] {logging_mixin.py:190} INFO - [2025-03-17T13:56:11.565+0000] {dagbag.py:588} INFO - Filling up the DagBag from /home/airflow/.local/lib/python3.12/site-packages/airflow/example_dags/example_branch_python_dop_operator_3.py
[2025-03-17T13:56:11.570+0000] {processor.py:925} INFO - DAG(s) 'example_branch_dop_operator_v3' retrieved from /home/airflow/.local/lib/python3.12/site-packages/airflow/example_dags/example_branch_python_dop_operator_3.py
[2025-03-17T13:56:11.580+0000] {logging_mixin.py:190} INFO - [2025-03-17T13:56:11.580+0000] {dag.py:3239} INFO - Sync 1 DAGs
[2025-03-17T13:56:11.592+0000] {logging_mixin.py:190} INFO - [2025-03-17T13:56:11.592+0000] {dag.py:4180} INFO - Setting next_dagrun for example_branch_dop_operator_v3 to 2025-03-17 13:55:00+00:00, run_after=2025-03-17 13:56:00+00:00
[2025-03-17T13:56:11.599+0000] {processor.py:208} INFO - Processing /home/airflow/.local/lib/python3.12/site-packages/airflow/example_dags/example_branch_python_dop_operator_3.py took 0.038 seconds
[2025-03-17T14:27:18.441+0000] {processor.py:186} INFO - Started process (PID=319) to work on /home/airflow/.local/lib/python3.12/site-packages/airflow/example_dags/example_branch_python_dop_operator_3.py
[2025-03-17T14:27:18.441+0000] {processor.py:914} INFO - Processing file /home/airflow/.local/lib/python3.12/site-packages/airflow/example_dags/example_branch_python_dop_operator_3.py for tasks to queue
[2025-03-17T14:27:18.442+0000] {logging_mixin.py:190} INFO - [2025-03-17T14:27:18.442+0000] {dagbag.py:588} INFO - Filling up the DagBag from /home/airflow/.local/lib/python3.12/site-packages/airflow/example_dags/example_branch_python_dop_operator_3.py
[2025-03-17T14:27:18.448+0000] {processor.py:925} INFO - DAG(s) 'example_branch_dop_operator_v3' retrieved from /home/airflow/.local/lib/python3.12/site-packages/airflow/example_dags/example_branch_python_dop_operator_3.py
[2025-03-17T14:27:18.504+0000] {logging_mixin.py:190} INFO - [2025-03-17T14:27:18.504+0000] {dag.py:3239} INFO - Sync 1 DAGs
[2025-03-17T14:27:18.517+0000] {logging_mixin.py:190} INFO - [2025-03-17T14:27:18.517+0000] {dag.py:4180} INFO - Setting next_dagrun for example_branch_dop_operator_v3 to 2025-03-17 14:26:00+00:00, run_after=2025-03-17 14:27:00+00:00
[2025-03-17T14:27:18.527+0000] {processor.py:208} INFO - Processing /home/airflow/.local/lib/python3.12/site-packages/airflow/example_dags/example_branch_python_dop_operator_3.py took 0.089 seconds
[2025-03-17T14:27:48.974+0000] {processor.py:186} INFO - Started process (PID=615) to work on /home/airflow/.local/lib/python3.12/site-packages/airflow/example_dags/example_branch_python_dop_operator_3.py
[2025-03-17T14:27:48.975+0000] {processor.py:914} INFO - Processing file /home/airflow/.local/lib/python3.12/site-packages/airflow/example_dags/example_branch_python_dop_operator_3.py for tasks to queue
[2025-03-17T14:27:48.976+0000] {logging_mixin.py:190} INFO - [2025-03-17T14:27:48.976+0000] {dagbag.py:588} INFO - Filling up the DagBag from /home/airflow/.local/lib/python3.12/site-packages/airflow/example_dags/example_branch_python_dop_operator_3.py
[2025-03-17T14:27:48.982+0000] {processor.py:925} INFO - DAG(s) 'example_branch_dop_operator_v3' retrieved from /home/airflow/.local/lib/python3.12/site-packages/airflow/example_dags/example_branch_python_dop_operator_3.py
[2025-03-17T14:27:48.992+0000] {logging_mixin.py:190} INFO - [2025-03-17T14:27:48.992+0000] {dag.py:3239} INFO - Sync 1 DAGs
[2025-03-17T14:27:49.004+0000] {logging_mixin.py:190} INFO - [2025-03-17T14:27:49.004+0000] {dag.py:4180} INFO - Setting next_dagrun for example_branch_dop_operator_v3 to 2025-03-17 14:26:00+00:00, run_after=2025-03-17 14:27:00+00:00
[2025-03-17T14:27:49.011+0000] {processor.py:208} INFO - Processing /home/airflow/.local/lib/python3.12/site-packages/airflow/example_dags/example_branch_python_dop_operator_3.py took 0.039 seconds
[2025-03-17T14:28:19.897+0000] {processor.py:186} INFO - Started process (PID=909) to work on /home/airflow/.local/lib/python3.12/site-packages/airflow/example_dags/example_branch_python_dop_operator_3.py
[2025-03-17T14:28:19.898+0000] {processor.py:914} INFO - Processing file /home/airflow/.local/lib/python3.12/site-packages/airflow/example_dags/example_branch_python_dop_operator_3.py for tasks to queue
[2025-03-17T14:28:19.898+0000] {logging_mixin.py:190} INFO - [2025-03-17T14:28:19.898+0000] {dagbag.py:588} INFO - Filling up the DagBag from /home/airflow/.local/lib/python3.12/site-packages/airflow/example_dags/example_branch_python_dop_operator_3.py
[2025-03-17T14:28:19.904+0000] {processor.py:925} INFO - DAG(s) 'example_branch_dop_operator_v3' retrieved from /home/airflow/.local/lib/python3.12/site-packages/airflow/example_dags/example_branch_python_dop_operator_3.py
[2025-03-17T14:28:19.913+0000] {logging_mixin.py:190} INFO - [2025-03-17T14:28:19.913+0000] {dag.py:3239} INFO - Sync 1 DAGs
[2025-03-17T14:28:19.926+0000] {logging_mixin.py:190} INFO - [2025-03-17T14:28:19.926+0000] {dag.py:4180} INFO - Setting next_dagrun for example_branch_dop_operator_v3 to 2025-03-17 14:27:00+00:00, run_after=2025-03-17 14:28:00+00:00
[2025-03-17T14:28:19.934+0000] {processor.py:208} INFO - Processing /home/airflow/.local/lib/python3.12/site-packages/airflow/example_dags/example_branch_python_dop_operator_3.py took 0.040 seconds
[2025-03-17T14:28:50.424+0000] {processor.py:186} INFO - Started process (PID=1205) to work on /home/airflow/.local/lib/python3.12/site-packages/airflow/example_dags/example_branch_python_dop_operator_3.py
[2025-03-17T14:28:50.424+0000] {processor.py:914} INFO - Processing file /home/airflow/.local/lib/python3.12/site-packages/airflow/example_dags/example_branch_python_dop_operator_3.py for tasks to queue
[2025-03-17T14:28:50.425+0000] {logging_mixin.py:190} INFO - [2025-03-17T14:28:50.425+0000] {dagbag.py:588} INFO - Filling up the DagBag from /home/airflow/.local/lib/python3.12/site-packages/airflow/example_dags/example_branch_python_dop_operator_3.py
[2025-03-17T14:28:50.431+0000] {processor.py:925} INFO - DAG(s) 'example_branch_dop_operator_v3' retrieved from /home/airflow/.local/lib/python3.12/site-packages/airflow/example_dags/example_branch_python_dop_operator_3.py
[2025-03-17T14:28:50.442+0000] {logging_mixin.py:190} INFO - [2025-03-17T14:28:50.442+0000] {dag.py:3239} INFO - Sync 1 DAGs
[2025-03-17T14:28:50.455+0000] {logging_mixin.py:190} INFO - [2025-03-17T14:28:50.455+0000] {dag.py:4180} INFO - Setting next_dagrun for example_branch_dop_operator_v3 to 2025-03-17 14:27:00+00:00, run_after=2025-03-17 14:28:00+00:00
[2025-03-17T14:28:50.462+0000] {processor.py:208} INFO - Processing /home/airflow/.local/lib/python3.12/site-packages/airflow/example_dags/example_branch_python_dop_operator_3.py took 0.041 seconds
[2025-03-17T14:29:21.072+0000] {processor.py:186} INFO - Started process (PID=1503) to work on /home/airflow/.local/lib/python3.12/site-packages/airflow/example_dags/example_branch_python_dop_operator_3.py
[2025-03-17T14:29:21.073+0000] {processor.py:914} INFO - Processing file /home/airflow/.local/lib/python3.12/site-packages/airflow/example_dags/example_branch_python_dop_operator_3.py for tasks to queue
[2025-03-17T14:29:21.074+0000] {logging_mixin.py:190} INFO - [2025-03-17T14:29:21.074+0000] {dagbag.py:588} INFO - Filling up the DagBag from /home/airflow/.local/lib/python3.12/site-packages/airflow/example_dags/example_branch_python_dop_operator_3.py
[2025-03-17T14:29:21.079+0000] {processor.py:925} INFO - DAG(s) 'example_branch_dop_operator_v3' retrieved from /home/airflow/.local/lib/python3.12/site-packages/airflow/example_dags/example_branch_python_dop_operator_3.py
[2025-03-17T14:29:21.090+0000] {logging_mixin.py:190} INFO - [2025-03-17T14:29:21.090+0000] {dag.py:3239} INFO - Sync 1 DAGs
[2025-03-17T14:29:21.103+0000] {logging_mixin.py:190} INFO - [2025-03-17T14:29:21.103+0000] {dag.py:4180} INFO - Setting next_dagrun for example_branch_dop_operator_v3 to 2025-03-17 14:28:00+00:00, run_after=2025-03-17 14:29:00+00:00
[2025-03-17T14:29:21.112+0000] {processor.py:208} INFO - Processing /home/airflow/.local/lib/python3.12/site-packages/airflow/example_dags/example_branch_python_dop_operator_3.py took 0.043 seconds
[2025-03-17T14:29:51.987+0000] {processor.py:186} INFO - Started process (PID=1799) to work on /home/airflow/.local/lib/python3.12/site-packages/airflow/example_dags/example_branch_python_dop_operator_3.py
[2025-03-17T14:29:51.988+0000] {processor.py:914} INFO - Processing file /home/airflow/.local/lib/python3.12/site-packages/airflow/example_dags/example_branch_python_dop_operator_3.py for tasks to queue
[2025-03-17T14:29:51.989+0000] {logging_mixin.py:190} INFO - [2025-03-17T14:29:51.988+0000] {dagbag.py:588} INFO - Filling up the DagBag from /home/airflow/.local/lib/python3.12/site-packages/airflow/example_dags/example_branch_python_dop_operator_3.py
[2025-03-17T14:29:51.994+0000] {processor.py:925} INFO - DAG(s) 'example_branch_dop_operator_v3' retrieved from /home/airflow/.local/lib/python3.12/site-packages/airflow/example_dags/example_branch_python_dop_operator_3.py
[2025-03-17T14:29:52.005+0000] {logging_mixin.py:190} INFO - [2025-03-17T14:29:52.005+0000] {dag.py:3239} INFO - Sync 1 DAGs
[2025-03-17T14:29:52.017+0000] {logging_mixin.py:190} INFO - [2025-03-17T14:29:52.017+0000] {dag.py:4180} INFO - Setting next_dagrun for example_branch_dop_operator_v3 to 2025-03-17 14:28:00+00:00, run_after=2025-03-17 14:29:00+00:00
[2025-03-17T14:29:52.025+0000] {processor.py:208} INFO - Processing /home/airflow/.local/lib/python3.12/site-packages/airflow/example_dags/example_branch_python_dop_operator_3.py took 0.041 seconds
[2025-03-17T14:30:23.057+0000] {processor.py:186} INFO - Started process (PID=2095) to work on /home/airflow/.local/lib/python3.12/site-packages/airflow/example_dags/example_branch_python_dop_operator_3.py
[2025-03-17T14:30:23.057+0000] {processor.py:914} INFO - Processing file /home/airflow/.local/lib/python3.12/site-packages/airflow/example_dags/example_branch_python_dop_operator_3.py for tasks to queue
[2025-03-17T14:30:23.058+0000] {logging_mixin.py:190} INFO - [2025-03-17T14:30:23.058+0000] {dagbag.py:588} INFO - Filling up the DagBag from /home/airflow/.local/lib/python3.12/site-packages/airflow/example_dags/example_branch_python_dop_operator_3.py
[2025-03-17T14:30:23.064+0000] {processor.py:925} INFO - DAG(s) 'example_branch_dop_operator_v3' retrieved from /home/airflow/.local/lib/python3.12/site-packages/airflow/example_dags/example_branch_python_dop_operator_3.py
[2025-03-17T14:30:23.075+0000] {logging_mixin.py:190} INFO - [2025-03-17T14:30:23.075+0000] {dag.py:3239} INFO - Sync 1 DAGs
[2025-03-17T14:30:23.088+0000] {logging_mixin.py:190} INFO - [2025-03-17T14:30:23.088+0000] {dag.py:4180} INFO - Setting next_dagrun for example_branch_dop_operator_v3 to 2025-03-17 14:29:00+00:00, run_after=2025-03-17 14:30:00+00:00
[2025-03-17T14:30:23.096+0000] {processor.py:208} INFO - Processing /home/airflow/.local/lib/python3.12/site-packages/airflow/example_dags/example_branch_python_dop_operator_3.py took 0.042 seconds
[2025-03-17T14:30:53.841+0000] {processor.py:186} INFO - Started process (PID=2391) to work on /home/airflow/.local/lib/python3.12/site-packages/airflow/example_dags/example_branch_python_dop_operator_3.py
[2025-03-17T14:30:53.841+0000] {processor.py:914} INFO - Processing file /home/airflow/.local/lib/python3.12/site-packages/airflow/example_dags/example_branch_python_dop_operator_3.py for tasks to queue
[2025-03-17T14:30:53.842+0000] {logging_mixin.py:190} INFO - [2025-03-17T14:30:53.842+0000] {dagbag.py:588} INFO - Filling up the DagBag from /home/airflow/.local/lib/python3.12/site-packages/airflow/example_dags/example_branch_python_dop_operator_3.py
[2025-03-17T14:30:53.848+0000] {processor.py:925} INFO - DAG(s) 'example_branch_dop_operator_v3' retrieved from /home/airflow/.local/lib/python3.12/site-packages/airflow/example_dags/example_branch_python_dop_operator_3.py
[2025-03-17T14:30:53.860+0000] {logging_mixin.py:190} INFO - [2025-03-17T14:30:53.860+0000] {dag.py:3239} INFO - Sync 1 DAGs
[2025-03-17T14:30:53.874+0000] {logging_mixin.py:190} INFO - [2025-03-17T14:30:53.874+0000] {dag.py:4180} INFO - Setting next_dagrun for example_branch_dop_operator_v3 to 2025-03-17 14:29:00+00:00, run_after=2025-03-17 14:30:00+00:00
[2025-03-17T14:30:53.882+0000] {processor.py:208} INFO - Processing /home/airflow/.local/lib/python3.12/site-packages/airflow/example_dags/example_branch_python_dop_operator_3.py took 0.045 seconds
[2025-03-17T14:31:23.978+0000] {processor.py:186} INFO - Started process (PID=2685) to work on /home/airflow/.local/lib/python3.12/site-packages/airflow/example_dags/example_branch_python_dop_operator_3.py
[2025-03-17T14:31:23.979+0000] {processor.py:914} INFO - Processing file /home/airflow/.local/lib/python3.12/site-packages/airflow/example_dags/example_branch_python_dop_operator_3.py for tasks to queue
[2025-03-17T14:31:23.980+0000] {logging_mixin.py:190} INFO - [2025-03-17T14:31:23.980+0000] {dagbag.py:588} INFO - Filling up the DagBag from /home/airflow/.local/lib/python3.12/site-packages/airflow/example_dags/example_branch_python_dop_operator_3.py
[2025-03-17T14:31:23.985+0000] {processor.py:925} INFO - DAG(s) 'example_branch_dop_operator_v3' retrieved from /home/airflow/.local/lib/python3.12/site-packages/airflow/example_dags/example_branch_python_dop_operator_3.py
[2025-03-17T14:31:23.995+0000] {logging_mixin.py:190} INFO - [2025-03-17T14:31:23.995+0000] {dag.py:3239} INFO - Sync 1 DAGs
[2025-03-17T14:31:24.008+0000] {logging_mixin.py:190} INFO - [2025-03-17T14:31:24.008+0000] {dag.py:4180} INFO - Setting next_dagrun for example_branch_dop_operator_v3 to 2025-03-17 14:30:00+00:00, run_after=2025-03-17 14:31:00+00:00
[2025-03-17T14:31:24.017+0000] {processor.py:208} INFO - Processing /home/airflow/.local/lib/python3.12/site-packages/airflow/example_dags/example_branch_python_dop_operator_3.py took 0.042 seconds
[2025-03-17T14:31:54.039+0000] {processor.py:186} INFO - Started process (PID=2978) to work on /home/airflow/.local/lib/python3.12/site-packages/airflow/example_dags/example_branch_python_dop_operator_3.py
[2025-03-17T14:31:54.039+0000] {processor.py:914} INFO - Processing file /home/airflow/.local/lib/python3.12/site-packages/airflow/example_dags/example_branch_python_dop_operator_3.py for tasks to queue
[2025-03-17T14:31:54.041+0000] {logging_mixin.py:190} INFO - [2025-03-17T14:31:54.040+0000] {dagbag.py:588} INFO - Filling up the DagBag from /home/airflow/.local/lib/python3.12/site-packages/airflow/example_dags/example_branch_python_dop_operator_3.py
[2025-03-17T14:31:54.046+0000] {processor.py:925} INFO - DAG(s) 'example_branch_dop_operator_v3' retrieved from /home/airflow/.local/lib/python3.12/site-packages/airflow/example_dags/example_branch_python_dop_operator_3.py
[2025-03-17T14:31:54.057+0000] {logging_mixin.py:190} INFO - [2025-03-17T14:31:54.057+0000] {dag.py:3239} INFO - Sync 1 DAGs
[2025-03-17T14:31:54.071+0000] {logging_mixin.py:190} INFO - [2025-03-17T14:31:54.070+0000] {dag.py:4180} INFO - Setting next_dagrun for example_branch_dop_operator_v3 to 2025-03-17 14:30:00+00:00, run_after=2025-03-17 14:31:00+00:00
[2025-03-17T14:31:54.078+0000] {processor.py:208} INFO - Processing /home/airflow/.local/lib/python3.12/site-packages/airflow/example_dags/example_branch_python_dop_operator_3.py took 0.042 seconds
[2025-03-17T14:32:24.114+0000] {processor.py:186} INFO - Started process (PID=3274) to work on /home/airflow/.local/lib/python3.12/site-packages/airflow/example_dags/example_branch_python_dop_operator_3.py
[2025-03-17T14:32:24.115+0000] {processor.py:914} INFO - Processing file /home/airflow/.local/lib/python3.12/site-packages/airflow/example_dags/example_branch_python_dop_operator_3.py for tasks to queue
[2025-03-17T14:32:24.116+0000] {logging_mixin.py:190} INFO - [2025-03-17T14:32:24.116+0000] {dagbag.py:588} INFO - Filling up the DagBag from /home/airflow/.local/lib/python3.12/site-packages/airflow/example_dags/example_branch_python_dop_operator_3.py
[2025-03-17T14:32:24.121+0000] {processor.py:925} INFO - DAG(s) 'example_branch_dop_operator_v3' retrieved from /home/airflow/.local/lib/python3.12/site-packages/airflow/example_dags/example_branch_python_dop_operator_3.py
[2025-03-17T14:32:24.131+0000] {logging_mixin.py:190} INFO - [2025-03-17T14:32:24.131+0000] {dag.py:3239} INFO - Sync 1 DAGs
[2025-03-17T14:32:24.143+0000] {logging_mixin.py:190} INFO - [2025-03-17T14:32:24.143+0000] {dag.py:4180} INFO - Setting next_dagrun for example_branch_dop_operator_v3 to 2025-03-17 14:31:00+00:00, run_after=2025-03-17 14:32:00+00:00
[2025-03-17T14:32:24.151+0000] {processor.py:208} INFO - Processing /home/airflow/.local/lib/python3.12/site-packages/airflow/example_dags/example_branch_python_dop_operator_3.py took 0.039 seconds
[2025-03-17T14:32:54.320+0000] {processor.py:186} INFO - Started process (PID=3570) to work on /home/airflow/.local/lib/python3.12/site-packages/airflow/example_dags/example_branch_python_dop_operator_3.py
[2025-03-17T14:32:54.320+0000] {processor.py:914} INFO - Processing file /home/airflow/.local/lib/python3.12/site-packages/airflow/example_dags/example_branch_python_dop_operator_3.py for tasks to queue
[2025-03-17T14:32:54.321+0000] {logging_mixin.py:190} INFO - [2025-03-17T14:32:54.321+0000] {dagbag.py:588} INFO - Filling up the DagBag from /home/airflow/.local/lib/python3.12/site-packages/airflow/example_dags/example_branch_python_dop_operator_3.py
[2025-03-17T14:32:54.327+0000] {processor.py:925} INFO - DAG(s) 'example_branch_dop_operator_v3' retrieved from /home/airflow/.local/lib/python3.12/site-packages/airflow/example_dags/example_branch_python_dop_operator_3.py
[2025-03-17T14:32:54.336+0000] {logging_mixin.py:190} INFO - [2025-03-17T14:32:54.336+0000] {dag.py:3239} INFO - Sync 1 DAGs
[2025-03-17T14:32:54.350+0000] {logging_mixin.py:190} INFO - [2025-03-17T14:32:54.350+0000] {dag.py:4180} INFO - Setting next_dagrun for example_branch_dop_operator_v3 to 2025-03-17 14:31:00+00:00, run_after=2025-03-17 14:32:00+00:00
[2025-03-17T14:32:54.357+0000] {processor.py:208} INFO - Processing /home/airflow/.local/lib/python3.12/site-packages/airflow/example_dags/example_branch_python_dop_operator_3.py took 0.041 seconds
