[2025-03-17T13:55:39.698+0000] {processor.py:186} INFO - Started process (PID=254) to work on /home/airflow/.local/lib/python3.12/site-packages/airflow/example_dags/tutorial.py
[2025-03-17T13:55:39.698+0000] {processor.py:914} INFO - Processing file /home/airflow/.local/lib/python3.12/site-packages/airflow/example_dags/tutorial.py for tasks to queue
[2025-03-17T13:55:39.699+0000] {logging_mixin.py:190} INFO - [2025-03-17T13:55:39.699+0000] {dagbag.py:588} INFO - Filling up the DagBag from /home/airflow/.local/lib/python3.12/site-packages/airflow/example_dags/tutorial.py
[2025-03-17T13:55:39.704+0000] {processor.py:925} INFO - DAG(s) 'tutorial' retrieved from /home/airflow/.local/lib/python3.12/site-packages/airflow/example_dags/tutorial.py
[2025-03-17T13:55:39.754+0000] {logging_mixin.py:190} INFO - [2025-03-17T13:55:39.753+0000] {override.py:1912} INFO - Created Permission View: can delete on DAG:tutorial
[2025-03-17T13:55:39.759+0000] {logging_mixin.py:190} INFO - [2025-03-17T13:55:39.758+0000] {override.py:1912} INFO - Created Permission View: can edit on DAG:tutorial
[2025-03-17T13:55:39.761+0000] {logging_mixin.py:190} INFO - [2025-03-17T13:55:39.761+0000] {override.py:1912} INFO - Created Permission View: can read on DAG:tutorial
[2025-03-17T13:55:39.763+0000] {logging_mixin.py:190} INFO - [2025-03-17T13:55:39.763+0000] {override.py:1912} INFO - Created Permission View: menu access on DAG Run:tutorial
[2025-03-17T13:55:39.765+0000] {logging_mixin.py:190} INFO - [2025-03-17T13:55:39.765+0000] {override.py:1912} INFO - Created Permission View: can delete on DAG Run:tutorial
[2025-03-17T13:55:39.768+0000] {logging_mixin.py:190} INFO - [2025-03-17T13:55:39.768+0000] {override.py:1912} INFO - Created Permission View: can create on DAG Run:tutorial
[2025-03-17T13:55:39.770+0000] {logging_mixin.py:190} INFO - [2025-03-17T13:55:39.770+0000] {override.py:1912} INFO - Created Permission View: can read on DAG Run:tutorial
[2025-03-17T13:55:39.770+0000] {logging_mixin.py:190} INFO - [2025-03-17T13:55:39.770+0000] {dag.py:3239} INFO - Sync 1 DAGs
[2025-03-17T13:55:39.777+0000] {logging_mixin.py:190} INFO - [2025-03-17T13:55:39.777+0000] {dag.py:3262} INFO - Creating ORM DAG for tutorial
[2025-03-17T13:55:39.782+0000] {logging_mixin.py:190} INFO - [2025-03-17T13:55:39.782+0000] {dag.py:4180} INFO - Setting next_dagrun for tutorial to 2025-03-16 00:00:00+00:00, run_after=2025-03-17 00:00:00+00:00
[2025-03-17T13:55:39.789+0000] {processor.py:208} INFO - Processing /home/airflow/.local/lib/python3.12/site-packages/airflow/example_dags/tutorial.py took 0.094 seconds
[2025-03-17T13:56:10.084+0000] {processor.py:186} INFO - Started process (PID=543) to work on /home/airflow/.local/lib/python3.12/site-packages/airflow/example_dags/tutorial.py
[2025-03-17T13:56:10.084+0000] {processor.py:914} INFO - Processing file /home/airflow/.local/lib/python3.12/site-packages/airflow/example_dags/tutorial.py for tasks to queue
[2025-03-17T13:56:10.085+0000] {logging_mixin.py:190} INFO - [2025-03-17T13:56:10.085+0000] {dagbag.py:588} INFO - Filling up the DagBag from /home/airflow/.local/lib/python3.12/site-packages/airflow/example_dags/tutorial.py
[2025-03-17T13:56:10.089+0000] {processor.py:925} INFO - DAG(s) 'tutorial' retrieved from /home/airflow/.local/lib/python3.12/site-packages/airflow/example_dags/tutorial.py
[2025-03-17T13:56:10.100+0000] {logging_mixin.py:190} INFO - [2025-03-17T13:56:10.100+0000] {dag.py:3239} INFO - Sync 1 DAGs
[2025-03-17T13:56:10.110+0000] {logging_mixin.py:190} INFO - [2025-03-17T13:56:10.110+0000] {dag.py:4180} INFO - Setting next_dagrun for tutorial to 2025-03-16 00:00:00+00:00, run_after=2025-03-17 00:00:00+00:00
[2025-03-17T13:56:10.118+0000] {processor.py:208} INFO - Processing /home/airflow/.local/lib/python3.12/site-packages/airflow/example_dags/tutorial.py took 0.037 seconds
[2025-03-17T14:27:17.283+0000] {processor.py:186} INFO - Started process (PID=253) to work on /home/airflow/.local/lib/python3.12/site-packages/airflow/example_dags/tutorial.py
[2025-03-17T14:27:17.283+0000] {processor.py:914} INFO - Processing file /home/airflow/.local/lib/python3.12/site-packages/airflow/example_dags/tutorial.py for tasks to queue
[2025-03-17T14:27:17.284+0000] {logging_mixin.py:190} INFO - [2025-03-17T14:27:17.284+0000] {dagbag.py:588} INFO - Filling up the DagBag from /home/airflow/.local/lib/python3.12/site-packages/airflow/example_dags/tutorial.py
[2025-03-17T14:27:17.289+0000] {processor.py:925} INFO - DAG(s) 'tutorial' retrieved from /home/airflow/.local/lib/python3.12/site-packages/airflow/example_dags/tutorial.py
[2025-03-17T14:27:17.349+0000] {logging_mixin.py:190} INFO - [2025-03-17T14:27:17.349+0000] {dag.py:3239} INFO - Sync 1 DAGs
[2025-03-17T14:27:17.359+0000] {logging_mixin.py:190} INFO - [2025-03-17T14:27:17.359+0000] {dag.py:4180} INFO - Setting next_dagrun for tutorial to 2025-03-16 00:00:00+00:00, run_after=2025-03-17 00:00:00+00:00
[2025-03-17T14:27:17.369+0000] {processor.py:208} INFO - Processing /home/airflow/.local/lib/python3.12/site-packages/airflow/example_dags/tutorial.py took 0.089 seconds
[2025-03-17T14:27:47.410+0000] {processor.py:186} INFO - Started process (PID=555) to work on /home/airflow/.local/lib/python3.12/site-packages/airflow/example_dags/tutorial.py
[2025-03-17T14:27:47.411+0000] {processor.py:914} INFO - Processing file /home/airflow/.local/lib/python3.12/site-packages/airflow/example_dags/tutorial.py for tasks to queue
[2025-03-17T14:27:47.412+0000] {logging_mixin.py:190} INFO - [2025-03-17T14:27:47.411+0000] {dagbag.py:588} INFO - Filling up the DagBag from /home/airflow/.local/lib/python3.12/site-packages/airflow/example_dags/tutorial.py
[2025-03-17T14:27:47.416+0000] {processor.py:925} INFO - DAG(s) 'tutorial' retrieved from /home/airflow/.local/lib/python3.12/site-packages/airflow/example_dags/tutorial.py
[2025-03-17T14:27:47.425+0000] {logging_mixin.py:190} INFO - [2025-03-17T14:27:47.425+0000] {dag.py:3239} INFO - Sync 1 DAGs
[2025-03-17T14:27:47.438+0000] {logging_mixin.py:190} INFO - [2025-03-17T14:27:47.438+0000] {dag.py:4180} INFO - Setting next_dagrun for tutorial to 2025-03-16 00:00:00+00:00, run_after=2025-03-17 00:00:00+00:00
[2025-03-17T14:27:47.446+0000] {processor.py:208} INFO - Processing /home/airflow/.local/lib/python3.12/site-packages/airflow/example_dags/tutorial.py took 0.039 seconds
[2025-03-17T14:28:18.427+0000] {processor.py:186} INFO - Started process (PID=851) to work on /home/airflow/.local/lib/python3.12/site-packages/airflow/example_dags/tutorial.py
[2025-03-17T14:28:18.427+0000] {processor.py:914} INFO - Processing file /home/airflow/.local/lib/python3.12/site-packages/airflow/example_dags/tutorial.py for tasks to queue
[2025-03-17T14:28:18.428+0000] {logging_mixin.py:190} INFO - [2025-03-17T14:28:18.428+0000] {dagbag.py:588} INFO - Filling up the DagBag from /home/airflow/.local/lib/python3.12/site-packages/airflow/example_dags/tutorial.py
[2025-03-17T14:28:18.432+0000] {processor.py:925} INFO - DAG(s) 'tutorial' retrieved from /home/airflow/.local/lib/python3.12/site-packages/airflow/example_dags/tutorial.py
[2025-03-17T14:28:18.441+0000] {logging_mixin.py:190} INFO - [2025-03-17T14:28:18.441+0000] {dag.py:3239} INFO - Sync 1 DAGs
[2025-03-17T14:28:18.451+0000] {logging_mixin.py:190} INFO - [2025-03-17T14:28:18.451+0000] {dag.py:4180} INFO - Setting next_dagrun for tutorial to 2025-03-16 00:00:00+00:00, run_after=2025-03-17 00:00:00+00:00
[2025-03-17T14:28:18.458+0000] {processor.py:208} INFO - Processing /home/airflow/.local/lib/python3.12/site-packages/airflow/example_dags/tutorial.py took 0.034 seconds
[2025-03-17T14:28:48.949+0000] {processor.py:186} INFO - Started process (PID=1147) to work on /home/airflow/.local/lib/python3.12/site-packages/airflow/example_dags/tutorial.py
[2025-03-17T14:28:48.950+0000] {processor.py:914} INFO - Processing file /home/airflow/.local/lib/python3.12/site-packages/airflow/example_dags/tutorial.py for tasks to queue
[2025-03-17T14:28:48.951+0000] {logging_mixin.py:190} INFO - [2025-03-17T14:28:48.950+0000] {dagbag.py:588} INFO - Filling up the DagBag from /home/airflow/.local/lib/python3.12/site-packages/airflow/example_dags/tutorial.py
[2025-03-17T14:28:48.954+0000] {processor.py:925} INFO - DAG(s) 'tutorial' retrieved from /home/airflow/.local/lib/python3.12/site-packages/airflow/example_dags/tutorial.py
[2025-03-17T14:28:48.963+0000] {logging_mixin.py:190} INFO - [2025-03-17T14:28:48.963+0000] {dag.py:3239} INFO - Sync 1 DAGs
[2025-03-17T14:28:48.974+0000] {logging_mixin.py:190} INFO - [2025-03-17T14:28:48.974+0000] {dag.py:4180} INFO - Setting next_dagrun for tutorial to 2025-03-16 00:00:00+00:00, run_after=2025-03-17 00:00:00+00:00
[2025-03-17T14:28:48.982+0000] {processor.py:208} INFO - Processing /home/airflow/.local/lib/python3.12/site-packages/airflow/example_dags/tutorial.py took 0.036 seconds
[2025-03-17T14:29:19.520+0000] {processor.py:186} INFO - Started process (PID=1441) to work on /home/airflow/.local/lib/python3.12/site-packages/airflow/example_dags/tutorial.py
[2025-03-17T14:29:19.521+0000] {processor.py:914} INFO - Processing file /home/airflow/.local/lib/python3.12/site-packages/airflow/example_dags/tutorial.py for tasks to queue
[2025-03-17T14:29:19.522+0000] {logging_mixin.py:190} INFO - [2025-03-17T14:29:19.522+0000] {dagbag.py:588} INFO - Filling up the DagBag from /home/airflow/.local/lib/python3.12/site-packages/airflow/example_dags/tutorial.py
[2025-03-17T14:29:19.526+0000] {processor.py:925} INFO - DAG(s) 'tutorial' retrieved from /home/airflow/.local/lib/python3.12/site-packages/airflow/example_dags/tutorial.py
[2025-03-17T14:29:19.535+0000] {logging_mixin.py:190} INFO - [2025-03-17T14:29:19.535+0000] {dag.py:3239} INFO - Sync 1 DAGs
[2025-03-17T14:29:19.546+0000] {logging_mixin.py:190} INFO - [2025-03-17T14:29:19.546+0000] {dag.py:4180} INFO - Setting next_dagrun for tutorial to 2025-03-16 00:00:00+00:00, run_after=2025-03-17 00:00:00+00:00
[2025-03-17T14:29:19.553+0000] {processor.py:208} INFO - Processing /home/airflow/.local/lib/python3.12/site-packages/airflow/example_dags/tutorial.py took 0.036 seconds
[2025-03-17T14:29:50.448+0000] {processor.py:186} INFO - Started process (PID=1737) to work on /home/airflow/.local/lib/python3.12/site-packages/airflow/example_dags/tutorial.py
[2025-03-17T14:29:50.449+0000] {processor.py:914} INFO - Processing file /home/airflow/.local/lib/python3.12/site-packages/airflow/example_dags/tutorial.py for tasks to queue
[2025-03-17T14:29:50.450+0000] {logging_mixin.py:190} INFO - [2025-03-17T14:29:50.450+0000] {dagbag.py:588} INFO - Filling up the DagBag from /home/airflow/.local/lib/python3.12/site-packages/airflow/example_dags/tutorial.py
[2025-03-17T14:29:50.454+0000] {processor.py:925} INFO - DAG(s) 'tutorial' retrieved from /home/airflow/.local/lib/python3.12/site-packages/airflow/example_dags/tutorial.py
[2025-03-17T14:29:50.463+0000] {logging_mixin.py:190} INFO - [2025-03-17T14:29:50.463+0000] {dag.py:3239} INFO - Sync 1 DAGs
[2025-03-17T14:29:50.475+0000] {logging_mixin.py:190} INFO - [2025-03-17T14:29:50.475+0000] {dag.py:4180} INFO - Setting next_dagrun for tutorial to 2025-03-16 00:00:00+00:00, run_after=2025-03-17 00:00:00+00:00
[2025-03-17T14:29:50.482+0000] {processor.py:208} INFO - Processing /home/airflow/.local/lib/python3.12/site-packages/airflow/example_dags/tutorial.py took 0.037 seconds
[2025-03-17T14:30:21.456+0000] {processor.py:186} INFO - Started process (PID=2033) to work on /home/airflow/.local/lib/python3.12/site-packages/airflow/example_dags/tutorial.py
[2025-03-17T14:30:21.456+0000] {processor.py:914} INFO - Processing file /home/airflow/.local/lib/python3.12/site-packages/airflow/example_dags/tutorial.py for tasks to queue
[2025-03-17T14:30:21.457+0000] {logging_mixin.py:190} INFO - [2025-03-17T14:30:21.457+0000] {dagbag.py:588} INFO - Filling up the DagBag from /home/airflow/.local/lib/python3.12/site-packages/airflow/example_dags/tutorial.py
[2025-03-17T14:30:21.461+0000] {processor.py:925} INFO - DAG(s) 'tutorial' retrieved from /home/airflow/.local/lib/python3.12/site-packages/airflow/example_dags/tutorial.py
[2025-03-17T14:30:21.471+0000] {logging_mixin.py:190} INFO - [2025-03-17T14:30:21.471+0000] {dag.py:3239} INFO - Sync 1 DAGs
[2025-03-17T14:30:21.482+0000] {logging_mixin.py:190} INFO - [2025-03-17T14:30:21.482+0000] {dag.py:4180} INFO - Setting next_dagrun for tutorial to 2025-03-16 00:00:00+00:00, run_after=2025-03-17 00:00:00+00:00
[2025-03-17T14:30:21.491+0000] {processor.py:208} INFO - Processing /home/airflow/.local/lib/python3.12/site-packages/airflow/example_dags/tutorial.py took 0.038 seconds
[2025-03-17T14:30:52.244+0000] {processor.py:186} INFO - Started process (PID=2329) to work on /home/airflow/.local/lib/python3.12/site-packages/airflow/example_dags/tutorial.py
[2025-03-17T14:30:52.244+0000] {processor.py:914} INFO - Processing file /home/airflow/.local/lib/python3.12/site-packages/airflow/example_dags/tutorial.py for tasks to queue
[2025-03-17T14:30:52.245+0000] {logging_mixin.py:190} INFO - [2025-03-17T14:30:52.245+0000] {dagbag.py:588} INFO - Filling up the DagBag from /home/airflow/.local/lib/python3.12/site-packages/airflow/example_dags/tutorial.py
[2025-03-17T14:30:52.251+0000] {processor.py:925} INFO - DAG(s) 'tutorial' retrieved from /home/airflow/.local/lib/python3.12/site-packages/airflow/example_dags/tutorial.py
[2025-03-17T14:30:52.260+0000] {logging_mixin.py:190} INFO - [2025-03-17T14:30:52.260+0000] {dag.py:3239} INFO - Sync 1 DAGs
[2025-03-17T14:30:52.271+0000] {logging_mixin.py:190} INFO - [2025-03-17T14:30:52.271+0000] {dag.py:4180} INFO - Setting next_dagrun for tutorial to 2025-03-16 00:00:00+00:00, run_after=2025-03-17 00:00:00+00:00
[2025-03-17T14:30:52.279+0000] {processor.py:208} INFO - Processing /home/airflow/.local/lib/python3.12/site-packages/airflow/example_dags/tutorial.py took 0.038 seconds
[2025-03-17T14:31:22.367+0000] {processor.py:186} INFO - Started process (PID=2625) to work on /home/airflow/.local/lib/python3.12/site-packages/airflow/example_dags/tutorial.py
[2025-03-17T14:31:22.367+0000] {processor.py:914} INFO - Processing file /home/airflow/.local/lib/python3.12/site-packages/airflow/example_dags/tutorial.py for tasks to queue
[2025-03-17T14:31:22.368+0000] {logging_mixin.py:190} INFO - [2025-03-17T14:31:22.368+0000] {dagbag.py:588} INFO - Filling up the DagBag from /home/airflow/.local/lib/python3.12/site-packages/airflow/example_dags/tutorial.py
[2025-03-17T14:31:22.372+0000] {processor.py:925} INFO - DAG(s) 'tutorial' retrieved from /home/airflow/.local/lib/python3.12/site-packages/airflow/example_dags/tutorial.py
[2025-03-17T14:31:22.383+0000] {logging_mixin.py:190} INFO - [2025-03-17T14:31:22.382+0000] {dag.py:3239} INFO - Sync 1 DAGs
[2025-03-17T14:31:22.393+0000] {logging_mixin.py:190} INFO - [2025-03-17T14:31:22.393+0000] {dag.py:4180} INFO - Setting next_dagrun for tutorial to 2025-03-16 00:00:00+00:00, run_after=2025-03-17 00:00:00+00:00
[2025-03-17T14:31:22.402+0000] {processor.py:208} INFO - Processing /home/airflow/.local/lib/python3.12/site-packages/airflow/example_dags/tutorial.py took 0.038 seconds
[2025-03-17T14:31:52.469+0000] {processor.py:186} INFO - Started process (PID=2921) to work on /home/airflow/.local/lib/python3.12/site-packages/airflow/example_dags/tutorial.py
[2025-03-17T14:31:52.470+0000] {processor.py:914} INFO - Processing file /home/airflow/.local/lib/python3.12/site-packages/airflow/example_dags/tutorial.py for tasks to queue
[2025-03-17T14:31:52.471+0000] {logging_mixin.py:190} INFO - [2025-03-17T14:31:52.471+0000] {dagbag.py:588} INFO - Filling up the DagBag from /home/airflow/.local/lib/python3.12/site-packages/airflow/example_dags/tutorial.py
[2025-03-17T14:31:52.475+0000] {processor.py:925} INFO - DAG(s) 'tutorial' retrieved from /home/airflow/.local/lib/python3.12/site-packages/airflow/example_dags/tutorial.py
[2025-03-17T14:31:52.486+0000] {logging_mixin.py:190} INFO - [2025-03-17T14:31:52.485+0000] {dag.py:3239} INFO - Sync 1 DAGs
[2025-03-17T14:31:52.499+0000] {logging_mixin.py:190} INFO - [2025-03-17T14:31:52.498+0000] {dag.py:4180} INFO - Setting next_dagrun for tutorial to 2025-03-16 00:00:00+00:00, run_after=2025-03-17 00:00:00+00:00
[2025-03-17T14:31:52.507+0000] {processor.py:208} INFO - Processing /home/airflow/.local/lib/python3.12/site-packages/airflow/example_dags/tutorial.py took 0.041 seconds
[2025-03-17T14:32:22.538+0000] {processor.py:186} INFO - Started process (PID=3217) to work on /home/airflow/.local/lib/python3.12/site-packages/airflow/example_dags/tutorial.py
[2025-03-17T14:32:22.538+0000] {processor.py:914} INFO - Processing file /home/airflow/.local/lib/python3.12/site-packages/airflow/example_dags/tutorial.py for tasks to queue
[2025-03-17T14:32:22.539+0000] {logging_mixin.py:190} INFO - [2025-03-17T14:32:22.539+0000] {dagbag.py:588} INFO - Filling up the DagBag from /home/airflow/.local/lib/python3.12/site-packages/airflow/example_dags/tutorial.py
[2025-03-17T14:32:22.543+0000] {processor.py:925} INFO - DAG(s) 'tutorial' retrieved from /home/airflow/.local/lib/python3.12/site-packages/airflow/example_dags/tutorial.py
[2025-03-17T14:32:22.552+0000] {logging_mixin.py:190} INFO - [2025-03-17T14:32:22.552+0000] {dag.py:3239} INFO - Sync 1 DAGs
[2025-03-17T14:32:22.565+0000] {logging_mixin.py:190} INFO - [2025-03-17T14:32:22.565+0000] {dag.py:4180} INFO - Setting next_dagrun for tutorial to 2025-03-16 00:00:00+00:00, run_after=2025-03-17 00:00:00+00:00
[2025-03-17T14:32:22.573+0000] {processor.py:208} INFO - Processing /home/airflow/.local/lib/python3.12/site-packages/airflow/example_dags/tutorial.py took 0.038 seconds
[2025-03-17T14:32:52.957+0000] {processor.py:186} INFO - Started process (PID=3513) to work on /home/airflow/.local/lib/python3.12/site-packages/airflow/example_dags/tutorial.py
[2025-03-17T14:32:52.958+0000] {processor.py:914} INFO - Processing file /home/airflow/.local/lib/python3.12/site-packages/airflow/example_dags/tutorial.py for tasks to queue
[2025-03-17T14:32:52.959+0000] {logging_mixin.py:190} INFO - [2025-03-17T14:32:52.958+0000] {dagbag.py:588} INFO - Filling up the DagBag from /home/airflow/.local/lib/python3.12/site-packages/airflow/example_dags/tutorial.py
[2025-03-17T14:32:52.962+0000] {processor.py:925} INFO - DAG(s) 'tutorial' retrieved from /home/airflow/.local/lib/python3.12/site-packages/airflow/example_dags/tutorial.py
[2025-03-17T14:32:52.973+0000] {logging_mixin.py:190} INFO - [2025-03-17T14:32:52.973+0000] {dag.py:3239} INFO - Sync 1 DAGs
[2025-03-17T14:32:52.985+0000] {logging_mixin.py:190} INFO - [2025-03-17T14:32:52.985+0000] {dag.py:4180} INFO - Setting next_dagrun for tutorial to 2025-03-16 00:00:00+00:00, run_after=2025-03-17 00:00:00+00:00
[2025-03-17T14:32:52.992+0000] {processor.py:208} INFO - Processing /home/airflow/.local/lib/python3.12/site-packages/airflow/example_dags/tutorial.py took 0.038 seconds
