[2025-03-17T13:55:40.417+0000] {processor.py:186} INFO - Started process (PID=287) to work on /home/airflow/.local/lib/python3.12/site-packages/airflow/example_dags/tutorial_taskflow_api_virtualenv.py
[2025-03-17T13:55:40.417+0000] {processor.py:914} INFO - Processing file /home/airflow/.local/lib/python3.12/site-packages/airflow/example_dags/tutorial_taskflow_api_virtualenv.py for tasks to queue
[2025-03-17T13:55:40.418+0000] {logging_mixin.py:190} INFO - [2025-03-17T13:55:40.418+0000] {dagbag.py:588} INFO - Filling up the DagBag from /home/airflow/.local/lib/python3.12/site-packages/airflow/example_dags/tutorial_taskflow_api_virtualenv.py
[2025-03-17T13:55:40.425+0000] {processor.py:925} INFO - DAG(s) 'tutorial_taskflow_api_virtualenv' retrieved from /home/airflow/.local/lib/python3.12/site-packages/airflow/example_dags/tutorial_taskflow_api_virtualenv.py
[2025-03-17T13:55:40.480+0000] {logging_mixin.py:190} INFO - [2025-03-17T13:55:40.480+0000] {override.py:1912} INFO - Created Permission View: can delete on DAG:tutorial_taskflow_api_virtualenv
[2025-03-17T13:55:40.484+0000] {logging_mixin.py:190} INFO - [2025-03-17T13:55:40.484+0000] {override.py:1912} INFO - Created Permission View: can edit on DAG:tutorial_taskflow_api_virtualenv
[2025-03-17T13:55:40.486+0000] {logging_mixin.py:190} INFO - [2025-03-17T13:55:40.486+0000] {override.py:1912} INFO - Created Permission View: can read on DAG:tutorial_taskflow_api_virtualenv
[2025-03-17T13:55:40.488+0000] {logging_mixin.py:190} INFO - [2025-03-17T13:55:40.488+0000] {override.py:1912} INFO - Created Permission View: menu access on DAG Run:tutorial_taskflow_api_virtualenv
[2025-03-17T13:55:40.490+0000] {logging_mixin.py:190} INFO - [2025-03-17T13:55:40.490+0000] {override.py:1912} INFO - Created Permission View: can delete on DAG Run:tutorial_taskflow_api_virtualenv
[2025-03-17T13:55:40.493+0000] {logging_mixin.py:190} INFO - [2025-03-17T13:55:40.493+0000] {override.py:1912} INFO - Created Permission View: can create on DAG Run:tutorial_taskflow_api_virtualenv
[2025-03-17T13:55:40.495+0000] {logging_mixin.py:190} INFO - [2025-03-17T13:55:40.495+0000] {override.py:1912} INFO - Created Permission View: can read on DAG Run:tutorial_taskflow_api_virtualenv
[2025-03-17T13:55:40.496+0000] {logging_mixin.py:190} INFO - [2025-03-17T13:55:40.496+0000] {dag.py:3239} INFO - Sync 1 DAGs
[2025-03-17T13:55:40.501+0000] {logging_mixin.py:190} INFO - [2025-03-17T13:55:40.501+0000] {dag.py:3262} INFO - Creating ORM DAG for tutorial_taskflow_api_virtualenv
[2025-03-17T13:55:40.501+0000] {logging_mixin.py:190} INFO - [2025-03-17T13:55:40.501+0000] {dag.py:4180} INFO - Setting next_dagrun for tutorial_taskflow_api_virtualenv to None, run_after=None
[2025-03-17T13:55:40.508+0000] {processor.py:208} INFO - Processing /home/airflow/.local/lib/python3.12/site-packages/airflow/example_dags/tutorial_taskflow_api_virtualenv.py took 0.095 seconds
[2025-03-17T13:56:11.330+0000] {processor.py:186} INFO - Started process (PID=578) to work on /home/airflow/.local/lib/python3.12/site-packages/airflow/example_dags/tutorial_taskflow_api_virtualenv.py
[2025-03-17T13:56:11.330+0000] {processor.py:914} INFO - Processing file /home/airflow/.local/lib/python3.12/site-packages/airflow/example_dags/tutorial_taskflow_api_virtualenv.py for tasks to queue
[2025-03-17T13:56:11.331+0000] {logging_mixin.py:190} INFO - [2025-03-17T13:56:11.331+0000] {dagbag.py:588} INFO - Filling up the DagBag from /home/airflow/.local/lib/python3.12/site-packages/airflow/example_dags/tutorial_taskflow_api_virtualenv.py
[2025-03-17T13:56:11.337+0000] {processor.py:925} INFO - DAG(s) 'tutorial_taskflow_api_virtualenv' retrieved from /home/airflow/.local/lib/python3.12/site-packages/airflow/example_dags/tutorial_taskflow_api_virtualenv.py
[2025-03-17T13:56:11.346+0000] {logging_mixin.py:190} INFO - [2025-03-17T13:56:11.346+0000] {dag.py:3239} INFO - Sync 1 DAGs
[2025-03-17T13:56:11.353+0000] {logging_mixin.py:190} INFO - [2025-03-17T13:56:11.353+0000] {dag.py:4180} INFO - Setting next_dagrun for tutorial_taskflow_api_virtualenv to None, run_after=None
[2025-03-17T13:56:11.362+0000] {processor.py:208} INFO - Processing /home/airflow/.local/lib/python3.12/site-packages/airflow/example_dags/tutorial_taskflow_api_virtualenv.py took 0.036 seconds
[2025-03-17T14:27:17.923+0000] {processor.py:186} INFO - Started process (PID=292) to work on /home/airflow/.local/lib/python3.12/site-packages/airflow/example_dags/tutorial_taskflow_api_virtualenv.py
[2025-03-17T14:27:17.924+0000] {processor.py:914} INFO - Processing file /home/airflow/.local/lib/python3.12/site-packages/airflow/example_dags/tutorial_taskflow_api_virtualenv.py for tasks to queue
[2025-03-17T14:27:17.925+0000] {logging_mixin.py:190} INFO - [2025-03-17T14:27:17.924+0000] {dagbag.py:588} INFO - Filling up the DagBag from /home/airflow/.local/lib/python3.12/site-packages/airflow/example_dags/tutorial_taskflow_api_virtualenv.py
[2025-03-17T14:27:17.931+0000] {processor.py:925} INFO - DAG(s) 'tutorial_taskflow_api_virtualenv' retrieved from /home/airflow/.local/lib/python3.12/site-packages/airflow/example_dags/tutorial_taskflow_api_virtualenv.py
[2025-03-17T14:27:17.990+0000] {logging_mixin.py:190} INFO - [2025-03-17T14:27:17.989+0000] {dag.py:3239} INFO - Sync 1 DAGs
[2025-03-17T14:27:17.995+0000] {logging_mixin.py:190} INFO - [2025-03-17T14:27:17.995+0000] {dag.py:4180} INFO - Setting next_dagrun for tutorial_taskflow_api_virtualenv to None, run_after=None
[2025-03-17T14:27:18.003+0000] {processor.py:208} INFO - Processing /home/airflow/.local/lib/python3.12/site-packages/airflow/example_dags/tutorial_taskflow_api_virtualenv.py took 0.083 seconds
[2025-03-17T14:27:48.744+0000] {processor.py:186} INFO - Started process (PID=588) to work on /home/airflow/.local/lib/python3.12/site-packages/airflow/example_dags/tutorial_taskflow_api_virtualenv.py
[2025-03-17T14:27:48.744+0000] {processor.py:914} INFO - Processing file /home/airflow/.local/lib/python3.12/site-packages/airflow/example_dags/tutorial_taskflow_api_virtualenv.py for tasks to queue
[2025-03-17T14:27:48.745+0000] {logging_mixin.py:190} INFO - [2025-03-17T14:27:48.745+0000] {dagbag.py:588} INFO - Filling up the DagBag from /home/airflow/.local/lib/python3.12/site-packages/airflow/example_dags/tutorial_taskflow_api_virtualenv.py
[2025-03-17T14:27:48.752+0000] {processor.py:925} INFO - DAG(s) 'tutorial_taskflow_api_virtualenv' retrieved from /home/airflow/.local/lib/python3.12/site-packages/airflow/example_dags/tutorial_taskflow_api_virtualenv.py
[2025-03-17T14:27:48.762+0000] {logging_mixin.py:190} INFO - [2025-03-17T14:27:48.762+0000] {dag.py:3239} INFO - Sync 1 DAGs
[2025-03-17T14:27:48.770+0000] {logging_mixin.py:190} INFO - [2025-03-17T14:27:48.770+0000] {dag.py:4180} INFO - Setting next_dagrun for tutorial_taskflow_api_virtualenv to None, run_after=None
[2025-03-17T14:27:48.779+0000] {processor.py:208} INFO - Processing /home/airflow/.local/lib/python3.12/site-packages/airflow/example_dags/tutorial_taskflow_api_virtualenv.py took 0.038 seconds
[2025-03-17T14:28:19.740+0000] {processor.py:186} INFO - Started process (PID=884) to work on /home/airflow/.local/lib/python3.12/site-packages/airflow/example_dags/tutorial_taskflow_api_virtualenv.py
[2025-03-17T14:28:19.741+0000] {processor.py:914} INFO - Processing file /home/airflow/.local/lib/python3.12/site-packages/airflow/example_dags/tutorial_taskflow_api_virtualenv.py for tasks to queue
[2025-03-17T14:28:19.741+0000] {logging_mixin.py:190} INFO - [2025-03-17T14:28:19.741+0000] {dagbag.py:588} INFO - Filling up the DagBag from /home/airflow/.local/lib/python3.12/site-packages/airflow/example_dags/tutorial_taskflow_api_virtualenv.py
[2025-03-17T14:28:19.747+0000] {processor.py:925} INFO - DAG(s) 'tutorial_taskflow_api_virtualenv' retrieved from /home/airflow/.local/lib/python3.12/site-packages/airflow/example_dags/tutorial_taskflow_api_virtualenv.py
[2025-03-17T14:28:19.757+0000] {logging_mixin.py:190} INFO - [2025-03-17T14:28:19.757+0000] {dag.py:3239} INFO - Sync 1 DAGs
[2025-03-17T14:28:19.764+0000] {logging_mixin.py:190} INFO - [2025-03-17T14:28:19.764+0000] {dag.py:4180} INFO - Setting next_dagrun for tutorial_taskflow_api_virtualenv to None, run_after=None
[2025-03-17T14:28:19.771+0000] {processor.py:208} INFO - Processing /home/airflow/.local/lib/python3.12/site-packages/airflow/example_dags/tutorial_taskflow_api_virtualenv.py took 0.034 seconds
[2025-03-17T14:28:50.266+0000] {processor.py:186} INFO - Started process (PID=1180) to work on /home/airflow/.local/lib/python3.12/site-packages/airflow/example_dags/tutorial_taskflow_api_virtualenv.py
[2025-03-17T14:28:50.267+0000] {processor.py:914} INFO - Processing file /home/airflow/.local/lib/python3.12/site-packages/airflow/example_dags/tutorial_taskflow_api_virtualenv.py for tasks to queue
[2025-03-17T14:28:50.268+0000] {logging_mixin.py:190} INFO - [2025-03-17T14:28:50.268+0000] {dagbag.py:588} INFO - Filling up the DagBag from /home/airflow/.local/lib/python3.12/site-packages/airflow/example_dags/tutorial_taskflow_api_virtualenv.py
[2025-03-17T14:28:50.273+0000] {processor.py:925} INFO - DAG(s) 'tutorial_taskflow_api_virtualenv' retrieved from /home/airflow/.local/lib/python3.12/site-packages/airflow/example_dags/tutorial_taskflow_api_virtualenv.py
[2025-03-17T14:28:50.284+0000] {logging_mixin.py:190} INFO - [2025-03-17T14:28:50.284+0000] {dag.py:3239} INFO - Sync 1 DAGs
[2025-03-17T14:28:50.292+0000] {logging_mixin.py:190} INFO - [2025-03-17T14:28:50.292+0000] {dag.py:4180} INFO - Setting next_dagrun for tutorial_taskflow_api_virtualenv to None, run_after=None
[2025-03-17T14:28:50.299+0000] {processor.py:208} INFO - Processing /home/airflow/.local/lib/python3.12/site-packages/airflow/example_dags/tutorial_taskflow_api_virtualenv.py took 0.036 seconds
[2025-03-17T14:29:20.843+0000] {processor.py:186} INFO - Started process (PID=1476) to work on /home/airflow/.local/lib/python3.12/site-packages/airflow/example_dags/tutorial_taskflow_api_virtualenv.py
[2025-03-17T14:29:20.843+0000] {processor.py:914} INFO - Processing file /home/airflow/.local/lib/python3.12/site-packages/airflow/example_dags/tutorial_taskflow_api_virtualenv.py for tasks to queue
[2025-03-17T14:29:20.844+0000] {logging_mixin.py:190} INFO - [2025-03-17T14:29:20.844+0000] {dagbag.py:588} INFO - Filling up the DagBag from /home/airflow/.local/lib/python3.12/site-packages/airflow/example_dags/tutorial_taskflow_api_virtualenv.py
[2025-03-17T14:29:20.850+0000] {processor.py:925} INFO - DAG(s) 'tutorial_taskflow_api_virtualenv' retrieved from /home/airflow/.local/lib/python3.12/site-packages/airflow/example_dags/tutorial_taskflow_api_virtualenv.py
[2025-03-17T14:29:20.860+0000] {logging_mixin.py:190} INFO - [2025-03-17T14:29:20.860+0000] {dag.py:3239} INFO - Sync 1 DAGs
[2025-03-17T14:29:20.868+0000] {logging_mixin.py:190} INFO - [2025-03-17T14:29:20.867+0000] {dag.py:4180} INFO - Setting next_dagrun for tutorial_taskflow_api_virtualenv to None, run_after=None
[2025-03-17T14:29:20.875+0000] {processor.py:208} INFO - Processing /home/airflow/.local/lib/python3.12/site-packages/airflow/example_dags/tutorial_taskflow_api_virtualenv.py took 0.035 seconds
[2025-03-17T14:29:51.764+0000] {processor.py:186} INFO - Started process (PID=1772) to work on /home/airflow/.local/lib/python3.12/site-packages/airflow/example_dags/tutorial_taskflow_api_virtualenv.py
[2025-03-17T14:29:51.764+0000] {processor.py:914} INFO - Processing file /home/airflow/.local/lib/python3.12/site-packages/airflow/example_dags/tutorial_taskflow_api_virtualenv.py for tasks to queue
[2025-03-17T14:29:51.765+0000] {logging_mixin.py:190} INFO - [2025-03-17T14:29:51.765+0000] {dagbag.py:588} INFO - Filling up the DagBag from /home/airflow/.local/lib/python3.12/site-packages/airflow/example_dags/tutorial_taskflow_api_virtualenv.py
[2025-03-17T14:29:51.773+0000] {processor.py:925} INFO - DAG(s) 'tutorial_taskflow_api_virtualenv' retrieved from /home/airflow/.local/lib/python3.12/site-packages/airflow/example_dags/tutorial_taskflow_api_virtualenv.py
[2025-03-17T14:29:51.783+0000] {logging_mixin.py:190} INFO - [2025-03-17T14:29:51.783+0000] {dag.py:3239} INFO - Sync 1 DAGs
[2025-03-17T14:29:51.790+0000] {logging_mixin.py:190} INFO - [2025-03-17T14:29:51.790+0000] {dag.py:4180} INFO - Setting next_dagrun for tutorial_taskflow_api_virtualenv to None, run_after=None
[2025-03-17T14:29:51.796+0000] {processor.py:208} INFO - Processing /home/airflow/.local/lib/python3.12/site-packages/airflow/example_dags/tutorial_taskflow_api_virtualenv.py took 0.035 seconds
[2025-03-17T14:30:22.826+0000] {processor.py:186} INFO - Started process (PID=2068) to work on /home/airflow/.local/lib/python3.12/site-packages/airflow/example_dags/tutorial_taskflow_api_virtualenv.py
[2025-03-17T14:30:22.827+0000] {processor.py:914} INFO - Processing file /home/airflow/.local/lib/python3.12/site-packages/airflow/example_dags/tutorial_taskflow_api_virtualenv.py for tasks to queue
[2025-03-17T14:30:22.828+0000] {logging_mixin.py:190} INFO - [2025-03-17T14:30:22.828+0000] {dagbag.py:588} INFO - Filling up the DagBag from /home/airflow/.local/lib/python3.12/site-packages/airflow/example_dags/tutorial_taskflow_api_virtualenv.py
[2025-03-17T14:30:22.834+0000] {processor.py:925} INFO - DAG(s) 'tutorial_taskflow_api_virtualenv' retrieved from /home/airflow/.local/lib/python3.12/site-packages/airflow/example_dags/tutorial_taskflow_api_virtualenv.py
[2025-03-17T14:30:22.844+0000] {logging_mixin.py:190} INFO - [2025-03-17T14:30:22.844+0000] {dag.py:3239} INFO - Sync 1 DAGs
[2025-03-17T14:30:22.851+0000] {logging_mixin.py:190} INFO - [2025-03-17T14:30:22.851+0000] {dag.py:4180} INFO - Setting next_dagrun for tutorial_taskflow_api_virtualenv to None, run_after=None
[2025-03-17T14:30:22.859+0000] {processor.py:208} INFO - Processing /home/airflow/.local/lib/python3.12/site-packages/airflow/example_dags/tutorial_taskflow_api_virtualenv.py took 0.036 seconds
[2025-03-17T14:30:53.612+0000] {processor.py:186} INFO - Started process (PID=2364) to work on /home/airflow/.local/lib/python3.12/site-packages/airflow/example_dags/tutorial_taskflow_api_virtualenv.py
[2025-03-17T14:30:53.613+0000] {processor.py:914} INFO - Processing file /home/airflow/.local/lib/python3.12/site-packages/airflow/example_dags/tutorial_taskflow_api_virtualenv.py for tasks to queue
[2025-03-17T14:30:53.614+0000] {logging_mixin.py:190} INFO - [2025-03-17T14:30:53.614+0000] {dagbag.py:588} INFO - Filling up the DagBag from /home/airflow/.local/lib/python3.12/site-packages/airflow/example_dags/tutorial_taskflow_api_virtualenv.py
[2025-03-17T14:30:53.620+0000] {processor.py:925} INFO - DAG(s) 'tutorial_taskflow_api_virtualenv' retrieved from /home/airflow/.local/lib/python3.12/site-packages/airflow/example_dags/tutorial_taskflow_api_virtualenv.py
[2025-03-17T14:30:53.630+0000] {logging_mixin.py:190} INFO - [2025-03-17T14:30:53.630+0000] {dag.py:3239} INFO - Sync 1 DAGs
[2025-03-17T14:30:53.637+0000] {logging_mixin.py:190} INFO - [2025-03-17T14:30:53.637+0000] {dag.py:4180} INFO - Setting next_dagrun for tutorial_taskflow_api_virtualenv to None, run_after=None
[2025-03-17T14:30:53.645+0000] {processor.py:208} INFO - Processing /home/airflow/.local/lib/python3.12/site-packages/airflow/example_dags/tutorial_taskflow_api_virtualenv.py took 0.036 seconds
[2025-03-17T14:31:23.689+0000] {processor.py:186} INFO - Started process (PID=2660) to work on /home/airflow/.local/lib/python3.12/site-packages/airflow/example_dags/tutorial_taskflow_api_virtualenv.py
[2025-03-17T14:31:23.690+0000] {processor.py:914} INFO - Processing file /home/airflow/.local/lib/python3.12/site-packages/airflow/example_dags/tutorial_taskflow_api_virtualenv.py for tasks to queue
[2025-03-17T14:31:23.691+0000] {logging_mixin.py:190} INFO - [2025-03-17T14:31:23.691+0000] {dagbag.py:588} INFO - Filling up the DagBag from /home/airflow/.local/lib/python3.12/site-packages/airflow/example_dags/tutorial_taskflow_api_virtualenv.py
[2025-03-17T14:31:23.698+0000] {processor.py:925} INFO - DAG(s) 'tutorial_taskflow_api_virtualenv' retrieved from /home/airflow/.local/lib/python3.12/site-packages/airflow/example_dags/tutorial_taskflow_api_virtualenv.py
[2025-03-17T14:31:23.708+0000] {logging_mixin.py:190} INFO - [2025-03-17T14:31:23.708+0000] {dag.py:3239} INFO - Sync 1 DAGs
[2025-03-17T14:31:23.715+0000] {logging_mixin.py:190} INFO - [2025-03-17T14:31:23.715+0000] {dag.py:4180} INFO - Setting next_dagrun for tutorial_taskflow_api_virtualenv to None, run_after=None
[2025-03-17T14:31:23.723+0000] {processor.py:208} INFO - Processing /home/airflow/.local/lib/python3.12/site-packages/airflow/example_dags/tutorial_taskflow_api_virtualenv.py took 0.037 seconds
[2025-03-17T14:31:53.757+0000] {processor.py:186} INFO - Started process (PID=2953) to work on /home/airflow/.local/lib/python3.12/site-packages/airflow/example_dags/tutorial_taskflow_api_virtualenv.py
[2025-03-17T14:31:53.758+0000] {processor.py:914} INFO - Processing file /home/airflow/.local/lib/python3.12/site-packages/airflow/example_dags/tutorial_taskflow_api_virtualenv.py for tasks to queue
[2025-03-17T14:31:53.759+0000] {logging_mixin.py:190} INFO - [2025-03-17T14:31:53.759+0000] {dagbag.py:588} INFO - Filling up the DagBag from /home/airflow/.local/lib/python3.12/site-packages/airflow/example_dags/tutorial_taskflow_api_virtualenv.py
[2025-03-17T14:31:53.767+0000] {processor.py:925} INFO - DAG(s) 'tutorial_taskflow_api_virtualenv' retrieved from /home/airflow/.local/lib/python3.12/site-packages/airflow/example_dags/tutorial_taskflow_api_virtualenv.py
[2025-03-17T14:31:53.776+0000] {logging_mixin.py:190} INFO - [2025-03-17T14:31:53.776+0000] {dag.py:3239} INFO - Sync 1 DAGs
[2025-03-17T14:31:53.783+0000] {logging_mixin.py:190} INFO - [2025-03-17T14:31:53.783+0000] {dag.py:4180} INFO - Setting next_dagrun for tutorial_taskflow_api_virtualenv to None, run_after=None
[2025-03-17T14:31:53.790+0000] {processor.py:208} INFO - Processing /home/airflow/.local/lib/python3.12/site-packages/airflow/example_dags/tutorial_taskflow_api_virtualenv.py took 0.035 seconds
[2025-03-17T14:32:23.833+0000] {processor.py:186} INFO - Started process (PID=3249) to work on /home/airflow/.local/lib/python3.12/site-packages/airflow/example_dags/tutorial_taskflow_api_virtualenv.py
[2025-03-17T14:32:23.833+0000] {processor.py:914} INFO - Processing file /home/airflow/.local/lib/python3.12/site-packages/airflow/example_dags/tutorial_taskflow_api_virtualenv.py for tasks to queue
[2025-03-17T14:32:23.834+0000] {logging_mixin.py:190} INFO - [2025-03-17T14:32:23.834+0000] {dagbag.py:588} INFO - Filling up the DagBag from /home/airflow/.local/lib/python3.12/site-packages/airflow/example_dags/tutorial_taskflow_api_virtualenv.py
[2025-03-17T14:32:23.840+0000] {processor.py:925} INFO - DAG(s) 'tutorial_taskflow_api_virtualenv' retrieved from /home/airflow/.local/lib/python3.12/site-packages/airflow/example_dags/tutorial_taskflow_api_virtualenv.py
[2025-03-17T14:32:23.850+0000] {logging_mixin.py:190} INFO - [2025-03-17T14:32:23.850+0000] {dag.py:3239} INFO - Sync 1 DAGs
[2025-03-17T14:32:23.857+0000] {logging_mixin.py:190} INFO - [2025-03-17T14:32:23.857+0000] {dag.py:4180} INFO - Setting next_dagrun for tutorial_taskflow_api_virtualenv to None, run_after=None
[2025-03-17T14:32:23.864+0000] {processor.py:208} INFO - Processing /home/airflow/.local/lib/python3.12/site-packages/airflow/example_dags/tutorial_taskflow_api_virtualenv.py took 0.034 seconds
[2025-03-17T14:32:54.095+0000] {processor.py:186} INFO - Started process (PID=3543) to work on /home/airflow/.local/lib/python3.12/site-packages/airflow/example_dags/tutorial_taskflow_api_virtualenv.py
[2025-03-17T14:32:54.096+0000] {processor.py:914} INFO - Processing file /home/airflow/.local/lib/python3.12/site-packages/airflow/example_dags/tutorial_taskflow_api_virtualenv.py for tasks to queue
[2025-03-17T14:32:54.097+0000] {logging_mixin.py:190} INFO - [2025-03-17T14:32:54.096+0000] {dagbag.py:588} INFO - Filling up the DagBag from /home/airflow/.local/lib/python3.12/site-packages/airflow/example_dags/tutorial_taskflow_api_virtualenv.py
[2025-03-17T14:32:54.103+0000] {processor.py:925} INFO - DAG(s) 'tutorial_taskflow_api_virtualenv' retrieved from /home/airflow/.local/lib/python3.12/site-packages/airflow/example_dags/tutorial_taskflow_api_virtualenv.py
[2025-03-17T14:32:54.112+0000] {logging_mixin.py:190} INFO - [2025-03-17T14:32:54.112+0000] {dag.py:3239} INFO - Sync 1 DAGs
[2025-03-17T14:32:54.119+0000] {logging_mixin.py:190} INFO - [2025-03-17T14:32:54.119+0000] {dag.py:4180} INFO - Setting next_dagrun for tutorial_taskflow_api_virtualenv to None, run_after=None
[2025-03-17T14:32:54.127+0000] {processor.py:208} INFO - Processing /home/airflow/.local/lib/python3.12/site-packages/airflow/example_dags/tutorial_taskflow_api_virtualenv.py took 0.035 seconds
